5600682.820037
5566207
1 1 v
1 2 v
1 3 v
1 4 h
1 5 v
1 6 h
1 7 v
1 8 v
1 9 h
1 10 h
1 11 v
1 12 v
1 13 h
1 14 v
1 15 v
1 16 h
1 17 v
1 18 v
1 19 v
1 20 v
1 21 v
1 22 v
1 23 v
1 24 h
1 25 h
1 26 v
1 27 h
1 28 v
1 29 v
1 30 v
1 31 v
1 32 v
1 33 v
1 34 v
1 35 v
1 36 v
1 37 v
1 38 h
1 39 v
1 40 v
1 41 v
1 42 v
1 43 v
1 44 v
1 45 v
1 46 v
1 47 v
1 48 v
1 49 v
1 50 v
1 51 v
1 52 v
2 1 v
2 2 v
2 3 v
2 4 v
2 5 v
2 6 v
2 7 v
2 8 v
2 9 v
2 10 v
2 11 v
2 12 h
2 13 v
2 14 v
2 15 v
2 16 v
2 17 v
2 18 v
2 19 v
2 20 v
2 21 h
2 22 v
2 23 v
2 24 v
2 25 v
2 26 v
2 27 h
2 40 v
2 41 v
2 42 v
2 43 v
2 44 v
2 45 v
2 46 v
2 47 v
2 48 v
2 49 v
2 50 h
2 51 v
2 52 v
3 1 v
3 2 v
3 3 h
3 4 v
3 5 v
3 6 v
3 7 v
3 8 v
3 9 v
3 10 v
3 11 v
3 12 v
3 13 v
3 14 v
3 15 v
3 16 h
3 17 v
3 18 v
3 19 v
3 20 v
3 21 v
3 22 h
3 23 v
3 24 h
3 25 v
3 26 v
3 27 v
3 40 h
3 41 v
3 42 v
3 43 v
3 44 v
3 45 h
3 46 v
3 47 v
3 48 v
3 49 h
3 50 v
3 51 v
3 52 v
4 1 v
4 2 v
4 3 v
4 4 v
4 5 v
4 6 v
4 7 v
4 8 v
4 9 v
4 10 v
4 11 h
4 12 v
4 13 h
4 14 v
4 15 v
4 16 h
4 17 v
4 18 h
4 19 v
4 20 v
4 21 v
4 22 v
4 23 v
4 24 v
4 25 v
4 26 v
4 27 v
4 40 v
4 41 v
4 42 v
4 43 v
4 44 v
4 45 h
4 46 v
4 47 v
4 48 v
4 49 v
4 50 v
4 51 h
4 52 v
5 1 v
5 2 v
5 3 h
5 4 v
5 5 v
5 6 v
5 7 v
5 8 v
5 9 v
5 10 v
5 11 v
5 12 v
5 13 v
5 14 v
5 15 v
5 16 v
5 17 v
5 18 h
5 19 h
5 20 v
5 21 v
5 22 v
5 23 h
5 24 h
5 25 h
5 26 v
5 27 v
5 40 v
5 41 v
5 42 h
5 43 v
5 44 v
5 45 v
5 46 v
5 47 v
5 48 v
5 49 h
5 50 h
5 51 v
5 52 v
6 1 v
6 2 h
6 3 v
6 4 h
6 5 v
6 6 h
6 7 v
6 8 v
6 9 v
6 10 h
6 11 v
6 12 v
6 13 v
6 14 h
6 15 v
6 16 v
6 17 v
6 18 v
6 19 v
6 20 h
6 21 v
6 22 h
6 23 v
6 24 v
6 25 v
6 26 v
6 27 v
6 40 v
6 41 v
6 42 h
6 43 h
6 44 h
6 45 v
6 46 v
6 47 v
6 48 v
6 49 v
6 50 h
6 51 h
6 52 v
7 1 v
7 2 h
7 3 v
7 4 v
7 5 v
7 6 v
7 7 v
7 8 v
7 9 v
7 10 v
7 11 h
7 12 v
7 13 h
7 14 v
7 15 v
7 16 v
7 17 v
7 18 v
7 19 v
7 20 v
7 21 v
7 22 v
7 23 v
7 24 v
7 25 v
7 26 h
7 27 v
7 40 v
7 41 h
7 42 h
7 43 v
7 44 v
7 45 v
7 46 h
7 47 v
7 48 v
7 49 v
7 50 v
7 51 v
7 52 v
8 1 v
8 2 v
8 3 v
8 4 v
8 5 v
8 6 h
8 7 v
8 8 h
8 9 h
8 10 v
8 11 v
8 12 v
8 13 v
8 14 v
8 15 v
8 16 v
8 17 v
8 18 h
8 19 v
8 20 v
8 21 h
8 22 v
8 23 v
8 24 h
8 25 v
8 26 v
8 27 v
8 40 v
8 41 v
8 42 v
8 43 v
8 44 v
8 45 v
8 46 v
8 47 v
8 48 v
8 49 h
8 50 h
8 51 v
8 52 v
9 1 v
9 2 v
9 3 v
9 4 v
9 5 v
9 6 v
9 7 v
9 8 v
9 9 h
9 10 v
9 11 v
9 12 v
9 13 v
9 14 v
9 15 h
9 16 v
9 17 v
9 18 h
9 19 v
9 20 v
9 21 h
9 22 v
9 23 h
9 24 v
9 25 v
9 26 v
9 27 v
9 40 v
9 41 v
9 42 v
9 43 h
9 44 h
9 45 v
9 46 v
9 47 v
9 48 v
9 49 v
9 50 v
9 51 v
9 52 v
10 1 v
10 2 v
10 3 v
10 4 v
10 5 v
10 6 v
10 7 h
10 8 v
10 9 v
10 10 h
10 11 v
10 12 v
10 13 v
10 14 v
10 15 v
10 16 v
10 17 v
10 18 v
10 19 v
10 20 v
10 21 v
10 22 v
10 23 v
10 24 v
10 25 v
10 26 v
10 27 v
10 40 v
10 41 h
10 42 v
10 43 h
10 44 v
10 45 v
10 46 h
10 47 h
10 48 v
10 49 v
10 50 v
10 51 v
10 52 v
11 1 v
11 2 v
11 3 v
11 4 v
11 5 h
11 6 v
11 7 v
11 8 v
11 9 h
11 10 v
11 11 v
11 12 v
11 13 v
11 14 v
11 15 v
11 16 v
11 17 v
11 18 h
11 19 v
11 20 v
11 21 v
11 22 v
11 23 h
11 24 v
11 25 v
11 26 h
11 27 h
11 40 v
11 41 v
11 42 v
11 43 v
11 44 v
11 45 v
11 46 v
11 47 v
11 48 v
11 49 v
11 50 v
11 51 v
11 52 v
12 1 h
12 2 h
12 3 v
12 4 v
12 5 v
12 6 h
12 7 v
12 8 v
12 9 v
12 10 v
12 11 h
12 12 v
12 13 v
12 14 v
12 15 v
12 16 v
12 17 v
12 18 v
12 19 v
12 20 v
12 21 v
12 22 v
12 23 v
12 24 v
12 25 v
12 26 v
12 27 v
12 40 v
12 41 v
12 42 v
12 43 h
12 44 v
12 45 h
12 46 v
12 47 v
12 48 v
12 49 v
12 50 v
12 51 v
12 52 v
13 1 h
13 2 v
13 3 h
13 4 v
13 5 v
13 6 v
13 7 v
13 8 v
13 9 h
13 10 v
13 11 v
13 12 v
13 13 v
13 14 h
13 15 h
13 16 h
13 17 h
13 18 v
13 19 h
13 20 h
13 21 v
13 22 v
13 23 v
13 24 v
13 25 v
13 26 v
13 27 v
13 40 v
13 41 v
13 42 v
13 43 v
13 44 h
13 45 h
13 46 v
13 47 v
13 48 h
13 49 h
13 50 h
13 51 v
13 52 v
14 1 v
14 2 v
14 3 v
14 4 v
14 5 v
14 6 h
14 7 v
14 8 v
14 9 v
14 10 h
14 11 v
14 12 v
14 13 v
14 14 v
14 15 v
14 16 v
14 17 v
14 18 v
14 19 v
14 20 v
14 21 v
14 22 v
14 23 v
14 24 v
14 25 h
14 26 v
14 27 v
14 40 v
14 41 v
14 42 v
14 43 v
14 44 h
14 45 v
14 46 h
14 47 v
14 48 v
14 49 v
14 50 v
14 51 v
14 52 h
15 1 v
15 2 v
15 3 v
15 4 h
15 5 v
15 6 v
15 7 v
15 8 v
15 9 h
15 10 v
15 11 v
15 12 v
15 13 v
15 14 h
15 15 v
15 16 h
15 17 v
15 18 h
15 19 v
15 20 h
15 21 v
15 22 v
15 23 v
15 24 v
15 25 v
15 26 h
15 27 v
15 40 v
15 41 v
15 42 v
15 43 v
15 44 v
15 45 v
15 46 h
15 47 v
15 48 v
15 49 v
15 50 v
15 51 v
15 52 v
16 1 h
16 2 v
16 3 v
16 4 h
16 5 v
16 6 v
16 7 h
16 8 v
16 9 v
16 10 v
16 11 v
16 12 v
16 13 v
16 14 v
16 15 v
16 16 v
16 17 v
16 18 v
16 19 v
16 20 h
16 21 v
16 22 v
16 23 v
16 24 v
16 25 v
16 26 v
16 27 v
16 40 v
16 41 h
16 42 v
16 43 v
16 44 v
16 45 v
16 46 v
16 47 v
16 48 v
16 49 v
16 50 h
16 51 v
16 52 v
17 1 v
17 2 h
17 3 v
17 4 h
17 5 v
17 6 v
17 7 v
17 8 h
17 9 h
17 10 v
17 11 h
17 12 v
17 13 v
17 14 v
17 15 v
17 16 v
17 17 h
17 18 h
17 19 v
17 20 v
17 21 v
17 22 v
17 23 v
17 24 v
17 25 v
17 26 v
17 27 v
17 40 v
17 41 v
17 42 v
17 43 v
17 44 v
17 45 v
17 46 v
17 47 v
17 48 h
17 49 v
17 50 v
17 51 v
17 52 v
18 1 v
18 2 h
18 3 v
18 4 h
18 5 v
18 6 v
18 7 v
18 8 v
18 9 v
18 10 v
18 11 v
18 12 v
18 13 v
18 14 v
18 15 v
18 16 v
18 17 v
18 18 v
18 19 h
18 20 v
18 21 v
18 22 v
18 23 v
18 24 v
18 25 v
18 26 v
18 27 v
18 40 v
18 41 v
18 42 v
18 43 h
18 44 h
18 45 v
18 46 v
18 47 v
18 48 v
18 49 v
18 50 h
18 51 h
18 52 v
19 1 v
19 2 v
19 3 h
19 4 v
19 5 v
19 6 v
19 7 v
19 8 h
19 9 v
19 10 v
19 11 v
19 12 v
19 13 v
19 14 v
19 15 h
19 16 v
19 17 v
19 18 v
19 19 h
19 20 v
19 21 v
19 22 v
19 23 v
19 24 v
19 25 h
19 26 v
19 27 v
19 40 v
19 41 v
19 42 v
19 43 v
19 44 v
19 45 v
19 46 v
19 47 v
19 48 v
19 49 v
19 50 v
19 51 v
19 52 v
20 1 v
20 2 v
20 3 v
20 4 v
20 5 v
20 6 h
20 7 v
20 8 h
20 9 v
20 10 h
20 11 v
20 12 v
20 13 v
20 14 h
20 15 v
20 16 v
20 17 v
20 18 v
20 19 h
20 20 v
20 21 v
20 22 v
20 23 v
20 24 v
20 25 v
20 26 v
20 27 v
20 40 v
20 41 v
20 42 v
20 43 v
20 44 v
20 45 h
20 46 h
20 47 h
20 48 h
20 49 v
20 50 v
20 51 v
20 52 v
21 1 v
21 2 v
21 3 v
21 4 v
21 5 v
21 6 v
21 7 v
21 8 v
21 9 v
21 10 v
21 11 v
21 12 v
21 13 v
21 14 v
21 15 v
21 16 v
21 17 v
21 18 v
21 19 v
21 20 v
21 21 v
21 22 v
21 23 v
21 24 v
21 25 v
21 26 v
21 27 v
21 40 v
21 41 v
21 42 v
21 43 v
21 44 h
21 45 h
21 46 v
21 47 v
21 48 v
21 49 v
21 50 v
21 51 v
21 52 v
22 1 v
22 2 v
22 3 h
22 4 v
22 5 v
22 6 h
22 7 h
22 8 v
22 9 h
22 10 v
22 11 v
22 12 v
22 13 v
22 14 v
22 15 v
22 16 h
22 17 v
22 18 v
22 19 v
22 20 v
22 21 v
22 22 v
22 23 v
22 24 v
22 25 v
22 26 v
22 27 v
22 40 v
22 41 v
22 42 v
22 43 v
22 44 h
22 45 v
22 46 v
22 47 v
22 48 v
22 49 v
22 50 v
22 51 h
22 52 v
23 1 v
23 2 v
23 3 v
23 4 v
23 5 v
23 6 h
23 7 v
23 8 v
23 9 v
23 10 v
23 11 v
23 12 h
23 13 v
23 14 v
23 15 v
23 16 h
23 17 v
23 18 v
23 19 v
23 20 v
23 21 h
23 22 v
23 23 v
23 24 v
23 25 h
23 26 v
23 27 v
23 40 v
23 41 v
23 42 h
23 43 h
23 44 v
23 45 v
23 46 v
23 47 v
23 48 v
23 49 v
23 50 h
23 51 v
23 52 v
24 1 v
24 2 v
24 3 v
24 4 v
24 5 v
24 6 h
24 7 v
24 8 v
24 9 v
24 10 v
24 11 v
24 12 v
24 13 v
24 14 v
24 15 v
24 16 h
24 17 v
24 18 v
24 19 v
24 20 v
24 21 v
24 22 v
24 23 v
24 24 v
24 25 v
24 26 v
24 27 v
24 40 v
24 41 v
24 42 v
24 43 v
24 44 h
24 45 h
24 46 h
24 47 v
24 48 v
24 49 h
24 50 h
24 51 v
24 52 v
25 1 v
25 2 v
25 3 v
25 4 h
25 5 v
25 6 v
25 7 v
25 8 v
25 9 v
25 10 v
25 11 v
25 12 h
25 13 v
25 14 v
25 15 v
25 16 v
25 17 v
25 18 h
25 19 v
25 20 h
25 21 v
25 22 v
25 23 v
25 24 v
25 25 v
25 26 v
25 27 v
25 40 v
25 41 v
25 42 v
25 43 v
25 44 v
25 45 v
25 46 v
25 47 v
25 48 v
25 49 v
25 50 v
25 51 h
25 52 v
26 1 v
26 2 v
26 3 v
26 4 v
26 5 v
26 6 v
26 7 h
26 8 v
26 9 v
26 10 v
26 11 h
26 12 h
26 13 v
26 14 v
26 15 v
26 16 v
26 17 v
26 18 v
26 19 v
26 20 v
26 21 v
26 22 h
26 23 v
26 24 v
26 25 v
26 26 v
26 27 v
26 40 h
26 41 v
26 42 h
26 43 v
26 44 v
26 45 v
26 46 v
26 47 h
26 48 h
26 49 v
26 50 v
26 51 v
26 52 v
27 1 v
27 2 v
27 3 v
27 4 v
27 5 v
27 6 v
27 7 v
27 8 v
27 9 v
27 10 v
27 11 v
27 12 v
27 13 v
27 14 h
27 15 h
27 16 v
27 17 v
27 18 v
27 19 v
27 20 v
27 21 v
27 22 v
27 23 v
27 24 v
27 25 v
27 26 h
27 27 h
27 40 v
27 41 v
27 42 v
27 43 v
27 44 v
27 45 v
27 46 v
27 47 v
27 48 v
27 49 v
27 50 v
27 51 v
27 52 v
28 1 v
28 27 h
28 40 v
28 41 v
28 42 v
28 43 v
28 44 v
28 45 v
28 46 v
28 47 v
28 48 h
28 49 v
28 50 v
28 51 v
28 52 v
29 1 v
29 40 v
29 41 v
29 42 v
29 43 v
29 44 v
29 45 v
29 46 h
29 47 h
29 48 v
29 49 h
29 50 v
29 51 v
29 52 v
30 1 v
30 40 v
30 41 v
30 42 v
30 43 h
30 44 v
30 45 v
30 46 v
30 47 h
30 48 v
30 49 v
30 50 v
30 51 v
30 52 v
31 1 v
31 40 v
31 41 v
31 42 v
31 43 v
31 44 v
31 45 v
31 46 v
31 47 v
31 48 v
31 49 v
31 50 h
31 51 v
31 52 v
32 1 v
32 40 h
32 41 v
32 42 v
32 43 v
32 44 h
32 45 v
32 46 v
32 47 v
32 48 v
32 49 v
32 50 h
32 51 v
32 52 v
33 1 v
33 40 v
33 41 v
33 42 v
33 43 v
33 44 v
33 45 v
33 46 v
33 47 v
33 48 h
33 49 v
33 50 v
33 51 v
33 52 v
34 1 v
34 40 v
34 41 v
34 42 v
34 43 v
34 44 v
34 45 v
34 46 v
34 47 v
34 48 v
34 49 v
34 50 v
34 51 v
34 52 v
35 40 v
35 41 v
35 42 v
35 43 v
35 44 v
35 45 v
35 46 v
35 47 v
35 48 v
35 49 v
35 50 h
35 51 v
35 52 h
36 40 v
36 41 v
36 42 v
36 43 v
36 44 v
36 45 v
36 46 h
36 47 v
36 48 v
36 49 v
36 50 v
36 51 h
36 52 v
37 40 v
37 41 v
37 42 v
37 43 v
37 44 v
37 45 v
37 46 h
37 47 v
37 48 v
37 49 v
37 50 v
37 51 v
37 52 v
38 40 v
38 41 v
38 42 v
38 43 v
38 44 v
38 45 v
38 46 v
38 47 v
38 48 h
38 49 h
38 50 h
38 51 v
38 52 v
39 40 v
39 41 v
39 42 v
39 43 v
39 44 v
39 45 v
39 46 v
39 47 h
39 48 v
39 49 v
39 50 h
39 51 v
39 52 v
40 40 v
40 41 v
40 42 h
40 43 v
40 44 v
40 45 v
40 46 v
40 47 v
40 48 v
40 49 v
40 50 v
40 51 v
40 52 v
41 40 h
41 41 v
41 42 v
41 43 v
41 44 v
41 45 v
41 46 v
41 47 h
41 48 v
41 49 v
41 50 v
41 51 v
41 52 v
42 40 v
42 41 v
42 42 v
42 43 v
42 44 v
42 45 h
42 46 v
42 47 h
42 48 v
42 49 v
42 50 v
42 51 v
42 52 v
43 40 v
43 41 h
43 42 v
43 43 v
43 44 v
43 45 v
43 46 v
43 47 h
43 48 v
43 49 h
43 50 h
43 51 v
43 52 v
44 40 v
44 41 v
44 42 h
44 43 h
44 44 v
44 45 v
44 46 v
44 47 v
44 48 h
44 49 h
44 50 v
44 51 v
44 52 v
45 40 v
45 41 v
45 42 v
45 43 v
45 44 h
45 45 v
45 46 v
45 47 v
45 48 v
45 49 v
45 50 v
45 51 v
45 52 v
46 40 v
46 41 v
46 42 v
46 43 h
46 44 h
46 45 v
46 46 v
46 47 v
46 48 v
46 49 v
46 50 v
46 51 v
46 52 v
47 40 v
47 41 v
47 42 v
47 43 v
47 44 v
47 45 v
47 46 v
47 47 v
47 48 h
47 49 v
47 50 h
47 51 h
47 52 v
48 1 h
48 2 v
48 3 v
48 4 v
48 5 v
48 6 h
48 7 v
48 8 v
48 9 v
48 10 v
48 11 v
48 12 v
48 13 h
48 14 h
48 15 v
48 16 v
48 17 v
48 18 v
48 19 v
48 20 h
48 21 v
48 22 v
48 23 v
48 24 v
48 25 v
48 26 v
48 27 h
48 28 v
48 29 v
48 30 v
48 31 v
48 32 v
48 33 v
48 34 h
48 35 v
48 36 v
48 37 v
48 38 h
48 39 v
48 40 v
48 41 h
48 42 v
48 43 v
48 44 v
48 45 h
48 46 v
48 47 h
48 48 v
48 49 v
48 50 v
48 51 v
48 52 v
49 1 v
49 2 v
49 3 v
49 4 v
49 5 v
49 6 h
49 7 v
49 8 h
49 9 v
49 10 v
49 11 v
49 12 h
49 13 v
49 14 v
49 15 v
49 16 v
49 17 v
49 18 v
49 19 v
49 20 v
49 21 v
49 22 v
49 23 v
49 24 h
49 25 v
49 26 v
49 27 v
49 28 v
49 29 v
49 30 h
49 31 v
49 32 v
49 33 v
49 34 h
49 35 h
49 36 h
49 37 v
49 38 v
49 39 v
49 40 v
49 41 v
49 42 v
49 43 v
49 44 h
49 45 h
49 46 v
49 47 v
49 48 v
49 49 h
49 50 v
49 51 v
49 52 h
50 1 v
50 2 v
50 3 v
50 4 h
50 5 v
50 6 v
50 7 v
50 8 v
50 9 v
50 10 v
50 11 v
50 12 v
50 13 v
50 14 v
50 15 v
50 16 v
50 17 v
50 18 v
50 19 v
50 20 v
50 21 v
50 22 v
50 23 v
50 24 v
50 25 h
50 26 v
50 27 v
50 28 v
50 29 v
50 30 v
50 31 v
50 32 h
50 33 v
50 34 v
50 35 v
50 36 h
50 37 v
50 38 v
50 39 v
50 40 v
50 41 v
50 42 h
50 43 v
50 44 v
50 45 v
50 46 v
50 47 v
50 48 h
50 49 v
50 50 h
50 51 h
50 52 h
51 1 v
51 2 h
51 3 h
51 4 v
51 5 v
51 6 v
51 7 v
51 8 v
51 9 v
51 10 v
51 11 v
51 12 v
51 13 v
51 14 h
51 15 v
51 16 v
51 17 h
51 18 v
51 19 v
51 20 v
51 21 h
51 22 v
51 23 h
51 24 v
51 25 v
51 26 v
51 27 v
51 28 h
51 29 h
51 30 v
51 31 v
51 32 v
51 33 v
51 34 v
51 35 v
51 36 h
51 37 h
51 38 v
51 39 v
51 40 v
51 41 h
51 42 v
51 43 v
51 44 h
51 45 v
51 46 v
51 47 h
51 48 v
51 49 v
51 50 v
51 51 h
51 52 v
52 1 v
52 2 v
52 3 h
52 4 v
52 5 h
52 6 v
52 7 h
52 8 v
52 9 v
52 10 v
52 11 v
52 12 v
52 13 v
52 14 v
52 15 v
52 16 v
52 17 v
52 18 v
52 19 v
52 20 v
52 21 v
52 22 v
52 23 v
52 24 v
52 25 h
52 26 h
52 27 v
52 28 v
52 29 v
52 30 v
52 31 v
52 32 v
52 33 v
52 34 v
52 35 v
52 36 v
52 37 v
52 38 v
52 39 v
52 40 v
52 41 v
52 42 v
52 43 v
52 44 v
52 45 v
52 46 h
52 47 v
52 48 v
52 49 v
52 50 v
52 51 v
52 52 v
53 1 v
53 2 v
53 3 v
53 4 v
53 5 v
53 6 v
53 7 v
53 8 v
53 9 v
53 10 h
53 11 v
53 12 v
53 13 v
53 14 v
53 15 v
53 16 v
53 17 v
53 18 v
53 19 v
53 20 v
53 21 v
53 22 v
53 23 v
53 24 v
53 25 h
53 26 v
53 27 v
53 28 h
53 29 v
53 30 v
53 31 h
53 32 v
53 33 v
53 34 h
53 35 v
53 36 v
53 37 v
53 38 v
53 39 v
53 40 h
53 41 v
53 42 v
53 43 v
53 44 v
53 45 v
53 46 v
53 47 v
53 48 v
53 49 v
53 50 v
53 51 v
53 52 v
54 1 v
54 2 h
54 3 v
54 4 v
54 5 v
54 6 v
54 7 v
54 8 v
54 9 v
54 10 v
54 11 v
54 12 v
54 13 v
54 14 v
54 15 v
54 16 v
54 17 v
54 18 v
54 19 v
54 20 v
54 21 v
54 22 v
54 23 v
54 24 v
54 25 v
54 26 v
54 27 h
54 28 v
54 29 v
54 30 v
54 31 h
54 32 v
54 33 v
54 34 v
54 35 v
54 36 v
54 37 v
54 38 v
54 39 v
54 40 v
54 41 v
54 42 v
54 43 v
54 44 v
54 45 v
54 46 h
54 47 v
54 48 h
54 49 v
54 50 v
54 51 v
54 52 v
55 1 v
55 2 v
55 3 h
55 4 h
55 5 h
55 6 h
55 7 v
55 8 h
55 9 v
55 10 v
55 11 v
55 12 v
55 13 v
55 14 v
55 15 h
55 16 v
55 17 v
55 18 h
55 19 v
55 20 v
55 21 v
55 22 v
55 23 v
55 24 h
55 25 v
55 26 h
55 27 h
55 28 h
55 29 v
55 30 v
55 31 v
55 32 v
55 33 v
55 34 h
55 35 h
55 36 v
55 37 h
55 38 v
55 39 v
55 40 v
55 41 v
55 42 v
55 43 v
55 44 v
55 45 v
55 46 v
55 47 v
55 48 v
55 49 h
55 50 h
55 51 v
55 52 v
56 1 v
56 2 v
56 3 v
56 4 h
56 5 v
56 6 h
56 7 v
56 8 h
56 9 v
56 10 v
56 11 v
56 12 v
56 13 v
56 14 h
56 15 v
56 16 v
56 17 v
56 18 v
56 19 v
56 20 h
56 21 v
56 22 v
56 23 v
56 24 v
56 25 v
56 26 v
56 27 v
56 28 v
56 29 v
56 30 v
56 31 v
56 32 v
56 33 h
56 34 h
56 35 v
56 36 v
56 37 v
56 38 h
56 39 v
56 40 v
56 41 v
56 42 h
56 43 v
56 44 v
56 45 v
56 46 v
56 47 v
56 48 v
56 49 h
56 50 h
56 51 v
56 52 v
57 1 v
57 2 v
57 3 v
57 4 h
57 5 v
57 6 h
57 7 v
57 8 v
57 9 v
57 10 h
57 11 v
57 12 v
57 13 v
57 14 h
57 15 v
57 16 v
57 17 h
57 18 v
57 19 v
57 20 v
57 21 v
57 22 v
57 23 v
57 24 v
57 25 v
57 26 v
57 27 h
57 28 v
57 29 h
57 30 v
57 31 v
57 32 v
57 33 v
57 34 h
57 35 v
57 36 h
57 37 v
57 38 v
57 39 v
57 40 h
57 41 v
57 42 v
57 43 h
57 44 v
57 45 v
57 46 v
57 47 v
57 48 v
57 49 v
57 50 v
57 51 v
57 52 v
58 1 h
58 2 v
58 3 v
58 4 h
58 5 v
58 6 v
58 7 h
58 8 v
58 9 v
58 10 h
58 11 v
58 12 v
58 13 v
58 14 v
58 15 v
58 16 h
58 17 v
58 18 v
58 19 v
58 20 v
58 21 v
58 22 v
58 23 v
58 24 v
58 25 v
58 26 v
58 27 v
58 28 v
58 29 v
58 30 v
58 31 v
58 32 v
58 33 v
58 34 v
58 35 h
58 36 v
58 37 v
58 38 v
58 39 v
58 40 v
58 41 v
58 42 v
58 43 v
58 44 v
58 45 v
58 46 v
58 47 v
58 48 v
58 49 h
58 50 h
58 51 h
58 52 v
59 1 h
59 2 h
59 3 v
59 4 h
59 5 v
59 6 v
59 7 v
59 8 v
59 9 h
59 10 v
59 11 v
59 12 v
59 13 v
59 14 h
59 15 v
59 16 v
59 17 v
59 18 v
59 19 h
59 20 v
59 21 v
59 22 v
59 23 v
59 24 v
59 25 v
59 26 v
59 27 h
59 28 v
59 29 h
59 30 v
59 31 v
59 32 v
59 33 v
59 34 v
59 35 v
59 36 v
59 37 v
59 38 h
59 39 v
59 40 v
59 41 v
59 42 h
59 43 v
59 44 h
59 45 v
59 46 h
59 47 v
59 48 v
59 49 v
59 50 v
59 51 v
59 52 v
60 1 v
60 2 v
60 3 v
60 4 h
60 5 v
60 6 v
60 7 v
60 8 h
60 9 h
60 10 v
60 11 v
60 12 v
60 13 v
60 14 v
60 15 h
60 16 v
60 17 v
60 18 v
60 19 h
60 20 v
60 21 v
60 22 v
60 23 v
60 24 v
60 25 v
60 26 v
60 27 v
60 28 v
60 29 v
60 30 v
60 31 v
60 32 v
60 33 v
60 34 v
60 35 v
60 36 v
60 37 v
60 38 v
60 39 v
60 40 v
60 41 v
60 42 h
60 43 v
60 44 v
60 45 v
60 46 v
60 47 v
60 48 h
60 49 v
60 50 v
60 51 v
60 52 v
61 1 v
61 2 v
61 3 v
61 4 h
61 5 v
61 6 h
61 7 v
61 8 v
61 9 v
61 10 v
61 11 v
61 12 h
61 13 v
61 14 v
61 15 v
61 16 v
61 17 v
61 18 h
61 19 v
61 20 v
61 21 v
61 22 v
61 23 v
61 24 v
61 25 v
61 26 v
61 27 v
61 28 v
61 29 v
61 30 h
61 31 h
61 32 v
61 33 v
61 34 v
61 35 v
61 36 v
61 37 v
61 38 v
61 39 v
61 40 v
61 41 h
61 42 v
61 43 v
61 44 h
61 45 v
61 46 h
61 47 v
61 48 v
61 49 v
61 50 v
61 51 h
61 52 v
62 1 h
62 2 v
62 3 h
62 4 v
62 5 v
62 6 v
62 7 v
62 8 v
62 9 v
62 10 v
62 11 v
62 12 v
62 13 v
62 14 v
62 15 v
62 16 v
62 17 v
62 18 v
62 19 h
62 20 v
62 21 v
62 22 v
62 23 v
62 24 v
62 25 v
62 26 v
62 27 h
62 28 v
62 29 v
62 30 v
62 31 h
62 32 h
62 33 v
62 34 v
62 35 h
62 36 v
62 37 v
62 38 v
62 39 h
62 40 h
62 41 v
62 42 v
62 43 v
62 44 v
62 45 v
62 46 h
62 47 v
62 48 v
62 49 v
62 50 h
62 51 v
62 52 v
63 1 v
63 2 v
63 3 v
63 4 h
63 5 v
63 6 v
63 7 v
63 8 v
63 9 h
63 10 v
63 11 v
63 12 h
63 13 v
63 14 v
63 15 v
63 16 h
63 17 v
63 18 v
63 19 v
63 20 v
63 21 v
63 22 v
63 23 v
63 24 v
63 25 v
63 26 v
63 27 h
63 28 v
63 29 v
63 30 v
63 31 v
63 32 v
63 33 v
63 34 v
63 35 v
63 36 v
63 37 v
63 38 v
63 39 v
63 40 v
63 41 v
63 42 v
63 43 v
63 44 h
63 45 v
63 46 v
63 47 v
63 48 h
63 49 h
63 50 h
63 51 h
63 52 v
64 1 v
64 2 v
64 3 v
64 4 v
64 5 v
64 6 v
64 7 v
64 8 v
64 9 h
64 10 v
64 11 v
64 12 h
64 13 v
64 14 v
64 15 v
64 16 v
64 17 h
64 18 h
64 19 v
64 20 v
64 21 v
64 22 v
64 23 v
64 24 v
64 25 v
64 26 v
64 27 v
64 28 v
64 29 h
64 30 v
64 31 v
64 32 v
64 33 v
64 34 v
64 35 h
64 36 v
64 37 v
64 38 h
64 39 v
64 40 v
64 41 v
64 42 h
64 43 v
64 44 h
64 45 v
64 46 h
64 47 h
64 48 v
64 49 v
64 50 v
64 51 h
64 52 v
65 1 h
65 2 v
65 3 v
65 4 v
65 5 v
65 6 v
65 7 v
65 8 v
65 9 v
65 10 v
65 11 v
65 12 v
65 13 v
65 14 v
65 15 v
65 16 v
65 17 h
65 18 h
65 19 h
65 20 v
65 21 v
65 22 v
65 23 v
65 24 v
65 25 v
65 26 v
65 27 v
65 28 v
65 29 h
65 30 h
65 31 v
65 32 v
65 33 v
65 34 v
65 35 v
65 36 v
65 37 v
65 38 v
65 39 v
65 40 v
65 41 v
65 42 h
65 43 v
65 44 v
65 45 v
65 46 h
65 47 v
65 48 v
65 49 v
65 50 v
65 51 v
65 52 v
66 1 v
66 2 v
66 3 v
66 4 v
66 5 v
66 6 h
66 7 v
66 8 v
66 9 h
66 10 h
66 11 v
66 12 v
66 13 v
66 14 v
66 15 v
66 16 h
66 17 h
66 18 v
66 19 v
66 20 v
66 21 v
66 22 v
66 23 v
66 24 v
66 25 v
66 26 v
66 27 v
66 28 v
66 29 v
66 30 v
66 31 v
66 32 v
66 33 v
66 34 v
66 35 v
66 36 h
66 37 v
66 38 v
66 39 h
66 40 v
66 41 v
66 42 h
66 43 v
66 44 v
66 45 v
66 46 v
66 47 h
66 48 h
66 49 h
66 50 v
66 51 h
66 52 v
67 1 v
67 2 v
67 3 h
67 4 v
67 5 v
67 6 h
67 7 v
67 8 v
67 9 v
67 10 v
67 11 v
67 12 v
67 13 h
67 14 v
67 15 v
67 16 v
67 17 v
67 18 v
67 19 v
67 20 v
67 21 v
67 22 v
67 23 h
67 24 h
67 25 v
67 26 v
67 27 v
67 28 h
67 29 h
67 30 v
67 31 h
67 32 v
67 33 v
67 34 v
67 35 v
67 36 h
67 37 v
67 38 h
67 39 v
67 40 v
67 41 v
67 42 v
67 43 v
67 44 v
67 45 v
67 46 v
67 47 v
67 48 v
67 49 v
67 50 v
67 51 v
67 52 v
68 1 h
68 2 v
68 3 v
68 4 v
68 5 v
68 6 v
68 7 v
68 8 v
68 9 v
68 10 v
68 11 h
68 12 v
68 13 v
68 14 v
68 15 v
68 16 v
68 17 v
68 18 v
68 19 v
68 20 v
68 21 v
68 22 v
68 23 h
68 24 v
68 25 h
68 26 v
68 27 v
68 28 v
68 29 v
68 30 v
68 31 v
68 32 v
68 33 v
68 34 v
68 35 v
68 36 h
68 37 v
68 38 v
68 39 h
68 40 v
68 41 v
68 42 h
68 43 h
68 44 v
68 45 v
68 46 h
68 47 h
68 48 v
68 49 v
68 50 v
68 51 v
68 52 v
69 1 v
69 2 v
69 3 v
69 4 v
69 5 v
69 6 v
69 7 v
69 8 v
69 9 h
69 10 h
69 11 v
69 12 v
69 13 v
69 14 v
69 15 v
69 16 v
69 17 v
69 18 v
69 19 h
69 20 h
69 21 v
69 22 h
69 23 v
69 24 v
69 25 v
69 26 v
69 27 h
69 28 v
69 29 v
69 30 v
69 31 v
69 32 h
69 33 v
69 34 h
69 35 v
69 36 v
69 37 v
69 38 v
69 39 v
69 40 v
69 41 v
69 42 v
69 43 v
69 44 v
69 45 v
69 46 v
69 47 v
69 48 v
69 49 v
69 50 v
69 51 v
69 52 v
70 1 v
70 2 v
70 3 v
70 4 v
70 5 v
70 6 v
70 7 h
70 8 v
70 9 h
70 10 v
70 11 h
70 12 v
70 13 h
70 14 v
70 15 v
70 16 v
70 17 h
70 18 v
70 19 v
70 20 v
70 21 v
70 22 v
70 23 v
70 24 h
70 25 v
70 26 v
70 27 v
70 28 v
70 29 v
70 30 v
70 31 v
70 32 v
70 33 v
70 34 h
70 35 h
70 36 h
70 37 h
70 38 h
70 39 v
70 40 v
70 41 h
70 42 v
70 43 v
70 44 v
70 45 v
70 46 v
70 47 h
70 48 h
70 49 v
70 50 v
70 51 v
70 52 h
71 1 v
71 2 v
71 3 v
71 4 v
71 5 v
71 6 v
71 7 v
71 8 v
71 9 v
71 10 v
71 11 v
71 12 v
71 13 v
71 14 v
71 15 v
71 16 v
71 17 v
71 18 v
71 19 h
71 20 v
71 21 v
71 22 h
71 23 v
71 24 v
71 25 v
71 26 h
71 27 v
71 28 v
71 29 v
71 30 v
71 31 h
71 32 v
71 33 v
71 34 v
71 35 v
71 36 v
71 37 v
71 38 h
71 39 v
71 40 v
71 41 h
71 42 v
71 43 v
71 44 v
71 45 v
71 46 v
71 47 v
71 48 v
71 49 v
71 50 v
71 51 v
71 52 v
72 1 v
72 2 h
72 3 h
72 4 v
72 5 v
72 6 v
72 7 v
72 8 v
72 9 v
72 10 v
72 11 v
72 12 v
72 13 h
72 14 v
72 15 v
72 16 v
72 17 v
72 18 v
72 19 h
72 20 v
72 21 v
72 22 v
72 23 v
72 24 v
72 25 v
72 26 h
72 27 v
72 28 v
72 29 v
72 30 v
72 31 v
72 32 h
72 33 v
72 34 h
72 35 h
72 36 h
72 37 v
72 38 v
72 39 v
72 40 h
72 41 v
72 42 h
72 43 v
72 44 v
72 45 v
72 46 v
72 47 v
72 48 v
72 49 v
72 50 v
72 51 v
72 52 v
73 1 v
73 2 v
73 3 h
73 4 v
73 5 h
73 6 v
73 7 v
73 8 v
73 9 v
73 10 v
73 11 v
73 12 v
73 13 v
73 14 v
73 15 v
73 16 h
73 17 v
73 18 v
73 19 v
73 20 h
73 21 v
73 22 v
73 23 v
73 24 h
73 25 v
73 26 v
73 27 v
73 28 h
73 29 v
73 30 v
73 31 v
73 32 v
73 33 v
73 34 v
73 35 v
73 36 v
73 37 v
73 38 v
73 39 v
73 40 v
73 41 v
73 42 v
73 43 v
73 44 v
73 45 h
73 46 v
73 47 h
73 48 h
73 49 v
73 50 v
73 51 v
73 52 v
74 1 h
74 2 v
74 3 v
74 4 h
74 5 v
74 6 v
74 7 v
74 8 v
74 9 h
74 10 h
74 11 v
74 12 v
74 13 v
74 14 v
74 15 v
74 16 v
74 17 v
74 18 v
74 19 v
74 20 v
74 21 v
74 22 v
74 23 v
74 24 v
74 25 v
74 26 h
74 27 v
74 28 v
74 29 v
74 30 v
74 31 v
74 32 v
74 33 v
74 34 v
74 35 h
74 36 h
74 37 v
74 38 v
74 39 v
74 40 h
74 41 v
74 42 v
74 43 v
74 44 v
74 45 v
74 46 v
74 47 v
74 48 h
74 49 v
74 50 h
74 51 v
74 52 v
75 1 v
75 2 v
75 3 v
75 4 v
75 5 v
75 6 v
75 7 v
75 8 v
75 9 v
75 10 v
75 11 v
75 12 v
75 13 h
75 14 v
75 15 v
75 16 v
75 17 v
75 18 v
75 19 v
75 20 v
75 21 v
75 22 v
75 23 v
75 24 v
75 25 v
75 26 v
75 27 v
75 28 h
75 29 h
75 30 v
75 31 h
75 32 v
75 33 v
75 34 v
75 35 h
75 36 v
75 37 v
75 38 v
75 39 v
75 40 v
75 41 v
75 42 v
75 43 v
75 44 v
75 45 v
75 46 v
75 47 v
75 48 v
75 49 v
75 50 v
75 51 v
75 52 v
76 1 v
76 2 v
76 3 v
76 4 h
76 5 v
76 6 v
76 7 v
76 8 v
76 9 v
76 10 v
76 11 v
76 12 v
76 13 v
76 14 h
76 15 v
76 16 v
76 17 v
76 18 v
76 19 h
76 20 v
76 21 v
76 22 v
76 23 v
76 24 v
76 25 v
76 26 h
76 27 v
76 28 h
76 29 v
76 30 v
76 31 v
76 32 v
76 33 v
76 34 v
76 35 h
76 36 v
76 37 v
76 38 v
76 39 v
76 40 v
76 41 v
76 42 v
76 43 v
76 44 v
76 45 v
76 46 v
76 47 v
76 48 v
76 49 v
76 50 h
76 51 v
76 52 v
77 1 v
77 2 v
77 3 v
77 4 h
77 5 v
77 6 h
77 7 v
77 8 v
77 9 v
77 10 v
77 11 h
77 12 v
77 13 v
77 14 v
77 15 v
77 16 v
77 17 v
77 18 v
77 19 h
77 20 v
77 21 v
77 22 v
77 23 v
77 24 v
77 25 v
77 26 v
77 27 v
77 28 h
77 29 v
77 30 v
77 31 h
77 32 v
77 33 v
77 34 v
77 35 h
77 36 v
77 37 v
77 38 v
77 39 v
77 40 v
77 41 v
77 42 v
77 43 v
77 44 v
77 45 v
77 46 v
77 47 v
77 48 v
77 49 v
77 50 h
77 51 h
77 52 v
78 1 v
78 2 v
78 3 v
78 4 v
78 5 v
78 6 v
78 7 v
78 8 v
78 9 h
78 10 v
78 11 v
78 12 v
78 13 v
78 14 v
78 15 v
78 16 v
78 17 v
78 18 v
78 19 v
78 20 h
78 21 v
78 22 v
78 23 h
78 24 h
78 25 v
78 26 v
78 27 v
78 28 h
78 29 v
78 30 v
78 31 v
78 32 v
78 33 v
78 34 h
78 35 v
78 36 v
78 37 v
78 38 h
78 39 v
78 40 v
78 41 v
78 42 v
78 43 v
78 44 v
78 45 v
78 46 v
78 47 v
78 48 v
78 49 v
78 50 v
78 51 v
78 52 v
79 1 v
79 2 v
79 3 v
79 4 h
79 5 v
79 6 h
79 7 v
79 8 v
79 9 v
79 10 h
79 11 h
79 12 v
79 13 v
79 14 v
79 15 v
79 16 v
79 17 v
79 18 h
79 19 v
79 20 v
79 21 v
79 22 v
79 23 h
79 24 v
79 25 v
79 26 h
79 27 h
79 28 v
79 29 v
79 30 h
79 31 h
79 32 v
79 33 h
79 34 v
79 35 h
79 36 h
79 37 v
79 38 v
79 39 h
79 40 v
79 41 h
79 42 v
79 43 v
79 44 v
79 45 v
79 46 v
79 47 v
79 48 v
79 49 v
79 50 v
79 51 v
79 52 v
80 1 v
80 2 v
80 3 v
80 4 v
80 5 h
80 6 v
80 7 v
80 8 v
80 9 v
80 10 v
80 11 v
80 12 v
80 13 v
80 14 v
80 15 v
80 16 v
80 17 v
80 18 v
80 19 v
80 20 v
80 21 v
80 22 v
80 23 v
80 24 v
80 25 v
80 26 v
80 27 v
80 28 h
80 29 v
80 30 v
80 31 v
80 32 v
80 33 v
80 34 v
80 35 v
80 36 v
80 37 v
80 38 v
80 39 v
80 40 v
80 41 v
80 42 h
80 43 v
80 44 h
80 45 v
80 46 h
80 47 v
80 48 v
80 49 h
80 50 h
80 51 h
80 52 v
81 1 v
81 2 v
81 3 v
81 4 h
81 5 v
81 6 h
81 7 v
81 8 v
81 9 v
81 10 v
81 11 v
81 12 v
81 13 h
81 14 v
81 15 v
81 16 v
81 17 v
81 18 v
81 19 v
81 20 v
81 21 v
81 22 v
81 23 v
81 24 v
81 25 v
81 26 v
81 27 h
81 28 v
81 29 v
81 30 v
81 31 h
81 32 h
81 33 v
81 34 v
81 35 v
81 36 h
81 37 h
81 38 h
81 39 h
81 40 v
81 41 v
81 42 v
81 43 v
81 44 h
81 45 v
81 46 v
81 47 v
81 48 v
81 49 h
81 50 v
81 51 v
81 52 v
82 1 v
82 2 v
82 3 v
82 4 v
82 5 v
82 6 h
82 7 v
82 8 v
82 9 h
82 10 v
82 11 v
82 12 v
82 13 v
82 14 v
82 15 h
82 16 v
82 17 v
82 18 h
82 19 v
82 20 v
82 21 v
82 22 v
82 23 v
82 24 v
82 25 v
82 26 v
82 27 h
82 28 v
82 29 v
82 30 v
82 31 h
82 32 h
82 33 v
82 34 v
82 35 h
82 36 v
82 37 v
82 38 h
82 39 h
82 40 v
82 41 v
82 42 v
82 43 v
82 44 v
82 45 v
82 46 v
82 47 v
82 48 v
82 49 v
82 50 h
82 51 v
82 52 v
83 1 v
83 2 v
83 3 v
83 4 v
83 5 v
83 6 h
83 7 v
83 8 v
83 9 v
83 10 v
83 11 v
83 12 v
83 13 v
83 14 v
83 15 h
83 16 v
83 17 v
83 18 h
83 19 v
83 20 v
83 21 v
83 22 v
83 23 v
83 24 v
83 25 v
83 26 h
83 27 v
83 28 v
83 29 h
83 30 h
83 31 v
83 32 v
83 33 v
83 34 v
83 35 h
83 36 v
83 37 v
83 38 v
83 39 v
83 40 v
83 41 v
83 42 v
83 43 v
83 44 v
83 45 h
83 46 h
83 47 v
83 48 v
83 49 v
83 50 v
83 51 h
83 52 v
84 1 v
84 2 v
84 3 v
84 4 v
84 5 v
84 6 v
84 7 v
84 8 v
84 9 v
84 10 h
84 11 v
84 12 v
84 13 v
84 14 v
84 15 v
84 16 h
84 17 v
84 18 v
84 19 v
84 20 v
84 21 v
84 22 v
84 23 v
84 24 v
84 25 v
84 26 v
84 27 h
84 28 v
84 29 v
84 30 v
84 31 v
84 32 v
84 33 v
84 34 v
84 35 v
84 36 v
84 37 v
84 38 h
84 39 v
84 40 v
84 41 v
84 42 v
84 43 h
84 44 h
84 45 v
84 46 v
84 47 h
84 48 v
84 49 v
84 50 v
84 51 v
84 52 v
85 1 v
85 2 v
85 3 v
85 4 v
85 5 v
85 6 h
85 7 v
85 8 h
85 9 v
85 10 v
85 11 h
85 12 v
85 13 v
85 14 v
85 15 v
85 16 h
85 17 v
85 18 v
85 19 h
85 20 v
85 21 v
85 22 v
85 23 v
85 24 v
85 25 v
85 26 v
85 27 v
85 28 v
85 29 v
85 30 h
85 31 v
85 32 h
85 33 h
85 34 v
85 35 v
85 36 v
85 37 v
85 38 h
85 39 v
85 40 v
85 41 v
85 42 v
85 43 v
85 44 h
85 45 v
85 46 h
85 47 h
85 48 v
85 49 v
85 50 v
85 51 v
85 52 v
86 1 h
86 2 v
86 3 v
86 4 v
86 5 h
86 6 h
86 7 v
86 8 v
86 9 h
86 10 v
86 11 v
86 12 v
86 13 h
86 14 v
86 15 v
86 16 v
86 17 v
86 18 v
86 19 h
86 20 v
86 21 v
86 22 v
86 23 v
86 24 v
86 25 v
86 26 h
86 27 v
86 28 h
86 29 v
86 30 v
86 31 v
86 32 v
86 33 h
86 34 h
86 35 v
86 36 v
86 37 v
86 38 v
86 39 v
86 40 v
86 41 v
86 42 v
86 43 v
86 44 v
86 45 v
86 46 v
86 47 v
86 48 v
86 49 v
86 50 h
86 51 v
86 52 v
87 1 v
87 2 v
87 3 v
87 4 h
87 5 v
87 6 v
87 7 v
87 8 v
87 9 h
87 10 v
87 11 v
87 12 v
87 13 v
87 14 v
87 15 v
87 16 v
87 17 h
87 18 v
87 19 v
87 20 v
87 21 h
87 22 v
87 23 v
87 24 v
87 25 v
87 26 v
87 27 v
87 28 v
87 29 v
87 30 v
87 31 v
87 32 v
87 33 v
87 34 v
87 35 v
87 36 v
87 37 v
87 38 h
87 39 v
87 40 v
87 41 v
87 42 v
87 43 v
87 44 v
87 45 h
87 46 v
87 47 v
87 48 h
87 49 v
87 50 v
87 51 v
87 52 v
88 1 v
88 2 v
88 3 h
88 4 v
88 5 v
88 6 h
88 7 h
88 8 v
88 9 v
88 10 h
88 11 v
88 12 v
88 13 v
88 14 v
88 15 v
88 16 h
88 17 v
88 18 v
88 19 v
88 20 h
88 21 v
88 22 v
88 23 v
88 24 v
88 25 v
88 26 v
88 27 v
88 28 v
88 29 v
88 30 v
88 31 v
88 32 v
88 33 v
88 34 v
88 35 v
88 36 h
88 37 h
88 38 v
88 39 h
88 40 v
88 41 v
88 42 v
88 43 v
88 44 h
88 45 v
88 46 v
88 47 v
88 48 v
88 49 v
88 50 v
88 51 v
88 52 v
89 1 v
89 2 v
89 3 v
89 4 h
89 5 v
89 6 v
89 7 v
89 8 h
89 9 h
89 10 v
89 11 v
89 12 v
89 13 v
89 14 v
89 15 v
89 16 v
89 17 v
89 18 v
89 19 v
89 20 v
89 21 v
89 22 v
89 23 v
89 24 v
89 25 v
89 26 v
89 27 v
89 28 v
89 29 h
89 30 v
89 31 h
89 32 v
89 33 v
89 34 v
89 35 v
89 36 v
89 37 v
89 38 h
89 39 v
89 40 h
89 41 v
89 42 v
89 43 v
89 44 v
89 45 v
89 46 v
89 47 v
89 48 v
89 49 v
89 50 h
89 51 h
89 52 v
90 1 v
90 2 v
90 3 v
90 4 v
90 5 v
90 6 v
90 7 v
90 8 h
90 9 v
90 10 v
90 11 v
90 12 v
90 13 v
90 14 v
90 15 h
90 16 h
90 17 v
90 18 h
90 19 v
90 20 v
90 21 v
90 22 v
90 23 v
90 24 v
90 25 v
90 26 v
90 27 h
90 28 v
90 29 v
90 30 v
90 31 v
90 32 v
90 33 v
90 34 v
90 35 h
90 36 v
90 37 v
90 38 v
90 39 v
90 40 h
90 41 v
90 42 v
90 43 v
90 44 v
90 45 v
90 46 v
90 47 v
90 48 v
90 49 v
90 50 v
90 51 v
90 52 v
91 1 v
91 2 v
91 3 v
91 4 v
91 5 v
91 6 v
91 7 v
91 8 v
91 9 h
91 10 v
91 11 v
91 12 h
91 13 v
91 14 v
91 15 v
91 16 v
91 17 h
91 18 v
91 19 h
91 20 h
91 21 h
91 22 h
91 23 v
91 24 h
91 25 h
91 26 v
91 27 v
91 28 v
91 29 v
91 30 v
91 31 v
91 32 h
91 33 v
91 34 v
91 35 h
91 36 v
91 37 v
91 38 v
91 39 v
91 40 v
91 41 h
91 42 v
91 43 v
91 44 h
91 45 v
91 46 v
91 47 v
91 48 v
91 49 v
91 50 v
91 51 v
91 52 v
92 1 v
92 2 h
92 3 v
92 4 v
92 5 v
92 6 h
92 7 v
92 8 v
92 9 v
92 10 v
92 11 v
92 12 v
92 13 v
92 14 v
92 15 v
92 16 v
92 17 v
92 18 v
92 19 h
92 20 v
92 21 v
92 22 v
92 23 v
92 24 v
92 25 v
92 26 v
92 27 h
92 28 h
92 29 v
92 30 v
92 31 h
92 32 v
92 33 v
92 34 v
92 35 v
92 36 v
92 37 v
92 38 v
92 39 h
92 40 h
92 41 v
92 42 v
92 43 v
92 44 v
92 45 v
92 46 h
92 47 v
92 48 v
92 49 v
92 50 v
92 51 h
92 52 v
93 1 h
93 2 v
93 3 v
93 4 v
93 5 v
93 6 v
93 7 v
93 8 v
93 9 v
93 10 h
93 11 v
93 12 v
93 13 v
93 14 v
93 15 v
93 16 h
93 17 v
93 18 v
93 19 h
93 20 v
93 21 v
93 22 v
93 23 v
93 24 v
93 25 v
93 26 v
93 27 v
93 28 v
93 29 h
93 30 v
93 31 v
93 32 v
93 33 v
93 34 v
93 35 h
93 36 v
93 37 v
93 38 h
93 39 v
93 40 v
93 41 v
93 42 v
93 43 h
93 44 v
93 45 v
93 46 v
93 47 v
93 48 v
93 49 v
93 50 v
93 51 h
93 52 v
94 1 v
94 2 v
94 3 v
94 4 v
94 5 h
94 6 v
94 7 v
94 8 v
94 9 v
94 10 v
94 11 v
94 12 v
94 13 v
94 14 v
94 15 v
94 16 h
94 17 v
94 18 h
94 19 v
94 20 v
94 21 v
94 22 v
94 23 v
94 24 v
94 25 v
94 26 h
94 27 v
94 28 v
94 29 v
94 30 v
94 31 v
94 32 v
94 33 v
94 34 h
94 35 v
94 36 v
94 37 v
94 38 v
94 39 h
94 40 v
94 41 h
94 42 v
94 43 v
94 44 h
94 45 h
94 46 v
94 47 h
94 48 v
94 49 v
94 50 h
94 51 v
94 52 v
95 1 v
95 2 v
95 3 v
95 4 h
95 5 v
95 6 h
95 7 v
95 8 v
95 9 v
95 10 v
95 11 v
95 12 v
95 13 v
95 14 h
95 15 v
95 16 v
95 17 v
95 18 v
95 19 h
95 20 v
95 21 v
95 22 v
95 23 v
95 24 v
95 25 v
95 26 v
95 27 v
95 28 h
95 29 v
95 30 h
95 31 v
95 32 v
95 33 h
95 34 v
95 35 v
95 36 h
95 37 v
95 38 h
95 39 v
95 40 h
95 41 v
95 42 v
95 43 v
95 44 h
95 45 v
95 46 v
95 47 v
95 48 v
95 49 v
95 50 v
95 51 v
95 52 h
96 1 h
96 2 h
96 3 v
96 4 v
96 5 v
96 6 h
96 7 v
96 8 v
96 9 h
96 10 v
96 11 v
96 12 v
96 13 v
96 14 v
96 15 v
96 16 h
96 17 h
96 18 v
96 19 v
96 20 v
96 21 h
96 22 v
96 23 v
96 24 v
96 25 v
96 26 h
96 27 v
96 28 h
96 29 v
96 30 v
96 31 v
96 32 v
96 33 v
96 34 v
96 35 h
96 36 v
96 37 h
96 38 v
96 39 v
96 40 h
96 41 v
96 42 h
96 43 h
96 44 h
96 45 h
96 46 v
96 47 v
96 48 v
96 49 v
96 50 v
96 51 v
96 52 v
97 1 v
97 2 h
97 3 h
97 4 v
97 5 v
97 6 v
97 7 v
97 8 v
97 9 v
97 10 v
97 11 v
97 12 v
97 13 v
97 14 v
97 15 v
97 16 v
97 17 h
97 18 v
97 19 v
97 20 v
97 21 h
97 22 v
97 23 v
97 24 v
97 25 h
97 26 v
97 27 v
97 28 h
97 29 v
97 30 v
97 31 h
97 32 v
97 33 v
97 34 h
97 35 h
97 36 v
97 37 v
97 38 v
97 39 h
97 40 v
97 41 v
97 42 v
97 43 h
97 44 v
97 45 v
97 46 v
97 47 v
97 48 h
97 49 v
97 50 v
97 51 h
97 52 v
98 1 v
98 2 v
98 3 v
98 4 h
98 5 v
98 6 v
98 7 v
98 8 v
98 9 v
98 10 h
98 11 v
98 12 h
98 13 v
98 14 v
98 15 v
98 16 h
98 17 h
98 18 v
98 19 v
98 20 v
98 21 v
98 22 v
98 23 v
98 24 v
98 25 v
98 26 v
98 27 h
98 28 v
98 29 v
98 30 v
98 31 v
98 32 h
98 33 v
98 34 h
98 35 v
98 36 v
98 37 v
98 38 v
98 39 v
98 40 h
98 41 v
98 42 v
98 43 v
98 44 v
98 45 v
98 46 h
98 47 h
98 48 v
98 49 v
98 50 h
98 51 v
98 52 v
99 1 v
99 2 v
99 3 v
99 4 v
99 5 v
99 6 v
99 7 h
99 8 v
99 9 h
99 10 v
99 11 v
99 12 v
99 13 v
99 14 v
99 15 v
99 16 v
99 17 v
99 18 v
99 19 h
99 20 v
99 21 v
99 22 v
99 23 v
99 24 v
99 25 v
99 26 v
99 27 h
99 28 v
99 29 h
99 30 v
99 31 v
99 32 v
99 33 v
99 34 v
99 35 v
99 36 v
99 37 h
99 38 v
99 39 v
99 40 v
99 41 h
99 42 h
99 43 v
99 44 h
99 45 v
99 46 v
99 47 v
99 48 v
99 49 v
99 50 h
99 51 v
99 52 v
100 1 v
100 2 v
100 3 v
100 4 h
100 5 v
100 6 v
100 7 v
100 8 v
100 9 v
100 10 v
100 11 v
100 12 v
100 13 v
100 14 v
100 15 v
100 16 v
100 17 h
100 18 v
100 19 h
100 20 v
100 21 v
100 22 v
100 23 v
100 24 h
100 25 v
100 26 v
100 27 h
100 28 v
100 29 v
100 30 v
100 31 v
100 32 v
100 33 v
100 34 v
100 35 v
100 36 h
100 37 h
100 38 v
100 39 v
100 40 v
100 41 v
100 42 v
100 43 v
100 44 v
100 45 v
100 46 v
100 47 v
100 48 v
100 49 v
100 50 v
100 51 v
100 52 v
101 1 v
101 2 v
101 3 v
101 4 v
101 5 h
101 6 v
101 7 v
101 8 v
101 9 v
101 10 v
101 11 v
101 12 h
101 13 v
101 14 h
101 15 v
101 16 v
101 17 v
101 18 v
101 19 v
101 20 v
101 21 v
101 22 v
101 23 v
101 24 v
101 25 v
101 26 v
101 27 h
101 28 v
101 29 v
101 30 v
101 31 v
101 32 h
101 33 v
101 34 v
101 35 v
101 36 v
101 37 v
101 38 v
101 39 h
101 40 v
101 41 v
101 42 h
101 43 h
101 44 v
101 45 v
101 46 v
101 47 v
101 48 v
101 49 h
101 50 v
101 51 v
101 52 v
102 1 h
102 2 v
102 3 v
102 4 h
102 5 v
102 6 h
102 7 h
102 8 v
102 9 h
102 10 v
102 11 v
102 12 v
102 13 v
102 14 v
102 15 v
102 16 h
102 17 v
102 18 h
102 19 v
102 20 v
102 21 v
102 22 v
102 23 v
102 24 v
102 25 v
102 26 v
102 27 v
102 28 v
102 29 v
102 30 v
102 31 v
102 32 h
102 33 v
102 34 v
102 35 v
102 36 v
102 37 v
102 38 h
102 39 v
102 40 v
102 41 h
102 42 v
102 43 v
102 44 v
102 45 v
102 46 v
102 47 v
102 48 v
102 49 v
102 50 v
102 51 v
102 52 v
103 1 v
103 2 v
103 3 h
103 4 v
103 5 v
103 6 v
103 7 v
103 8 v
103 9 h
103 10 h
103 11 v
103 12 v
103 13 v
103 14 v
103 15 v
103 16 v
103 17 v
103 18 v
103 19 v
103 20 v
103 21 v
103 22 v
103 23 v
103 24 h
103 25 v
103 26 v
103 27 h
103 28 v
103 29 v
103 30 v
103 31 v
103 32 v
103 33 v
103 34 v
103 35 v
103 36 v
103 37 h
103 38 h
103 39 v
103 40 v
103 41 v
103 42 h
103 43 v
103 44 h
103 45 v
103 46 h
103 47 v
103 48 v
103 49 v
103 50 v
103 51 h
103 52 v
104 1 v
104 2 v
104 3 v
104 4 v
104 5 v
104 6 v
104 7 v
104 8 v
104 9 v
104 10 v
104 11 v
104 12 v
104 13 v
104 14 v
104 15 v
104 16 h
104 17 v
104 18 v
104 19 v
104 20 v
104 21 h
104 22 v
104 23 v
104 24 v
104 25 v
104 26 h
104 27 v
104 28 h
104 29 h
104 30 h
104 31 v
104 32 v
104 33 v
104 34 v
104 35 h
104 36 v
104 37 v
104 38 h
104 39 v
104 40 v
104 41 v
104 42 v
104 43 v
104 44 v
104 45 h
104 46 v
104 47 v
104 48 v
104 49 v
104 50 v
104 51 v
104 52 v
105 1 v
105 2 v
105 3 v
105 4 v
105 5 v
105 6 h
105 7 v
105 8 v
105 9 v
105 10 v
105 11 v
105 12 v
105 13 v
105 14 v
105 15 v
105 16 v
105 17 v
105 18 v
105 19 v
105 20 h
105 21 v
105 22 v
105 23 v
105 24 v
105 25 v
105 26 v
105 27 v
105 28 h
105 29 v
105 30 v
105 31 v
105 32 v
105 33 v
105 34 h
105 35 v
105 36 v
105 37 v
105 38 v
105 39 v
105 40 v
105 41 v
105 42 v
105 43 v
105 44 v
105 45 v
105 46 v
105 47 v
105 48 v
105 49 h
105 50 v
105 51 v
105 52 v
106 1 v
106 2 v
106 3 v
106 4 v
106 5 v
106 6 v
106 7 v
106 8 h
106 9 v
106 10 v
106 11 v
106 12 v
106 13 v
106 14 h
106 15 h
106 16 v
106 17 v
106 18 v
106 19 h
106 20 v
106 21 v
106 22 v
106 23 v
106 24 v
106 25 v
106 26 v
106 27 v
106 28 v
106 29 v
106 30 v
106 31 v
106 32 v
106 33 v
106 34 v
106 35 v
106 36 h
106 37 v
106 38 v
106 39 v
106 40 v
106 41 v
106 42 v
106 43 v
106 44 h
106 45 v
106 46 v
106 47 v
106 48 v
106 49 v
106 50 v
106 51 v
106 52 v
107 1 v
107 2 v
107 3 v
107 4 v
107 5 v
107 6 h
107 7 v
107 8 h
107 9 v
107 10 v
107 11 h
107 12 v
107 13 v
107 14 v
107 15 v
107 16 v
107 17 h
107 18 h
107 19 v
107 20 v
107 21 v
107 22 v
107 23 v
107 24 h
107 25 v
107 26 v
107 27 v
107 28 v
107 29 h
107 30 v
107 31 h
107 32 v
107 33 v
107 34 v
107 35 v
107 36 v
107 37 v
107 38 v
107 39 v
107 40 v
107 41 v
107 42 h
107 43 v
107 44 v
107 45 v
107 46 v
107 47 v
107 48 v
107 49 v
107 50 v
107 51 v
107 52 v
108 1 v
108 2 v
108 3 h
108 4 v
108 5 v
108 6 v
108 7 v
108 8 h
108 9 v
108 10 h
108 11 v
108 12 v
108 13 v
108 14 v
108 15 h
108 16 v
108 17 v
108 18 h
108 19 v
108 20 v
108 21 v
108 22 v
108 23 v
108 24 v
108 25 h
108 26 h
108 27 v
108 28 v
108 29 v
108 30 v
108 31 v
108 32 v
108 33 v
108 34 v
108 35 v
108 36 v
108 37 v
108 38 h
108 39 v
108 40 h
108 41 v
108 42 v
108 43 v
108 44 v
108 45 v
108 46 h
108 47 v
108 48 v
108 49 v
108 50 v
108 51 v
108 52 v
109 1 v
109 2 v
109 3 v
109 4 v
109 5 v
109 6 h
109 7 v
109 8 v
109 9 v
109 10 v
109 11 v
109 12 v
109 13 v
109 14 v
109 15 v
109 16 v
109 17 v
109 18 v
109 19 h
109 20 h
109 21 v
109 22 h
109 23 h
109 24 v
109 25 v
109 26 v
109 27 v
109 28 v
109 29 v
109 30 v
109 31 v
109 32 v
109 33 v
109 34 v
109 35 v
109 36 v
109 37 v
109 38 v
109 39 v
109 40 v
109 41 v
109 42 h
109 43 v
109 44 h
109 45 v
109 46 h
109 47 h
109 48 v
109 49 v
109 50 v
109 51 v
109 52 v
110 1 v
110 2 v
110 3 v
110 4 v
110 5 v
110 6 v
110 7 h
110 8 v
110 9 v
110 10 v
110 11 v
110 12 v
110 13 h
110 14 h
110 15 v
110 16 v
110 17 v
110 18 v
110 19 v
110 20 v
110 21 v
110 22 v
110 23 v
110 24 v
110 25 v
110 26 v
110 27 v
110 28 v
110 29 v
110 30 v
110 31 h
110 32 v
110 33 v
110 34 v
110 35 v
110 36 v
110 37 v
110 38 v
110 39 v
110 40 v
110 41 h
110 42 v
110 43 v
110 44 h
110 45 v
110 46 v
110 47 h
110 48 v
110 49 h
110 50 v
110 51 h
110 52 v
111 1 v
111 2 v
111 3 v
111 4 v
111 5 v
111 6 v
111 7 v
111 8 v
111 9 v
111 10 v
111 11 v
111 12 v
111 13 v
111 14 h
111 15 v
111 16 v
111 17 v
111 18 v
111 19 v
111 20 v
111 21 v
111 22 v
111 23 v
111 24 v
111 25 v
111 26 v
111 27 v
111 28 h
111 29 v
111 30 v
111 31 v
111 32 v
111 33 v
111 34 v
111 35 h
111 36 v
111 37 v
111 38 v
111 39 v
111 40 v
111 41 v
111 42 v
111 43 v
111 44 v
111 45 v
111 46 v
111 47 h
111 48 v
111 49 v
111 50 v
111 51 v
111 52 v
112 1 v
112 2 v
112 3 v
112 4 h
112 5 v
112 6 h
112 7 h
112 8 v
112 9 v
112 10 v
112 11 v
112 12 v
112 13 v
112 14 v
112 15 v
112 16 v
112 17 v
112 18 v
112 19 v
112 20 v
112 21 v
112 22 h
112 23 v
112 24 v
112 25 v
112 26 h
112 27 h
112 28 v
112 29 v
112 30 v
112 31 h
112 32 v
112 33 v
112 34 h
112 35 h
112 36 v
112 37 h
112 38 h
112 39 v
112 40 v
112 41 v
112 42 v
112 43 v
112 44 v
112 45 v
112 46 v
112 47 v
112 48 v
112 49 v
112 50 v
112 51 v
112 52 h
113 1 v
113 2 v
113 3 v
113 4 h
113 5 v
113 6 h
113 7 v
113 8 v
113 9 v
113 10 v
113 11 v
113 12 v
113 13 v
113 14 v
113 15 v
113 16 h
113 17 v
113 18 v
113 19 v
113 20 v
113 21 h
113 22 v
113 23 h
113 24 v
113 25 v
113 26 v
113 27 h
113 28 v
113 29 v
113 30 v
113 31 v
113 32 v
113 33 v
113 34 v
113 35 h
113 36 v
113 37 h
113 38 v
113 39 v
113 40 v
113 41 h
113 42 h
113 43 v
113 44 v
113 45 v
113 46 v
113 47 v
113 48 h
113 49 v
113 50 v
113 51 h
113 52 v
114 1 v
114 2 v
114 3 v
114 4 v
114 5 v
114 6 v
114 7 v
114 8 v
114 9 v
114 10 v
114 11 v
114 12 v
114 13 v
114 14 h
114 15 v
114 16 v
114 17 v
114 18 v
114 19 v
114 20 v
114 21 v
114 22 v
114 23 v
114 24 v
114 25 v
114 26 v
114 27 v
114 28 v
114 29 v
114 30 v
114 31 h
114 32 h
114 33 v
114 34 h
114 35 v
114 36 v
114 37 v
114 38 v
114 39 v
114 40 v
114 41 v
114 42 v
114 43 v
114 44 v
114 45 v
114 46 v
114 47 v
114 48 v
114 49 h
114 50 v
114 51 v
114 52 v
115 1 v
115 2 v
115 3 v
115 4 v
115 5 v
115 6 v
115 7 v
115 8 v
115 9 h
115 10 v
115 11 h
115 12 v
115 13 h
115 14 v
115 15 h
115 16 v
115 17 v
115 18 v
115 19 h
115 20 h
115 21 v
115 22 v
115 23 v
115 24 v
115 25 h
115 26 v
115 27 v
115 28 v
115 29 v
115 30 v
115 31 h
115 32 v
115 33 v
115 34 v
115 35 v
115 36 v
115 37 v
115 38 v
115 39 v
115 40 v
115 41 v
115 42 v
115 43 v
115 44 v
115 45 v
115 46 v
115 47 v
115 48 v
115 49 v
115 50 v
115 51 v
115 52 v
116 1 v
116 2 v
116 3 v
116 4 h
116 5 v
116 6 v
116 7 v
116 8 v
116 9 v
116 10 h
116 11 v
116 12 v
116 13 v
116 14 v
116 15 v
116 16 v
116 17 h
116 18 h
116 19 v
116 20 v
116 21 h
116 22 v
116 23 v
116 24 v
116 25 v
116 26 v
116 27 v
116 28 h
116 29 v
116 30 v
116 31 h
116 32 h
116 33 h
116 34 h
116 35 v
116 36 v
116 37 v
116 38 h
116 39 h
116 40 v
116 41 v
116 42 v
116 43 h
116 44 v
116 45 v
116 46 v
116 47 v
116 48 v
116 49 v
116 50 v
116 51 v
116 52 v
117 1 v
117 2 v
117 3 h
117 4 v
117 5 v
117 6 v
117 7 v
117 8 v
117 9 h
117 10 v
117 11 h
117 12 v
117 13 v
117 14 v
117 15 v
117 16 v
117 17 v
117 18 v
117 19 v
117 20 v
117 21 v
117 22 v
117 23 v
117 24 v
117 25 v
117 26 v
117 27 h
117 28 h
117 29 v
117 30 v
117 31 v
117 32 v
117 33 v
117 34 h
117 35 v
117 36 h
117 37 v
117 38 h
117 39 v
117 40 v
117 41 v
117 42 v
117 43 v
117 44 v
117 45 v
117 46 v
117 47 v
117 48 v
117 49 v
117 50 v
117 51 v
117 52 v
118 1 v
118 2 v
118 3 h
118 4 h
118 5 h
118 6 v
118 7 v
118 8 v
118 9 v
118 10 v
118 11 v
118 12 v
118 13 v
118 14 v
118 15 v
118 16 h
118 17 v
118 18 v
118 19 v
118 20 v
118 21 v
118 22 v
118 23 v
118 24 v
118 25 v
118 26 v
118 27 v
118 28 v
118 29 v
118 30 v
118 31 h
118 32 v
118 33 v
118 34 v
118 35 h
118 36 v
118 37 h
118 38 h
118 39 v
118 40 v
118 41 v
118 42 h
118 43 h
118 44 v
118 45 h
118 46 v
118 47 v
118 48 h
118 49 v
118 50 v
118 51 v
118 52 v
119 1 v
119 2 v
119 3 v
119 4 v
119 5 v
119 6 v
119 7 v
119 8 h
119 9 v
119 10 h
119 11 h
119 12 v
119 13 v
119 14 v
119 15 v
119 16 h
119 17 v
119 18 v
119 19 v
119 20 v
119 21 v
119 22 v
119 23 v
119 24 v
119 25 v
119 26 v
119 27 v
119 28 v
119 29 v
119 30 v
119 31 v
119 32 v
119 33 v
119 34 v
119 35 h
119 36 v
119 37 v
119 38 v
119 39 h
119 40 v
119 41 v
119 42 v
119 43 h
119 44 h
119 45 h
119 46 v
119 47 v
119 48 v
119 49 v
119 50 v
119 51 v
119 52 v
120 1 v
120 2 v
120 3 v
120 4 v
120 5 v
120 6 h
120 7 v
120 8 v
120 9 h
120 10 h
120 11 h
120 12 v
120 13 v
120 14 v
120 15 v
120 16 v
120 17 v
120 18 h
120 19 v
120 20 v
120 21 v
120 22 v
120 23 v
120 24 v
120 25 v
120 26 v
120 27 v
120 28 v
120 29 v
120 30 v
120 31 v
120 32 v
120 33 h
120 34 v
120 35 h
120 36 v
120 37 v
120 38 v
120 39 v
120 40 v
120 41 v
120 42 v
120 43 v
120 44 h
120 45 v
120 46 h
120 47 v
120 48 v
120 49 v
120 50 v
120 51 h
120 52 h
121 1 v
121 2 v
121 3 h
121 4 v
121 5 v
121 6 v
121 7 v
121 8 h
121 9 v
121 10 h
121 11 h
121 12 v
121 13 v
121 14 v
121 15 v
121 16 v
121 17 v
121 18 v
121 19 h
121 20 h
121 21 v
121 22 v
121 23 h
121 24 v
121 25 v
121 26 v
121 27 h
121 28 h
121 29 v
121 30 h
121 31 v
121 32 v
121 33 v
121 34 v
121 35 h
121 36 v
121 37 h
121 38 v
121 39 v
121 40 v
121 41 v
121 42 v
121 43 v
121 44 h
121 45 v
121 46 v
121 47 v
121 48 v
121 49 v
121 50 v
121 51 h
121 52 v
122 1 v
122 2 v
122 3 v
122 4 v
122 5 h
122 6 v
122 7 h
122 8 v
122 9 v
122 10 v
122 11 h
122 12 h
122 13 h
122 14 v
122 15 v
122 16 v
122 17 v
122 18 v
122 19 v
122 20 v
122 21 v
122 22 v
122 23 v
122 24 v
122 25 v
122 26 v
122 27 h
122 28 h
122 29 h
122 30 v
122 31 v
122 32 v
122 33 h
122 34 h
122 35 v
122 36 h
122 37 v
122 38 h
122 39 v
122 40 v
122 41 v
122 42 v
122 43 v
122 44 v
122 45 v
122 46 v
122 47 v
122 48 v
122 49 v
122 50 h
122 51 h
122 52 v
123 1 v
123 2 v
123 3 v
123 4 v
123 5 v
123 6 h
123 7 v
123 8 v
123 9 h
123 10 v
123 11 v
123 12 h
123 13 v
123 14 v
123 15 v
123 16 v
123 17 v
123 18 v
123 19 v
123 20 h
123 21 v
123 22 v
123 23 v
123 24 v
123 25 h
123 26 v
123 27 v
123 28 h
123 29 v
123 30 h
123 31 v
123 32 h
123 33 v
123 34 v
123 35 h
123 36 h
123 37 v
123 38 v
123 39 v
123 40 v
123 41 h
123 42 v
123 43 h
123 44 h
123 45 v
123 46 v
123 47 h
123 48 v
123 49 h
123 50 v
123 51 v
123 52 v
124 1 v
124 2 v
124 3 v
124 4 v
124 5 v
124 6 v
124 7 v
124 8 v
124 9 v
124 10 h
124 11 v
124 12 v
124 13 v
124 14 v
124 15 v
124 16 v
124 17 h
124 18 v
124 19 v
124 20 v
124 21 v
124 22 v
124 23 v
124 24 h
124 25 v
124 26 v
124 27 v
124 28 v
124 29 v
124 30 v
124 31 v
124 32 v
124 33 v
124 34 v
124 35 v
124 36 v
124 37 v
124 38 h
124 39 v
124 40 v
124 41 h
124 42 v
124 43 v
124 44 h
124 45 v
124 46 v
124 47 v
124 48 v
124 49 v
124 50 v
124 51 h
124 52 v
125 1 v
125 2 v
125 3 v
125 4 v
125 5 v
125 6 v
125 7 v
125 8 v
125 9 v
125 10 h
125 11 v
125 12 h
125 13 v
125 14 v
125 15 v
125 16 v
125 17 h
125 18 v
125 19 v
125 20 v
125 21 v
125 22 v
125 23 v
125 24 h
125 25 v
125 26 v
125 27 h
125 28 v
125 29 v
125 30 v
125 31 h
125 32 v
125 33 v
125 34 v
125 35 v
125 36 v
125 37 v
125 38 v
125 39 v
125 40 v
125 41 v
125 42 v
125 43 v
125 44 v
125 45 v
125 46 v
125 47 v
125 48 v
125 49 v
125 50 v
125 51 v
125 52 v
126 1 h
126 2 h
126 3 h
126 4 v
126 5 v
126 6 h
126 7 v
126 8 h
126 9 v
126 10 v
126 11 h
126 12 v
126 13 v
126 14 v
126 15 v
126 16 v
126 17 v
126 18 v
126 19 h
126 20 v
126 21 v
126 22 v
126 23 v
126 24 v
126 25 h
126 26 v
126 27 v
126 28 v
126 29 h
126 30 v
126 31 v
126 32 v
126 33 v
126 34 v
126 35 v
126 36 v
126 37 v
126 38 v
126 39 v
126 40 v
126 41 v
126 42 v
126 43 v
126 44 v
126 45 v
126 46 v
126 47 v
126 48 v
126 49 v
126 50 h
126 51 v
126 52 v
127 1 h
127 2 v
127 3 h
127 4 v
127 5 v
127 6 v
127 7 v
127 8 h
127 9 v
127 10 v
127 11 v
127 12 v
127 13 v
127 14 h
127 15 v
127 16 h
127 17 h
127 18 v
127 19 v
127 20 h
127 21 v
127 22 v
127 23 v
127 24 h
127 25 h
127 26 v
127 27 v
127 28 h
127 29 h
127 30 v
127 31 v
127 32 v
127 33 v
127 34 v
127 35 v
127 36 h
127 37 v
127 38 h
127 39 v
127 40 v
127 41 h
127 42 h
127 43 h
127 44 v
127 45 v
127 46 v
127 47 v
127 48 v
127 49 h
127 50 v
127 51 v
127 52 v
128 1 v
128 2 h
128 3 v
128 4 v
128 5 v
128 6 v
128 7 v
128 8 v
128 9 v
128 10 v
128 11 h
128 12 v
128 13 v
128 14 h
128 15 v
128 16 v
128 17 v
128 18 v
128 19 v
128 20 h
128 21 v
128 22 v
128 23 v
128 24 v
128 25 v
128 26 v
128 27 h
128 28 v
128 29 v
128 30 v
128 31 v
128 32 v
128 33 v
128 34 v
128 35 v
128 36 h
128 37 h
128 38 v
128 39 v
128 40 v
128 41 v
128 42 h
128 43 v
128 44 v
128 45 v
128 46 v
128 47 v
128 48 v
128 49 v
128 50 v
128 51 v
128 52 v
129 1 v
129 2 v
129 3 v
129 4 h
129 5 h
129 6 v
129 7 v
129 8 v
129 9 v
129 10 h
129 11 v
129 12 v
129 13 v
129 14 v
129 15 v
129 16 h
129 17 v
129 18 v
129 19 v
129 20 v
129 21 v
129 22 v
129 23 h
129 24 v
129 25 v
129 26 v
129 27 h
129 28 v
129 29 v
129 30 v
129 31 h
129 32 v
129 33 v
129 34 h
129 35 v
129 36 h
129 37 v
129 38 v
129 39 v
129 40 v
129 41 h
129 42 v
129 43 v
129 44 v
129 45 v
129 46 v
129 47 h
129 48 v
129 49 h
129 50 v
129 51 h
129 52 v
130 1 v
130 2 v
130 3 v
130 4 v
130 5 h
130 6 v
130 7 v
130 8 v
130 9 v
130 10 v
130 11 v
130 12 v
130 13 v
130 14 v
130 15 h
130 16 v
130 17 v
130 18 v
130 19 v
130 20 v
130 21 v
130 22 v
130 23 v
130 24 v
130 25 v
130 26 v
130 27 v
130 28 v
130 29 v
130 30 v
130 31 v
130 32 h
130 33 v
130 34 h
130 35 v
130 36 v
130 37 v
130 38 v
130 39 v
130 40 h
130 41 v
130 42 v
130 43 v
130 44 v
130 45 v
130 46 v
130 47 v
130 48 v
130 49 v
130 50 v
130 51 v
130 52 v
131 1 v
131 2 h
131 3 v
131 4 v
131 5 v
131 6 h
131 7 v
131 8 v
131 9 v
131 10 v
131 11 v
131 12 v
131 13 v
131 14 h
131 15 v
131 16 v
131 17 v
131 18 v
131 19 v
131 20 v
131 21 v
131 22 v
131 23 v
131 24 h
131 25 v
131 26 v
131 27 v
131 28 v
131 29 v
131 30 v
131 31 v
131 32 h
131 33 v
131 34 v
131 35 v
131 36 v
131 37 v
131 38 v
131 39 v
131 40 v
131 41 h
131 42 v
131 43 v
131 44 h
131 45 v
131 46 v
131 47 v
131 48 v
131 49 v
131 50 v
131 51 v
131 52 v
132 1 v
132 2 v
132 3 h
132 4 h
132 5 v
132 6 h
132 7 v
132 8 v
132 9 v
132 10 v
132 11 h
132 12 v
132 13 v
132 14 v
132 15 v
132 16 v
132 17 v
132 18 v
132 19 h
132 20 v
132 21 v
132 22 h
132 23 v
132 24 v
132 25 v
132 26 v
132 27 h
132 28 v
132 29 v
132 30 v
132 31 h
132 32 v
132 33 v
132 34 v
132 35 v
132 36 v
132 37 v
132 38 v
132 39 v
132 40 h
132 41 v
132 42 h
132 43 v
132 44 h
132 45 v
132 46 v
132 47 h
132 48 v
132 49 v
132 50 v
132 51 h
132 52 v
133 1 v
133 2 v
133 3 v
133 4 v
133 5 v
133 6 v
133 7 v
133 8 v
133 9 v
133 10 v
133 11 v
133 12 v
133 13 h
133 14 v
133 15 v
133 16 v
133 17 v
133 18 v
133 19 v
133 20 v
133 21 v
133 22 v
133 23 v
133 24 v
133 25 h
133 26 v
133 27 v
133 28 h
133 29 v
133 30 v
133 31 h
133 32 v
133 33 v
133 34 h
133 35 v
133 36 h
133 37 v
133 38 h
133 39 v
133 40 v
133 41 v
133 42 v
133 43 h
133 44 v
133 45 v
133 46 v
133 47 v
133 48 v
133 49 v
133 50 v
133 51 v
133 52 v
134 1 v
134 2 v
134 3 v
134 4 v
134 5 v
134 6 h
134 7 v
134 8 h
134 9 v
134 10 v
134 11 v
134 12 v
134 13 v
134 14 v
134 15 v
134 16 v
134 17 v
134 18 v
134 19 v
134 20 h
134 21 v
134 22 v
134 23 h
134 24 v
134 25 v
134 26 v
134 27 h
134 28 v
134 29 v
134 30 v
134 31 v
134 32 v
134 33 v
134 34 v
134 35 v
134 36 h
134 37 v
134 38 h
134 39 v
134 40 v
134 41 v
134 42 v
134 43 v
134 44 v
134 45 v
134 46 v
134 47 v
134 48 h
134 49 h
134 50 h
134 51 h
134 52 v
135 1 v
135 2 v
135 3 h
135 4 v
135 5 v
135 6 v
135 7 v
135 8 v
135 9 v
135 10 h
135 11 v
135 12 v
135 13 v
135 14 v
135 15 h
135 16 h
135 17 v
135 18 h
135 19 v
135 20 v
135 21 v
135 22 v
135 23 v
135 24 v
135 25 v
135 26 h
135 27 v
135 28 v
135 29 v
135 30 v
135 31 v
135 32 h
135 33 h
135 34 v
135 35 v
135 36 v
135 37 h
135 38 v
135 39 v
135 40 v
135 41 v
135 42 h
135 43 v
135 44 v
135 45 v
135 46 h
135 47 v
135 48 v
135 49 v
135 50 v
135 51 v
135 52 v
136 1 h
136 2 v
136 3 v
136 4 v
136 5 h
136 6 v
136 7 v
136 8 v
136 9 v
136 10 v
136 11 v
136 12 v
136 13 v
136 14 v
136 15 v
136 16 v
136 17 v
136 18 v
136 19 v
136 20 v
136 21 v
136 22 v
136 23 v
136 24 v
136 25 v
136 26 v
136 27 v
136 28 v
136 29 v
136 30 v
136 31 h
136 32 v
136 33 v
136 34 v
136 35 v
136 36 v
136 37 h
136 38 v
136 39 v
136 40 v
136 41 v
136 42 v
136 43 v
136 44 h
136 45 v
136 46 v
136 47 v
136 48 v
136 49 v
136 50 v
136 51 v
136 52 v
137 1 v
137 2 v
137 3 v
137 4 v
137 5 v
137 6 v
137 7 v
137 8 v
137 9 h
137 10 v
137 11 v
137 12 v
137 13 v
137 14 v
137 15 h
137 16 v
137 17 v
137 18 h
137 19 h
137 20 v
137 21 v
137 22 v
137 23 h
137 24 v
137 25 h
137 26 v
137 27 v
137 28 v
137 29 v
137 30 h
137 31 v
137 32 h
137 33 v
137 34 v
137 35 v
137 36 v
137 37 v
137 38 v
137 39 v
137 40 h
137 41 v
137 42 h
137 43 v
137 44 v
137 45 v
137 46 h
137 47 v
137 48 v
137 49 v
137 50 h
137 51 v
137 52 v
138 1 v
138 2 v
138 3 v
138 4 v
138 5 v
138 6 v
138 7 v
138 8 v
138 9 v
138 10 v
138 11 v
138 12 v
138 13 h
138 14 v
138 15 v
138 16 v
138 17 v
138 18 v
138 19 v
138 20 h
138 21 v
138 22 v
138 23 v
138 24 v
138 25 v
138 26 v
138 27 v
138 28 v
138 29 v
138 30 v
138 31 v
138 32 h
138 33 v
138 34 v
138 35 v
138 36 h
138 37 v
138 38 v
138 39 v
138 40 v
138 41 h
138 42 h
138 43 v
138 44 h
138 45 v
138 46 h
138 47 v
138 48 v
138 49 v
138 50 v
138 51 h
138 52 v
139 1 v
139 2 v
139 3 v
139 4 v
139 5 v
139 6 h
139 7 v
139 8 h
139 9 h
139 10 h
139 11 v
139 12 v
139 13 v
139 14 v
139 15 h
139 16 h
139 17 v
139 18 v
139 19 h
139 20 v
139 21 v
139 22 v
139 23 v
139 24 v
139 25 h
139 26 v
139 27 h
139 28 h
139 29 v
139 30 v
139 31 v
139 32 h
139 33 v
139 34 v
139 35 h
139 36 v
139 37 h
139 38 v
139 39 v
139 40 h
139 41 v
139 42 v
139 43 h
139 44 v
139 45 v
139 46 v
139 47 h
139 48 v
139 49 v
139 50 h
139 51 v
139 52 v
140 1 v
140 2 v
140 3 v
140 4 v
140 5 v
140 6 v
140 7 v
140 8 v
140 9 v
140 10 v
140 11 h
140 12 v
140 13 v
140 14 v
140 15 v
140 16 v
140 17 v
140 18 v
140 19 v
140 20 v
140 21 v
140 22 v
140 23 v
140 24 v
140 25 v
140 26 v
140 27 h
140 28 v
140 29 v
140 30 v
140 31 v
140 32 v
140 33 v
140 34 v
140 35 v
140 36 v
140 37 v
140 38 v
140 39 v
140 40 v
140 41 v
140 42 v
140 43 h
140 44 v
140 45 v
140 46 v
140 47 h
140 48 v
140 49 v
140 50 v
140 51 h
140 52 v
141 1 v
141 2 v
141 3 h
141 4 h
141 5 v
141 6 v
141 7 v
141 8 v
141 9 v
141 10 v
141 11 v
141 12 v
141 13 v
141 14 v
141 15 v
141 16 v
141 17 h
141 18 h
141 19 v
141 20 v
141 21 v
141 22 v
141 23 h
141 24 h
141 25 v
141 26 v
141 27 v
141 28 v
141 29 v
141 30 v
141 31 h
141 32 h
141 33 v
141 34 v
141 35 h
141 36 v
141 37 v
141 38 v
141 39 v
141 40 v
141 41 v
141 42 v
141 43 v
141 44 v
141 45 v
141 46 v
141 47 v
141 48 v
141 49 v
141 50 v
141 51 h
141 52 v
142 1 v
142 2 v
142 3 v
142 4 h
142 5 v
142 6 v
142 7 v
142 8 v
142 9 v
142 10 v
142 11 v
142 12 v
142 13 v
142 14 v
142 15 v
142 16 v
142 17 v
142 18 v
142 19 v
142 20 h
142 21 v
142 22 v
142 23 h
142 24 v
142 25 v
142 26 h
142 27 v
142 28 v
142 29 v
142 30 v
142 31 v
142 32 v
142 33 v
142 34 v
142 35 v
142 36 h
142 37 v
142 38 v
142 39 v
142 40 v
142 41 h
142 42 v
142 43 h
142 44 v
142 45 v
142 46 h
142 47 v
142 48 v
142 49 v
142 50 h
142 51 v
142 52 v
143 1 v
143 2 v
143 3 v
143 4 v
143 5 v
143 6 v
143 7 v
143 8 v
143 9 h
143 10 v
143 11 v
143 12 v
143 13 v
143 14 v
143 15 v
143 16 v
143 17 v
143 18 h
143 19 v
143 20 v
143 21 v
143 22 v
143 23 h
143 24 v
143 25 v
143 26 h
143 27 v
143 28 h
143 29 h
143 30 v
143 31 h
143 32 v
143 33 v
143 34 v
143 35 v
143 36 h
143 37 v
143 38 v
143 39 v
143 40 v
143 41 v
143 42 h
143 43 h
143 44 v
143 45 v
143 46 v
143 47 v
143 48 h
143 49 h
143 50 v
143 51 v
143 52 v
144 1 v
144 2 h
144 3 h
144 4 v
144 5 v
144 6 v
144 7 v
144 8 v
144 9 v
144 10 v
144 11 v
144 12 v
144 13 v
144 14 h
144 15 v
144 16 h
144 17 v
144 18 v
144 19 v
144 20 v
144 21 v
144 22 v
144 23 v
144 24 v
144 25 v
144 26 v
144 27 v
144 28 h
144 29 v
144 30 v
144 31 h
144 32 v
144 33 h
144 34 v
144 35 v
144 36 h
144 37 v
144 38 v
144 39 v
144 40 v
144 41 v
144 42 h
144 43 h
144 44 v
144 45 v
144 46 v
144 47 v
144 48 v
144 49 h
144 50 v
144 51 v
144 52 v
145 1 v
145 2 v
145 3 v
145 4 h
145 5 v
145 6 v
145 7 v
145 8 v
145 9 v
145 10 v
145 11 v
145 12 v
145 13 v
145 14 h
145 15 h
145 16 h
145 17 v
145 18 v
145 19 v
145 20 v
145 21 v
145 22 v
145 23 v
145 24 h
145 25 v
145 26 v
145 27 h
145 28 v
145 29 v
145 30 v
145 31 h
145 32 v
145 33 v
145 34 v
145 35 v
145 36 v
145 37 h
145 38 v
145 39 h
145 40 v
145 41 v
145 42 v
145 43 h
145 44 v
145 45 v
145 46 v
145 47 v
145 48 v
145 49 h
145 50 v
145 51 v
145 52 v
146 1 v
146 2 h
146 3 h
146 4 h
146 5 v
146 6 h
146 7 v
146 8 v
146 9 v
146 10 h
146 11 h
146 12 v
146 13 v
146 14 v
146 15 v
146 16 v
146 17 h
146 18 v
146 19 v
146 20 v
146 21 v
146 22 v
146 23 v
146 24 v
146 25 v
146 26 v
146 27 v
146 28 v
146 29 v
146 30 v
146 31 v
146 32 v
146 33 h
146 34 v
146 35 v
146 36 v
146 37 v
146 38 v
146 39 v
146 40 v
146 41 v
146 42 v
146 43 v
146 44 v
146 45 h
146 46 v
146 47 v
146 48 h
146 49 v
146 50 v
146 51 h
146 52 v
147 1 v
147 2 v
147 3 h
147 4 h
147 5 v
147 6 v
147 7 v
147 8 v
147 9 h
147 10 v
147 11 v
147 12 v
147 13 v
147 14 v
147 15 h
147 16 h
147 17 v
147 18 v
147 19 v
147 20 v
147 21 v
147 22 v
147 23 v
147 24 v
147 25 v
147 26 v
147 27 v
147 28 v
147 29 h
147 30 v
147 31 v
147 32 h
147 33 h
147 34 v
147 35 v
147 36 h
147 37 v
147 38 v
147 39 v
147 40 v
147 41 v
147 42 v
147 43 v
147 44 h
147 45 v
147 46 v
147 47 v
147 48 v
147 49 v
147 50 v
147 51 v
147 52 v
148 40 v
148 41 v
148 42 v
148 43 v
148 44 h
148 45 v
148 46 v
148 47 v
148 48 v
148 49 v
148 50 h
148 51 v
148 52 v
149 40 h
149 41 v
149 42 v
149 43 v
149 44 v
149 45 v
149 46 h
149 47 h
149 48 v
149 49 v
149 50 v
149 51 v
149 52 v
150 40 v
150 41 v
150 42 v
150 43 v
150 44 v
150 45 v
150 46 h
150 47 v
150 48 v
150 49 v
150 50 v
150 51 h
150 52 v
151 40 v
151 41 v
151 42 h
151 43 h
151 44 v
151 45 v
151 46 h
151 47 v
151 48 h
151 49 v
151 50 v
151 51 v
151 52 v
152 40 v
152 41 v
152 42 v
152 43 v
152 44 v
152 45 v
152 46 v
152 47 v
152 48 h
152 49 v
152 50 h
152 51 v
152 52 v
153 40 v
153 41 v
153 42 v
153 43 h
153 44 h
153 45 v
153 46 h
153 47 v
153 48 v
153 49 v
153 50 v
153 51 v
153 52 v
154 40 v
154 41 v
154 42 v
154 43 v
154 44 v
154 45 v
154 46 v
154 47 v
154 48 v
154 49 v
154 50 v
154 51 h
154 52 v
155 40 v
155 41 v
155 42 v
155 43 h
155 44 v
155 45 v
155 46 v
155 47 v
155 48 v
155 49 v
155 50 v
155 51 v
155 52 v
156 40 v
156 41 h
156 42 h
156 43 v
156 44 v
156 45 v
156 46 v
156 47 h
156 48 v
156 49 v
156 50 h
156 51 v
156 52 v
157 40 v
157 41 v
157 42 v
157 43 v
157 44 v
157 45 v
157 46 v
157 47 v
157 48 v
157 49 v
157 50 v
157 51 v
157 52 v
158 40 v
158 41 v
158 42 h
158 43 v
158 44 h
158 45 v
158 46 v
158 47 v
158 48 h
158 49 h
158 50 v
158 51 v
158 52 v
159 40 v
159 41 v
159 42 v
159 43 v
159 44 v
159 45 v
159 46 v
159 47 v
159 48 h
159 49 v
159 50 v
159 51 h
159 52 v
160 40 h
160 41 v
160 42 v
160 43 v
160 44 v
160 45 h
160 46 v
160 47 v
160 48 h
160 49 v
160 50 v
160 51 v
160 52 v
161 1 v
161 2 v
161 3 v
161 4 v
161 5 v
161 6 v
161 7 v
161 8 v
161 9 v
161 10 v
161 11 v
161 12 h
161 13 v
161 14 v
161 15 v
161 16 v
161 17 v
161 18 v
161 19 v
161 20 h
161 21 v
161 22 v
161 23 h
161 24 v
161 25 h
161 26 v
161 27 v
161 40 v
161 41 h
161 42 h
161 43 v
161 44 v
161 45 v
161 46 v
161 47 v
161 48 v
161 49 v
161 50 v
161 51 v
161 52 v
162 1 v
162 2 v
162 3 v
162 4 v
162 5 v
162 6 v
162 7 h
162 8 v
162 9 v
162 10 v
162 11 v
162 12 v
162 13 v
162 14 v
162 15 v
162 16 v
162 17 v
162 18 v
162 19 h
162 20 v
162 21 v
162 22 h
162 23 v
162 24 v
162 25 v
162 26 v
162 27 v
162 40 v
162 41 v
162 42 v
162 43 v
162 44 v
162 45 v
162 46 h
162 47 h
162 48 v
162 49 v
162 50 v
162 51 h
162 52 v
163 1 v
163 2 v
163 3 v
163 4 v
163 5 v
163 6 v
163 7 v
163 8 v
163 9 h
163 10 v
163 11 v
163 12 v
163 13 v
163 14 h
163 15 v
163 16 h
163 17 v
163 18 v
163 19 v
163 20 v
163 21 v
163 22 v
163 23 h
163 24 v
163 25 v
163 26 v
163 27 v
163 40 v
163 41 v
163 42 v
163 43 h
163 44 v
163 45 v
163 46 h
163 47 v
163 48 v
163 49 v
163 50 v
163 51 h
163 52 v
164 1 v
164 2 v
164 3 v
164 4 v
164 5 v
164 6 h
164 7 v
164 8 v
164 9 v
164 10 h
164 11 v
164 12 v
164 13 v
164 14 v
164 15 v
164 16 h
164 17 v
164 18 v
164 19 v
164 20 v
164 21 v
164 22 v
164 23 v
164 24 v
164 25 v
164 26 v
164 27 v
164 40 v
164 41 v
164 42 v
164 43 h
164 44 v
164 45 v
164 46 v
164 47 v
164 48 h
164 49 v
164 50 v
164 51 v
164 52 v
165 1 v
165 2 v
165 3 v
165 4 v
165 5 v
165 6 v
165 7 v
165 8 v
165 9 h
165 10 h
165 11 v
165 12 v
165 13 v
165 14 v
165 15 v
165 16 v
165 17 h
165 18 v
165 19 v
165 20 h
165 21 v
165 22 v
165 23 v
165 24 v
165 25 h
165 26 v
165 27 v
165 40 v
165 41 v
165 42 v
165 43 v
165 44 v
165 45 v
165 46 h
165 47 h
165 48 h
165 49 v
165 50 v
165 51 v
165 52 v
166 1 v
166 2 v
166 3 v
166 4 v
166 5 v
166 6 v
166 7 v
166 8 v
166 9 v
166 10 v
166 11 v
166 12 v
166 13 v
166 14 v
166 15 v
166 16 v
166 17 v
166 18 v
166 19 v
166 20 v
166 21 v
166 22 h
166 23 h
166 24 v
166 25 v
166 26 v
166 27 v
166 40 v
166 41 v
166 42 v
166 43 v
166 44 h
166 45 v
166 46 v
166 47 v
166 48 v
166 49 v
166 50 v
166 51 v
166 52 v
167 1 v
167 2 v
167 3 v
167 4 h
167 5 v
167 6 h
167 7 v
167 8 v
167 9 v
167 10 v
167 11 v
167 12 h
167 13 v
167 14 v
167 15 v
167 16 h
167 17 v
167 18 v
167 19 v
167 20 v
167 21 h
167 22 v
167 23 v
167 24 v
167 25 v
167 26 v
167 27 v
167 40 v
167 41 v
167 42 v
167 43 v
167 44 v
167 45 v
167 46 v
167 47 v
167 48 h
167 49 v
167 50 v
167 51 v
167 52 v
168 1 h
168 2 v
168 3 v
168 4 v
168 5 v
168 6 v
168 7 v
168 8 h
168 9 h
168 10 v
168 11 v
168 12 v
168 13 v
168 14 v
168 15 v
168 16 v
168 17 v
168 18 h
168 19 v
168 20 h
168 21 v
168 22 v
168 23 v
168 24 v
168 25 v
168 26 v
168 27 v
168 40 v
168 41 v
168 42 v
168 43 v
168 44 v
168 45 v
168 46 h
168 47 v
168 48 v
168 49 v
168 50 v
168 51 v
168 52 v
168 78 h
168 79 v
168 80 v
168 81 h
168 82 v
168 83 h
168 84 v
168 85 h
168 86 v
168 87 v
168 88 h
168 89 v
168 90 v
168 91 h
168 92 v
168 93 v
168 94 v
168 95 v
168 96 v
168 97 h
168 98 h
168 99 h
168 100 v
168 101 v
168 102 h
168 103 v
168 104 v
169 1 v
169 2 v
169 3 v
169 4 v
169 5 v
169 6 v
169 7 v
169 8 v
169 9 v
169 10 h
169 11 v
169 12 v
169 13 v
169 14 v
169 15 v
169 16 v
169 17 v
169 18 v
169 19 h
169 20 v
169 21 v
169 22 v
169 23 v
169 24 v
169 25 v
169 26 v
169 27 v
169 40 h
169 41 h
169 42 v
169 43 v
169 44 h
169 45 v
169 46 h
169 47 v
169 48 v
169 49 v
169 50 v
169 51 v
169 52 v
169 78 v
169 79 v
169 80 h
169 81 v
169 82 h
169 83 v
169 84 h
169 85 v
169 86 v
169 87 h
169 88 v
169 89 v
169 90 v
169 91 v
169 92 v
169 93 v
169 94 v
169 95 v
169 96 v
169 97 v
169 98 v
169 99 v
169 100 v
169 101 v
169 102 v
169 103 v
169 104 h
170 1 v
170 2 v
170 3 v
170 4 v
170 5 h
170 6 v
170 7 h
170 8 v
170 9 h
170 10 v
170 11 v
170 12 v
170 13 v
170 14 v
170 15 v
170 16 v
170 17 v
170 18 v
170 19 v
170 20 h
170 21 v
170 22 v
170 23 v
170 24 v
170 25 v
170 26 v
170 27 v
170 40 v
170 41 v
170 42 h
170 43 v
170 44 v
170 45 v
170 46 v
170 47 h
170 48 v
170 49 v
170 50 v
170 51 v
170 52 v
170 78 v
170 79 v
170 80 v
170 81 v
170 82 h
170 83 v
170 84 h
170 85 v
170 86 h
170 87 v
170 88 h
170 89 v
170 90 h
170 91 v
170 92 v
170 93 v
170 94 v
170 95 v
170 96 v
170 97 h
170 98 v
170 99 v
170 100 v
170 101 v
170 102 v
170 103 h
170 104 v
171 1 v
171 2 v
171 3 v
171 4 v
171 5 v
171 6 v
171 7 v
171 8 v
171 9 v
171 10 v
171 11 h
171 12 h
171 13 v
171 14 v
171 15 h
171 16 h
171 17 v
171 18 v
171 19 v
171 20 v
171 21 v
171 22 v
171 23 v
171 24 v
171 25 v
171 26 v
171 27 v
171 40 v
171 41 v
171 42 v
171 43 h
171 44 v
171 45 v
171 46 v
171 47 v
171 48 v
171 49 v
171 50 v
171 51 h
171 52 v
171 78 v
171 79 h
171 80 h
171 81 v
171 82 v
171 83 v
171 84 v
171 85 v
171 86 v
171 87 v
171 88 h
171 89 v
171 90 v
171 91 v
171 92 v
171 93 h
171 94 v
171 95 v
171 96 v
171 97 v
171 98 v
171 99 v
171 100 v
171 101 v
171 102 v
171 103 v
171 104 v
172 1 v
172 2 v
172 3 v
172 4 h
172 5 v
172 6 v
172 7 v
172 8 v
172 9 v
172 10 h
172 11 v
172 12 v
172 13 v
172 14 h
172 15 v
172 16 h
172 17 v
172 18 h
172 19 h
172 20 v
172 21 v
172 22 v
172 23 v
172 24 v
172 25 v
172 26 v
172 27 v
172 40 v
172 41 v
172 42 h
172 43 v
172 44 v
172 45 v
172 46 v
172 47 v
172 48 v
172 49 v
172 50 v
172 51 v
172 52 v
172 78 v
172 79 v
172 80 v
172 81 v
172 82 v
172 83 v
172 84 v
172 85 h
172 86 v
172 87 h
172 88 v
172 89 v
172 90 v
172 91 h
172 92 v
172 93 h
172 94 v
172 95 v
172 96 v
172 97 h
172 98 v
172 99 v
172 100 v
172 101 v
172 102 v
172 103 v
172 104 h
173 1 v
173 2 v
173 3 v
173 4 v
173 5 v
173 6 v
173 7 v
173 8 v
173 9 v
173 10 v
173 11 v
173 12 v
173 13 v
173 14 v
173 15 v
173 16 h
173 17 v
173 18 v
173 19 h
173 20 h
173 21 v
173 22 v
173 23 v
173 24 h
173 25 v
173 26 v
173 27 v
173 40 h
173 41 v
173 42 h
173 43 h
173 44 h
173 45 v
173 46 v
173 47 v
173 48 v
173 49 v
173 50 v
173 51 v
173 52 v
173 78 v
173 79 h
173 80 v
173 81 v
173 82 v
173 83 v
173 84 v
173 85 v
173 86 h
173 87 v
173 88 v
173 89 v
173 90 v
173 91 h
173 92 v
173 93 v
173 94 v
173 95 v
173 96 v
173 97 v
173 98 v
173 99 v
173 100 v
173 101 v
173 102 v
173 103 v
173 104 v
174 1 v
174 2 v
174 3 v
174 4 v
174 5 v
174 6 h
174 7 v
174 8 h
174 9 v
174 10 v
174 11 v
174 12 v
174 13 v
174 14 v
174 15 v
174 16 v
174 17 v
174 18 v
174 19 v
174 20 v
174 21 v
174 22 v
174 23 v
174 24 v
174 25 v
174 26 h
174 27 v
174 40 v
174 41 v
174 42 v
174 43 v
174 44 v
174 45 v
174 46 v
174 47 v
174 48 v
174 49 v
174 50 h
174 51 h
174 52 v
174 78 v
174 79 v
174 80 v
174 81 v
174 82 v
174 83 h
174 84 h
174 85 v
174 86 v
174 87 v
174 88 v
174 89 v
174 90 v
174 91 v
174 92 h
174 93 v
174 94 v
174 95 v
174 96 h
174 97 h
174 98 h
174 99 v
174 100 v
174 101 v
174 102 v
174 103 v
174 104 v
175 1 v
175 2 v
175 3 v
175 4 v
175 5 v
175 6 v
175 7 v
175 8 v
175 9 h
175 10 h
175 11 v
175 12 v
175 13 v
175 14 v
175 15 v
175 16 v
175 17 v
175 18 v
175 19 v
175 20 h
175 21 v
175 22 h
175 23 v
175 24 v
175 25 v
175 26 v
175 27 v
175 40 v
175 41 v
175 42 h
175 43 v
175 44 h
175 45 h
175 46 h
175 47 v
175 48 v
175 49 h
175 50 v
175 51 v
175 52 v
175 78 v
175 79 v
175 80 v
175 81 h
175 82 h
175 83 v
175 84 v
175 85 v
175 86 v
175 87 v
175 88 v
175 89 h
175 90 v
175 91 v
175 92 v
175 93 v
175 94 h
175 95 h
175 96 h
175 97 h
175 98 v
175 99 v
175 100 v
175 101 h
175 102 v
175 103 v
175 104 v
176 1 v
176 2 v
176 3 h
176 4 v
176 5 v
176 6 v
176 7 v
176 8 v
176 9 v
176 10 h
176 11 v
176 12 v
176 13 v
176 14 v
176 15 v
176 16 v
176 17 h
176 18 h
176 19 v
176 20 v
176 21 v
176 22 v
176 23 v
176 24 v
176 25 v
176 26 v
176 27 v
176 40 v
176 41 h
176 42 v
176 43 v
176 44 v
176 45 v
176 46 v
176 47 h
176 48 h
176 49 v
176 50 h
176 51 v
176 52 v
176 78 v
176 79 v
176 80 h
176 81 v
176 82 v
176 83 h
176 84 h
176 85 v
176 86 v
176 87 h
176 88 h
176 89 v
176 90 v
176 91 v
176 92 v
176 93 v
176 94 h
176 95 v
176 96 v
176 97 v
176 98 h
176 99 v
176 100 v
176 101 v
176 102 h
176 103 h
176 104 v
177 1 v
177 2 v
177 3 v
177 4 h
177 5 h
177 6 v
177 7 v
177 8 v
177 9 v
177 10 v
177 11 v
177 12 v
177 13 h
177 14 v
177 15 v
177 16 v
177 17 v
177 18 v
177 19 v
177 20 h
177 21 v
177 22 v
177 23 h
177 24 v
177 25 v
177 26 v
177 27 h
177 40 v
177 41 h
177 42 h
177 43 v
177 44 h
177 45 v
177 46 v
177 47 v
177 48 v
177 49 v
177 50 v
177 51 h
177 52 v
177 78 v
177 79 v
177 80 v
177 81 v
177 82 v
177 83 v
177 84 v
177 85 v
177 86 v
177 87 v
177 88 v
177 89 h
177 90 v
177 91 v
177 92 h
177 93 v
177 94 v
177 95 v
177 96 v
177 97 v
177 98 v
177 99 v
177 100 v
177 101 v
177 102 v
177 103 v
177 104 v
178 1 v
178 2 v
178 3 v
178 4 v
178 5 v
178 6 v
178 7 v
178 8 v
178 9 h
178 10 h
178 11 v
178 12 v
178 13 h
178 14 v
178 15 v
178 16 h
178 17 v
178 18 v
178 19 h
178 20 v
178 21 h
178 22 v
178 23 v
178 24 v
178 25 v
178 26 v
178 27 h
178 40 v
178 41 v
178 42 v
178 43 v
178 44 v
178 45 v
178 46 v
178 47 v
178 48 v
178 49 v
178 50 v
178 51 v
178 52 v
178 78 v
178 79 v
178 80 v
178 81 v
178 82 v
178 83 v
178 84 v
178 85 v
178 86 v
178 87 v
178 88 h
178 89 v
178 90 v
178 91 v
178 92 h
178 93 v
178 94 v
178 95 h
178 96 v
178 97 v
178 98 h
178 99 h
178 100 v
178 101 v
178 102 v
178 103 h
178 104 h
179 1 v
179 2 v
179 3 v
179 4 v
179 5 v
179 6 v
179 7 v
179 8 v
179 9 h
179 10 v
179 11 v
179 12 v
179 13 h
179 14 h
179 15 v
179 16 v
179 17 v
179 18 v
179 19 h
179 20 h
179 21 v
179 22 h
179 23 v
179 24 h
179 25 v
179 26 v
179 27 v
179 40 v
179 41 v
179 42 v
179 43 v
179 44 v
179 45 v
179 46 h
179 47 v
179 48 v
179 49 v
179 50 v
179 51 h
179 52 v
179 78 v
179 79 h
179 80 v
179 81 v
179 82 v
179 83 v
179 84 v
179 85 v
179 86 v
179 87 v
179 88 h
179 89 v
179 90 v
179 91 v
179 92 h
179 93 h
179 94 v
179 95 v
179 96 v
179 97 v
179 98 v
179 99 v
179 100 h
179 101 h
179 102 v
179 103 h
179 104 v
180 1 v
180 2 v
180 3 v
180 4 v
180 5 v
180 6 v
180 7 h
180 8 v
180 9 v
180 10 h
180 11 v
180 12 v
180 13 v
180 14 v
180 15 v
180 16 v
180 17 v
180 18 v
180 19 v
180 20 v
180 21 v
180 22 h
180 23 v
180 24 v
180 25 v
180 26 v
180 27 v
180 40 v
180 41 v
180 42 v
180 43 v
180 44 h
180 45 v
180 46 v
180 47 v
180 48 h
180 49 v
180 50 v
180 51 h
180 52 v
180 78 v
180 79 h
180 80 v
180 81 h
180 82 v
180 83 v
180 84 v
180 85 h
180 86 v
180 87 v
180 88 v
180 89 v
180 90 v
180 91 v
180 92 v
180 93 v
180 94 v
180 95 v
180 96 v
180 97 v
180 98 v
180 99 v
180 100 v
180 101 h
180 102 v
180 103 v
180 104 v
181 1 v
181 2 v
181 3 v
181 4 v
181 5 v
181 6 v
181 7 v
181 8 v
181 9 h
181 10 v
181 11 h
181 12 v
181 13 v
181 14 v
181 15 v
181 16 v
181 17 h
181 18 v
181 19 h
181 20 v
181 21 v
181 22 h
181 23 v
181 24 v
181 25 v
181 26 v
181 27 h
181 28 v
181 29 v
181 30 v
181 31 h
181 32 v
181 33 v
181 34 v
181 35 v
181 36 v
181 37 v
181 38 v
181 39 v
181 40 h
181 41 v
181 42 v
181 43 v
181 44 v
181 45 v
181 46 v
181 47 v
181 48 h
181 49 v
181 50 v
181 51 v
181 52 v
181 78 v
181 79 v
181 80 v
181 81 v
181 82 h
181 83 v
181 84 v
181 85 v
181 86 v
181 87 h
181 88 v
181 89 v
181 90 v
181 91 v
181 92 h
181 93 v
181 94 v
181 95 v
181 96 v
181 97 v
181 98 v
181 99 v
181 100 h
181 101 v
181 102 v
181 103 h
181 104 h
182 1 v
182 2 v
182 3 v
182 4 v
182 5 v
182 6 v
182 7 v
182 8 v
182 9 h
182 10 h
182 11 v
182 12 v
182 13 v
182 14 v
182 15 v
182 16 v
182 17 h
182 18 v
182 19 v
182 20 h
182 21 v
182 22 v
182 23 v
182 24 v
182 25 v
182 26 v
182 27 v
182 28 v
182 29 v
182 30 v
182 31 v
182 32 v
182 33 h
182 34 h
182 35 v
182 36 v
182 37 v
182 38 v
182 39 v
182 40 h
182 41 v
182 42 v
182 43 v
182 44 h
182 45 v
182 46 v
182 47 v
182 48 v
182 49 v
182 50 v
182 51 h
182 52 v
182 78 v
182 79 v
182 80 v
182 81 v
182 82 v
182 83 v
182 84 v
182 85 h
182 86 v
182 87 v
182 88 v
182 89 h
182 90 v
182 91 v
182 92 h
182 93 h
182 94 h
182 95 v
182 96 v
182 97 h
182 98 v
182 99 v
182 100 v
182 101 v
182 102 v
182 103 v
182 104 v
183 1 v
183 2 v
183 3 v
183 4 v
183 5 v
183 6 v
183 7 v
183 8 v
183 9 h
183 10 h
183 11 v
183 12 v
183 13 h
183 14 v
183 15 v
183 16 h
183 17 v
183 18 v
183 19 v
183 20 h
183 21 v
183 22 v
183 23 v
183 24 v
183 25 v
183 26 v
183 27 v
183 28 v
183 29 v
183 30 v
183 31 v
183 32 v
183 33 v
183 34 v
183 35 v
183 36 v
183 37 v
183 38 h
183 39 v
183 40 v
183 41 v
183 42 v
183 43 v
183 44 v
183 45 v
183 46 v
183 47 v
183 48 v
183 49 v
183 50 v
183 51 h
183 52 v
183 78 v
183 79 v
183 80 v
183 81 h
183 82 v
183 83 v
183 84 v
183 85 v
183 86 v
183 87 v
183 88 h
183 89 v
183 90 v
183 91 v
183 92 v
183 93 v
183 94 v
183 95 v
183 96 v
183 97 v
183 98 v
183 99 v
183 100 v
183 101 v
183 102 v
183 103 v
183 104 v
184 1 v
184 2 v
184 3 v
184 4 v
184 5 v
184 6 v
184 7 v
184 8 v
184 9 v
184 10 v
184 11 h
184 12 v
184 13 v
184 14 v
184 15 h
184 16 v
184 17 v
184 18 v
184 19 v
184 20 h
184 21 v
184 22 v
184 23 v
184 24 v
184 25 v
184 26 h
184 27 v
184 28 v
184 29 v
184 30 v
184 31 h
184 32 h
184 33 v
184 34 v
184 35 v
184 36 h
184 37 h
184 38 v
184 39 v
184 40 h
184 41 v
184 42 v
184 43 v
184 44 v
184 45 v
184 46 v
184 47 v
184 48 h
184 49 v
184 50 h
184 51 v
184 52 v
184 78 v
184 79 h
184 80 v
184 81 v
184 82 v
184 83 h
184 84 v
184 85 h
184 86 v
184 87 v
184 88 h
184 89 v
184 90 h
184 91 v
184 92 v
184 93 h
184 94 v
184 95 v
184 96 v
184 97 h
184 98 v
184 99 v
184 100 v
184 101 v
184 102 v
184 103 h
184 104 v
185 1 h
185 2 v
185 3 h
185 4 h
185 5 v
185 6 h
185 7 v
185 8 v
185 9 h
185 10 h
185 11 v
185 12 v
185 13 h
185 14 v
185 15 v
185 16 v
185 17 h
185 18 v
185 19 v
185 20 v
185 21 h
185 22 v
185 23 v
185 24 h
185 25 v
185 26 h
185 27 v
185 28 v
185 29 v
185 30 v
185 31 v
185 32 v
185 33 v
185 34 v
185 35 v
185 36 v
185 37 v
185 38 v
185 39 h
185 40 v
185 41 v
185 42 v
185 43 v
185 44 v
185 45 v
185 46 v
185 47 v
185 48 h
185 49 v
185 50 v
185 51 h
185 52 v
185 78 v
185 79 v
185 80 v
185 81 v
185 82 v
185 83 h
185 84 v
185 85 v
185 86 v
185 87 v
185 88 v
185 89 v
185 90 v
185 91 v
185 92 h
185 93 v
185 94 v
185 95 v
185 96 v
185 97 v
185 98 v
185 99 v
185 100 v
185 101 v
185 102 v
185 103 h
185 104 v
186 1 v
186 2 v
186 3 v
186 4 h
186 5 h
186 6 v
186 7 v
186 8 v
186 9 h
186 10 h
186 11 v
186 12 v
186 13 v
186 14 v
186 15 v
186 16 v
186 17 v
186 18 v
186 19 v
186 20 v
186 21 v
186 22 v
186 23 h
186 24 v
186 25 v
186 26 v
186 27 v
186 28 v
186 29 v
186 30 v
186 31 v
186 32 h
186 33 v
186 34 v
186 35 v
186 36 v
186 37 h
186 38 v
186 39 v
186 40 v
186 41 v
186 42 v
186 43 h
186 44 v
186 45 v
186 46 v
186 47 v
186 48 h
186 49 v
186 50 v
186 51 h
186 52 v
186 78 v
186 79 h
186 80 v
186 81 h
186 82 v
186 83 v
186 84 v
186 85 v
186 86 v
186 87 h
186 88 v
186 89 v
186 90 h
186 91 h
186 92 v
186 93 v
186 94 v
186 95 v
186 96 v
186 97 v
186 98 h
186 99 v
186 100 h
186 101 v
186 102 v
186 103 v
186 104 v
187 1 v
187 2 v
187 3 v
187 4 v
187 5 h
187 6 v
187 7 h
187 8 v
187 9 v
187 10 v
187 11 v
187 12 v
187 13 v
187 14 v
187 15 v
187 16 h
187 17 v
187 18 v
187 19 h
187 20 v
187 21 v
187 22 h
187 23 v
187 24 v
187 25 v
187 26 h
187 27 v
187 28 h
187 29 v
187 30 v
187 31 v
187 32 h
187 33 v
187 34 v
187 35 h
187 36 v
187 37 h
187 38 v
187 39 v
187 40 v
187 41 v
187 42 v
187 43 v
187 44 v
187 45 v
187 46 h
187 47 h
187 48 v
187 49 v
187 50 h
187 51 v
187 52 v
187 78 v
187 79 v
187 80 v
187 81 v
187 82 h
187 83 v
187 84 v
187 85 v
187 86 v
187 87 v
187 88 h
187 89 v
187 90 h
187 91 v
187 92 v
187 93 v
187 94 v
187 95 v
187 96 v
187 97 v
187 98 v
187 99 v
187 100 v
187 101 h
187 102 v
187 103 v
187 104 v
188 1 v
188 2 v
188 3 v
188 4 v
188 5 v
188 6 v
188 7 v
188 8 v
188 9 v
188 10 v
188 11 v
188 12 v
188 13 v
188 14 v
188 15 v
188 16 v
188 17 v
188 18 v
188 19 v
188 20 h
188 21 v
188 22 v
188 23 v
188 24 v
188 25 v
188 26 v
188 27 v
188 28 v
188 29 h
188 30 h
188 31 v
188 32 v
188 33 h
188 34 h
188 35 v
188 36 h
188 37 v
188 38 v
188 39 v
188 40 v
188 41 v
188 42 v
188 43 v
188 44 v
188 45 v
188 46 h
188 47 v
188 48 v
188 49 h
188 50 v
188 51 v
188 52 v
188 78 v
188 79 v
188 80 v
188 81 v
188 82 h
188 83 v
188 84 v
188 85 v
188 86 v
188 87 v
188 88 v
188 89 v
188 90 v
188 91 h
188 92 v
188 93 v
188 94 v
188 95 h
188 96 v
188 97 v
188 98 h
188 99 v
188 100 h
188 101 v
188 102 h
188 103 h
188 104 v
189 1 v
189 2 v
189 3 h
189 4 v
189 5 v
189 6 v
189 7 v
189 8 v
189 9 v
189 10 h
189 11 h
189 12 v
189 13 v
189 14 h
189 15 v
189 16 v
189 17 v
189 18 v
189 19 v
189 20 v
189 21 v
189 22 v
189 23 v
189 24 v
189 25 v
189 26 v
189 27 v
189 28 v
189 29 v
189 30 v
189 31 v
189 32 v
189 33 v
189 34 h
189 35 v
189 36 v
189 37 v
189 38 v
189 39 v
189 40 v
189 41 v
189 42 v
189 43 v
189 44 h
189 45 h
189 46 h
189 47 v
189 48 v
189 49 h
189 50 h
189 51 h
189 52 v
189 78 v
189 79 v
189 80 v
189 81 v
189 82 v
189 83 v
189 84 v
189 85 v
189 86 v
189 87 h
189 88 v
189 89 v
189 90 v
189 91 h
189 92 h
189 93 v
189 94 v
189 95 h
189 96 h
189 97 h
189 98 v
189 99 v
189 100 v
189 101 h
189 102 v
189 103 v
189 104 v
190 1 v
190 2 v
190 3 v
190 4 h
190 5 v
190 6 h
190 7 v
190 8 v
190 9 v
190 10 v
190 11 v
190 12 v
190 13 h
190 14 v
190 15 v
190 16 v
190 17 v
190 18 v
190 19 h
190 20 v
190 21 v
190 22 v
190 23 h
190 24 v
190 25 v
190 26 h
190 27 v
190 28 v
190 29 v
190 30 v
190 31 v
190 32 v
190 33 v
190 34 h
190 35 v
190 36 v
190 37 h
190 38 v
190 39 v
190 40 v
190 41 v
190 42 v
190 43 v
190 44 v
190 45 v
190 46 h
190 47 v
190 48 h
190 49 v
190 50 h
190 51 v
190 52 v
190 78 v
190 79 v
190 80 v
190 81 h
190 82 h
190 83 v
190 84 v
190 85 v
190 86 v
190 87 v
190 88 v
190 89 h
190 90 v
190 91 v
190 92 v
190 93 v
190 94 v
190 95 v
190 96 v
190 97 v
190 98 v
190 99 h
190 100 v
190 101 v
190 102 v
190 103 v
190 104 v
191 1 v
191 2 v
191 3 v
191 4 v
191 5 v
191 6 v
191 7 h
191 8 v
191 9 v
191 10 v
191 11 v
191 12 v
191 13 v
191 14 v
191 15 v
191 16 h
191 17 v
191 18 v
191 19 v
191 20 v
191 21 v
191 22 h
191 23 v
191 24 v
191 25 v
191 26 v
191 27 v
191 28 v
191 29 h
191 30 h
191 31 h
191 32 v
191 33 v
191 34 v
191 35 v
191 36 h
191 37 v
191 38 v
191 39 v
191 40 v
191 41 v
191 42 v
191 43 v
191 44 v
191 45 v
191 46 v
191 47 v
191 48 v
191 49 v
191 50 v
191 51 v
191 52 v
191 78 v
191 79 h
191 80 v
191 81 v
191 82 h
191 83 h
191 84 v
191 85 v
191 86 v
191 87 h
191 88 v
191 89 v
191 90 v
191 91 v
191 92 v
191 93 v
191 94 v
191 95 v
191 96 v
191 97 h
191 98 v
191 99 v
191 100 v
191 101 v
191 102 v
191 103 h
191 104 v
192 1 v
192 2 v
192 3 v
192 4 v
192 5 h
192 6 v
192 7 v
192 8 v
192 9 v
192 10 v
192 11 v
192 12 v
192 13 v
192 14 v
192 15 v
192 16 v
192 17 v
192 18 v
192 19 h
192 20 v
192 21 v
192 22 v
192 23 v
192 24 h
192 25 v
192 26 v
192 27 v
192 28 h
192 29 h
192 30 v
192 31 h
192 32 v
192 33 v
192 34 h
192 35 v
192 36 h
192 37 h
192 38 v
192 39 v
192 40 v
192 41 h
192 42 v
192 43 v
192 44 v
192 45 v
192 46 v
192 47 v
192 48 v
192 49 v
192 50 v
192 51 v
192 52 v
192 78 v
192 79 h
192 80 v
192 81 h
192 82 h
192 83 v
192 84 v
192 85 v
192 86 v
192 87 v
192 88 v
192 89 v
192 90 v
192 91 h
192 92 v
192 93 v
192 94 h
192 95 h
192 96 v
192 97 v
192 98 v
192 99 v
192 100 v
192 101 v
192 102 v
192 103 v
192 104 v
193 1 v
193 2 v
193 3 v
193 4 h
193 5 v
193 6 v
193 7 v
193 8 v
193 9 v
193 10 v
193 11 v
193 12 v
193 13 h
193 14 v
193 15 v
193 16 h
193 17 v
193 18 h
193 19 v
193 20 h
193 21 h
193 22 v
193 23 v
193 24 v
193 25 v
193 26 v
193 27 v
193 28 h
193 29 v
193 30 v
193 31 v
193 32 v
193 33 h
193 34 v
193 35 v
193 36 v
193 37 v
193 38 v
193 39 v
193 40 v
193 41 v
193 42 v
193 43 v
193 44 v
193 45 v
193 46 v
193 47 h
193 48 v
193 49 v
193 50 v
193 51 v
193 52 v
193 78 v
193 79 v
193 80 v
193 81 v
193 82 v
193 83 v
193 84 h
193 85 v
193 86 v
193 87 h
193 88 v
193 89 v
193 90 v
193 91 h
193 92 v
193 93 v
193 94 v
193 95 v
193 96 v
193 97 v
193 98 h
193 99 v
193 100 v
193 101 v
193 102 v
193 103 h
193 104 v
194 1 v
194 2 v
194 3 v
194 4 v
194 5 v
194 6 v
194 7 v
194 8 v
194 9 v
194 10 v
194 11 v
194 12 v
194 13 v
194 14 v
194 15 v
194 16 v
194 17 v
194 18 h
194 19 v
194 20 v
194 21 v
194 22 v
194 23 v
194 24 v
194 25 v
194 26 v
194 27 h
194 28 v
194 29 h
194 30 v
194 31 v
194 32 h
194 33 v
194 34 h
194 35 v
194 36 v
194 37 v
194 38 h
194 39 h
194 40 v
194 41 v
194 42 v
194 43 v
194 44 h
194 45 v
194 46 h
194 47 v
194 48 v
194 49 h
194 50 v
194 51 v
194 52 h
194 53 v
194 54 v
194 55 v
194 56 v
194 57 v
194 58 v
194 59 v
194 60 v
194 61 v
194 62 v
194 63 v
194 64 v
194 65 v
194 66 v
194 67 v
194 68 v
194 69 h
194 70 v
194 71 v
194 72 v
194 73 h
194 74 h
194 75 v
194 76 v
194 77 v
194 78 v
194 79 v
194 80 h
194 81 v
194 82 v
194 83 v
194 84 v
194 85 v
194 86 v
194 87 v
194 88 h
194 89 v
194 90 v
194 91 v
194 92 h
194 93 v
194 94 v
194 95 v
194 96 v
194 97 v
194 98 h
194 99 v
194 100 v
194 101 h
194 102 v
194 103 v
194 104 v
195 1 v
195 2 v
195 3 v
195 4 v
195 5 v
195 6 v
195 7 h
195 8 v
195 9 v
195 10 v
195 11 v
195 12 v
195 13 v
195 14 v
195 15 v
195 16 v
195 17 h
195 18 v
195 19 v
195 20 v
195 21 v
195 22 v
195 23 h
195 24 v
195 25 v
195 26 v
195 27 v
195 28 v
195 29 v
195 30 v
195 31 v
195 32 v
195 33 v
195 34 v
195 35 v
195 36 v
195 37 v
195 38 v
195 39 h
195 40 v
195 41 v
195 42 v
195 43 h
195 44 h
195 45 v
195 46 v
195 47 v
195 48 v
195 49 v
195 50 v
195 51 v
195 52 h
195 53 v
195 54 v
195 55 v
195 56 h
195 57 v
195 58 h
195 59 h
195 60 v
195 61 h
195 62 v
195 63 v
195 64 h
195 65 v
195 66 v
195 67 h
195 68 v
195 69 v
195 70 h
195 71 v
195 72 h
195 73 v
195 74 v
195 75 v
195 76 v
195 77 v
195 78 v
195 79 v
195 80 v
195 81 v
195 82 v
195 83 v
195 84 v
195 85 h
195 86 v
195 87 h
195 88 v
195 89 v
195 90 v
195 91 v
195 92 v
195 93 v
195 94 v
195 95 v
195 96 v
195 97 v
195 98 v
195 99 h
195 100 v
195 101 h
195 102 v
195 103 v
195 104 v
196 1 v
196 2 h
196 3 v
196 4 v
196 5 v
196 6 v
196 7 v
196 8 v
196 9 v
196 10 v
196 11 v
196 12 v
196 13 v
196 14 v
196 15 v
196 16 v
196 17 v
196 18 v
196 19 h
196 20 v
196 21 v
196 22 v
196 23 v
196 24 v
196 25 v
196 26 v
196 27 v
196 28 v
196 29 v
196 30 v
196 31 h
196 32 v
196 33 v
196 34 v
196 35 v
196 36 h
196 37 v
196 38 v
196 39 v
196 40 v
196 41 v
196 42 v
196 43 v
196 44 v
196 45 v
196 46 h
196 47 v
196 48 h
196 49 v
196 50 v
196 51 h
196 52 h
196 53 v
196 54 v
196 55 v
196 56 v
196 57 h
196 58 h
196 59 h
196 60 v
196 61 v
196 62 v
196 63 v
196 64 v
196 65 v
196 66 v
196 67 h
196 68 h
196 69 v
196 70 v
196 71 v
196 72 v
196 73 v
196 74 v
196 75 v
196 76 v
196 77 v
196 78 v
196 79 v
196 80 v
196 81 v
196 82 v
196 83 v
196 84 h
196 85 v
196 86 v
196 87 h
196 88 v
196 89 v
196 90 v
196 91 h
196 92 v
196 93 v
196 94 v
196 95 v
196 96 v
196 97 h
196 98 v
196 99 v
196 100 v
196 101 v
196 102 v
196 103 v
196 104 v
197 1 v
197 2 v
197 3 v
197 4 v
197 5 v
197 6 v
197 7 v
197 8 v
197 9 h
197 10 v
197 11 v
197 12 v
197 13 v
197 14 v
197 15 h
197 16 v
197 17 v
197 18 v
197 19 v
197 20 v
197 21 v
197 22 h
197 23 v
197 24 v
197 25 v
197 26 v
197 27 v
197 28 v
197 29 v
197 30 h
197 31 v
197 32 v
197 33 v
197 34 h
197 35 h
197 36 v
197 37 v
197 38 v
197 39 v
197 40 v
197 41 v
197 42 v
197 43 v
197 44 v
197 45 v
197 46 v
197 47 h
197 48 v
197 49 v
197 50 v
197 51 v
197 52 v
197 53 v
197 54 v
197 55 v
197 56 v
197 57 v
197 58 v
197 59 v
197 60 h
197 61 h
197 62 h
197 63 v
197 64 h
197 65 v
197 66 h
197 67 v
197 68 h
197 69 v
197 70 v
197 71 v
197 72 v
197 73 v
197 74 v
197 75 v
197 76 v
197 77 v
197 78 v
197 79 v
197 80 v
197 81 v
197 82 v
197 83 v
197 84 v
197 85 h
197 86 v
197 87 v
197 88 v
197 89 h
197 90 v
197 91 v
197 92 v
197 93 v
197 94 v
197 95 v
197 96 h
197 97 v
197 98 v
197 99 v
197 100 v
197 101 v
197 102 h
197 103 v
197 104 v
198 1 v
198 2 v
198 3 v
198 4 v
198 5 h
198 6 h
198 7 v
198 8 v
198 9 v
198 10 h
198 11 v
198 12 v
198 13 v
198 14 v
198 15 v
198 16 v
198 17 v
198 18 h
198 19 v
198 20 v
198 21 v
198 22 v
198 23 v
198 24 v
198 25 h
198 26 v
198 27 v
198 28 h
198 29 h
198 30 v
198 31 v
198 32 h
198 33 v
198 34 v
198 35 v
198 36 h
198 37 v
198 38 h
198 39 v
198 40 v
198 41 v
198 42 v
198 43 v
198 44 v
198 45 v
198 46 v
198 47 v
198 48 v
198 49 v
198 50 v
198 51 v
198 52 v
198 53 v
198 54 v
198 55 v
198 56 v
198 57 v
198 58 v
198 59 v
198 60 v
198 61 h
198 62 v
198 63 v
198 64 v
198 65 v
198 66 h
198 67 h
198 68 h
198 69 v
198 70 v
198 71 v
198 72 v
198 73 v
198 74 v
198 75 v
198 76 v
198 77 h
198 78 v
198 79 v
198 80 v
198 81 v
198 82 v
198 83 v
198 84 v
198 85 v
198 86 h
198 87 v
198 88 h
198 89 h
198 90 v
198 91 v
198 92 v
198 93 v
198 94 h
198 95 v
198 96 v
198 97 v
198 98 v
198 99 v
198 100 v
198 101 h
198 102 v
198 103 v
198 104 v
199 1 v
199 2 v
199 3 v
199 4 h
199 5 v
199 6 v
199 7 v
199 8 h
199 9 v
199 10 v
199 11 v
199 12 v
199 13 v
199 14 v
199 15 v
199 16 v
199 17 h
199 18 v
199 19 v
199 20 h
199 21 v
199 22 v
199 23 v
199 24 v
199 25 v
199 26 h
199 27 h
199 28 v
199 29 v
199 30 v
199 31 v
199 32 v
199 33 v
199 34 v
199 35 h
199 36 v
199 37 v
199 38 v
199 39 v
199 40 v
199 41 v
199 42 v
199 43 v
199 44 v
199 45 v
199 46 h
199 47 v
199 48 v
199 49 v
199 50 v
199 51 v
199 52 h
199 53 h
199 54 h
199 55 v
199 56 h
199 57 v
199 58 v
199 59 v
199 60 v
199 61 h
199 62 v
199 63 v
199 64 v
199 65 v
199 66 v
199 67 v
199 68 h
199 69 h
199 70 v
199 71 v
199 72 h
199 73 h
199 74 v
199 75 v
199 76 v
199 77 v
199 78 h
199 79 v
199 80 v
199 81 v
199 82 v
199 83 v
199 84 v
199 85 v
199 86 v
199 87 v
199 88 v
199 89 v
199 90 v
199 91 v
199 92 v
199 93 h
199 94 v
199 95 v
199 96 v
199 97 v
199 98 v
199 99 v
199 100 v
199 101 v
199 102 v
199 103 v
199 104 h
200 1 v
200 2 v
200 3 v
200 4 v
200 5 v
200 6 h
200 7 v
200 8 v
200 9 v
200 10 v
200 11 v
200 12 v
200 13 v
200 14 h
200 15 v
200 16 v
200 17 v
200 18 v
200 19 v
200 20 v
200 21 v
200 22 v
200 23 v
200 24 v
200 25 h
200 26 v
200 27 v
200 28 v
200 29 h
200 30 v
200 31 v
200 32 h
200 33 v
200 34 h
200 35 v
200 36 v
200 37 v
200 38 v
200 39 v
200 40 v
200 41 h
200 42 h
200 43 v
200 44 v
200 45 v
200 46 v
200 47 v
200 48 v
200 49 v
200 50 v
200 51 v
200 52 v
200 53 v
200 54 v
200 55 v
200 56 v
200 57 h
200 58 h
200 59 h
200 60 v
200 61 v
200 62 h
200 63 v
200 64 v
200 65 v
200 66 v
200 67 v
200 68 v
200 69 v
200 70 v
200 71 h
200 72 v
200 73 v
200 74 v
200 75 v
200 76 v
200 77 v
200 78 v
200 79 v
200 80 h
200 81 v
200 82 v
200 83 v
200 84 v
200 85 v
200 86 v
200 87 h
200 88 v
200 89 v
200 90 v
200 91 v
200 92 h
200 93 h
200 94 v
200 95 v
200 96 v
200 97 h
200 98 v
200 99 v
200 100 h
200 101 v
200 102 v
200 103 h
200 104 v
201 1 v
201 2 v
201 3 v
201 4 v
201 5 v
201 6 v
201 7 v
201 8 v
201 9 v
201 10 v
201 11 h
201 12 v
201 13 v
201 14 v
201 15 v
201 16 h
201 17 v
201 18 v
201 19 v
201 20 v
201 21 v
201 22 v
201 23 v
201 24 v
201 25 v
201 26 v
201 27 v
201 28 h
201 29 h
201 30 v
201 31 v
201 32 h
201 33 h
201 34 h
201 35 v
201 36 h
201 37 v
201 38 v
201 39 v
201 40 h
201 41 v
201 42 v
201 43 v
201 44 h
201 45 v
201 46 v
201 47 h
201 48 v
201 49 v
201 50 v
201 51 v
201 52 h
201 53 h
201 54 v
201 55 v
201 56 h
201 57 v
201 58 v
201 59 v
201 60 v
201 61 h
201 62 h
201 63 v
201 64 v
201 65 v
201 66 h
201 67 v
201 68 v
201 69 v
201 70 v
201 71 v
201 72 v
201 73 v
201 74 v
201 75 h
201 76 v
201 77 v
201 78 v
201 79 v
201 80 v
201 81 v
201 82 v
201 83 v
201 84 v
201 85 h
201 86 h
201 87 v
201 88 v
201 89 v
201 90 v
201 91 v
201 92 h
201 93 h
201 94 v
201 95 v
201 96 v
201 97 v
201 98 h
201 99 v
201 100 h
201 101 h
201 102 v
201 103 v
201 104 v
202 1 v
202 2 v
202 3 v
202 4 h
202 5 v
202 6 h
202 7 v
202 8 v
202 9 v
202 10 v
202 11 v
202 12 v
202 13 v
202 14 h
202 15 h
202 16 h
202 17 h
202 18 v
202 19 v
202 20 v
202 21 v
202 22 v
202 23 v
202 24 v
202 25 h
202 26 v
202 27 v
202 28 v
202 29 v
202 30 v
202 31 h
202 32 v
202 33 v
202 34 v
202 35 h
202 36 h
202 37 v
202 38 v
202 39 v
202 40 v
202 41 v
202 42 v
202 43 v
202 44 v
202 45 v
202 46 v
202 47 h
202 48 v
202 49 v
202 50 v
202 51 h
202 52 v
202 53 v
202 54 v
202 55 h
202 56 h
202 57 v
202 58 v
202 59 v
202 60 v
202 61 v
202 62 v
202 63 h
202 64 v
202 65 h
202 66 v
202 67 v
202 68 v
202 69 v
202 70 v
202 71 h
202 72 h
202 73 v
202 74 v
202 75 v
202 76 v
202 77 v
202 78 h
202 79 h
202 80 v
202 81 v
202 82 v
202 83 h
202 84 v
202 85 v
202 86 v
202 87 v
202 88 h
202 89 v
202 90 h
202 91 v
202 92 h
202 93 v
202 94 v
202 95 v
202 96 h
202 97 v
202 98 v
202 99 v
202 100 h
202 101 v
202 102 v
202 103 h
202 104 v
203 1 v
203 2 v
203 3 v
203 4 v
203 5 v
203 6 v
203 7 v
203 8 v
203 9 v
203 10 v
203 11 v
203 12 v
203 13 v
203 14 v
203 15 v
203 16 v
203 17 v
203 18 h
203 19 v
203 20 v
203 21 v
203 22 v
203 23 v
203 24 v
203 25 v
203 26 v
203 27 v
203 28 v
203 29 v
203 30 v
203 31 v
203 32 v
203 33 v
203 34 h
203 35 v
203 36 h
203 37 v
203 38 v
203 39 v
203 40 v
203 41 v
203 42 h
203 43 h
203 44 v
203 45 v
203 46 h
203 47 v
203 48 v
203 49 h
203 50 h
203 51 h
203 52 v
203 53 v
203 54 v
203 55 v
203 56 v
203 57 v
203 58 h
203 59 h
203 60 h
203 61 v
203 62 v
203 63 v
203 64 v
203 65 v
203 66 v
203 67 h
203 68 v
203 69 v
203 70 v
203 71 v
203 72 v
203 73 v
203 74 v
203 75 v
203 76 h
203 77 v
203 78 h
203 79 v
203 80 v
203 81 v
203 82 h
203 83 v
203 84 v
203 85 h
203 86 v
203 87 v
203 88 v
203 89 v
203 90 v
203 91 h
203 92 v
203 93 v
203 94 v
203 95 v
203 96 v
203 97 v
203 98 v
203 99 v
203 100 v
203 101 v
203 102 v
203 103 h
203 104 v
204 1 v
204 2 v
204 3 v
204 4 v
204 5 v
204 6 v
204 7 v
204 8 v
204 9 v
204 10 v
204 11 v
204 12 v
204 13 v
204 14 v
204 15 v
204 16 v
204 17 h
204 18 v
204 19 h
204 20 v
204 21 v
204 22 v
204 23 v
204 24 v
204 25 v
204 26 h
204 27 v
204 28 h
204 29 v
204 30 h
204 31 v
204 32 v
204 33 v
204 34 v
204 35 v
204 36 v
204 37 h
204 38 h
204 39 v
204 40 v
204 41 v
204 42 v
204 43 v
204 44 v
204 45 v
204 46 v
204 47 v
204 48 v
204 49 v
204 50 v
204 51 v
204 52 v
204 53 v
204 54 v
204 55 v
204 56 v
204 57 v
204 58 v
204 59 v
204 60 h
204 61 v
204 62 v
204 63 v
204 64 v
204 65 v
204 66 v
204 67 v
204 68 h
204 69 v
204 70 h
204 71 v
204 72 v
204 73 v
204 74 v
204 75 h
204 76 v
204 77 v
204 78 v
204 79 h
204 80 v
204 81 v
204 82 v
204 83 v
204 84 h
204 85 v
204 86 v
204 87 v
204 88 v
204 89 v
204 90 h
204 91 v
204 92 v
204 93 v
204 94 v
204 95 v
204 96 v
204 97 v
204 98 v
204 99 v
204 100 v
204 101 v
204 102 v
204 103 v
204 104 v
205 1 v
205 2 v
205 3 v
205 4 v
205 5 v
205 6 v
205 7 h
205 8 v
205 9 h
205 10 v
205 11 v
205 12 h
205 13 v
205 14 h
205 15 v
205 16 h
205 17 v
205 18 v
205 19 v
205 20 h
205 21 v
205 22 v
205 23 v
205 24 v
205 25 v
205 26 v
205 27 v
205 28 v
205 29 h
205 30 v
205 31 h
205 32 v
205 33 v
205 34 h
205 35 v
205 36 h
205 37 v
205 38 h
205 39 v
205 40 v
205 41 v
205 42 v
205 43 h
205 44 v
205 45 v
205 46 v
205 47 v
205 48 v
205 49 h
205 50 v
205 51 v
205 52 v
205 53 v
205 54 v
205 55 v
205 56 v
205 57 v
205 58 h
205 59 v
205 60 h
205 61 v
205 62 v
205 63 v
205 64 v
205 65 h
205 66 v
205 67 h
205 68 h
205 69 v
205 70 v
205 71 v
205 72 v
205 73 v
205 74 h
205 75 h
205 76 h
205 77 v
205 78 v
205 79 v
205 80 v
205 81 v
205 82 v
205 83 v
205 84 v
205 85 v
205 86 v
205 87 v
205 88 v
205 89 v
205 90 v
205 91 h
205 92 h
205 93 h
205 94 v
205 95 h
205 96 v
205 97 v
205 98 v
205 99 v
205 100 v
205 101 h
205 102 v
205 103 v
205 104 v
206 1 v
206 2 v
206 3 v
206 4 v
206 5 v
206 6 v
206 7 v
206 8 h
206 9 v
206 10 h
206 11 h
206 12 v
206 13 v
206 14 v
206 15 v
206 16 h
206 17 v
206 18 v
206 19 v
206 20 v
206 21 v
206 22 v
206 23 v
206 24 v
206 25 v
206 26 v
206 27 v
206 28 v
206 29 v
206 30 v
206 31 v
206 32 h
206 33 v
206 34 h
206 35 v
206 36 v
206 37 v
206 38 v
206 39 v
206 40 v
206 41 v
206 42 v
206 43 v
206 44 v
206 45 v
206 46 v
206 47 v
206 48 h
206 49 v
206 50 v
206 51 v
206 52 v
206 53 v
206 54 v
206 55 h
206 56 v
206 57 v
206 58 v
206 59 v
206 60 v
206 61 v
206 62 h
206 63 h
206 64 h
206 65 v
206 66 h
206 67 v
206 68 v
206 69 v
206 70 v
206 71 v
206 72 v
206 73 v
206 74 v
206 75 v
206 76 v
206 77 h
206 78 v
206 79 v
206 80 v
206 81 v
206 82 h
206 83 v
206 84 v
206 85 v
206 86 h
206 87 h
206 88 v
206 89 v
206 90 v
206 91 v
206 92 v
206 93 h
206 94 v
206 95 v
206 96 v
206 97 h
206 98 v
206 99 v
206 100 v
206 101 h
206 102 v
206 103 v
206 104 v
207 1 v
207 2 v
207 3 v
207 4 v
207 5 h
207 6 v
207 7 v
207 8 v
207 9 v
207 10 h
207 11 h
207 12 v
207 13 v
207 14 v
207 15 v
207 16 v
207 17 h
207 18 v
207 19 v
207 20 v
207 21 v
207 22 v
207 23 v
207 24 v
207 25 v
207 26 v
207 27 v
207 28 v
207 29 v
207 30 v
207 31 v
207 32 v
207 33 v
207 34 v
207 35 v
207 36 h
207 37 v
207 38 v
207 39 v
207 40 v
207 41 v
207 42 v
207 43 v
207 44 v
207 45 v
207 46 v
207 47 v
207 48 v
207 49 v
207 50 h
207 51 v
207 52 h
207 53 v
207 54 v
207 55 h
207 56 v
207 57 h
207 58 v
207 59 v
207 60 v
207 61 v
207 62 v
207 63 v
207 64 v
207 65 v
207 66 v
207 67 v
207 68 v
207 69 v
207 70 h
207 71 v
207 72 v
207 73 h
207 74 v
207 75 v
207 76 v
207 77 v
207 78 v
207 79 v
207 80 v
207 81 h
207 82 v
207 83 v
207 84 v
207 85 v
207 86 v
207 87 v
207 88 h
207 89 v
207 90 v
207 91 v
207 92 v
207 93 v
207 94 v
207 95 v
207 96 h
207 97 v
207 98 v
207 99 v
207 100 v
207 101 h
207 102 h
207 103 v
207 104 v
208 1 v
208 2 v
208 3 v
208 4 v
208 5 v
208 6 v
208 7 v
208 8 h
208 9 h
208 10 v
208 11 h
208 12 v
208 13 v
208 14 v
208 15 v
208 16 v
208 17 v
208 18 h
208 19 v
208 20 v
208 21 h
208 22 v
208 23 v
208 24 v
208 25 v
208 26 v
208 27 v
208 28 v
208 29 h
208 30 v
208 31 v
208 32 h
208 33 v
208 34 v
208 35 v
208 36 v
208 37 h
208 38 v
208 39 h
208 40 v
208 41 v
208 42 v
208 43 v
208 44 v
208 45 h
208 46 v
208 47 h
208 48 v
208 49 v
208 50 v
208 51 v
208 52 v
208 53 v
208 54 v
208 55 v
208 56 h
208 57 v
208 58 v
208 59 h
208 60 v
208 61 v
208 62 h
208 63 h
208 64 v
208 65 v
208 66 v
208 67 v
208 68 v
208 69 v
208 70 v
208 71 h
208 72 v
208 73 v
208 74 v
208 75 v
208 76 v
208 77 v
208 78 v
208 79 v
208 80 v
208 81 v
208 82 v
208 83 v
208 84 v
208 85 h
208 86 v
208 87 v
208 88 v
208 89 v
208 90 v
208 91 v
208 92 v
208 93 v
208 94 v
208 95 v
208 96 h
208 97 v
208 98 v
208 99 v
208 100 h
208 101 v
208 102 v
208 103 v
208 104 v
209 1 v
209 2 v
209 3 v
209 4 h
209 5 v
209 6 v
209 7 v
209 8 v
209 9 v
209 10 v
209 11 h
209 12 v
209 13 v
209 14 v
209 15 v
209 16 v
209 17 v
209 18 v
209 19 v
209 20 v
209 21 v
209 22 h
209 23 v
209 24 v
209 25 v
209 26 v
209 27 v
209 28 v
209 29 v
209 30 v
209 31 v
209 32 v
209 33 v
209 34 v
209 35 v
209 36 v
209 37 v
209 38 v
209 39 v
209 40 v
209 41 v
209 42 v
209 43 v
209 44 h
209 45 v
209 46 v
209 47 v
209 48 v
209 49 v
209 50 v
209 51 h
209 52 v
209 53 v
209 54 h
209 55 v
209 56 v
209 57 v
209 58 v
209 59 v
209 60 v
209 61 v
209 62 v
209 63 v
209 64 h
209 65 v
209 66 v
209 67 v
209 68 v
209 69 v
209 70 v
209 71 v
209 72 v
209 73 v
209 74 v
209 75 v
209 76 v
209 77 h
209 78 v
209 79 v
209 80 v
209 81 v
209 82 v
209 83 v
209 84 v
209 85 v
209 86 v
209 87 v
209 88 v
209 89 v
209 90 v
209 91 v
209 92 v
209 93 v
209 94 v
209 95 v
209 96 v
209 97 v
209 98 v
209 99 v
209 100 v
209 101 h
209 102 v
209 103 v
209 104 v
210 1 v
210 2 h
210 3 h
210 4 h
210 5 v
210 6 h
210 7 v
210 8 v
210 9 v
210 10 v
210 11 v
210 12 h
210 13 h
210 14 v
210 15 h
210 16 v
210 17 v
210 18 v
210 19 v
210 20 h
210 21 v
210 22 v
210 23 v
210 24 v
210 25 v
210 26 h
210 27 v
210 28 v
210 29 v
210 30 v
210 31 v
210 32 v
210 33 v
210 34 v
210 35 h
210 36 v
210 37 v
210 38 v
210 39 v
210 40 v
210 41 v
210 42 v
210 43 v
210 44 v
210 45 v
210 46 v
210 47 v
210 48 v
210 49 v
210 50 v
210 51 v
210 52 v
210 53 v
210 54 h
210 55 v
210 56 v
210 57 h
210 58 h
210 59 v
210 60 v
210 61 v
210 62 v
210 63 v
210 64 h
210 65 v
210 66 v
210 67 v
210 68 v
210 69 v
210 70 v
210 71 v
210 72 h
210 73 v
210 74 v
210 75 v
210 76 h
210 77 v
210 78 h
210 79 v
210 80 h
210 81 v
210 82 h
210 83 v
210 84 v
210 85 v
210 86 v
210 87 h
210 88 h
210 89 v
210 90 v
210 91 h
210 92 v
210 93 v
210 94 v
210 95 v
210 96 v
210 97 v
210 98 h
210 99 v
210 100 h
210 101 v
210 102 v
210 103 v
210 104 v
211 1 v
211 2 h
211 3 v
211 4 h
211 5 v
211 6 v
211 7 v
211 8 v
211 9 v
211 10 v
211 11 v
211 12 v
211 13 v
211 14 v
211 15 v
211 16 v
211 17 h
211 18 h
211 19 h
211 20 v
211 21 v
211 22 v
211 23 h
211 24 v
211 25 v
211 26 h
211 27 v
211 28 v
211 29 v
211 30 v
211 31 v
211 32 v
211 33 v
211 34 h
211 35 v
211 36 v
211 37 h
211 38 h
211 39 v
211 40 v
211 41 v
211 42 v
211 43 h
211 44 v
211 45 v
211 46 v
211 47 v
211 48 h
211 49 v
211 50 v
211 51 v
211 52 v
211 53 h
211 54 v
211 55 v
211 56 v
211 57 v
211 58 v
211 59 v
211 60 v
211 61 v
211 62 h
211 63 v
211 64 v
211 65 h
211 66 v
211 67 v
211 68 v
211 69 h
211 70 v
211 71 v
211 72 v
211 73 v
211 74 v
211 75 h
211 76 v
211 77 v
211 78 h
211 79 v
211 80 v
211 81 v
211 82 v
211 83 v
211 84 v
211 85 v
211 86 v
211 87 v
211 88 v
211 89 v
211 90 h
211 91 v
211 92 v
211 93 h
211 94 v
211 95 v
211 96 v
211 97 v
211 98 v
211 99 v
211 100 v
211 101 v
211 102 h
211 103 h
211 104 v
212 1 h
212 2 v
212 3 h
212 4 v
212 5 v
212 6 v
212 7 v
212 8 v
212 9 v
212 10 v
212 11 h
212 12 v
212 13 v
212 14 v
212 15 h
212 16 v
212 17 v
212 18 h
212 19 v
212 20 v
212 21 h
212 22 v
212 23 v
212 24 v
212 25 v
212 26 v
212 27 v
212 28 v
212 29 v
212 30 v
212 31 h
212 32 h
212 33 v
212 34 v
212 35 v
212 36 v
212 37 v
212 38 v
212 39 v
212 40 v
212 41 v
212 42 v
212 43 v
212 44 h
212 45 v
212 46 v
212 47 v
212 48 v
212 49 v
212 50 v
212 51 v
212 52 h
212 53 v
212 54 v
212 55 v
212 56 v
212 57 v
212 58 v
212 59 v
212 60 v
212 61 v
212 62 v
212 63 v
212 64 h
212 65 h
212 66 v
212 67 h
212 68 v
212 69 h
212 70 v
212 71 v
212 72 v
212 73 v
212 74 v
212 75 v
212 76 v
212 77 v
212 78 v
212 79 h
212 80 v
212 81 h
212 82 v
212 83 v
212 84 v
212 85 v
212 86 h
212 87 v
212 88 v
212 89 v
212 90 v
212 91 h
212 92 h
212 93 v
212 94 v
212 95 v
212 96 v
212 97 v
212 98 v
212 99 h
212 100 v
212 101 v
212 102 v
212 103 v
212 104 v
213 1 v
213 2 v
213 3 h
213 4 v
213 5 v
213 6 v
213 7 v
213 8 v
213 9 v
213 10 v
213 11 h
213 12 v
213 13 v
213 14 v
213 15 v
213 16 v
213 17 v
213 18 v
213 19 h
213 20 v
213 21 v
213 22 v
213 23 v
213 24 v
213 25 v
213 26 v
213 27 v
213 28 v
213 29 h
213 30 v
213 31 v
213 32 v
213 33 h
213 34 v
213 35 v
213 36 v
213 37 v
213 38 v
213 39 h
213 40 h
213 41 v
213 42 v
213 43 v
213 44 h
213 45 v
213 46 v
213 47 v
213 48 v
213 49 v
213 50 v
213 51 v
213 52 v
213 53 v
213 54 h
213 55 v
213 56 v
213 57 v
213 58 v
213 59 v
213 60 v
213 61 v
213 62 v
213 63 v
213 64 v
213 65 h
213 66 v
213 67 h
213 68 v
213 69 v
213 70 v
213 71 v
213 72 h
213 73 v
213 74 h
213 75 h
213 76 v
213 77 v
213 78 v
213 79 v
213 80 v
213 81 v
213 82 v
213 83 v
213 84 v
213 85 v
213 86 v
213 87 v
213 88 v
213 89 v
213 90 v
213 91 v
213 92 v
213 93 v
213 94 h
213 95 v
213 96 v
213 97 h
213 98 v
213 99 v
213 100 v
213 101 v
213 102 v
213 103 v
213 104 h
214 1 h
214 2 v
214 3 v
214 4 v
214 5 v
214 6 v
214 7 v
214 8 v
214 9 h
214 10 v
214 11 v
214 12 v
214 13 v
214 14 v
214 15 h
214 16 v
214 17 h
214 18 v
214 19 v
214 20 v
214 21 h
214 22 v
214 23 v
214 24 h
214 25 v
214 26 v
214 27 v
214 28 v
214 29 v
214 30 v
214 31 v
214 32 h
214 33 v
214 34 v
214 35 v
214 36 v
214 37 v
214 38 v
214 39 v
214 40 v
214 41 v
214 42 v
214 43 v
214 44 v
214 45 v
214 46 v
214 47 v
214 48 h
214 49 v
214 50 v
214 51 v
214 52 v
214 53 v
214 54 h
214 55 v
214 56 v
214 57 v
214 58 v
214 59 v
214 60 v
214 61 v
214 62 v
214 63 h
214 64 v
214 65 h
214 66 v
214 67 v
214 68 v
214 69 h
214 70 v
214 71 h
214 72 v
214 73 v
214 74 v
214 75 v
214 76 v
214 77 v
214 78 v
214 79 v
214 80 h
214 81 v
214 82 v
214 83 v
214 84 v
214 85 v
214 86 h
214 87 h
214 88 v
214 89 v
214 90 v
214 91 v
214 92 v
214 93 v
214 94 v
214 95 v
214 96 v
214 97 h
214 98 v
214 99 h
214 100 v
214 101 v
214 102 v
214 103 v
214 104 v
