2431085.431129
2427301
1 1 h
1 5 v
1 6 h
1 7 h
1 9 h
1 13 h
1 16 h
1 18 h
1 20 v
1 22 v
1 24 v
1 25 h
1 26 h
1 28 h
1 33 v
1 34 h
1 36 v
1 37 h
2 1 h
2 3 h
2 4 h
2 6 h
2 8 v
2 12 h
2 13 h
2 14 h
2 15 v
2 16 h
2 17 v
2 21 h
2 22 h
2 23 h
2 24 h
2 25 h
2 29 h
2 31 h
2 32 v
2 33 v
2 35 v
2 37 h
3 2 v
3 6 h
3 8 v
3 9 h
3 11 h
3 12 h
3 14 h
3 16 h
3 17 v
3 19 v
3 20 h
3 22 h
3 26 h
3 27 v
3 29 h
3 30 h
3 34 h
3 35 v
3 36 h
4 1 h
4 3 h
4 5 v
4 7 h
4 8 h
4 9 h
4 11 h
4 12 h
4 15 h
4 20 h
4 25 h
4 27 h
4 28 h
4 31 h
4 32 h
4 33 v
4 34 h
4 35 h
4 36 h
5 3 v
5 7 v
5 11 v
5 12 v
5 13 v
5 14 v
5 16 v
5 17 v
5 18 v
5 19 v
5 22 v
5 23 v
5 24 v
5 25 v
5 26 v
5 27 v
5 28 v
5 29 v
5 30 v
5 31 v
5 32 h
5 34 v
5 37 v
6 4 v
6 8 v
6 9 v
6 10 h
6 11 v
6 12 v
6 15 v
6 19 v
6 21 v
6 22 h
6 23 h
6 24 h
6 26 h
6 31 h
6 32 h
6 34 h
6 35 v
6 36 v
6 37 h
7 2 v
7 3 v
7 4 v
7 6 v
7 8 v
7 11 v
7 17 h
7 18 v
7 19 v
7 21 v
7 25 v
7 28 v
7 29 v
7 31 h
7 34 v
8 1 v
8 2 v
8 3 v
8 5 v
8 7 v
8 9 v
8 11 v
8 12 v
8 14 v
8 15 v
8 16 v
8 17 v
8 21 v
8 23 h
8 27 v
8 31 h
8 33 v
8 35 v
8 36 v
9 1 h
9 3 v
9 6 h
9 7 v
9 8 v
9 9 v
9 10 h
9 11 h
9 15 v
9 16 v
9 18 v
9 19 v
9 23 h
9 24 v
9 27 v
9 29 v
9 31 h
9 33 v
10 1 v
10 2 v
10 5 v
10 6 h
10 7 v
10 16 v
10 18 v
10 20 v
10 22 h
10 23 v
10 24 v
10 32 h
10 33 v
10 35 v
10 37 v
11 3 v
11 4 v
11 5 v
11 7 v
11 8 v
11 14 v
11 15 v
11 16 v
11 17 v
11 21 v
11 23 v
11 27 v
11 28 v
11 29 h
11 30 v
11 33 v
11 35 v
11 36 v
12 2 h
12 4 v
12 5 v
12 7 v
12 9 v
12 11 v
12 14 v
12 15 v
12 16 v
12 17 v
12 18 v
12 19 v
12 20 v
12 28 v
12 29 v
12 30 v
12 37 v
13 2 v
13 5 v
13 6 h
13 7 h
13 8 v
13 9 v
13 11 h
13 12 h
13 13 h
13 14 v
13 15 v
13 17 v
13 18 v
13 19 v
13 21 v
13 25 v
13 29 h
13 34 h
13 35 v
13 36 v
13 37 h
14 1 v
14 2 v
14 5 v
14 16 v
14 17 v
14 19 v
14 20 v
14 21 v
14 22 v
14 24 v
14 25 v
14 26 v
14 27 v
14 28 v
14 29 v
14 34 v
15 1 v
15 2 v
15 6 v
15 8 v
15 13 h
15 14 v
15 17 v
15 18 v
15 20 v
15 26 v
15 28 v
15 31 v
15 32 v
15 33 v
15 35 v
15 37 v
16 1 v
16 3 v
16 6 h
16 7 h
16 8 v
16 10 v
16 17 v
16 20 v
16 22 h
16 23 v
16 24 v
16 25 v
16 28 v
16 31 h
16 33 v
16 37 h
17 1 h
17 5 h
17 6 h
17 11 h
17 13 h
17 16 h
17 19 h
17 20 v
17 21 h
17 22 h
17 26 v
17 29 h
17 31 h
17 32 h
17 34 h
17 35 v
17 36 h
17 37 h
18 1 h
18 3 h
18 4 h
18 8 h
18 10 h
18 13 h
18 14 h
18 15 v
18 16 h
18 18 v
18 19 v
18 20 v
18 21 v
18 22 h
18 25 h
18 26 h
18 27 v
18 28 v
18 32 h
18 33 h
18 35 v
18 37 h
19 3 v
19 6 v
19 7 v
19 11 v
19 18 v
19 21 v
19 22 v
19 28 v
19 30 v
19 31 v
19 34 v
19 36 v
19 37 v
20 2 h
20 4 v
20 6 h
20 7 h
20 8 v
20 16 v
20 17 v
20 20 v
20 21 h
20 24 v
20 28 v
20 30 h
20 33 v
20 36 v
21 1 h
21 3 v
21 4 h
21 6 h
21 7 v
21 15 v
21 16 h
21 17 v
21 18 v
21 19 h
21 20 v
21 22 v
21 24 v
21 25 h
21 28 v
21 29 v
21 32 v
21 33 v
21 36 h
22 3 v
22 4 v
22 5 v
22 6 h
22 7 h
22 8 h
22 12 h
22 14 h
22 16 h
22 19 h
22 20 v
22 22 v
22 23 h
22 24 h
22 26 h
22 27 v
22 28 h
22 30 h
22 34 h
22 35 v
22 36 h
23 4 h
23 6 h
23 7 v
23 8 h
23 10 h
23 11 h
23 13 h
23 16 h
23 18 v
23 20 h
23 21 h
23 24 h
23 27 v
23 28 h
23 29 v
23 31 h
23 32 h
23 33 v
23 34 h
23 36 h
23 37 h
24 1 h
24 2 h
24 3 v
24 6 h
24 7 h
24 8 v
24 10 h
24 12 h
24 13 h
24 15 v
24 16 v
24 17 v
24 18 v
24 19 v
24 20 v
24 22 h
24 23 h
24 25 v
24 27 v
24 28 v
24 29 h
24 30 v
24 31 h
24 32 h
24 33 v
24 34 h
24 36 v
24 37 h
25 1 h
25 3 h
25 5 h
25 6 h
25 7 h
25 9 v
25 12 h
25 16 v
25 17 v
25 19 h
25 20 v
25 21 v
25 26 h
25 27 v
25 31 h
25 32 h
25 37 h
26 1 v
26 6 h
26 8 v
26 9 v
26 14 v
26 18 v
26 19 v
26 21 v
26 22 v
26 25 v
26 29 v
26 31 v
26 33 v
26 34 h
27 2 v
27 5 h
27 6 h
27 7 h
27 8 v
27 9 v
27 12 h
27 13 h
27 14 h
27 16 h
27 18 v
27 19 h
27 27 h
27 29 v
27 34 h
27 35 v
28 1 v
28 3 v
28 4 v
28 5 v
28 10 h
28 12 v
28 21 v
28 23 v
28 25 v
28 26 v
28 28 v
28 30 v
28 35 v
28 36 v
29 2 h
29 3 h
29 4 h
29 5 v
29 7 v
29 9 v
29 12 h
29 15 v
29 17 h
29 18 v
29 19 h
29 20 v
29 23 h
29 27 v
29 28 h
29 29 v
29 32 h
29 33 v
29 34 h
29 35 v
29 37 h
29 67 h
29 68 h
29 71 h
29 75 v
29 77 h
29 78 h
29 80 h
29 83 h
29 84 h
29 86 h
29 89 v
29 92 h
29 94 h
29 97 h
29 98 v
29 99 h
30 1 h
30 3 h
30 4 h
30 5 h
30 6 h
30 8 h
30 12 h
30 13 h
30 14 h
30 15 v
30 17 h
30 18 h
30 20 h
30 21 h
30 22 h
30 23 h
30 26 h
30 29 h
30 30 h
30 33 h
30 37 h
30 64 h
30 66 h
30 67 v
30 71 h
30 72 h
30 73 v
30 74 v
30 76 h
30 78 h
30 79 v
30 81 h
30 82 v
30 83 h
30 85 v
30 86 h
30 90 v
30 91 v
30 92 v
30 93 h
30 94 v
30 95 h
30 100 v
31 1 h
31 2 v
31 11 v
31 12 v
31 16 v
31 22 v
31 26 v
31 28 v
31 30 v
31 31 v
31 32 v
31 65 v
31 66 v
31 67 v
31 68 v
31 71 v
31 72 v
31 73 v
31 76 h
31 77 v
31 78 v
31 79 v
31 82 v
31 83 v
31 84 v
31 85 v
31 87 v
31 88 v
31 93 v
31 94 v
31 98 v
31 100 v
32 2 h
32 4 v
32 6 h
32 7 h
32 8 h
32 9 h
32 11 h
32 12 h
32 13 h
32 15 h
32 16 h
32 18 v
32 19 h
32 21 h
32 22 h
32 25 h
32 29 h
32 30 h
32 31 h
32 32 h
32 33 h
32 34 h
32 35 h
32 36 h
32 37 h
32 64 h
32 70 h
32 74 v
32 75 v
32 78 h
32 79 h
32 83 h
32 84 h
32 91 h
32 92 v
32 94 h
32 96 h
32 97 h
32 99 h
32 100 h
33 1 h
33 2 h
33 4 h
33 9 h
33 11 h
33 13 h
33 14 h
33 15 v
33 16 h
33 17 v
33 19 v
33 20 h
33 21 v
33 22 h
33 25 h
33 27 v
33 28 h
33 31 h
33 32 v
33 34 h
33 37 h
33 65 h
33 67 v
33 69 h
33 70 h
33 74 v
33 76 h
33 78 h
33 80 h
33 82 h
33 83 h
33 84 h
33 85 h
33 88 v
33 89 h
33 91 v
33 96 h
33 97 h
33 98 v
33 99 h
33 100 v
34 1 v
34 2 v
34 4 v
34 5 v
34 7 v
34 9 v
34 14 v
34 15 v
34 16 v
34 17 v
34 18 v
34 19 v
34 21 v
34 22 v
34 25 v
34 29 v
34 30 h
34 32 v
34 35 v
34 36 v
34 37 h
34 64 v
34 65 v
34 66 v
34 69 v
34 70 v
34 72 v
34 73 v
34 74 v
34 75 h
34 77 v
34 81 v
34 82 v
34 83 v
34 85 v
34 86 v
34 87 v
34 89 h
34 90 v
34 93 v
34 94 v
34 95 v
34 98 v
34 100 v
35 1 h
35 3 h
35 4 v
35 6 h
35 11 h
35 12 h
35 14 h
35 15 v
35 18 v
35 19 h
35 20 h
35 21 h
35 22 h
35 24 h
35 25 h
35 26 h
35 28 h
35 30 h
35 31 h
35 33 v
35 35 h
35 36 h
35 64 h
35 67 h
35 68 h
35 70 h
35 72 h
35 74 h
35 77 h
35 78 h
35 82 h
35 83 h
35 84 h
35 86 h
35 87 h
35 91 h
35 92 h
35 93 h
35 94 h
36 1 h
36 2 v
36 3 v
36 4 v
36 5 v
36 6 h
36 7 h
36 8 v
36 10 h
36 13 h
36 15 v
36 18 v
36 20 v
36 24 h
36 26 v
36 27 v
36 29 h
36 33 v
36 36 v
36 64 h
36 68 h
36 72 h
36 74 v
36 75 v
36 83 h
36 85 v
36 86 h
36 87 h
36 89 h
36 93 v
36 95 h
36 96 h
36 97 v
36 98 v
36 99 v
36 100 h
37 1 h
37 2 v
37 5 v
37 6 h
37 8 v
37 11 v
37 13 h
37 14 h
37 15 v
37 18 v
37 23 h
37 24 v
37 26 v
37 28 v
37 36 v
37 37 v
37 64 v
37 68 v
37 69 v
37 71 v
37 72 v
37 75 v
37 76 h
37 77 v
37 78 v
37 79 h
37 81 v
37 82 v
37 83 v
37 85 v
37 88 v
37 90 v
37 91 v
37 92 v
37 100 v
38 1 h
38 3 h
38 5 h
38 6 h
38 9 v
38 11 h
38 12 h
38 13 h
38 15 h
38 16 v
38 17 v
38 19 v
38 22 v
38 23 h
38 24 h
38 28 v
38 29 h
38 30 h
38 34 h
38 35 h
38 37 h
38 65 h
38 66 h
38 69 h
38 70 h
38 76 h
38 77 h
38 78 h
38 79 h
38 80 v
38 81 h
38 87 h
38 89 v
38 91 h
38 93 h
38 94 h
38 95 h
38 96 h
38 97 v
38 98 v
38 100 v
39 3 h
39 4 h
39 6 h
39 7 v
39 8 v
39 10 h
39 12 h
39 14 h
39 15 v
39 17 v
39 20 v
39 21 v
39 22 h
39 23 h
39 24 v
39 27 v
39 28 v
39 30 h
39 33 v
39 34 h
39 35 v
39 36 v
39 66 v
39 67 v
39 70 h
39 71 v
39 73 v
39 75 v
39 76 h
39 78 v
39 79 v
39 80 v
39 82 v
39 85 v
39 86 v
39 87 v
39 88 v
39 89 v
39 90 v
39 91 v
39 93 v
39 95 v
39 96 v
39 98 v
39 100 v
40 1 h
40 4 h
40 5 h
40 6 h
40 9 h
40 12 v
40 15 h
40 16 v
40 17 v
40 19 h
40 20 h
40 21 h
40 22 h
40 23 h
40 24 h
40 25 h
40 26 h
40 30 h
40 31 h
40 32 h
40 33 h
40 34 h
40 35 h
40 36 h
40 37 h
40 64 h
40 65 v
40 66 h
40 68 h
40 70 h
40 73 h
40 75 v
40 77 h
40 78 h
40 80 h
40 83 h
40 84 h
40 85 h
40 86 h
40 89 v
40 90 h
40 91 v
40 93 v
40 95 h
40 97 h
40 98 v
40 100 v
41 3 v
41 4 v
41 5 v
41 6 h
41 7 v
41 9 v
41 11 h
41 13 h
41 14 v
41 16 v
41 17 v
41 18 v
41 19 v
41 21 v
41 22 v
41 24 v
41 26 v
41 27 v
41 28 v
41 29 v
41 33 v
41 35 v
41 37 v
41 65 v
41 70 h
41 72 v
41 74 v
41 76 h
41 78 v
41 81 v
41 82 v
41 86 v
41 87 v
41 89 v
41 90 v
41 91 v
41 94 v
41 95 v
41 96 v
41 99 v
41 100 v
42 1 h
42 2 h
42 4 h
42 5 h
42 8 h
42 12 h
42 13 h
42 14 h
42 16 h
42 17 h
42 18 h
42 19 v
42 20 v
42 23 h
42 24 h
42 25 h
42 26 h
42 27 h
42 28 h
42 32 h
42 35 h
42 37 h
42 65 v
42 66 h
42 69 h
42 70 h
42 74 h
42 75 h
42 76 h
42 77 h
42 78 h
42 81 v
42 82 v
42 84 h
42 86 h
42 88 v
42 89 h
42 90 h
42 91 h
42 92 h
42 93 h
42 94 h
42 95 h
43 1 h
43 2 h
43 4 h
43 7 v
43 9 v
43 12 v
43 13 h
43 15 v
43 16 v
43 17 v
43 18 v
43 19 v
43 20 v
43 21 v
43 22 h
43 25 v
43 26 v
43 28 v
43 31 h
43 34 h
43 36 v
43 64 h
43 65 v
43 67 v
43 69 v
43 71 v
43 73 h
43 74 v
43 75 v
43 77 v
43 78 v
43 79 h
43 84 v
43 91 v
43 96 v
43 97 v
43 98 v
43 100 v
44 3 h
44 4 h
44 6 h
44 7 h
44 11 h
44 14 h
44 15 v
44 16 v
44 18 v
44 19 v
44 22 h
44 25 h
44 26 h
44 29 h
44 30 h
44 31 h
44 32 h
44 34 h
44 36 v
44 42 h
44 44 h
44 46 h
44 47 v
44 48 h
44 49 v
44 53 h
44 55 h
44 56 h
44 57 h
44 59 h
44 63 h
44 64 h
44 66 h
44 67 v
44 68 h
44 69 h
44 70 h
44 71 v
44 74 h
44 75 v
44 76 h
44 77 v
44 79 v
44 82 h
44 83 v
44 87 v
44 88 v
44 90 h
44 92 h
44 93 h
44 96 v
44 98 v
44 100 v
45 4 h
45 8 v
45 9 v
45 13 h
45 14 h
45 17 v
45 20 v
45 23 h
45 27 v
45 28 v
45 30 h
45 32 v
45 33 v
45 34 h
45 35 v
45 37 h
45 38 h
45 39 v
45 41 h
45 42 h
45 43 h
45 46 v
45 47 h
45 49 v
45 52 h
45 53 h
45 54 h
45 55 h
45 56 h
45 57 h
45 62 h
45 63 h
45 64 h
45 65 v
45 67 v
45 68 h
45 72 h
45 74 v
45 75 v
45 76 h
45 81 v
45 83 v
45 85 v
45 86 v
45 87 v
45 89 v
45 90 h
45 93 v
45 94 v
45 98 v
45 100 v
46 1 h
46 8 h
46 15 h
46 16 h
46 19 h
46 20 h
46 23 h
46 25 h
46 26 h
46 29 h
46 30 h
46 31 h
46 32 v
46 33 v
46 34 h
46 35 h
46 38 h
46 41 h
46 42 h
46 43 h
46 45 h
46 47 v
46 51 h
46 52 h
46 55 h
46 57 h
46 58 h
46 59 h
46 61 h
46 63 h
46 65 v
46 67 h
46 68 h
46 71 h
46 73 h
46 74 v
46 75 v
46 76 h
46 78 h
46 80 h
46 81 h
46 83 h
46 86 h
46 91 h
46 93 h
46 94 h
46 95 h
46 96 v
46 97 h
46 98 h
46 99 h
46 100 h
47 2 v
47 4 v
47 6 h
47 9 v
47 17 v
47 20 v
47 22 v
47 23 h
47 25 h
47 27 v
47 28 v
47 31 h
47 32 h
47 41 v
47 44 v
47 45 h
47 46 v
47 47 h
47 48 h
47 49 v
47 50 v
47 51 h
47 60 v
47 64 h
47 66 v
47 67 v
47 68 h
47 69 h
47 70 h
47 72 v
47 73 h
47 77 v
47 78 v
47 80 v
47 81 h
47 82 v
47 83 v
47 85 v
47 86 v
47 89 v
47 90 v
47 91 v
47 93 v
47 95 v
47 96 v
47 97 v
47 98 v
47 100 h
48 6 h
48 7 v
48 10 h
48 13 h
48 14 v
48 16 h
48 19 v
48 22 v
48 24 h
48 26 h
48 28 v
48 29 v
48 31 v
48 33 v
48 36 v
48 41 v
48 42 h
48 45 v
48 46 h
48 48 h
48 50 v
48 52 h
48 53 h
48 54 v
48 55 h
48 56 h
48 57 v
48 59 v
48 60 h
48 61 h
48 63 h
48 64 h
48 65 v
48 66 h
48 67 v
48 69 h
48 78 h
48 80 v
48 82 v
48 84 v
48 88 v
48 89 v
48 90 h
48 94 v
48 95 v
48 99 v
49 2 v
49 4 v
49 5 v
49 8 v
49 9 v
49 12 v
49 16 v
49 19 v
49 20 v
49 22 v
49 24 v
49 28 v
49 33 v
49 34 v
49 36 v
49 38 v
49 41 v
49 42 v
49 43 v
49 47 v
49 50 v
49 51 v
49 52 v
49 53 v
49 54 v
49 55 v
49 59 v
49 60 v
49 61 v
49 62 v
49 63 v
49 67 v
49 68 v
49 70 v
49 74 v
49 77 v
49 82 v
49 83 v
49 84 v
49 88 v
49 90 v
49 92 v
49 95 v
49 96 v
49 97 v
49 99 v
49 100 v
50 1 h
50 2 v
50 3 v
50 4 h
50 6 h
50 7 v
50 11 v
50 19 v
50 20 v
50 21 v
50 23 h
50 25 v
50 27 v
50 29 v
50 30 v
50 35 v
50 40 v
50 42 h
50 43 v
50 45 v
50 46 h
50 49 v
50 51 v
50 55 h
50 56 h
50 57 v
50 59 h
50 60 v
50 67 v
50 69 v
50 75 v
50 79 v
50 80 v
50 81 v
50 82 v
50 83 v
50 84 h
50 85 v
50 86 v
50 88 v
50 89 v
50 90 v
50 92 v
50 95 v
50 96 v
50 98 v
50 99 v
51 2 v
51 5 v
51 6 h
51 7 v
51 9 v
51 10 h
51 11 h
51 13 h
51 14 h
51 16 v
51 20 v
51 21 v
51 27 v
51 28 v
51 29 h
51 31 h
51 35 v
51 38 h
51 39 v
51 41 v
51 43 v
51 44 h
51 46 v
51 49 v
51 51 h
51 54 h
51 58 v
51 59 v
51 60 v
51 61 h
51 62 v
51 63 v
51 66 v
51 69 h
51 70 h
51 71 v
51 72 h
51 73 h
51 74 v
51 75 v
51 76 h
51 78 h
51 81 h
51 84 v
51 85 v
51 88 v
51 90 v
51 92 v
51 93 v
51 94 v
51 95 h
51 96 v
51 100 v
52 1 h
52 2 v
52 3 v
52 8 v
52 10 h
52 11 v
52 12 v
52 15 v
52 16 v
52 17 v
52 18 v
52 19 v
52 25 v
52 26 v
52 28 v
52 30 v
52 31 v
52 32 v
52 34 v
52 36 v
52 40 h
52 41 v
52 42 v
52 45 v
52 50 v
52 51 v
52 54 v
52 55 v
52 57 v
52 59 v
52 65 v
52 66 v
52 68 v
52 72 v
52 77 v
52 78 v
52 80 v
52 81 v
52 83 v
52 84 v
52 85 v
52 88 v
52 90 v
52 91 v
52 94 v
52 95 v
52 96 v
52 98 v
52 99 v
52 100 v
53 1 h
53 2 v
53 3 h
53 4 v
53 8 v
53 10 h
53 12 h
53 13 h
53 16 h
53 17 v
53 18 v
53 22 h
53 23 h
53 28 v
53 29 h
53 30 h
53 32 v
53 33 v
53 34 h
53 35 v
53 36 h
53 37 h
53 38 h
53 39 h
53 41 h
53 42 h
53 46 h
53 47 v
53 54 h
53 55 v
53 56 h
53 57 h
53 58 h
53 59 h
53 61 h
53 62 h
53 64 h
53 68 h
53 71 h
53 72 h
53 73 h
53 74 v
53 78 v
53 82 v
53 83 h
53 85 h
53 89 v
53 90 h
53 91 h
53 92 v
53 93 v
53 95 h
53 96 v
53 97 h
53 98 v
53 99 h
53 100 v
54 2 v
54 3 v
54 4 v
54 5 h
54 6 h
54 7 h
54 8 v
54 9 v
54 12 h
54 13 h
54 14 h
54 17 v
54 19 h
54 21 v
54 22 h
54 24 v
54 25 v
54 26 v
54 28 v
54 29 v
54 32 h
54 34 h
54 35 h
54 37 h
54 38 h
54 39 h
54 40 h
54 41 h
54 42 h
54 46 v
54 47 h
54 49 h
54 51 v
54 54 v
54 57 h
54 59 v
54 62 h
54 63 v
54 67 v
54 69 h
54 70 h
54 71 v
54 72 h
54 74 v
54 75 h
54 78 v
54 79 v
54 80 v
54 81 v
54 82 v
54 86 h
54 88 v
54 89 v
54 90 h
54 91 v
54 94 v
54 95 h
54 96 v
54 97 h
54 100 v
55 1 h
55 2 h
55 5 v
55 8 v
55 9 v
55 10 h
55 11 h
55 14 h
55 15 v
55 16 h
55 20 v
55 21 v
55 25 h
55 26 v
55 28 v
55 31 h
55 32 h
55 33 v
55 34 h
55 37 h
55 41 h
55 43 h
55 44 v
55 45 v
55 47 v
55 54 h
55 55 h
55 57 v
55 59 v
55 62 h
55 63 h
55 64 h
55 66 v
55 69 v
55 70 h
55 71 v
55 73 v
55 74 v
55 75 v
55 78 v
55 79 h
55 82 v
55 85 v
55 86 v
55 92 h
55 94 v
55 96 v
55 97 v
55 99 v
55 100 v
56 3 v
56 4 h
56 5 v
56 6 h
56 7 h
56 9 h
56 10 h
56 11 h
56 12 h
56 14 h
56 15 v
56 17 v
56 18 v
56 20 v
56 24 h
56 26 v
56 28 h
56 29 v
56 31 h
56 33 h
56 35 v
56 36 h
56 37 h
56 38 h
56 39 h
56 41 v
56 42 h
56 43 h
56 44 h
56 45 h
56 48 h
56 50 v
56 51 h
56 54 h
56 55 h
56 56 h
56 57 h
56 58 h
56 59 h
56 60 h
56 62 h
56 64 h
56 65 v
56 66 h
56 67 h
56 70 h
56 74 v
56 76 h
56 77 h
56 78 v
56 79 h
56 82 h
56 84 h
56 85 h
56 87 v
56 89 h
56 90 h
56 91 v
56 92 h
56 93 h
56 96 v
56 97 h
56 98 h
56 99 h
57 2 h
57 3 h
57 6 h
57 10 h
57 11 h
57 12 h
57 13 h
57 14 h
57 16 h
57 17 v
57 19 v
57 20 v
57 21 v
57 24 h
57 25 h
57 26 h
57 27 v
57 28 v
57 29 h
57 30 h
57 31 h
57 33 v
57 35 v
57 39 h
57 41 h
57 42 h
57 45 h
57 46 h
57 47 v
57 49 v
57 51 v
57 53 h
57 57 v
57 59 h
57 60 v
57 61 h
57 62 h
57 63 h
57 65 v
57 66 v
57 67 v
57 72 h
57 73 h
57 74 v
57 75 v
57 76 h
57 78 v
57 84 v
57 85 v
57 87 h
57 89 h
57 90 v
57 91 v
57 96 v
57 97 h
57 98 v
57 99 h
58 1 h
58 2 v
58 8 v
58 9 v
58 11 v
58 14 v
58 15 v
58 22 v
58 25 v
58 27 v
58 31 v
58 32 v
58 33 v
58 34 h
58 35 v
58 36 v
58 37 v
58 73 v
58 74 v
58 75 v
58 76 h
58 77 v
58 80 v
58 81 v
58 83 v
58 89 v
58 92 v
58 96 v
58 97 v
58 98 v
58 99 v
58 100 v
59 3 h
59 6 h
59 7 h
59 9 h
59 10 h
59 12 h
59 14 h
59 16 h
59 17 h
59 18 h
59 19 v
59 24 v
59 30 h
59 31 h
59 32 h
59 35 v
59 37 h
59 73 v
59 74 h
59 76 h
59 77 h
59 81 v
59 82 h
59 83 h
59 84 h
59 88 h
59 89 v
59 91 h
59 93 h
59 97 h
59 98 h
60 1 h
60 2 h
60 4 h
60 6 h
60 7 h
60 8 v
60 9 v
60 10 h
60 13 h
60 14 h
60 15 v
60 18 v
60 19 v
60 20 v
60 21 h
60 22 h
60 23 h
60 25 h
60 26 h
60 27 v
60 28 h
60 29 h
60 31 h
60 33 v
60 35 v
60 36 h
60 37 h
60 74 v
60 77 h
60 78 h
60 79 v
60 82 v
60 85 v
60 87 v
60 89 v
60 90 h
60 91 h
60 92 h
60 94 v
60 97 v
60 98 v
60 100 v
61 5 v
61 6 h
61 11 v
61 12 h
61 16 v
61 19 v
61 22 v
61 23 h
61 26 v
61 28 v
61 29 v
61 32 v
61 33 v
61 34 h
61 36 v
61 73 v
61 74 v
61 76 h
61 77 v
61 79 v
61 81 v
61 82 v
61 85 v
61 88 v
61 89 v
61 93 v
61 94 v
61 95 v
61 96 v
61 98 v
61 99 v
62 5 v
62 6 h
62 7 v
62 8 v
62 9 v
62 11 h
62 13 h
62 15 v
62 18 v
62 19 v
62 20 v
62 22 h
62 24 v
62 27 h
62 30 h
62 32 h
62 34 h
62 35 v
62 37 h
62 74 v
62 76 h
62 77 v
62 80 v
62 81 v
62 82 v
62 83 v
62 88 v
62 89 v
62 90 v
62 92 v
62 94 v
62 95 v
62 96 h
62 97 v
62 98 v
62 99 v
62 100 v
63 1 h
63 5 h
63 9 v
63 12 h
63 15 v
63 16 h
63 17 v
63 18 h
63 21 v
63 23 h
63 24 h
63 27 h
63 28 v
63 30 h
63 31 h
63 33 v
63 35 v
63 36 v
63 37 v
63 73 v
63 74 v
63 76 h
63 77 h
63 78 v
63 80 v
63 81 v
63 82 v
63 84 h
63 85 v
63 87 h
63 88 v
63 89 h
63 94 v
63 95 h
63 96 h
63 98 h
64 1 h
64 2 h
64 4 h
64 5 h
64 6 h
64 7 h
64 8 h
64 9 h
64 12 h
64 15 v
64 17 v
64 18 v
64 19 h
64 23 h
64 24 h
64 25 v
64 27 v
64 28 h
64 30 v
64 31 h
64 33 v
64 34 h
64 36 h
64 73 v
64 74 v
64 75 v
64 76 h
64 78 h
64 79 v
64 81 v
64 82 h
64 85 v
64 89 v
64 92 h
64 95 h
64 96 h
64 98 v
64 99 v
65 4 h
65 7 v
65 11 h
65 13 h
65 14 h
65 18 v
65 20 v
65 21 v
65 22 h
65 23 h
65 25 v
65 26 v
65 27 v
65 30 v
65 32 v
65 35 v
65 36 v
65 74 v
65 75 v
65 77 v
65 78 h
65 82 v
65 83 v
65 84 h
65 85 v
65 87 v
65 88 v
65 91 v
65 92 v
65 96 v
65 97 v
65 100 v
66 2 h
66 3 h
66 6 h
66 8 h
66 9 v
66 10 h
66 13 h
66 14 h
66 15 h
66 17 v
66 18 v
66 25 h
66 27 v
66 30 h
66 31 h
66 33 h
66 34 h
66 73 v
66 74 h
66 77 v
66 78 v
66 79 h
66 81 h
66 82 v
66 83 v
66 84 v
66 87 h
66 88 h
66 92 h
66 93 h
66 94 v
66 98 h
66 99 h
66 100 v
67 1 h
67 2 v
67 3 h
67 9 v
67 12 h
67 13 h
67 14 h
67 15 v
67 17 v
67 19 v
67 20 v
67 21 v
67 22 h
67 23 v
67 24 h
67 25 v
67 29 v
67 31 h
67 32 h
67 34 h
67 35 v
67 73 v
67 75 v
67 77 h
67 78 v
67 79 v
67 82 v
67 83 v
67 84 v
67 85 v
67 92 h
67 94 v
67 98 v
67 100 v
68 3 h
68 5 h
68 6 h
68 7 h
68 8 h
68 9 v
68 10 h
68 11 h
68 12 h
68 13 h
68 15 h
68 18 h
68 20 v
68 21 h
68 28 h
68 29 h
68 32 h
68 34 h
68 35 v
68 73 v
68 74 h
68 75 v
68 76 h
68 77 v
68 81 h
68 82 h
68 84 h
68 86 h
68 87 h
68 89 v
68 91 v
68 92 h
68 93 h
68 94 v
68 99 h
68 100 v
69 2 v
69 5 v
69 7 v
69 8 v
69 11 v
69 13 h
69 14 v
69 15 v
69 16 v
69 17 v
69 19 v
69 25 v
69 26 v
69 29 v
69 32 v
69 33 v
69 34 v
69 37 v
69 73 v
69 78 v
69 81 v
69 82 v
69 84 v
69 86 v
69 88 v
69 91 v
69 93 v
69 95 v
69 96 v
69 97 v
69 100 v
70 3 v
70 4 h
70 5 v
70 7 v
70 9 v
70 10 h
70 11 h
70 12 v
70 17 v
70 18 v
70 19 h
70 21 v
70 22 v
70 27 v
70 28 v
70 31 h
70 32 h
70 34 h
70 37 v
70 73 v
70 74 v
70 76 h
70 80 v
70 81 v
70 82 v
70 84 h
70 85 v
70 87 v
70 88 v
70 92 v
70 97 h
71 1 h
71 3 h
71 4 h
71 5 v
71 9 v
71 10 h
71 11 h
71 15 v
71 18 v
71 19 h
71 22 v
71 24 h
71 25 h
71 26 v
71 32 v
71 36 v
71 73 v
71 74 v
71 75 v
71 77 v
71 78 h
71 84 h
71 88 v
71 93 v
71 95 h
71 96 v
71 98 v
71 100 v
72 1 h
72 2 v
72 7 v
72 9 v
72 13 h
72 15 v
72 16 v
72 21 v
72 23 h
72 33 v
72 34 h
72 37 v
72 73 v
72 74 v
72 77 v
72 79 v
72 82 v
72 83 v
72 84 v
72 85 v
72 88 v
72 91 v
72 95 v
72 96 v
72 97 v
72 98 v
72 100 v
73 2 v
73 5 v
73 6 h
73 8 v
73 9 v
73 11 v
73 13 h
73 15 v
73 16 v
73 18 v
73 19 v
73 20 v
73 21 v
73 22 v
73 23 v
73 25 v
73 26 v
73 28 v
73 29 v
73 30 v
73 33 v
73 73 v
73 76 v
73 77 v
73 78 v
73 80 v
73 81 v
73 85 v
73 86 v
73 87 v
73 88 v
73 94 v
73 95 v
73 97 v
74 2 h
74 4 h
74 6 h
74 8 h
74 11 h
74 12 v
74 13 h
74 14 h
74 16 h
74 17 v
74 20 v
74 22 h
74 24 h
74 25 h
74 26 v
74 29 h
74 31 h
74 34 h
74 37 h
74 77 h
74 78 h
74 82 h
74 83 h
74 84 v
74 86 h
74 88 v
74 90 h
74 91 h
74 92 h
74 93 h
74 94 v
74 98 h
74 100 h
75 3 h
75 5 h
75 6 h
75 7 h
75 8 v
75 9 h
75 13 h
75 15 h
75 18 h
75 22 h
75 23 h
75 25 h
75 26 h
75 32 h
75 33 v
75 34 h
75 35 h
75 37 h
75 73 v
75 74 v
75 80 h
75 85 v
75 86 h
75 87 v
75 88 h
75 89 h
75 92 h
75 93 v
75 94 v
75 95 v
75 97 v
75 98 h
75 99 h
75 100 v
76 2 v
76 4 h
76 5 v
76 6 h
76 7 v
76 15 v
76 19 v
76 20 v
76 21 v
76 22 v
76 24 v
76 25 v
76 26 v
76 32 h
76 35 v
76 36 v
76 37 h
76 73 v
76 75 v
76 76 h
76 78 h
76 79 v
76 83 v
76 85 v
76 89 v
76 93 v
76 95 h
76 96 v
76 97 v
76 99 v
77 2 v
77 10 h
77 16 v
77 17 v
77 21 v
77 25 v
77 32 h
77 37 v
77 73 v
77 74 v
77 75 v
77 77 v
77 79 v
77 81 v
77 83 v
77 84 v
77 86 v
77 87 v
77 90 v
77 91 v
77 92 v
77 95 v
77 96 v
77 98 v
78 2 h
78 5 h
78 9 h
78 11 h
78 14 h
78 15 h
78 16 h
78 17 v
78 18 v
78 19 h
78 20 v
78 21 h
78 28 h
78 29 h
78 32 h
78 33 v
78 35 v
78 36 v
78 73 v
78 77 h
78 78 h
78 80 h
78 81 h
78 84 h
78 85 v
78 86 v
78 88 v
78 89 h
78 90 h
78 92 h
78 93 v
78 94 v
78 95 h
78 99 h
78 100 v
79 1 h
79 2 h
79 3 v
79 4 h
79 5 h
79 6 h
79 8 v
79 10 h
79 11 h
79 13 h
79 14 v
79 16 v
79 18 v
79 20 v
79 21 h
79 23 h
79 28 v
79 31 h
79 32 h
79 36 v
79 74 v
79 75 v
79 77 h
79 78 h
79 79 h
79 82 v
79 84 v
79 85 h
79 86 v
79 88 v
79 89 v
79 90 h
79 91 v
79 93 v
79 94 v
79 95 v
79 96 h
79 98 h
79 99 v
80 1 h
80 2 v
80 4 h
80 5 h
80 7 h
80 17 v
80 18 v
80 19 v
80 21 h
80 24 v
80 26 h
80 27 v
80 30 h
80 31 h
80 32 h
80 33 v
80 34 h
80 37 h
80 73 v
80 74 h
80 75 v
80 79 v
80 81 v
80 82 v
80 84 h
80 86 v
80 87 h
80 89 v
80 90 h
80 91 v
80 94 v
80 98 v
80 99 v
80 100 v
81 2 h
81 3 h
81 5 h
81 6 h
81 10 h
81 11 h
81 12 h
81 13 h
81 14 h
81 18 h
81 20 h
81 21 h
81 22 h
81 23 h
81 28 h
81 29 h
81 30 h
81 31 h
81 32 h
81 33 v
81 35 h
81 37 h
81 73 v
81 78 h
81 79 h
81 84 h
81 86 h
81 88 h
81 91 v
81 92 h
81 93 h
81 95 h
81 97 h
81 98 h
82 1 h
82 3 v
82 4 v
82 5 v
82 8 v
82 10 h
82 12 h
82 13 h
82 14 v
82 16 v
82 18 v
82 22 v
82 23 v
82 26 h
82 27 v
82 30 v
82 31 h
82 32 v
82 36 v
82 37 v
82 76 h
82 77 v
82 80 v
82 82 v
82 83 v
82 84 v
82 86 v
82 88 v
82 89 v
82 91 v
82 93 v
82 94 v
82 95 v
82 98 v
82 99 v
82 100 v
83 1 h
83 5 v
83 8 v
83 9 v
83 10 h
83 11 h
83 14 h
83 15 v
83 16 v
83 21 v
83 27 v
83 30 h
83 31 h
83 32 v
83 33 v
83 37 h
83 73 v
83 74 v
83 75 v
83 77 v
83 78 h
83 79 v
83 80 v
83 81 h
83 87 v
83 89 v
83 90 v
83 91 v
83 93 v
83 95 v
83 96 v
83 98 v
84 2 v
84 3 h
84 4 h
84 9 v
84 10 h
84 11 v
84 12 h
84 15 v
84 16 v
84 19 v
84 20 v
84 21 h
84 22 h
84 24 v
84 25 h
84 26 v
84 28 h
84 29 v
84 33 v
84 35 h
84 36 h
84 73 v
84 75 v
84 78 h
84 79 h
84 80 v
84 86 v
84 89 v
84 90 h
84 91 v
84 94 v
84 95 h
84 100 v
85 3 v
85 4 h
85 6 h
85 7 h
85 9 h
85 10 h
85 12 h
85 13 h
85 14 h
85 16 h
85 17 v
85 20 h
85 21 h
85 22 h
85 25 h
85 27 v
85 31 h
85 37 h
85 73 v
85 74 h
85 75 v
85 78 h
85 79 v
85 81 h
85 83 h
85 85 v
85 86 h
85 88 h
85 90 h
85 99 v
86 1 h
86 6 h
86 7 h
86 11 h
86 12 h
86 13 h
86 14 h
86 16 h
86 17 v
86 18 h
86 19 h
86 21 h
86 27 h
86 29 h
86 30 h
86 32 h
86 34 h
86 73 v
86 74 v
86 76 h
86 77 v
86 79 v
86 81 h
86 84 h
86 85 h
86 86 h
86 88 v
86 89 v
86 94 v
86 99 h
87 2 v
87 4 v
87 5 v
87 7 v
87 9 v
87 11 v
87 13 v
87 16 v
87 19 v
87 20 v
87 21 v
87 28 v
87 33 v
87 37 v
87 73 v
87 74 v
87 77 v
87 78 v
87 79 h
87 80 v
87 81 v
87 82 v
87 83 v
87 88 v
87 90 v
87 93 v
87 94 v
87 95 v
87 96 v
87 97 v
87 98 v
87 99 v
87 100 v
88 2 v
88 3 v
88 4 h
88 11 h
88 15 v
88 16 v
88 17 v
88 19 v
88 20 v
88 22 v
88 23 h
88 25 v
88 27 v
88 28 v
88 31 h
88 33 v
88 35 v
88 36 v
88 37 h
88 74 v
88 75 v
88 77 v
88 78 v
88 79 v
88 80 v
88 83 v
88 84 h
88 85 v
88 87 h
88 89 v
88 94 v
88 96 v
88 97 h
88 99 v
89 6 h
89 8 h
89 9 h
89 12 h
89 16 h
89 18 h
89 19 h
89 20 h
89 21 h
89 22 h
89 24 h
89 26 h
89 27 h
89 29 h
89 32 h
89 35 h
89 36 h
89 37 h
89 73 v
89 75 h
89 76 h
89 77 h
89 80 h
89 81 h
89 82 h
89 84 h
89 87 h
89 89 h
89 91 h
89 92 h
89 93 h
89 97 v
90 1 h
90 5 v
90 6 h
90 7 h
90 8 v
90 11 h
90 13 h
90 16 h
90 17 v
90 18 v
90 19 h
90 21 h
90 22 h
90 24 h
90 29 h
90 30 h
90 31 h
90 32 h
90 34 h
90 36 h
90 37 h
90 73 v
90 74 v
90 79 h
90 82 h
90 83 v
90 84 v
90 85 v
90 86 v
90 87 h
90 88 v
90 89 v
90 90 v
90 92 h
90 93 v
90 95 h
90 96 v
90 97 h
90 100 v
91 6 h
91 8 h
91 9 h
91 11 h
91 14 h
91 15 v
91 16 h
91 17 v
91 19 h
91 21 h
91 22 h
91 24 h
91 26 h
91 30 h
91 31 h
91 32 h
91 33 v
91 34 h
91 35 h
91 36 h
91 37 h
91 73 v
91 74 h
91 75 v
91 78 h
91 80 h
91 83 v
91 84 h
91 85 h
91 87 v
91 88 v
91 89 h
91 91 h
91 95 h
91 97 h
91 98 h
92 1 h
92 6 h
92 8 h
92 9 h
92 11 h
92 12 h
92 13 h
92 15 v
92 16 h
92 17 v
92 20 v
92 22 h
92 23 h
92 25 h
92 26 h
92 27 h
92 30 h
92 31 h
92 32 h
92 35 h
92 36 v
92 75 v
92 77 h
92 80 h
92 81 h
92 82 h
92 84 h
92 85 h
92 89 v
92 92 v
92 93 h
92 95 h
92 99 h
93 1 h
93 6 h
93 7 h
93 9 h
93 10 h
93 12 h
93 14 h
93 17 h
93 18 v
93 19 h
93 21 h
93 22 h
93 24 h
93 26 h
93 27 h
93 30 h
93 31 h
93 32 h
93 74 h
93 76 h
93 79 h
93 81 h
93 82 h
93 84 h
93 88 h
93 90 h
93 91 h
93 92 v
93 93 h
93 94 h
93 95 h
93 96 h
93 97 h
93 98 v
93 99 h
93 100 h
94 6 h
94 8 h
94 9 h
94 10 h
94 12 h
94 20 h
94 22 h
94 23 h
94 26 h
94 27 h
94 30 h
94 33 v
94 34 h
94 35 v
94 36 h
94 74 v
94 75 v
94 81 v
94 85 v
94 86 h
94 87 v
94 88 v
94 89 h
94 91 v
94 92 h
94 93 h
94 94 h
94 97 v
94 98 v
94 99 v
94 100 v
95 2 h
95 6 h
95 8 h
95 9 h
95 13 h
95 14 h
95 15 v
95 17 v
95 20 v
95 21 h
95 22 h
95 23 h
95 25 h
95 26 h
95 29 h
95 30 h
95 33 v
95 34 h
95 35 h
95 37 h
95 73 v
95 76 h
95 77 v
95 79 h
95 80 h
95 82 h
95 84 h
95 87 h
95 88 v
95 89 h
95 90 h
95 93 h
95 94 v
95 95 h
95 96 h
95 97 h
96 1 h
96 4 h
96 5 h
96 7 h
96 8 v
96 10 h
96 14 h
96 16 h
96 17 v
96 20 v
96 21 h
96 27 v
96 29 v
96 30 h
96 31 h
96 32 h
96 33 v
96 35 v
96 73 v
96 75 v
96 77 h
96 78 h
96 80 h
96 83 h
96 84 v
96 85 h
96 90 h
96 91 v
96 92 h
96 93 v
96 94 v
96 95 h
96 98 v
97 1 h
97 2 h
97 3 h
97 5 h
97 6 h
97 7 h
97 9 h
97 10 h
97 13 h
97 14 h
97 16 h
97 19 h
97 25 h
97 26 h
97 27 h
97 33 v
97 34 h
97 35 h
97 36 h
97 37 h
97 73 v
97 74 v
97 76 h
97 82 h
97 84 h
97 85 h
97 86 h
97 88 h
97 89 v
97 90 h
97 96 v
97 99 h
97 100 v
98 2 v
98 5 v
98 9 v
98 11 v
98 12 v
98 13 v
98 14 v
98 15 v
98 16 v
98 17 v
98 18 v
98 19 v
98 21 v
98 22 v
98 23 v
98 24 v
98 27 v
98 28 v
98 29 v
98 31 v
98 32 v
98 33 v
98 73 v
98 74 v
98 75 v
98 77 v
98 81 v
98 83 v
98 84 v
98 87 v
98 89 v
98 90 v
98 91 v
98 93 v
98 96 v
98 97 v
98 99 v
98 100 v
99 2 h
99 5 h
99 10 h
99 12 h
99 13 h
99 14 h
99 15 h
99 17 v
99 18 v
99 21 h
99 22 h
99 25 h
99 27 h
99 28 h
99 30 h
99 31 h
99 34 h
99 35 v
99 73 v
99 74 h
99 76 h
99 78 h
99 79 h
99 80 h
99 81 h
99 83 h
99 85 h
99 86 h
99 88 h
99 92 v
99 94 h
99 95 h
99 97 h
99 98 v
99 99 h
99 100 h
100 1 h
100 3 h
100 7 h
100 8 v
100 9 h
100 11 h
100 13 h
100 14 h
100 15 v
100 17 h
100 18 h
100 19 v
100 22 v
100 23 h
100 24 h
100 26 h
100 27 h
100 28 h
100 31 h
100 32 h
100 33 v
100 35 h
100 36 h
100 73 v
100 75 h
100 77 h
100 78 v
100 80 h
100 81 v
100 84 h
100 85 h
100 86 h
100 87 h
100 88 v
100 90 h
100 91 h
100 93 h
100 94 v
100 96 h
100 98 v
