3843852.919031
3806201
1 1 h
1 2 h
1 3 h
1 6 h
1 7 h
1 8 v
1 9 h
1 10 h
1 13 h
1 14 h
1 16 h
1 17 h
1 18 h
1 19 h
1 20 h
1 21 h
1 22 h
1 23 h
1 26 v
1 27 h
1 28 h
1 29 h
1 31 h
1 33 v
1 34 h
1 35 h
1 41 h
1 43 h
1 47 v
1 48 h
1 50 h
1 51 h
1 53 v
1 55 h
1 56 h
1 57 h
1 61 h
1 63 h
1 65 h
1 66 h
1 67 v
1 70 h
1 73 h
1 74 h
1 78 h
1 79 v
1 81 h
1 85 v
1 87 v
1 89 h
1 90 h
1 91 h
1 93 h
1 94 h
1 95 v
1 96 v
1 97 v
1 98 h
1 100 v
2 1 v
2 2 h
2 3 v
2 4 h
2 5 h
2 6 v
2 7 v
2 8 v
2 10 v
2 12 v
2 13 h
2 14 h
2 17 h
2 18 h
2 20 v
2 21 h
2 22 h
2 25 h
2 28 h
2 30 h
2 33 h
2 34 v
2 36 h
2 38 h
2 39 v
2 41 v
2 42 h
2 44 h
2 49 h
2 50 h
2 55 h
2 59 v
2 61 h
2 64 h
2 65 h
2 66 h
2 70 h
2 71 v
2 72 v
2 73 h
2 76 v
2 78 h
2 80 h
2 81 v
2 82 v
2 83 v
2 86 h
2 89 h
2 90 h
2 92 h
2 93 h
2 95 v
2 96 h
3 2 h
3 7 v
3 8 v
3 11 h
3 13 v
3 14 h
3 15 h
3 16 v
3 17 v
3 19 v
3 22 h
3 23 h
3 26 v
3 28 h
3 30 v
3 31 h
3 32 v
3 34 v
3 35 v
3 38 h
3 39 h
3 40 h
3 41 v
3 43 h
3 45 h
3 48 h
3 51 v
3 52 v
3 55 h
3 56 h
3 57 h
3 58 v
3 62 h
3 65 h
3 68 h
3 74 h
3 76 h
3 77 h
3 78 v
3 79 v
3 80 h
3 81 v
3 83 v
3 85 h
3 91 h
3 93 h
3 94 h
3 95 h
3 99 h
3 100 v
4 3 v
4 8 v
4 9 h
4 13 v
4 15 v
4 18 v
4 20 v
4 24 v
4 25 h
4 27 v
4 29 h
4 31 h
4 38 h
4 47 v
4 49 h
4 51 h
4 52 v
4 53 v
4 56 h
4 57 h
4 59 h
4 62 h
4 64 v
4 65 h
4 66 h
4 68 h
4 69 h
4 71 v
4 72 v
4 76 v
4 78 h
4 79 v
4 80 h
4 82 v
4 83 v
4 86 h
4 87 v
4 89 h
4 93 h
4 95 h
4 96 h
4 98 v
4 99 v
5 2 v
5 6 v
5 10 v
5 11 v
5 12 v
5 17 v
5 20 v
5 22 v
5 23 v
5 25 v
5 27 v
5 28 v
5 30 h
5 31 v
5 35 v
5 37 v
5 38 h
5 41 h
5 43 v
5 46 v
5 51 v
5 52 v
5 53 v
5 55 v
5 57 v
5 62 h
5 63 v
5 64 v
5 66 v
5 68 v
5 71 v
5 76 h
5 77 v
5 78 v
5 80 v
5 81 h
5 84 v
5 85 v
5 87 v
5 88 v
5 94 h
5 96 h
5 99 v
5 100 v
6 9 v
6 12 v
6 16 v
6 18 v
6 22 v
6 25 v
6 26 v
6 28 v
6 29 v
6 30 v
6 31 h
6 32 v
6 33 v
6 36 v
6 38 h
6 39 v
6 43 h
6 45 v
6 46 v
6 47 v
6 50 v
6 51 v
6 55 v
6 58 v
6 59 v
6 61 v
6 64 v
6 73 h
6 75 v
6 76 v
6 80 v
6 83 v
6 88 v
6 95 v
6 96 v
6 97 v
7 4 h
7 5 h
7 10 v
7 11 v
7 12 v
7 13 v
7 15 v
7 17 v
7 18 h
7 19 h
7 20 v
7 21 h
7 25 v
7 26 v
7 27 v
7 31 h
7 32 h
7 34 h
7 36 h
7 37 h
7 38 h
7 42 h
7 43 h
7 45 h
7 47 v
7 48 h
7 49 h
7 50 h
7 51 h
7 53 h
7 56 h
7 58 v
7 59 h
7 61 v
7 62 h
7 63 h
7 64 h
7 65 h
7 68 h
7 70 h
7 71 v
7 72 v
7 73 h
7 75 h
7 76 h
7 78 h
7 79 h
7 80 h
7 84 v
7 86 v
7 87 v
7 89 h
7 90 h
7 91 h
7 93 h
7 95 h
7 97 h
7 99 h
7 100 v
8 1 v
8 4 h
8 6 v
8 10 v
8 12 v
8 13 v
8 15 v
8 18 h
8 19 v
8 20 v
8 21 h
8 23 v
8 24 v
8 26 v
8 27 v
8 28 h
8 29 h
8 31 h
8 33 v
8 35 v
8 37 v
8 38 h
8 39 v
8 41 v
8 42 h
8 43 h
8 44 v
8 51 v
8 56 v
8 58 v
8 65 h
8 66 h
8 69 h
8 71 v
8 72 v
8 74 h
8 75 h
8 76 v
8 77 v
8 84 h
8 85 v
8 86 v
8 87 v
8 88 v
8 90 v
8 91 v
8 94 v
8 96 v
8 97 v
8 100 v
9 2 h
9 4 h
9 5 h
9 8 h
9 10 h
9 11 h
9 12 h
9 15 v
9 17 h
9 18 h
9 19 h
9 20 h
9 22 v
9 23 h
9 25 v
9 26 v
9 30 h
9 31 h
9 35 v
9 36 v
9 37 h
9 41 h
9 43 h
9 45 h
9 46 h
9 47 v
9 48 h
9 49 h
9 52 v
9 53 v
9 56 h
9 59 v
9 61 h
9 62 h
9 63 h
9 64 h
9 66 h
9 68 h
9 70 h
9 72 v
9 73 h
9 74 h
9 75 h
9 79 v
9 81 v
9 82 v
9 85 h
9 86 h
9 87 v
9 90 h
9 91 v
9 92 h
9 93 h
9 94 h
9 95 v
9 98 h
9 99 h
9 100 v
10 1 v
10 2 v
10 4 h
10 5 h
10 8 v
10 9 v
10 10 v
10 11 v
10 16 v
10 18 v
10 19 v
10 27 v
10 29 v
10 30 v
10 31 h
10 32 v
10 33 v
10 36 v
10 39 v
10 42 v
10 47 v
10 49 v
10 55 v
10 57 v
10 58 v
10 65 v
10 66 v
10 68 h
10 70 v
10 77 v
10 79 v
10 81 v
10 82 v
10 84 v
10 85 v
10 86 h
10 87 v
10 91 v
10 95 v
10 98 v
10 99 v
11 5 h
11 6 v
11 8 v
11 10 v
11 11 v
11 13 v
11 15 v
11 16 v
11 17 v
11 18 h
11 26 h
11 28 v
11 29 h
11 30 h
11 34 v
11 35 v
11 37 v
11 39 v
11 42 h
11 43 h
11 44 v
11 48 h
11 49 v
11 50 h
11 52 v
11 53 h
11 54 v
11 55 h
11 57 h
11 58 v
11 60 v
11 62 h
11 65 v
11 70 v
11 72 v
11 73 h
11 75 v
11 76 h
11 78 h
11 79 v
11 80 h
11 82 h
11 83 v
11 84 h
11 85 v
11 88 h
11 91 v
11 93 h
11 94 v
11 96 v
11 97 v
11 98 v
11 99 h
12 1 h
12 8 v
12 9 v
12 10 h
12 11 v
12 12 v
12 13 v
12 14 h
12 17 h
12 20 v
12 21 h
12 25 v
12 28 h
12 32 v
12 39 h
12 40 h
12 41 v
12 42 h
12 46 h
12 47 v
12 49 v
12 50 v
12 51 h
12 55 h
12 57 h
12 58 h
12 60 v
12 62 h
12 63 h
12 66 h
12 70 h
12 72 v
12 75 h
12 76 h
12 78 h
12 80 h
12 81 v
12 82 h
12 83 v
12 86 h
12 87 v
12 90 v
12 92 h
12 93 h
12 95 v
12 96 h
12 98 v
12 99 h
13 4 h
13 8 v
13 10 h
13 11 h
13 12 h
13 13 h
13 17 h
13 18 h
13 19 h
13 20 v
13 22 h
13 24 h
13 25 h
13 26 h
13 29 h
13 30 h
13 31 h
13 32 h
13 33 h
13 34 h
13 35 v
13 38 h
13 39 h
13 42 h
13 44 h
13 45 h
13 46 h
13 49 v
13 50 h
13 51 h
13 52 v
13 54 h
13 57 h
13 58 h
13 61 h
13 63 h
13 66 h
13 69 h
13 71 h
13 72 v
13 73 h
13 74 h
13 75 h
13 76 h
13 77 h
13 79 v
13 81 h
13 82 h
13 83 h
13 84 h
13 85 v
13 86 h
13 89 h
13 91 h
13 92 h
13 95 v
13 96 h
13 98 h
13 99 h
13 100 v
14 2 h
14 3 v
14 5 h
14 6 v
14 8 v
14 10 v
14 11 v
14 13 h
14 14 h
14 15 h
14 18 h
14 20 v
14 22 v
14 23 h
14 25 h
14 26 v
14 27 v
14 28 h
14 30 h
14 31 v
14 32 h
14 33 v
14 34 v
14 35 v
14 36 h
14 37 h
14 38 h
14 40 h
14 41 h
14 42 h
14 43 h
14 46 v
14 49 v
14 50 h
14 53 v
14 55 v
14 57 h
14 63 h
14 64 h
14 66 h
14 67 v
14 68 h
14 70 v
14 71 v
14 72 v
14 75 h
14 76 v
14 77 h
14 80 h
14 81 v
14 84 h
14 86 h
14 87 v
14 88 h
14 90 h
14 91 h
14 95 v
14 96 h
14 97 h
14 99 h
14 100 v
15 1 h
15 4 h
15 5 h
15 6 h
15 7 h
15 8 v
15 9 h
15 11 h
15 12 h
15 14 h
15 15 h
15 18 h
15 19 h
15 20 v
15 21 h
15 22 h
15 23 h
15 27 v
15 28 h
15 29 h
15 30 h
15 31 v
15 32 v
15 34 v
15 35 h
15 36 h
15 39 v
15 40 h
15 42 h
15 45 h
15 46 h
15 47 v
15 48 h
15 49 v
15 51 v
15 56 h
15 57 h
15 58 h
15 59 h
15 60 v
15 65 h
15 67 v
15 68 h
15 72 v
15 75 h
15 77 h
15 79 v
15 80 h
15 83 v
15 84 h
15 86 h
15 88 h
15 89 h
15 92 v
15 93 h
15 97 h
15 100 h
16 1 v
16 2 v
16 3 v
16 4 v
16 7 v
16 11 v
16 17 v
16 18 v
16 19 v
16 20 v
16 25 v
16 26 v
16 27 v
16 30 v
16 31 h
16 32 v
16 33 v
16 34 v
16 35 v
16 37 v
16 38 h
16 39 v
16 41 v
16 43 v
16 44 v
16 47 v
16 48 v
16 50 v
16 51 v
16 54 v
16 55 v
16 57 v
16 59 v
16 61 v
16 62 h
16 64 v
16 68 v
16 69 v
16 71 v
16 72 v
16 74 v
16 75 v
16 77 v
16 78 v
16 79 v
16 81 v
16 83 v
16 87 v
16 88 v
16 91 v
16 95 v
16 97 v
16 98 v
17 1 v
17 2 h
17 3 h
17 6 v
17 10 h
17 11 h
17 12 v
17 13 h
17 15 h
17 16 v
17 17 h
17 18 h
17 19 h
17 20 v
17 21 h
17 22 h
17 23 h
17 25 v
17 27 h
17 28 h
17 29 h
17 30 v
17 33 v
17 34 v
17 35 v
17 36 h
17 37 h
17 40 h
17 42 h
17 43 h
17 44 h
17 45 h
17 46 h
17 48 h
17 50 h
17 51 v
17 52 v
17 53 h
17 55 h
17 60 v
17 61 h
17 65 h
17 66 h
17 68 h
17 69 h
17 70 h
17 71 v
17 72 v
17 74 h
17 75 h
17 76 h
17 77 h
17 78 h
17 79 h
17 80 h
17 83 v
17 85 h
17 90 h
17 91 h
17 92 h
17 94 h
17 95 v
17 97 v
17 100 h
18 2 h
18 7 h
18 9 h
18 10 v
18 11 h
18 12 h
18 18 v
18 20 v
18 21 h
18 22 h
18 24 v
18 25 h
18 26 v
18 27 h
18 29 h
18 32 v
18 34 h
18 35 v
18 38 h
18 40 h
18 41 v
18 42 v
18 45 v
18 46 v
18 48 h
18 50 h
18 51 v
18 53 v
18 54 v
18 56 h
18 58 h
18 61 v
18 63 v
18 65 h
18 67 v
18 68 h
18 69 v
18 72 h
18 75 h
18 76 v
18 77 v
18 78 h
18 81 v
18 84 h
18 85 v
18 86 v
18 87 v
18 89 v
18 90 h
18 92 h
18 97 v
18 98 v
18 100 v
19 3 v
19 4 h
19 6 v
19 7 h
19 8 v
19 10 h
19 14 h
19 16 v
19 17 h
19 18 h
19 21 h
19 23 v
19 24 v
19 25 h
19 26 h
19 27 h
19 28 h
19 31 v
19 32 v
19 33 v
19 34 h
19 35 v
19 36 h
19 37 h
19 39 v
19 41 v
19 42 h
19 43 h
19 44 h
19 48 h
19 55 v
19 59 h
19 60 v
19 65 h
19 67 v
19 70 h
19 73 h
19 74 h
19 75 h
19 77 v
19 78 h
19 80 h
19 84 v
19 85 h
19 86 h
19 88 h
19 92 h
19 98 h
19 99 h
20 1 v
20 4 h
20 5 v
20 6 v
20 7 v
20 12 h
20 14 h
20 15 v
20 18 h
20 19 h
20 20 v
20 21 h
20 22 h
20 23 h
20 24 v
20 28 v
20 31 h
20 32 v
20 33 v
20 34 v
20 35 v
20 36 h
20 37 v
20 38 h
20 40 h
20 41 v
20 42 h
20 45 h
20 49 v
20 50 h
20 53 v
20 55 h
20 56 h
20 58 v
20 61 h
20 62 h
20 63 h
20 64 h
20 67 v
20 71 v
20 73 h
20 76 v
20 77 h
20 78 h
20 80 h
20 81 v
20 82 h
20 83 h
20 84 h
20 85 v
20 87 v
20 88 h
20 89 h
20 91 h
20 96 h
20 98 h
20 99 v
21 1 v
21 3 h
21 5 h
21 6 v
21 7 h
21 14 h
21 16 h
21 17 h
21 19 h
21 21 h
21 22 v
21 24 h
21 25 h
21 26 h
21 29 h
21 30 v
21 31 h
21 33 h
21 34 h
21 36 h
21 40 h
21 41 v
21 44 h
21 46 h
21 49 v
21 51 h
21 53 v
21 55 h
21 57 h
21 58 h
21 59 h
21 61 h
21 62 h
21 64 h
21 67 v
21 68 h
21 69 h
21 71 v
21 72 v
21 73 h
21 74 h
21 75 h
21 77 h
21 80 h
21 83 v
21 84 v
21 85 h
21 87 v
21 89 h
21 91 h
21 92 h
21 93 h
21 94 h
21 96 h
21 98 h
21 100 h
22 2 h
22 3 v
22 6 v
22 8 v
22 9 v
22 10 v
22 12 v
22 16 v
22 17 v
22 18 v
22 22 v
22 27 v
22 29 v
22 30 v
22 31 h
22 32 v
22 34 v
22 36 v
22 37 v
22 38 h
22 39 v
22 44 v
22 45 v
22 48 h
22 49 v
22 50 v
22 52 v
22 57 h
22 58 v
22 61 v
22 65 v
22 69 v
22 70 v
22 72 v
22 75 v
22 76 v
22 78 v
22 79 v
22 81 v
22 82 v
22 84 v
22 87 v
22 88 v
22 89 v
22 90 v
22 92 v
22 93 h
22 95 v
22 97 v
22 98 v
22 100 v
23 3 v
23 4 h
23 6 v
23 7 v
23 9 v
23 10 v
23 14 v
23 15 v
23 18 v
23 19 v
23 20 v
23 24 v
23 28 h
23 35 v
23 46 v
23 47 v
23 49 v
23 52 v
23 55 v
23 62 h
23 64 v
23 65 h
23 66 v
23 70 v
23 71 v
23 72 v
23 73 h
23 75 v
23 76 v
23 79 v
23 81 v
23 82 v
23 83 v
23 86 v
23 89 v
23 94 v
23 95 v
23 96 v
23 97 v
24 1 v
24 2 h
24 6 h
24 7 h
24 8 v
24 12 h
24 15 v
24 16 v
24 18 v
24 19 h
24 20 v
24 22 v
24 24 h
24 25 v
24 28 h
24 29 h
24 30 h
24 35 v
24 38 h
24 40 h
24 41 v
24 45 h
24 47 v
24 50 h
24 51 h
24 52 v
24 57 h
24 58 v
24 59 h
24 61 h
24 64 h
24 70 v
24 73 h
24 76 v
24 77 h
24 80 h
24 82 h
24 83 v
24 84 h
24 85 v
24 87 v
24 89 h
24 90 h
24 91 h
24 94 h
24 95 v
24 96 v
24 97 h
24 98 v
24 99 h
24 100 h
25 1 h
25 2 h
25 3 h
25 4 h
25 6 h
25 7 h
25 8 h
25 11 h
25 12 h
25 13 h
25 14 h
25 15 h
25 19 h
25 20 h
25 21 h
25 25 h
25 27 v
25 29 h
25 31 h
25 33 h
25 37 h
25 38 h
25 40 h
25 41 h
25 44 h
25 45 h
25 46 h
25 50 h
25 51 h
25 55 h
25 57 v
25 59 h
25 61 h
25 62 h
25 64 h
25 67 v
25 69 h
25 70 h
25 73 h
25 75 h
25 76 h
25 77 h
25 83 h
25 85 h
25 86 h
25 89 h
25 90 h
25 94 h
25 96 h
25 97 h
25 98 h
26 1 h
26 3 h
26 4 h
26 5 h
26 7 h
26 8 v
26 11 h
26 12 v
26 13 v
26 15 h
26 18 h
26 19 h
26 20 h
26 21 h
26 23 h
26 24 v
26 25 v
26 26 v
26 27 h
26 29 h
26 30 h
26 32 v
26 33 v
26 34 h
26 36 h
26 37 h
26 44 h
26 47 h
26 48 h
26 51 h
26 52 v
26 54 h
26 55 h
26 56 h
26 59 h
26 60 h
26 61 h
26 62 h
26 64 h
26 69 h
26 72 v
26 74 h
26 78 h
26 79 h
26 80 h
26 81 v
26 82 h
26 83 v
26 84 h
26 85 h
26 86 h
26 87 v
26 90 h
26 91 h
26 93 h
26 99 h
27 1 v
27 2 h
27 3 v
27 4 h
27 6 v
27 7 v
27 10 h
27 11 h
27 12 v
27 15 v
27 16 v
27 18 h
27 21 h
27 22 h
27 23 v
27 24 h
27 29 h
27 32 v
27 34 v
27 37 h
27 39 v
27 40 v
27 41 v
27 44 v
27 45 v
27 46 v
27 47 v
27 49 v
27 50 h
27 51 v
27 59 v
27 64 h
27 68 v
27 70 v
27 71 v
27 75 h
27 76 v
27 77 v
27 79 v
27 81 v
27 83 v
27 85 v
27 88 h
27 90 h
27 91 v
27 92 v
27 93 h
27 95 v
27 96 v
27 98 h
27 99 v
28 1 v
28 4 h
28 7 h
28 10 v
28 14 h
28 15 v
28 19 h
28 21 h
28 22 v
28 23 v
28 24 v
28 26 v
28 27 v
28 37 v
28 38 h
28 39 v
28 51 v
28 53 v
28 54 v
28 55 v
28 56 h
28 57 v
28 59 v
28 60 v
28 61 v
28 66 h
28 67 v
28 69 v
28 70 v
28 73 h
28 76 v
28 77 h
28 79 v
28 80 h
28 81 v
28 82 v
28 83 v
28 84 v
28 88 v
28 90 v
28 92 h
28 93 h
28 96 h
28 97 v
28 98 v
28 100 v
29 2 h
29 6 v
29 8 v
29 11 h
29 14 h
29 15 v
29 16 v
29 17 v
29 18 v
29 19 h
29 21 h
29 22 h
29 24 v
29 25 h
29 26 v
29 27 v
29 31 h
29 33 v
29 35 v
29 39 v
29 41 h
29 43 h
29 45 h
29 46 h
29 48 h
29 49 h
29 51 v
29 52 v
29 54 h
29 57 h
29 58 h
29 59 h
29 60 h
29 61 v
29 62 h
29 64 h
29 66 h
29 68 h
29 70 v
29 72 v
29 74 h
29 76 v
29 80 h
29 81 v
29 82 h
29 85 v
29 86 h
29 87 v
29 89 v
29 94 h
29 96 h
29 98 h
30 1 h
30 4 h
30 6 h
30 8 v
30 9 h
30 10 h
30 11 h
30 12 v
30 15 h
30 17 v
30 19 h
30 20 v
30 21 h
30 22 h
30 24 h
30 25 h
30 28 h
30 29 h
30 30 h
30 31 h
30 32 v
30 33 v
30 35 v
30 36 h
30 41 v
30 42 h
30 43 h
30 44 h
30 45 h
30 46 h
30 47 v
30 49 h
30 52 v
30 53 v
30 55 h
30 57 h
30 58 v
30 59 h
30 63 h
30 65 h
30 66 h
30 69 h
30 71 v
30 75 h
30 78 h
30 80 h
30 81 h
30 82 v
30 85 h
30 86 h
30 91 h
30 93 h
30 94 h
30 96 h
30 98 v
31 6 v
31 7 v
31 8 v
31 11 v
31 12 v
31 13 v
31 15 v
31 16 v
31 17 v
31 20 v
31 21 v
31 23 h
31 25 v
31 32 v
31 33 v
31 34 v
31 35 v
31 38 h
31 41 v
31 43 h
31 46 v
31 47 v
31 48 v
31 50 v
31 51 v
31 52 v
31 53 v
31 56 h
31 58 v
31 59 v
31 62 h
31 63 v
31 64 v
31 65 v
31 67 v
31 69 v
31 72 v
31 73 h
31 75 h
31 76 v
31 77 v
31 82 v
31 84 v
31 87 v
31 88 v
31 90 v
31 91 v
31 93 h
31 94 v
31 95 v
31 96 v
31 98 v
31 100 v
32 1 v
32 2 h
32 4 h
32 12 h
32 13 h
32 18 h
32 21 h
32 25 v
32 26 v
32 27 v
32 28 h
32 29 h
32 30 v
32 31 h
32 34 v
32 35 h
32 36 h
32 38 h
32 39 h
32 41 v
32 45 h
32 47 h
32 48 h
32 51 h
32 52 v
32 56 h
32 58 v
32 60 v
32 61 v
32 64 h
32 67 v
32 68 h
32 72 h
32 75 h
32 76 h
32 77 v
32 79 h
32 80 h
32 82 v
32 84 h
32 86 h
32 88 h
32 90 h
32 91 h
32 94 h
32 95 v
32 96 h
32 98 h
33 1 v
33 3 h
33 5 h
33 6 v
33 7 v
33 10 v
33 16 v
33 19 v
33 21 h
33 22 v
33 24 v
33 29 v
33 30 v
33 31 v
33 32 v
33 34 v
33 37 h
33 38 h
33 42 h
33 43 h
33 44 v
33 46 v
33 48 h
33 50 h
33 51 h
33 52 v
33 53 v
33 55 v
33 58 v
33 60 v
33 63 h
33 69 v
33 70 h
33 72 v
33 73 h
33 74 h
33 75 h
33 76 v
33 79 h
33 83 v
33 84 v
33 85 v
33 86 h
33 87 v
33 88 v
33 90 h
33 91 v
33 93 h
33 96 h
33 97 v
33 98 h
33 99 h
34 2 h
34 4 h
34 5 h
34 6 v
34 7 h
34 10 h
34 11 h
34 12 v
34 15 v
34 16 h
34 19 h
34 22 v
34 23 h
34 24 v
34 25 h
34 30 h
34 31 h
34 32 v
34 33 h
34 34 h
34 37 h
34 38 h
34 40 h
34 41 h
34 42 h
34 44 h
34 45 h
34 47 v
34 48 h
34 49 v
34 50 h
34 51 h
34 55 h
34 58 h
34 62 h
34 65 h
34 68 h
34 69 h
34 71 h
34 72 v
34 73 h
34 74 h
34 75 h
34 77 h
34 79 v
34 80 h
34 81 h
34 82 v
34 87 v
34 88 h
34 90 h
34 91 h
34 93 h
34 95 v
34 96 h
34 98 h
35 1 h
35 2 h
35 3 v
35 4 h
35 8 v
35 10 h
35 11 h
35 13 h
35 14 h
35 15 v
35 17 v
35 19 h
35 20 h
35 21 h
35 25 h
35 26 v
35 27 v
35 29 h
35 31 h
35 32 v
35 33 v
35 34 h
35 35 h
35 36 h
35 37 h
35 38 h
35 40 h
35 41 h
35 42 h
35 43 h
35 45 h
35 47 v
35 49 v
35 57 h
35 58 v
35 59 v
35 60 h
35 63 h
35 64 h
35 65 h
35 66 h
35 67 v
35 71 h
35 72 h
35 73 h
35 74 h
35 75 h
35 76 h
35 77 h
35 79 h
35 82 h
35 83 v
35 84 v
35 85 v
35 87 v
35 90 v
35 92 h
35 94 h
35 95 h
36 1 h
36 5 h
36 6 h
36 7 h
36 9 h
36 10 h
36 11 h
36 13 v
36 15 h
36 16 h
36 17 h
36 18 v
36 21 h
36 23 h
36 24 h
36 26 h
36 28 h
36 30 h
36 38 h
36 39 h
36 40 h
36 44 h
36 47 h
36 49 h
36 50 h
36 51 h
36 54 h
36 55 h
36 56 h
36 60 h
36 62 h
36 64 h
36 68 h
36 69 h
36 73 h
36 74 h
36 75 h
36 77 h
36 78 h
36 79 v
36 80 h
36 81 h
36 86 h
36 88 h
36 89 h
36 91 v
36 93 h
36 96 h
36 97 v
36 98 h
36 99 h
37 2 h
37 3 v
37 4 h
37 7 v
37 10 v
37 11 v
37 14 h
37 16 v
37 17 v
37 18 v
37 19 v
37 21 h
37 24 v
37 26 v
37 28 v
37 34 v
37 35 v
37 36 v
37 40 h
37 41 v
37 42 v
37 45 v
37 46 h
37 48 h
37 51 v
37 52 v
37 53 v
37 56 h
37 58 h
37 61 v
37 62 v
37 66 h
37 68 v
37 70 v
37 71 v
37 73 h
37 74 h
37 75 v
37 76 v
37 77 v
37 79 v
37 80 h
37 84 h
37 86 v
37 89 v
37 94 v
37 95 v
37 96 v
37 97 v
37 98 v
38 2 v
38 4 h
38 6 v
38 11 h
38 12 v
38 14 h
38 17 v
38 18 v
38 19 h
38 21 h
38 22 v
38 24 v
38 25 v
38 28 v
38 30 v
38 31 h
38 32 v
38 33 v
38 36 h
38 38 h
38 40 h
38 41 v
38 43 h
38 46 h
38 50 h
38 52 v
38 53 v
38 54 v
38 56 h
38 57 h
38 59 v
38 60 h
38 61 v
38 63 v
38 64 h
38 65 h
38 69 v
38 71 h
38 75 h
38 83 v
38 85 v
38 88 h
38 90 v
38 92 h
38 93 h
38 94 h
38 95 v
38 97 v
38 98 v
38 100 v
39 2 h
39 5 h
39 6 h
39 9 h
39 10 h
39 11 h
39 15 v
39 16 v
39 18 h
39 22 h
39 26 h
39 27 h
39 28 h
39 29 h
39 32 v
39 33 h
39 35 h
39 36 h
39 37 h
39 38 h
39 40 h
39 44 h
39 45 h
39 46 h
39 48 h
39 50 h
39 54 h
39 57 h
39 61 h
39 62 h
39 64 h
39 65 h
39 66 h
39 67 v
39 71 v
39 74 h
39 76 h
39 77 h
39 78 h
39 80 h
39 81 h
39 82 h
39 84 h
39 87 h
39 90 h
39 91 h
39 92 h
39 93 h
39 94 h
39 95 v
39 99 h
40 5 h
40 6 v
40 8 h
40 9 h
40 12 v
40 13 v
40 14 h
40 15 v
40 16 v
40 17 v
40 21 h
40 23 v
40 26 h
40 27 v
40 29 h
40 34 h
40 35 v
40 36 h
40 37 h
40 38 h
40 43 h
40 45 h
40 46 v
40 47 v
40 54 h
40 55 h
40 58 h
40 59 h
40 60 h
40 61 h
40 62 h
40 66 h
40 68 h
40 69 h
40 70 h
40 74 h
40 76 h
40 77 h
40 78 h
40 79 v
40 80 h
40 81 h
40 82 v
40 83 v
40 85 h
40 87 v
40 88 h
40 91 v
40 92 v
40 95 v
40 97 v
40 98 v
40 99 h
40 100 v
41 2 h
41 3 h
41 6 h
41 7 h
41 8 v
41 9 h
41 10 h
41 11 h
41 17 v
41 18 h
41 19 h
41 21 h
41 22 h
41 24 h
41 26 v
41 27 v
41 28 h
41 29 h
41 37 h
41 38 h
41 39 h
41 40 h
41 41 h
41 43 h
41 45 h
41 47 v
41 48 h
41 49 h
41 53 h
41 54 h
41 55 h
41 59 h
41 61 h
41 63 v
41 64 v
41 68 h
41 71 v
41 72 h
41 74 h
41 75 h
41 76 v
41 78 h
41 80 h
41 84 h
41 88 h
41 89 v
41 91 h
41 94 v
41 96 h
41 97 h
42 6 v
42 7 v
42 12 v
42 13 v
42 16 v
42 17 v
42 19 v
42 21 v
42 22 v
42 24 v
42 26 v
42 27 v
42 29 v
42 30 v
42 31 v
42 32 v
42 34 v
42 36 v
42 37 v
42 39 v
42 47 v
42 48 v
42 49 v
42 50 v
42 51 v
42 52 v
42 53 v
42 54 v
42 57 v
42 58 v
42 60 v
42 61 v
42 67 v
42 68 v
42 69 v
42 70 v
42 71 v
42 72 v
42 76 v
42 77 v
42 78 v
42 79 v
42 83 v
42 84 v
42 86 v
42 90 v
42 92 v
42 94 v
42 96 v
42 97 v
42 99 v
42 100 v
43 6 v
43 9 v
43 10 v
43 13 v
43 14 v
43 16 v
43 18 v
43 22 v
43 23 v
43 24 v
43 25 v
43 26 v
43 27 v
43 33 v
43 34 v
43 37 v
43 39 v
43 40 v
43 42 v
43 43 v
43 44 v
43 46 v
43 49 v
43 52 v
43 53 v
43 54 v
43 55 v
43 59 v
43 60 v
43 61 v
43 69 v
43 72 v
43 74 v
43 83 v
43 85 v
43 89 v
43 91 v
43 94 v
43 97 v
43 98 v
43 99 v
44 1 v
44 5 h
44 7 v
44 8 v
44 12 v
44 13 v
44 14 h
44 15 v
44 22 v
44 23 h
44 25 h
44 26 v
44 27 v
44 28 h
44 29 v
44 30 v
44 33 v
44 34 v
44 35 v
44 36 v
44 42 v
44 44 v
44 46 v
44 48 h
44 49 v
44 55 v
44 56 v
44 58 v
44 60 v
44 63 h
44 64 h
44 67 v
44 68 h
44 71 v
44 73 h
44 80 v
44 83 v
44 84 h
44 89 v
44 92 v
44 93 h
44 95 v
44 96 h
44 97 v
44 98 v
44 99 h
45 1 v
45 2 h
45 3 v
45 4 h
45 5 h
45 8 v
45 12 v
45 16 v
45 19 v
45 20 h
45 22 v
45 24 v
45 29 h
45 31 v
45 32 v
45 33 v
45 34 v
45 35 v
45 36 v
45 37 v
45 38 h
45 39 v
45 40 v
45 41 h
45 43 h
45 46 v
45 47 v
45 48 h
45 49 h
45 50 h
45 51 v
45 53 v
45 54 v
45 56 v
45 60 v
45 62 h
45 63 v
45 66 h
45 69 h
45 71 v
45 74 h
45 77 v
45 80 v
45 81 v
45 83 v
45 85 v
45 86 h
45 87 v
45 88 v
45 90 v
45 91 v
45 92 h
45 95 v
45 97 v
45 98 v
45 99 h
45 100 v
46 1 v
46 2 h
46 3 v
46 4 h
46 6 v
46 10 v
46 11 h
46 12 v
46 14 h
46 16 v
46 17 v
46 18 h
46 19 h
46 20 v
46 22 h
46 26 h
46 29 h
46 30 h
46 31 h
46 33 v
46 35 v
46 37 h
46 43 h
46 44 v
46 47 v
46 50 v
46 55 v
46 56 h
46 57 h
46 58 v
46 60 v
46 62 h
46 64 h
46 66 h
46 67 v
46 68 h
46 69 v
46 70 h
46 72 v
46 73 h
46 74 h
46 76 v
46 77 v
46 79 v
46 81 v
46 84 v
46 85 v
46 88 h
46 89 h
46 91 v
46 93 h
46 94 h
46 95 v
46 97 v
47 2 h
47 4 h
47 5 h
47 6 h
47 15 h
47 18 h
47 20 h
47 24 h
47 25 h
47 26 h
47 27 h
47 32 h
47 33 h
47 34 h
47 35 h
47 36 h
47 39 h
47 40 h
47 41 h
47 42 h
47 44 h
47 47 v
47 48 h
47 49 h
47 50 h
47 51 h
47 53 v
47 54 h
47 55 h
47 59 h
47 60 h
47 63 h
47 68 h
47 69 h
47 70 h
47 72 h
47 74 h
47 75 h
47 76 h
47 77 h
47 80 h
47 82 h
47 83 v
47 84 h
47 85 h
47 86 h
47 87 v
47 90 h
47 91 h
47 92 h
47 93 h
47 96 h
47 100 h
48 6 v
48 7 v
48 8 v
48 11 v
48 12 v
48 13 v
48 16 v
48 17 v
48 18 v
48 20 v
48 22 v
48 24 v
48 25 v
48 27 v
48 29 v
48 32 v
48 34 v
48 35 v
48 37 v
48 42 v
48 45 v
48 46 v
48 51 v
48 56 h
48 57 v
48 58 v
48 60 v
48 65 v
48 66 v
48 68 h
48 71 v
48 72 v
48 74 h
48 76 v
48 77 v
48 78 v
48 83 v
48 85 v
48 86 v
48 89 v
48 90 v
48 91 v
48 96 v
49 3 v
49 4 h
49 6 v
49 7 v
49 8 v
49 9 v
49 10 h
49 12 h
49 13 v
49 14 h
49 17 v
49 18 h
49 21 h
49 26 v
49 27 h
49 28 v
49 32 v
49 34 v
49 35 v
49 37 v
49 41 v
49 45 h
49 48 h
49 49 v
49 52 v
49 55 h
49 57 h
49 58 v
49 59 v
49 60 v
49 62 h
49 65 h
49 71 v
49 73 h
49 76 h
49 85 v
49 86 v
49 88 v
49 89 v
49 92 h
49 93 h
49 94 h
49 95 v
49 96 v
49 99 v
49 100 v
50 1 h
50 2 h
50 3 v
50 4 h
50 8 v
50 10 v
50 11 h
50 16 h
50 17 h
50 18 h
50 19 h
50 20 v
50 21 h
50 22 h
50 25 h
50 28 h
50 29 h
50 31 h
50 35 v
50 36 h
50 37 h
50 39 h
50 41 v
50 42 h
50 44 h
50 47 v
50 48 h
50 49 h
50 51 h
50 53 v
50 55 h
50 58 h
50 59 h
50 62 h
50 65 h
50 67 v
50 68 h
50 69 h
50 70 h
50 71 v
50 72 h
50 76 h
50 79 h
50 80 h
50 82 h
50 83 v
50 84 h
50 85 h
50 86 h
50 88 h
50 91 h
50 93 h
50 95 h
50 96 h
50 97 h
50 100 h
51 1 h
51 6 v
51 8 v
51 9 h
51 12 h
51 13 v
51 14 h
51 16 v
51 17 v
51 18 h
51 20 v
51 21 h
51 22 v
51 23 h
51 27 h
51 33 h
51 35 h
51 37 v
51 38 h
51 39 h
51 41 h
51 43 h
51 46 h
51 47 v
51 48 h
51 51 h
51 52 v
51 53 v
51 55 h
51 58 h
51 60 h
51 61 h
51 62 h
51 64 h
51 65 h
51 66 h
51 67 v
51 69 h
51 73 h
51 76 v
51 78 h
51 82 v
51 86 h
51 92 h
51 94 h
51 95 h
51 96 h
51 98 h
51 99 v
51 100 v
52 3 v
52 5 h
52 6 v
52 8 v
52 10 v
52 12 v
52 13 v
52 15 v
52 18 v
52 20 v
52 24 v
52 28 v
52 33 v
52 36 v
52 39 h
52 41 v
52 42 v
52 43 h
52 44 v
52 46 v
52 47 v
52 49 v
52 51 v
52 52 v
52 53 v
52 56 h
52 58 v
52 59 v
52 60 h
52 61 v
52 66 h
52 67 v
52 70 v
52 71 v
52 72 v
52 73 h
52 74 h
52 75 v
52 76 h
52 80 h
52 84 h
52 85 v
52 87 v
52 89 v
52 94 v
53 1 v
53 2 v
53 4 v
53 6 v
53 8 v
53 11 v
53 13 v
53 14 v
53 16 v
53 17 v
53 18 v
53 19 v
53 20 v
53 22 v
53 25 v
53 26 v
53 28 v
53 29 v
53 32 v
53 34 v
53 36 v
53 43 h
53 45 h
53 47 v
53 48 h
53 53 v
53 54 v
53 55 v
53 56 v
53 58 v
53 61 v
53 62 v
53 63 h
53 65 v
53 67 v
53 72 v
53 74 v
53 75 v
53 79 v
53 81 v
53 85 v
53 87 v
53 88 v
53 89 v
53 90 v
53 91 v
53 94 v
53 95 v
53 97 v
53 98 v
53 99 v
53 100 v
54 3 h
54 5 h
54 6 v
54 7 h
54 10 h
54 11 h
54 12 h
54 13 v
54 14 h
54 15 h
54 16 v
54 18 h
54 20 v
54 21 h
54 25 h
54 28 h
54 32 h
54 35 h
54 36 h
54 38 h
54 39 h
54 41 v
54 42 h
54 43 h
54 45 h
54 46 h
54 49 h
54 51 h
54 53 h
54 54 h
54 55 h
54 59 h
54 61 h
54 62 h
54 63 h
54 66 h
54 68 h
54 70 h
54 76 h
54 78 h
54 81 v
54 83 h
54 84 h
54 85 v
54 87 h
54 89 h
54 90 h
54 92 h
54 95 h
54 96 h
54 97 h
54 98 h
54 100 h
55 5 h
55 6 h
55 7 h
55 11 v
55 13 h
55 14 h
55 15 h
55 16 h
55 18 v
55 19 h
55 22 h
55 25 h
55 26 v
55 28 h
55 32 v
55 33 h
55 35 h
55 36 h
55 37 h
55 38 h
55 39 h
55 40 h
55 42 h
55 44 v
55 45 h
55 47 v
55 49 h
55 50 h
55 51 h
55 56 h
55 57 h
55 62 h
55 63 h
55 64 h
55 65 h
55 71 v
55 72 v
55 73 h
55 74 h
55 75 h
55 76 v
55 77 h
55 78 v
55 79 h
55 84 h
55 89 v
55 90 v
55 93 h
55 94 h
55 95 v
55 97 h
55 98 h
56 1 v
56 2 h
56 5 h
56 6 v
56 8 v
56 9 v
56 10 v
56 12 v
56 16 v
56 17 v
56 20 v
56 22 v
56 24 v
56 26 v
56 27 v
56 30 v
56 31 v
56 33 v
56 36 v
56 37 v
56 39 v
56 40 v
56 42 v
56 43 h
56 45 v
56 47 v
56 48 h
56 50 v
56 52 v
56 55 v
56 56 v
56 57 v
56 64 v
56 65 v
56 67 v
56 72 v
56 79 v
56 80 v
56 82 v
56 84 v
56 85 v
56 87 v
56 88 v
56 90 v
56 92 v
56 93 h
56 100 v
57 3 h
57 4 h
57 5 h
57 7 h
57 8 h
57 9 h
57 10 h
57 12 h
57 13 v
57 14 h
57 16 v
57 17 h
57 18 h
57 20 h
57 21 h
57 23 h
57 24 v
57 28 h
57 29 h
57 31 h
57 32 h
57 34 v
57 37 h
57 39 v
57 40 h
57 42 h
57 48 h
57 49 h
57 50 h
57 52 v
57 53 v
57 54 v
57 55 v
57 58 h
57 59 h
57 60 h
57 64 h
57 65 h
57 67 h
57 68 h
57 69 v
57 70 v
57 71 v
57 74 h
57 76 h
57 77 h
57 81 h
57 83 v
57 87 v
57 88 v
57 89 h
57 90 h
57 92 h
57 93 h
57 94 v
57 96 h
57 97 h
57 99 v
58 3 v
58 5 h
58 6 v
58 7 v
58 8 v
58 9 h
58 12 h
58 13 v
58 14 h
58 15 h
58 16 v
58 17 v
58 18 h
58 19 h
58 21 h
58 24 v
58 25 h
58 27 v
58 28 h
58 31 h
58 37 h
58 41 v
58 45 h
58 49 v
58 52 v
58 53 v
58 54 v
58 56 h
58 58 v
58 60 v
58 61 h
58 62 h
58 65 h
58 66 h
58 67 v
58 68 h
58 70 v
58 72 v
58 73 h
58 76 h
58 78 h
58 79 v
58 81 v
58 82 h
58 83 h
58 86 h
58 87 v
58 88 v
58 90 v
58 92 h
58 93 h
58 94 h
58 97 v
58 98 v
58 99 h
58 100 v
59 1 v
59 2 h
59 3 v
59 5 h
59 8 v
59 9 h
59 10 v
59 11 v
59 13 v
59 14 h
59 15 v
59 17 v
59 18 h
59 20 h
59 22 v
59 23 v
59 24 h
59 28 h
59 31 h
59 33 h
59 35 v
59 37 h
59 38 h
59 40 h
59 41 h
59 43 h
59 45 h
59 46 h
59 47 v
59 50 h
59 52 v
59 54 h
59 55 v
59 56 h
59 57 h
59 58 v
59 59 h
59 63 h
59 66 h
59 67 v
59 68 h
59 70 h
59 71 h
59 72 v
59 73 h
59 75 h
59 80 h
59 81 v
59 85 v
59 88 h
59 89 v
59 91 h
59 92 h
59 93 h
59 95 h
59 97 v
59 99 h
60 2 h
60 3 h
60 6 v
60 8 v
60 11 v
60 12 v
60 13 v
60 15 v
60 16 h
60 17 v
60 18 v
60 20 v
60 22 v
60 27 v
60 28 h
60 31 v
60 32 v
60 34 h
60 38 h
60 45 h
60 47 v
60 50 h
60 51 v
60 53 v
60 54 v
60 55 h
60 56 h
60 58 v
60 62 h
60 63 h
60 67 v
60 69 v
60 76 v
60 77 h
60 78 v
60 87 v
60 88 v
60 92 h
60 93 h
60 95 v
60 96 h
61 4 h
61 5 h
61 8 v
61 9 h
61 10 h
61 12 h
61 13 v
61 19 h
61 20 v
61 22 v
61 27 v
61 28 h
61 30 h
61 32 h
61 34 v
61 35 h
61 44 h
61 45 h
61 47 v
61 48 h
61 54 h
61 56 h
61 57 h
61 58 v
61 59 h
61 63 h
61 66 h
61 67 v
61 68 h
61 69 h
61 71 v
61 73 h
61 75 h
61 79 h
61 80 h
61 84 h
61 85 v
61 88 h
61 89 h
61 90 h
61 91 h
61 93 h
61 94 h
61 95 h
61 97 v
61 98 v
61 100 v
62 1 v
62 7 v
62 8 v
62 10 v
62 11 v
62 13 v
62 15 v
62 16 v
62 18 v
62 21 v
62 23 v
62 25 v
62 29 v
62 32 v
62 33 v
62 34 v
62 35 v
62 38 h
62 40 v
62 41 v
62 43 h
62 47 v
62 49 v
62 50 v
62 51 v
62 53 v
62 54 v
62 55 v
62 56 h
62 57 v
62 59 v
62 62 v
62 66 v
62 67 v
62 69 v
62 71 v
62 72 v
62 73 v
62 79 v
62 80 v
62 82 v
62 83 v
62 84 v
62 85 v
62 86 v
62 87 v
62 88 v
62 90 v
62 91 v
62 93 h
62 94 v
62 96 v
62 100 v
63 1 h
63 2 h
63 3 h
63 4 h
63 6 h
63 7 v
63 10 h
63 11 h
63 13 h
63 14 h
63 17 h
63 18 v
63 19 h
63 21 h
63 22 h
63 23 h
63 24 h
63 28 h
63 31 h
63 33 h
63 35 h
63 36 h
63 37 h
63 40 h
63 41 h
63 43 h
63 44 v
63 45 h
63 46 h
63 47 v
63 49 h
63 52 v
63 55 h
63 56 h
63 57 h
63 58 h
63 59 h
63 62 h
63 64 h
63 65 h
63 66 h
63 67 v
63 68 h
63 69 h
63 70 h
63 74 h
63 78 h
63 79 h
63 80 h
63 81 v
63 82 h
63 83 h
63 84 v
63 86 h
63 87 v
63 89 h
63 92 h
63 96 v
63 97 v
63 98 h
64 1 v
64 3 v
64 4 h
64 10 h
64 11 h
64 12 v
64 15 v
64 16 h
64 20 v
64 22 v
64 23 h
64 24 v
64 26 v
64 28 h
64 33 v
64 35 v
64 37 h
64 38 h
64 40 h
64 41 h
64 44 v
64 48 h
64 49 h
64 50 h
64 52 v
64 55 h
64 56 h
64 57 h
64 58 h
64 60 v
64 62 h
64 63 h
64 64 h
64 68 h
64 71 v
64 73 h
64 76 h
64 77 h
64 78 h
64 81 h
64 82 h
64 83 h
64 85 v
64 89 h
64 90 h
64 96 h
64 97 v
64 100 h
65 1 h
65 2 h
65 4 h
65 5 h
65 7 h
65 8 v
65 9 h
65 10 h
65 11 h
65 13 v
65 14 h
65 15 h
65 18 h
65 20 h
65 22 h
65 24 v
65 25 v
65 26 v
65 27 h
65 28 h
65 29 h
65 31 h
65 33 h
65 34 h
65 35 h
65 36 h
65 37 h
65 38 h
65 40 h
65 41 v
65 47 h
65 49 v
65 50 h
65 52 v
65 53 v
65 54 v
65 55 h
65 58 h
65 60 v
65 61 h
65 62 h
65 63 h
65 64 h
65 67 v
65 68 h
65 69 h
65 72 v
65 73 h
65 75 h
65 76 h
65 78 h
65 79 h
65 82 h
65 83 v
65 86 h
65 90 h
65 92 h
65 93 h
65 94 h
65 95 v
65 99 h
65 100 h
66 1 v
66 3 v
66 5 h
66 6 v
66 7 v
66 9 h
66 10 h
66 11 h
66 12 v
66 14 h
66 16 v
66 19 v
66 25 h
66 28 h
66 30 h
66 32 v
66 34 v
66 36 h
66 37 v
66 40 h
66 44 v
66 48 h
66 49 h
66 54 v
66 55 h
66 58 v
66 60 h
66 63 h
66 64 h
66 69 h
66 72 h
66 73 h
66 75 h
66 77 h
66 79 h
66 80 h
66 81 h
66 82 h
66 83 v
66 86 h
66 87 v
66 88 h
66 90 h
66 91 v
66 92 h
66 93 h
66 94 v
66 95 h
66 96 v
66 97 v
66 99 v
66 100 h
67 3 v
67 6 v
67 10 v
67 13 v
67 14 v
67 19 v
67 20 v
67 22 v
67 23 v
67 24 v
67 26 v
67 30 v
67 31 v
67 33 v
67 35 v
67 36 v
67 39 v
67 45 v
67 47 v
67 51 v
67 54 v
67 55 v
67 58 v
67 59 v
67 62 h
67 63 v
67 65 v
67 68 v
67 70 v
67 72 v
67 73 h
67 74 h
67 77 v
67 79 v
67 80 h
67 81 v
67 83 v
67 84 v
67 87 v
67 88 v
67 91 v
67 98 h
67 100 v
68 1 v
68 2 h
68 3 h
68 6 v
68 11 h
68 13 v
68 15 h
68 17 h
68 19 h
68 20 h
68 21 h
68 23 h
68 24 h
68 25 h
68 26 h
68 28 h
68 29 h
68 31 h
68 32 h
68 33 h
68 34 h
68 35 v
68 37 h
68 39 v
68 45 h
68 46 h
68 47 v
68 49 v
68 52 v
68 53 h
68 54 h
68 56 h
68 57 h
68 58 v
68 61 h
68 62 h
68 63 h
68 64 h
68 65 h
68 66 h
68 68 h
68 70 h
68 71 v
68 73 h
68 74 h
68 76 h
68 77 h
68 80 h
68 81 v
68 83 h
68 84 h
68 87 h
68 88 h
68 89 h
68 90 h
68 91 h
68 92 h
68 94 h
68 95 v
68 97 h
68 99 h
68 100 h
69 1 v
69 3 v
69 5 h
69 7 v
69 8 v
69 10 v
69 12 v
69 13 v
69 14 h
69 15 v
69 16 v
69 20 v
69 22 v
69 25 v
69 28 v
69 38 h
69 40 v
69 41 v
69 42 h
69 43 h
69 44 v
69 51 h
69 52 v
69 54 v
69 55 v
69 56 v
69 57 v
69 61 v
69 63 v
69 64 v
69 67 v
69 69 v
69 71 v
69 72 v
69 73 h
69 76 v
69 78 v
69 80 v
69 82 v
69 83 v
69 84 v
69 85 v
69 87 v
69 88 v
69 89 v
69 95 v
69 97 v
69 100 v
70 2 v
70 3 v
70 4 h
70 6 v
70 9 v
70 10 v
70 11 v
70 12 v
70 14 v
70 15 v
70 18 v
70 19 v
70 20 v
70 24 v
70 25 h
70 26 v
70 29 v
70 30 v
70 32 v
70 37 v
70 38 h
70 39 v
70 41 v
70 46 v
70 50 h
70 58 v
70 61 v
70 63 v
70 65 v
70 66 v
70 67 v
70 69 v
70 70 v
70 71 v
70 76 v
70 77 v
70 80 v
70 83 v
70 84 v
70 86 v
70 89 v
70 92 v
70 93 h
70 95 v
70 97 v
70 98 v
70 99 v
71 3 v
71 7 v
71 11 v
71 13 h
71 15 h
71 17 v
71 20 h
71 21 h
71 23 v
71 24 v
71 25 v
71 27 v
71 31 h
71 33 h
71 34 v
71 37 v
71 38 h
71 42 h
71 43 h
71 44 h
71 46 v
71 47 v
71 48 h
71 51 v
71 52 v
71 53 v
71 58 h
71 60 h
71 62 h
71 67 v
71 70 h
71 71 v
71 72 v
71 73 h
71 77 v
71 78 h
71 81 v
71 82 v
71 83 v
71 85 v
71 86 h
71 87 v
71 88 v
71 89 h
71 90 h
71 93 h
71 95 v
71 97 v
71 100 v
72 3 v
72 6 v
72 7 v
72 8 v
72 9 h
72 10 v
72 11 h
72 15 v
72 16 v
72 17 v
72 19 h
72 21 h
72 22 v
72 25 h
72 26 v
72 27 v
72 29 h
72 30 v
72 34 h
72 35 v
72 36 h
72 37 h
72 40 v
72 41 v
72 42 v
72 45 h
72 50 h
72 51 h
72 52 v
72 53 v
72 56 h
72 57 h
72 58 v
72 60 v
72 61 v
72 62 h
72 64 v
72 65 h
72 67 v
72 71 v
72 72 v
72 75 h
72 81 v
72 82 v
72 83 v
72 85 h
72 88 h
72 89 v
72 91 h
72 92 v
72 97 v
72 98 v
72 99 h
73 1 v
73 3 v
73 5 h
73 6 v
73 9 h
73 10 v
73 12 h
73 13 v
73 15 v
73 17 v
73 18 h
73 19 h
73 20 v
73 24 v
73 25 v
73 26 v
73 27 v
73 28 h
73 29 h
73 34 h
73 35 v
73 36 h
73 39 v
73 42 h
73 43 h
73 44 v
73 51 v
73 53 v
73 55 h
73 56 h
73 58 v
73 63 h
73 65 h
73 66 h
73 67 v
73 68 h
73 69 h
73 71 v
73 73 h
73 78 v
73 79 h
73 80 h
73 81 v
73 82 v
73 83 v
73 84 v
73 85 v
73 86 h
73 87 v
73 88 v
73 90 v
73 92 v
73 93 h
73 94 h
73 95 v
73 97 v
73 99 v
73 100 v
74 1 h
74 3 v
74 4 h
74 6 h
74 9 h
74 13 h
74 14 h
74 15 v
74 16 v
74 19 h
74 20 h
74 21 h
74 26 h
74 28 h
74 29 h
74 30 h
74 33 h
74 34 h
74 35 v
74 37 v
74 38 h
74 39 h
74 42 h
74 45 h
74 46 h
74 47 v
74 54 h
74 58 h
74 60 v
74 61 h
74 62 h
74 64 h
74 65 h
74 67 v
74 70 v
74 71 h
74 74 h
74 75 h
74 76 h
74 77 h
74 78 h
74 80 h
74 81 v
74 82 h
74 83 v
74 84 h
74 86 h
74 87 h
74 88 h
74 90 h
74 92 h
74 98 h
74 99 v
75 1 v
75 6 v
75 7 v
75 10 v
75 11 v
75 12 v
75 13 h
75 14 v
75 15 v
75 16 v
75 18 v
75 20 v
75 21 h
75 23 v
75 24 v
75 27 v
75 29 h
75 30 h
75 33 v
75 35 v
75 37 h
75 38 h
75 39 v
75 41 v
75 42 v
75 44 v
75 46 v
75 48 h
75 50 v
75 51 h
75 53 v
75 56 h
75 57 h
75 59 h
75 62 h
75 63 v
75 66 h
75 68 h
75 69 h
75 71 v
75 72 v
75 74 h
75 75 h
75 76 v
75 79 v
75 80 v
75 81 v
75 82 v
75 86 h
75 88 h
75 90 v
75 92 h
75 93 h
75 94 v
75 95 v
75 97 v
75 98 h
75 99 h
76 2 v
76 3 v
76 4 h
76 5 h
76 7 h
76 8 v
76 9 h
76 11 v
76 12 v
76 14 v
76 15 v
76 19 v
76 20 v
76 26 v
76 33 v
76 35 v
76 39 v
76 40 h
76 46 v
76 48 h
76 49 v
76 52 v
76 53 h
76 54 v
76 56 h
76 57 h
76 58 v
76 60 v
76 61 v
76 67 v
76 68 h
76 71 v
76 72 v
76 74 h
76 76 v
76 77 v
76 78 v
76 79 v
76 80 v
76 84 v
76 87 h
76 94 v
76 96 v
76 97 v
76 99 v
76 100 v
77 3 v
77 4 h
77 6 h
77 7 h
77 9 h
77 11 v
77 14 h
77 24 v
77 26 v
77 30 h
77 31 h
77 32 v
77 33 h
77 34 v
77 36 h
77 37 h
77 39 h
77 40 h
77 47 v
77 48 h
77 50 h
77 53 v
77 55 h
77 59 h
77 61 v
77 63 h
77 65 h
77 67 v
77 69 h
77 70 v
77 71 v
77 73 h
77 74 h
77 75 h
77 78 h
77 79 v
77 80 h
77 81 v
77 83 v
77 85 v
77 86 h
77 88 h
77 91 h
77 93 h
77 94 h
77 99 h
77 100 v
78 1 v
78 4 h
78 7 h
78 9 h
78 11 h
78 12 v
78 13 v
78 14 h
78 17 v
78 18 h
78 19 h
78 21 h
78 23 h
78 24 v
78 25 v
78 26 v
78 27 v
78 28 h
78 30 h
78 31 h
78 33 v
78 35 v
78 36 h
78 39 h
78 41 h
78 42 v
78 44 v
78 45 h
78 46 v
78 47 v
78 51 v
78 52 v
78 53 v
78 55 h
78 57 v
78 59 v
78 60 v
78 61 v
78 63 h
78 64 v
78 65 h
78 70 v
78 72 v
78 73 h
78 75 h
78 76 v
78 79 v
78 80 h
78 81 v
78 82 h
78 83 v
78 87 v
78 88 h
78 92 h
78 94 v
78 95 v
78 96 h
78 99 v
78 100 v
79 2 h
79 4 h
79 7 h
79 8 h
79 9 h
79 11 h
79 12 h
79 14 h
79 16 h
79 18 v
79 21 h
79 23 h
79 25 v
79 26 h
79 28 h
79 30 h
79 33 h
79 34 v
79 35 h
79 37 h
79 38 h
79 39 v
79 41 h
79 43 h
79 45 h
79 47 h
79 48 h
79 52 v
79 54 h
79 55 h
79 56 h
79 57 h
79 58 h
79 59 h
79 60 h
79 61 h
79 62 h
79 65 h
79 66 h
79 71 h
79 73 h
79 74 h
79 75 h
79 77 h
79 78 h
79 79 h
79 81 h
79 82 h
79 85 h
79 86 h
79 89 h
79 92 h
79 94 h
79 96 h
79 97 v
80 1 h
80 6 h
80 8 v
80 9 h
80 11 h
80 14 h
80 15 h
80 18 h
80 20 v
80 21 h
80 27 h
80 28 h
80 29 h
80 30 h
80 33 v
80 34 h
80 36 h
80 38 h
80 39 h
80 41 h
80 42 h
80 53 v
80 54 h
80 55 h
80 58 h
80 60 v
80 61 h
80 62 h
80 63 h
80 64 h
80 65 h
80 67 v
80 71 v
80 72 v
80 74 h
80 76 v
80 78 h
80 79 v
80 88 v
80 92 h
80 93 h
80 94 h
80 95 v
80 98 h
80 99 h
81 3 v
81 5 h
81 6 v
81 7 h
81 9 h
81 11 h
81 15 v
81 23 h
81 25 v
81 31 h
81 34 v
81 37 h
81 38 h
81 42 v
81 45 h
81 49 h
81 53 v
81 54 v
81 55 v
81 57 v
81 59 h
81 66 h
81 67 v
81 69 v
81 70 v
81 71 v
81 73 h
81 74 h
81 75 h
81 78 h
81 79 v
81 84 v
81 85 v
81 87 v
81 88 h
81 89 v
81 92 h
81 95 v
81 96 h
81 97 v
81 98 h
81 99 h
82 1 v
82 2 h
82 3 h
82 4 h
82 8 v
82 9 h
82 13 h
82 14 h
82 15 h
82 17 h
82 19 h
82 20 h
82 21 h
82 23 h
82 25 h
82 26 v
82 28 h
82 30 h
82 31 h
82 33 h
82 36 h
82 37 h
82 39 v
82 41 h
82 43 h
82 45 h
82 49 h
82 52 v
82 55 h
82 56 h
82 61 h
82 62 h
82 63 h
82 69 h
82 73 h
82 75 h
82 78 h
82 81 h
82 84 h
82 85 v
82 86 h
82 90 h
82 92 h
82 93 h
82 94 v
82 96 h
82 99 h
83 1 v
83 2 v
83 3 v
83 5 h
83 6 v
83 8 v
83 9 v
83 10 v
83 13 v
83 15 v
83 16 v
83 18 v
83 22 v
83 24 v
83 25 v
83 30 v
83 32 v
83 33 v
83 34 v
83 37 v
83 38 h
83 42 v
83 43 h
83 44 v
83 45 v
83 47 v
83 48 h
83 49 v
83 50 v
83 53 v
83 54 v
83 56 v
83 61 v
83 65 v
83 67 v
83 69 v
83 70 v
83 72 v
83 73 h
83 77 v
83 81 v
83 83 v
83 85 v
83 86 v
83 87 v
83 91 v
83 92 v
83 93 h
83 95 v
83 96 v
83 98 v
84 8 v
84 10 v
84 13 v
84 16 v
84 22 v
84 24 v
84 25 v
84 28 v
84 29 v
84 33 v
84 34 v
84 41 v
84 43 v
84 44 v
84 47 v
84 49 v
84 51 v
84 52 v
84 54 v
84 55 v
84 56 h
84 58 v
84 60 v
84 64 v
84 67 v
84 73 v
84 75 v
84 76 v
84 80 v
84 81 v
84 82 v
84 83 v
84 85 v
84 86 h
84 88 v
84 92 v
84 95 v
84 99 v
84 100 v
85 1 v
85 3 v
85 5 h
85 7 h
85 10 v
85 12 h
85 14 h
85 15 v
85 16 v
85 17 v
85 18 v
85 22 v
85 23 h
85 24 v
85 29 h
85 31 h
85 34 h
85 36 v
85 37 h
85 38 h
85 40 v
85 43 h
85 44 h
85 45 h
85 46 h
85 48 h
85 50 h
85 52 v
85 55 h
85 56 h
85 63 h
85 67 v
85 68 h
85 70 h
85 71 v
85 72 v
85 75 h
85 76 v
85 79 v
85 80 h
85 81 v
85 82 h
85 85 v
85 86 h
85 87 v
85 92 v
85 94 h
85 96 v
85 97 v
85 100 h
86 1 v
86 2 h
86 6 h
86 7 v
86 8 v
86 9 h
86 10 v
86 12 h
86 13 h
86 17 h
86 18 v
86 23 h
86 28 h
86 33 h
86 34 h
86 35 h
86 36 h
86 38 h
86 40 v
86 44 h
86 46 h
86 47 h
86 49 h
86 50 h
86 51 h
86 52 h
86 53 h
86 54 h
86 58 h
86 60 h
86 61 v
86 62 h
86 65 h
86 66 h
86 67 v
86 68 h
86 72 v
86 74 h
86 75 h
86 77 h
86 78 h
86 79 h
86 80 h
86 81 h
86 82 h
86 83 h
86 85 h
86 86 h
86 88 h
86 89 h
86 91 h
86 93 h
86 96 h
86 97 v
86 98 h
86 100 h
87 2 h
87 3 h
87 5 h
87 7 h
87 10 h
87 13 h
87 14 h
87 15 h
87 16 h
87 17 h
87 18 h
87 19 h
87 24 h
87 26 h
87 28 h
87 33 h
87 35 h
87 37 h
87 41 h
87 43 h
87 45 h
87 47 v
87 49 h
87 59 h
87 60 h
87 62 h
87 64 h
87 65 h
87 68 h
87 69 h
87 70 v
87 72 v
87 74 h
87 78 h
87 79 h
87 81 v
87 82 h
87 84 h
87 85 v
87 88 h
87 92 h
87 93 v
87 95 v
87 96 h
87 97 h
87 98 h
87 99 h
88 1 v
88 2 h
88 3 v
88 4 h
88 8 h
88 9 h
88 11 v
88 12 h
88 14 h
88 15 h
88 16 h
88 17 h
88 18 h
88 19 h
88 20 h
88 21 h
88 22 h
88 24 v
88 25 v
88 26 h
88 27 h
88 29 h
88 30 h
88 31 h
88 33 v
88 34 v
88 35 h
88 37 h
88 39 v
88 40 h
88 42 h
88 44 v
88 45 h
88 47 v
88 48 h
88 50 h
88 52 v
88 53 v
88 54 v
88 55 h
88 57 h
88 58 h
88 61 v
88 62 h
88 63 v
88 66 h
88 68 h
88 69 h
88 70 h
88 74 h
88 75 h
88 78 h
88 80 h
88 81 h
88 82 v
88 84 h
88 86 h
88 87 h
88 89 h
88 94 h
88 98 h
88 99 h
88 100 h
89 3 v
89 8 v
89 10 v
89 11 v
89 12 v
89 13 v
89 16 v
89 20 v
89 21 v
89 22 v
89 23 v
89 24 v
89 25 v
89 27 v
89 29 v
89 38 v
89 42 v
89 50 v
89 52 v
89 53 v
89 55 v
89 56 v
89 58 v
89 63 v
89 66 v
89 69 v
89 70 v
89 71 v
89 72 v
89 73 v
89 74 v
89 75 v
89 77 v
89 79 v
89 83 v
89 85 v
89 86 v
89 89 v
89 90 v
89 91 v
89 96 v
89 97 v
89 98 v
89 99 v
89 100 v
90 1 v
90 2 v
90 5 h
90 6 v
90 7 v
90 12 h
90 15 v
90 20 v
90 21 v
90 23 h
90 26 v
90 27 v
90 28 h
90 32 v
90 35 v
90 36 v
90 37 h
90 39 v
90 41 v
90 44 v
90 46 h
90 47 v
90 51 v
90 52 v
90 53 v
90 54 v
90 56 h
90 58 v
90 59 v
90 61 v
90 63 v
90 64 v
90 67 v
90 68 v
90 72 v
90 73 h
90 75 v
90 76 v
90 77 v
90 81 v
90 82 h
90 83 v
90 85 v
90 86 h
90 88 h
90 89 v
90 91 v
90 93 h
90 94 v
90 98 h
91 2 h
91 3 h
91 5 h
91 10 v
91 11 v
91 16 h
91 18 h
91 21 h
91 23 h
91 25 h
91 26 h
91 28 h
91 29 h
91 32 v
91 35 h
91 36 h
91 39 h
91 40 h
91 41 h
91 42 v
91 43 h
91 45 h
91 46 h
91 47 h
91 48 h
91 49 v
91 50 v
91 51 h
91 52 v
91 53 v
91 54 v
91 55 h
91 56 h
91 62 h
91 64 h
91 65 h
91 67 v
91 68 h
91 71 h
91 72 v
91 73 h
91 75 h
91 76 h
91 77 h
91 79 h
91 81 v
91 83 v
91 84 h
91 85 h
91 86 h
91 87 v
91 89 v
91 90 h
91 91 h
91 92 v
91 94 h
91 97 v
91 100 v
92 1 v
92 4 v
92 6 v
92 8 v
92 9 v
92 13 v
92 14 h
92 18 v
92 20 v
92 22 v
92 25 v
92 26 v
92 29 v
92 32 v
92 33 v
92 35 v
92 39 v
92 46 v
92 47 v
92 49 h
92 50 v
92 51 v
92 52 v
92 56 v
92 57 v
92 58 v
92 59 v
92 64 v
92 66 h
92 67 v
92 68 h
92 70 v
92 71 v
92 76 v
92 78 h
92 80 h
92 81 v
92 82 v
92 84 v
92 85 v
92 87 v
92 88 v
92 90 v
92 92 h
92 93 h
92 95 v
92 97 v
92 98 v
92 100 v
93 3 v
93 4 h
93 5 h
93 6 v
93 7 h
93 9 h
93 10 v
93 11 v
93 12 h
93 13 v
93 14 h
93 16 v
93 17 v
93 19 h
93 20 h
93 22 h
93 33 h
93 35 v
93 36 h
93 37 h
93 38 h
93 39 v
93 42 v
93 45 h
93 47 v
93 50 v
93 51 h
93 53 v
93 54 v
93 55 h
93 56 h
93 57 h
93 59 v
93 60 h
93 61 h
93 62 h
93 63 v
93 64 h
93 68 h
93 71 v
93 73 h
93 76 v
93 77 h
93 78 v
93 82 h
93 83 v
93 85 v
93 86 h
93 87 v
93 88 h
93 89 h
93 92 h
93 93 h
93 94 h
93 95 v
93 97 v
93 99 v
93 100 h
94 1 h
94 2 h
94 3 h
94 4 h
94 10 v
94 15 h
94 16 v
94 17 h
94 18 v
94 22 h
94 24 h
94 26 h
94 27 v
94 30 h
94 31 h
94 32 v
94 33 h
94 34 h
94 35 h
94 36 h
94 37 h
94 38 h
94 40 h
94 42 h
94 45 h
94 48 h
94 50 h
94 51 v
94 52 h
94 54 h
94 55 h
94 60 h
94 61 h
94 63 h
94 64 h
94 65 h
94 66 h
94 69 h
94 70 v
94 71 v
94 73 h
94 75 h
94 76 h
94 77 h
94 78 h
94 81 v
94 82 h
94 83 v
94 85 h
94 87 h
94 93 h
94 94 h
94 95 v
94 97 h
94 98 h
95 3 v
95 6 v
95 7 v
95 8 v
95 10 h
95 11 h
95 14 h
95 17 v
95 18 v
95 19 h
95 23 v
95 26 v
95 28 h
95 29 h
95 30 h
95 32 v
95 33 v
95 35 v
95 36 h
95 38 h
95 39 h
95 40 h
95 42 h
95 45 h
95 46 v
95 47 v
95 48 h
95 54 h
95 55 h
95 58 v
95 59 h
95 60 v
95 63 h
95 65 h
95 74 h
95 77 h
95 80 h
95 81 v
95 82 v
95 85 v
95 87 v
95 88 h
95 90 h
95 92 h
95 94 h
95 95 v
96 1 v
96 4 h
96 5 h
96 8 v
96 10 h
96 13 v
96 15 h
96 16 h
96 17 h
96 18 h
96 20 v
96 21 h
96 24 h
96 25 h
96 26 h
96 28 h
96 29 h
96 35 v
96 36 h
96 37 h
96 38 h
96 40 h
96 41 h
96 42 h
96 44 v
96 45 h
96 48 h
96 49 v
96 50 h
96 51 h
96 54 v
96 55 h
96 56 h
96 57 h
96 59 h
96 60 h
96 61 v
96 64 h
96 66 h
96 68 h
96 69 h
96 70 h
96 75 h
96 76 h
96 77 h
96 78 h
96 79 h
96 80 h
96 81 h
96 82 h
96 84 h
96 88 h
96 90 h
96 91 h
96 92 h
96 94 h
96 95 h
96 97 h
96 100 h
97 1 v
97 4 v
97 8 v
97 9 v
97 10 v
97 14 v
97 16 v
97 17 v
97 22 v
97 23 v
97 24 v
97 25 v
97 26 v
97 27 v
97 30 v
97 32 v
97 39 v
97 40 v
97 43 v
97 46 v
97 48 v
97 49 v
97 53 v
97 55 v
97 58 v
97 61 v
97 65 v
97 66 v
97 67 v
97 69 v
97 70 v
97 71 v
97 72 v
97 76 v
97 77 v
97 79 v
97 80 v
97 81 v
97 87 v
97 90 v
97 94 v
97 99 v
98 3 v
98 5 h
98 6 v
98 8 v
98 9 v
98 10 v
98 12 v
98 13 v
98 16 v
98 17 v
98 19 h
98 21 v
98 25 v
98 30 v
98 31 h
98 36 v
98 38 h
98 40 v
98 41 v
98 48 h
98 49 v
98 50 v
98 53 v
98 55 v
98 58 v
98 60 v
98 61 v
98 63 v
98 64 v
98 65 v
98 68 v
98 71 v
98 72 v
98 75 v
98 78 v
98 79 v
98 81 v
98 83 v
98 84 v
98 85 v
98 88 v
98 89 v
98 90 v
98 91 v
98 92 v
98 94 v
98 95 v
98 96 v
98 99 v
98 100 v
99 2 v
99 3 v
99 5 h
99 6 v
99 9 h
99 10 v
99 12 v
99 13 v
99 14 h
99 15 h
99 16 v
99 17 v
99 20 v
99 21 h
99 24 v
99 25 v
99 27 v
99 28 v
99 30 h
99 31 v
99 32 v
99 33 v
99 34 v
99 37 v
99 39 h
99 43 h
99 46 h
99 51 v
99 54 v
99 55 v
99 57 v
99 60 v
99 63 v
99 65 v
99 67 v
99 69 v
99 70 v
99 71 v
99 73 h
99 75 h
99 77 v
99 78 v
99 79 v
99 81 v
99 83 v
99 84 v
99 86 h
99 87 v
99 88 h
99 89 v
99 90 v
99 91 v
99 95 v
99 96 v
99 97 v
99 98 h
99 99 h
100 1 h
100 2 h
100 4 h
100 5 h
100 8 v
100 9 h
100 10 h
100 11 h
100 13 v
100 14 h
100 15 h
100 16 v
100 17 h
100 20 v
100 21 h
100 23 h
100 25 v
100 26 v
100 27 v
100 29 h
100 30 h
100 32 v
100 33 v
100 34 v
100 35 h
100 36 h
100 37 v
100 38 h
100 42 h
100 44 h
100 46 v
100 47 v
100 48 h
100 53 h
100 55 h
100 57 h
100 58 v
100 61 h
100 62 h
100 63 h
100 66 h
100 67 v
100 69 h
100 71 v
100 73 h
100 75 h
100 76 h
100 78 h
100 81 h
100 82 v
100 83 h
100 87 h
100 89 v
100 90 h
100 91 h
100 94 h
100 95 h
100 96 h
100 98 h
100 100 v
