702161.900179
702161
1 1 h
1 2 h
1 3 v
1 4 h
1 5 v
1 6 h
1 7 v
1 8 v
1 9 v
1 10 v
1 11 v
1 12 h
1 13 v
1 14 v
1 15 v
1 16 v
1 17 h
2 1 h
2 2 h
2 3 v
2 4 v
2 5 v
2 6 v
2 7 v
2 8 v
2 9 v
2 10 v
2 11 v
2 12 v
2 13 v
2 14 h
2 15 h
2 16 v
2 17 v
3 1 v
3 2 v
3 3 v
3 4 v
3 5 h
3 6 v
3 7 v
3 8 v
3 9 v
3 10 v
3 11 v
3 12 h
3 13 v
3 14 v
3 15 v
3 16 h
3 17 v
4 1 v
4 2 v
4 3 v
4 4 h
4 5 h
4 6 h
4 7 v
4 8 v
4 9 h
4 10 v
4 11 h
4 12 v
4 13 v
4 14 v
4 15 v
4 16 h
4 17 v
5 1 v
5 2 v
5 3 h
5 4 h
5 5 v
5 6 v
5 7 v
5 8 h
5 9 h
5 10 v
5 11 h
5 12 v
5 13 v
5 14 v
5 15 v
5 16 v
5 17 h
6 1 v
6 2 v
6 3 v
6 4 v
6 5 v
6 6 v
6 7 v
6 8 v
6 9 v
6 10 v
6 11 v
6 12 v
6 13 v
6 14 v
6 15 h
6 16 v
6 17 v
7 1 v
7 2 h
7 3 h
7 4 v
7 5 h
7 6 v
7 7 v
7 8 v
7 9 v
7 10 v
7 11 v
7 12 v
7 13 v
7 14 h
7 15 h
7 16 v
7 17 v
8 1 h
8 2 v
8 3 h
8 4 v
8 5 v
8 6 h
8 7 v
8 8 v
8 9 v
8 10 v
8 11 v
8 12 v
8 13 v
8 14 v
8 15 h
8 16 v
8 17 v
9 1 v
9 2 v
9 3 h
9 4 v
9 5 h
9 6 v
9 7 v
9 8 h
9 9 v
9 10 v
9 11 v
9 12 v
9 13 v
9 14 h
9 15 v
9 16 h
9 17 v
10 1 v
10 2 v
10 3 v
10 4 v
10 5 h
10 6 v
10 7 v
10 8 h
10 9 v
10 10 v
10 11 v
10 12 h
10 13 v
10 14 v
10 15 v
10 16 v
10 17 v
11 1 v
11 2 v
11 3 v
11 4 v
11 5 v
11 6 h
11 7 v
11 8 v
11 9 v
11 10 h
11 11 v
11 12 v
11 13 v
11 14 h
11 15 v
11 16 v
11 17 v
12 1 h
12 2 h
12 3 h
12 4 v
12 5 h
12 6 v
12 7 h
12 8 v
12 9 v
12 10 v
12 11 v
12 12 v
12 13 h
12 14 h
12 15 v
12 16 v
12 17 v
13 1 h
13 2 h
13 3 v
13 4 v
13 5 h
13 6 h
13 7 v
13 8 h
13 9 v
13 10 h
13 11 v
13 12 v
13 13 v
13 14 v
13 15 v
13 16 v
13 17 v
14 1 v
14 2 v
14 3 h
14 4 v
14 5 v
14 6 h
14 7 v
14 8 v
14 9 v
14 10 h
14 11 v
14 12 h
14 13 v
14 14 v
14 15 v
14 16 h
14 17 v
14 30 h
14 31 v
14 32 v
14 33 v
14 34 h
14 35 v
14 36 v
14 37 v
14 38 v
14 39 v
14 40 h
14 41 h
14 42 v
14 43 h
14 44 v
14 45 v
14 46 v
15 1 v
15 2 v
15 3 h
15 4 v
15 5 h
15 6 v
15 7 v
15 8 v
15 9 h
15 10 v
15 11 v
15 12 v
15 13 v
15 14 v
15 15 v
15 16 v
15 17 v
15 30 v
15 31 v
15 32 v
15 33 v
15 34 v
15 35 v
15 36 v
15 37 v
15 38 h
15 39 v
15 40 v
15 41 v
15 42 v
15 43 v
15 44 v
15 45 h
15 46 v
16 1 v
16 2 v
16 3 h
16 4 v
16 5 v
16 6 h
16 7 v
16 8 h
16 9 v
16 10 h
16 11 v
16 12 v
16 13 v
16 14 v
16 15 v
16 16 h
16 17 v
16 30 v
16 31 h
16 32 h
16 33 v
16 34 v
16 35 v
16 36 v
16 37 v
16 38 v
16 39 v
16 40 v
16 41 h
16 42 h
16 43 h
16 44 v
16 45 v
16 46 v
17 1 v
17 2 v
17 3 v
17 4 v
17 5 v
17 6 v
17 7 v
17 8 v
17 9 v
17 10 v
17 11 v
17 12 v
17 13 v
17 14 v
17 15 v
17 16 v
17 17 v
17 30 v
17 31 v
17 32 h
17 33 h
17 34 v
17 35 h
17 36 v
17 37 v
17 38 v
17 39 v
17 40 v
17 41 h
17 42 h
17 43 v
17 44 h
17 45 v
17 46 v
18 1 h
18 2 v
18 3 h
18 4 v
18 5 v
18 6 h
18 7 v
18 8 v
18 9 v
18 10 v
18 11 h
18 12 v
18 13 v
18 14 v
18 15 v
18 16 h
18 17 v
18 30 v
18 31 h
18 32 v
18 33 v
18 34 v
18 35 v
18 36 h
18 37 h
18 38 v
18 39 v
18 40 v
18 41 v
18 42 v
18 43 h
18 44 v
18 45 h
18 46 v
19 1 v
19 2 v
19 3 v
19 4 v
19 5 h
19 6 h
19 7 v
19 8 v
19 9 v
19 10 v
19 11 h
19 12 v
19 13 h
19 14 v
19 15 v
19 16 h
19 17 v
19 30 v
19 31 v
19 32 v
19 33 v
19 34 h
19 35 v
19 36 v
19 37 v
19 38 v
19 39 v
19 40 v
19 41 v
19 42 v
19 43 h
19 44 h
19 45 v
19 46 v
20 1 v
20 2 v
20 3 v
20 4 v
20 5 h
20 6 v
20 7 h
20 8 h
20 9 v
20 10 v
20 11 v
20 12 v
20 13 v
20 14 v
20 15 v
20 16 v
20 17 v
20 30 v
20 31 v
20 32 v
20 33 v
20 34 h
20 35 v
20 36 v
20 37 v
20 38 h
20 39 v
20 40 v
20 41 v
20 42 v
20 43 v
20 44 v
20 45 h
20 46 v
21 1 h
21 2 v
21 3 v
21 4 v
21 5 v
21 6 v
21 7 v
21 8 v
21 9 h
21 10 v
21 11 v
21 12 v
21 13 v
21 14 v
21 15 v
21 16 v
21 17 v
21 18 h
21 19 v
21 20 v
21 21 v
21 22 v
21 23 h
21 24 h
21 25 v
21 26 v
21 27 h
21 28 v
21 29 v
21 30 v
21 31 h
21 32 v
21 33 v
21 34 v
21 35 h
21 36 v
21 37 v
21 38 h
21 39 h
21 40 v
21 41 v
21 42 h
21 43 v
21 44 h
21 45 v
21 46 h
22 1 v
22 2 v
22 3 v
22 4 v
22 5 v
22 6 h
22 7 h
22 8 v
22 9 v
22 10 v
22 11 v
22 12 v
22 13 v
22 14 v
22 15 v
22 16 v
22 17 v
22 18 v
22 19 v
22 20 h
22 21 h
22 22 v
22 23 v
22 24 v
22 25 v
22 26 v
22 27 v
22 28 h
22 29 h
22 30 v
22 31 v
22 32 v
22 33 v
22 34 v
22 35 v
22 36 v
22 37 h
22 38 h
22 39 v
22 40 v
22 41 v
22 42 v
22 43 v
22 44 v
22 45 v
22 46 v
23 1 v
23 2 v
23 3 h
23 4 v
23 5 v
23 6 v
23 7 v
23 8 v
23 9 v
23 10 v
23 11 v
23 12 v
23 13 v
23 14 h
23 15 v
23 16 h
23 17 v
23 18 v
23 19 v
23 20 v
23 21 h
23 22 h
23 23 v
23 24 v
23 25 h
23 26 h
23 27 v
23 28 v
23 29 h
23 30 h
23 31 v
23 32 v
23 33 h
23 34 v
23 35 v
23 36 v
23 37 v
23 38 v
23 39 v
23 40 h
23 41 v
23 42 v
23 43 v
23 44 h
23 45 h
23 46 v
24 1 v
24 2 v
24 3 v
24 4 v
24 5 h
24 6 v
24 7 v
24 8 v
24 9 v
24 10 v
24 11 v
24 12 v
24 13 v
24 14 v
24 15 v
24 16 v
24 17 h
24 18 v
24 19 h
24 20 v
24 21 v
24 22 h
24 23 v
24 24 v
24 25 v
24 26 v
24 27 v
24 28 v
24 29 v
24 30 v
24 31 v
24 32 v
24 33 v
24 34 v
24 35 v
24 36 h
24 37 h
24 38 v
24 39 v
24 40 v
24 41 h
24 42 v
24 43 h
24 44 v
24 45 h
24 46 v
25 1 v
25 2 v
25 3 v
25 4 v
25 5 v
25 6 h
25 7 v
25 8 v
25 9 h
25 10 h
25 11 v
25 12 v
25 13 v
25 14 h
25 15 h
25 16 v
25 17 v
25 18 v
25 19 v
25 20 v
25 21 v
25 22 v
25 23 v
25 24 v
25 25 v
25 26 v
25 27 v
25 28 v
25 29 v
25 30 v
25 31 v
25 32 v
25 33 h
25 34 v
25 35 v
25 36 v
25 37 v
25 38 v
25 39 v
25 40 v
25 41 v
25 42 v
25 43 h
25 44 v
25 45 v
25 46 v
26 1 v
26 2 h
26 3 v
26 4 v
26 5 v
26 6 v
26 7 v
26 8 v
26 9 v
26 10 v
26 11 v
26 12 v
26 13 v
26 14 v
26 15 h
26 16 v
26 17 v
26 18 h
26 19 v
26 20 v
26 21 v
26 22 v
26 23 v
26 24 v
26 25 v
26 26 v
26 27 v
26 28 v
26 29 v
26 30 v
26 31 h
26 32 v
26 33 v
26 34 v
26 35 h
26 36 v
26 37 v
26 38 h
26 39 v
26 40 v
26 41 v
26 42 v
26 43 v
26 44 v
26 45 v
26 46 v
27 1 v
27 2 h
27 3 v
27 4 v
27 5 h
27 6 v
27 7 v
27 8 v
27 9 v
27 10 v
27 11 h
27 12 v
27 13 h
27 14 v
27 15 v
27 16 v
27 17 v
27 18 v
27 19 h
27 20 h
27 21 v
27 22 v
27 23 h
27 24 v
27 25 h
27 26 v
27 27 h
27 28 h
27 29 v
27 30 v
27 31 v
27 32 v
27 33 v
27 34 v
27 35 v
27 36 h
27 37 v
27 38 h
27 39 v
27 40 h
27 41 v
27 42 v
27 43 v
27 44 v
27 45 v
27 46 h
28 1 v
28 2 v
28 3 v
28 4 v
28 5 h
28 6 v
28 7 h
28 8 v
28 9 h
28 10 v
28 11 v
28 12 v
28 13 v
28 14 v
28 15 v
28 16 v
28 17 v
28 34 h
28 35 v
28 36 h
28 37 v
28 38 v
28 39 h
28 40 v
28 41 v
28 42 v
28 43 v
28 44 v
28 45 v
28 46 v
29 1 v
29 2 v
29 3 v
29 4 v
29 5 v
29 6 v
29 7 h
29 8 v
29 9 v
29 10 v
29 11 v
29 12 v
29 13 v
29 14 v
29 15 v
29 16 h
29 17 v
29 34 v
29 35 v
29 36 v
29 37 v
29 38 v
29 39 v
29 40 v
29 41 v
29 42 v
29 43 v
29 44 v
29 45 v
29 46 v
30 1 h
30 2 v
30 3 v
30 4 v
30 5 v
30 6 v
30 7 v
30 8 v
30 9 v
30 10 v
30 11 v
30 12 h
30 13 v
30 14 v
30 15 h
30 16 v
30 17 v
30 34 v
30 35 v
30 36 v
30 37 v
30 38 v
30 39 v
30 40 h
30 41 v
30 42 v
30 43 v
30 44 h
30 45 h
30 46 v
31 1 v
31 2 v
31 3 v
31 4 v
31 5 v
31 6 v
31 7 v
31 8 v
31 9 v
31 10 v
31 11 v
31 12 h
31 13 v
31 14 v
31 15 v
31 16 v
31 17 v
31 34 v
31 35 v
31 36 v
31 37 v
31 38 v
31 39 h
31 40 v
31 41 v
31 42 v
31 43 h
31 44 h
31 45 v
31 46 v
32 1 v
32 2 v
32 3 v
32 4 v
32 5 v
32 6 v
32 7 v
32 8 h
32 9 v
32 10 v
32 11 v
32 12 v
32 13 v
32 14 h
32 15 v
32 16 v
32 17 v
32 34 v
32 35 v
32 36 h
32 37 v
32 38 v
32 39 v
32 40 v
32 41 h
32 42 v
32 43 v
32 44 v
32 45 v
32 46 v
33 1 v
33 2 v
33 3 v
33 4 v
33 5 v
33 6 v
33 7 v
33 8 h
33 9 v
33 10 v
33 11 v
33 12 v
33 13 v
33 14 v
33 15 v
33 16 v
33 17 v
33 34 v
33 35 v
33 36 h
33 37 v
33 38 v
33 39 v
33 40 v
33 41 h
33 42 h
33 43 v
33 44 v
33 45 v
33 46 v
34 1 v
34 2 v
34 3 v
34 4 v
34 5 v
34 6 v
34 7 v
34 8 v
34 9 v
34 10 v
34 11 v
34 12 h
34 13 v
34 14 h
34 15 v
34 16 v
34 17 v
34 34 v
34 35 h
34 36 v
34 37 v
34 38 v
34 39 v
34 40 h
34 41 v
34 42 v
34 43 v
34 44 v
34 45 v
34 46 v
35 1 v
35 2 v
35 3 v
35 4 v
35 5 v
35 6 v
35 7 h
35 8 v
35 9 v
35 10 h
35 11 v
35 12 v
35 13 v
35 14 v
35 15 v
35 16 v
35 17 v
35 34 h
35 35 v
35 36 h
35 37 v
35 38 v
35 39 v
35 40 v
35 41 v
35 42 v
35 43 h
35 44 v
35 45 v
35 46 v
36 1 v
36 2 v
36 3 v
36 4 h
36 5 v
36 6 v
36 7 v
36 8 v
36 9 h
36 10 v
36 11 v
36 12 v
36 13 v
36 14 v
36 15 v
36 16 v
36 17 v
36 34 v
36 35 v
36 36 v
36 37 v
36 38 v
36 39 v
36 40 v
36 41 v
36 42 v
36 43 v
36 44 v
36 45 v
36 46 h
37 1 v
37 2 v
37 3 v
37 4 h
37 5 v
37 6 h
37 7 v
37 8 v
37 9 v
37 10 v
37 11 h
37 12 v
37 13 v
37 14 v
37 15 h
37 16 v
37 17 v
37 34 v
37 35 v
37 36 v
37 37 v
37 38 v
37 39 v
37 40 v
37 41 v
37 42 v
37 43 v
37 44 v
37 45 v
37 46 v
38 1 v
38 2 v
38 3 v
38 4 v
38 5 v
38 6 v
38 7 h
38 8 v
38 9 h
38 10 v
38 11 v
38 12 v
38 13 v
38 14 v
38 15 v
38 16 v
38 17 v
38 34 v
38 35 h
38 36 v
38 37 h
38 38 v
38 39 v
38 40 h
38 41 v
38 42 v
38 43 v
38 44 v
38 45 v
38 46 v
39 1 v
39 2 v
39 3 v
39 4 v
39 5 v
39 6 v
39 7 v
39 8 v
39 9 h
39 10 v
39 11 v
39 12 h
39 13 h
39 14 h
39 15 v
39 16 v
39 17 v
39 34 v
39 35 v
39 36 v
39 37 v
39 38 v
39 39 v
39 40 v
39 41 h
39 42 v
39 43 v
39 44 h
39 45 v
39 46 v
40 1 v
40 2 v
40 3 h
40 4 v
40 5 v
40 6 v
40 7 h
40 8 v
40 9 v
40 10 v
40 11 h
40 12 v
40 13 h
40 14 v
40 15 v
40 16 h
40 17 v
40 34 v
40 35 h
40 36 h
40 37 v
40 38 v
40 39 v
40 40 v
40 41 h
40 42 v
40 43 v
40 44 v
40 45 v
40 46 v
41 1 h
41 2 h
41 3 v
41 4 v
41 5 v
41 6 h
41 7 v
41 8 v
41 9 v
41 10 h
41 11 v
41 12 v
41 13 h
41 14 v
41 15 v
41 16 h
41 17 v
41 34 v
41 35 v
41 36 v
41 37 v
41 38 v
41 39 v
41 40 v
41 41 h
41 42 v
41 43 v
41 44 v
41 45 v
41 46 v
42 1 v
42 2 v
42 3 h
42 4 v
42 5 v
42 6 v
42 7 v
42 8 v
42 9 v
42 10 v
42 11 v
42 12 v
42 13 v
42 14 h
42 15 v
42 16 v
42 17 v
42 34 v
42 35 h
42 36 v
42 37 v
42 38 v
42 39 h
42 40 v
42 41 v
42 42 v
42 43 v
42 44 v
42 45 v
42 46 h
43 1 v
43 2 v
43 3 h
43 4 v
43 5 v
43 6 v
43 7 v
43 8 v
43 9 h
43 10 v
43 11 v
43 12 h
43 13 h
43 14 v
43 15 v
43 16 h
43 17 v
43 34 v
43 35 v
43 36 v
43 37 v
43 38 v
43 39 v
43 40 v
43 41 v
43 42 v
43 43 v
43 44 v
43 45 v
43 46 v
44 1 v
44 2 h
44 3 v
44 4 v
44 5 v
44 6 v
44 7 v
44 8 v
44 9 v
44 10 v
44 11 v
44 12 v
44 13 v
44 14 v
44 15 v
44 16 v
44 17 v
44 34 v
44 35 v
44 36 v
44 37 h
44 38 v
44 39 h
44 40 v
44 41 v
44 42 v
44 43 h
44 44 v
44 45 v
44 46 v
45 1 h
45 2 h
45 3 v
45 4 v
45 5 v
45 6 v
45 7 h
45 8 v
45 9 v
45 10 v
45 11 v
45 12 v
45 13 v
45 14 h
45 15 v
45 16 h
45 17 v
45 34 v
45 35 v
45 36 v
45 37 v
45 38 v
45 39 h
45 40 v
45 41 v
45 42 v
45 43 v
45 44 v
45 45 v
45 46 v
46 1 v
46 2 h
46 3 h
46 4 v
46 5 v
46 6 v
46 7 v
46 8 h
46 9 v
46 10 v
46 11 v
46 12 v
46 13 v
46 14 v
46 15 v
46 16 h
46 17 v
46 34 v
46 35 v
46 36 v
46 37 h
46 38 v
46 39 v
46 40 v
46 41 v
46 42 v
46 43 h
46 44 v
46 45 v
46 46 h
47 1 v
47 2 v
47 3 v
47 4 v
47 5 v
47 6 v
47 7 h
47 8 v
47 9 v
47 10 h
47 11 v
47 12 v
47 13 h
47 14 v
47 15 h
47 16 v
47 17 v
47 34 h
47 35 h
47 36 v
47 37 v
47 38 v
47 39 v
47 40 v
47 41 v
47 42 v
47 43 v
47 44 v
47 45 v
47 46 h
