501199.940651
501199
1 1 h
1 26 v
1 27 v
1 28 v
1 29 v
1 30 v
1 31 v
1 32 v
1 33 v
1 34 h
1 35 v
1 37 v
1 38 v
1 39 v
1 40 v
1 41 v
2 1 v
2 26 v
2 27 v
2 28 v
2 29 v
2 30 v
2 31 v
2 32 v
2 33 v
2 34 v
2 35 v
2 37 v
2 38 v
2 39 h
2 40 h
2 41 v
3 1 v
3 2 v
3 3 h
3 26 v
3 27 v
3 28 v
3 29 v
3 30 v
3 31 h
3 32 v
3 33 v
3 34 v
3 35 h
3 37 v
3 38 v
3 39 v
3 40 v
3 41 v
4 1 v
4 2 h
4 3 h
4 26 v
4 27 v
4 28 v
4 29 v
4 30 h
4 31 h
4 32 h
4 33 v
4 34 v
4 35 v
4 37 v
4 38 v
4 39 v
4 40 h
4 41 v
5 1 v
5 2 h
5 3 v
5 26 h
5 27 v
5 28 v
5 29 h
5 30 v
5 31 v
5 32 v
5 33 v
5 34 v
5 35 v
5 37 h
5 38 v
5 39 h
5 40 v
5 41 v
6 1 v
6 2 h
6 3 v
6 26 v
6 27 v
6 28 v
6 29 h
6 30 h
6 31 v
6 32 h
6 33 v
6 34 v
6 35 v
6 37 v
6 38 v
6 39 v
6 40 h
6 41 h
7 1 h
7 2 v
7 3 v
7 5 v
7 6 v
7 7 h
7 8 v
7 9 h
7 10 v
7 11 h
7 12 h
7 13 v
7 14 v
7 15 v
7 16 v
7 17 v
7 18 h
7 22 v
7 23 v
7 24 v
7 26 v
7 27 v
7 28 h
7 29 h
7 30 h
7 31 v
7 32 v
7 33 v
7 34 v
7 35 v
7 37 v
7 38 h
7 39 v
7 40 v
7 41 v
8 5 v
8 6 v
8 7 v
8 8 h
8 9 v
8 10 v
8 11 v
8 12 v
8 13 v
8 14 v
8 15 h
8 16 v
8 17 h
8 18 v
8 22 v
8 23 v
8 24 v
8 26 h
8 27 h
8 28 h
8 29 h
8 30 v
8 31 v
8 32 v
8 33 v
8 34 v
8 35 h
8 37 v
8 38 h
8 39 v
8 40 v
8 41 v
9 5 v
9 6 v
9 7 v
9 8 v
9 9 v
9 10 v
9 11 v
9 12 v
9 13 v
9 14 v
9 15 v
9 16 v
9 17 v
9 18 v
9 22 v
9 23 v
9 24 v
9 26 v
9 27 h
9 28 v
9 29 v
9 30 v
9 31 v
9 32 v
9 33 v
9 34 v
9 35 v
9 37 v
9 38 v
9 39 v
9 40 v
9 41 v
10 5 v
10 6 v
10 7 h
10 8 v
10 9 v
10 10 v
10 11 v
10 12 v
10 13 h
10 14 v
10 15 v
10 16 v
10 17 v
10 18 v
10 22 v
10 23 v
10 24 v
10 30 v
10 31 v
10 32 v
10 33 v
10 34 v
10 35 h
10 37 v
10 38 h
10 39 v
10 40 v
10 41 h
11 5 v
11 6 v
11 7 v
11 8 v
11 9 v
11 10 v
11 11 h
11 12 h
11 13 v
11 14 h
11 15 v
11 16 v
11 17 v
11 18 v
11 22 v
11 23 v
11 24 v
11 30 v
11 31 v
11 32 v
11 33 v
11 34 v
11 35 v
11 37 v
11 38 v
11 39 v
11 40 h
11 41 v
12 5 v
12 6 h
12 7 v
12 8 v
12 9 v
12 13 v
12 14 v
12 15 h
12 16 v
12 17 v
12 18 v
12 22 v
12 23 v
12 24 v
12 30 v
12 31 v
12 32 h
12 33 h
12 34 v
12 35 v
12 37 v
12 38 h
12 39 v
12 40 h
12 41 v
13 1 v
13 2 v
13 3 h
13 4 v
13 5 v
13 6 v
13 7 h
13 8 v
13 9 v
13 13 v
13 14 v
13 15 v
13 16 h
13 17 v
13 18 v
13 22 h
13 23 h
13 24 v
13 30 v
13 31 v
13 32 v
13 33 h
13 34 h
13 35 v
13 37 v
13 38 v
13 39 h
13 40 v
13 41 v
14 1 v
14 2 v
14 3 v
14 4 v
14 5 h
14 6 v
14 7 v
14 8 v
14 9 v
14 22 v
14 23 v
14 24 v
14 30 v
14 31 v
14 32 h
14 33 v
14 34 v
14 35 v
14 37 h
14 38 v
14 39 v
14 40 v
14 41 v
15 1 v
15 2 h
15 3 v
15 4 v
15 5 h
15 6 v
15 7 h
15 8 v
15 9 h
15 10 v
15 11 v
15 12 v
15 13 v
15 14 v
15 15 v
15 16 v
15 17 v
15 18 v
15 19 h
15 20 v
15 21 v
15 22 v
15 23 v
15 24 h
15 30 v
15 31 v
15 32 v
15 33 v
15 34 v
15 35 h
15 37 v
15 38 h
15 39 h
15 40 v
15 41 v
16 1 h
16 2 v
16 3 v
16 4 v
16 5 v
16 6 v
16 7 h
16 8 v
16 9 v
16 10 v
16 11 v
16 12 v
16 13 v
16 14 h
16 15 v
16 16 v
16 17 v
16 18 v
16 19 v
16 20 v
16 21 v
16 22 v
16 23 h
16 24 h
16 30 v
16 31 v
16 32 v
16 33 v
16 34 v
16 35 v
16 37 h
16 38 v
16 39 v
16 40 v
16 41 v
17 1 v
17 2 v
17 3 v
17 4 v
17 5 v
17 6 h
17 7 v
17 8 v
17 9 v
17 10 v
17 11 v
17 12 v
17 13 h
17 14 v
17 15 v
17 16 v
17 17 v
17 18 h
17 19 v
17 20 v
17 21 v
17 22 v
17 23 v
17 24 v
17 30 v
17 31 v
17 32 v
17 33 h
17 34 v
17 35 v
17 37 v
17 38 v
17 39 v
17 40 v
17 41 h
18 1 v
18 2 v
18 3 h
18 20 v
18 21 v
18 22 v
18 23 v
18 24 v
18 25 v
18 26 v
18 27 v
18 28 v
18 29 v
18 30 h
18 31 v
18 32 v
18 33 v
18 34 v
18 35 v
18 37 v
18 38 v
18 39 h
18 40 v
18 41 v
19 1 v
19 2 h
19 3 v
19 20 v
19 21 v
19 22 h
19 23 v
19 24 h
19 25 h
19 26 v
19 27 v
19 28 h
19 29 v
19 30 v
19 31 h
19 32 v
19 33 v
19 34 v
19 35 v
19 37 v
19 38 v
19 39 v
19 40 v
19 41 v
20 1 v
20 2 v
20 3 v
20 7 v
20 8 v
20 9 h
20 10 v
20 11 v
20 12 h
20 13 v
20 14 v
20 15 v
20 16 v
20 17 h
20 18 h
20 20 v
20 21 v
20 22 v
20 23 v
20 24 v
20 30 v
20 31 v
20 32 v
20 33 v
20 34 h
20 35 v
20 37 v
20 38 h
20 39 v
20 40 v
20 41 v
21 1 v
21 2 v
21 3 v
21 7 v
21 8 v
21 9 v
21 10 h
21 11 v
21 12 v
21 13 v
21 14 v
21 15 h
21 16 v
21 17 v
21 18 h
21 20 v
21 21 h
21 22 v
21 23 v
21 24 v
21 30 v
21 31 v
21 32 v
21 33 v
21 34 v
21 35 v
21 37 v
21 38 h
21 39 v
21 40 v
21 41 v
22 1 v
22 2 v
22 3 v
22 7 v
22 8 v
22 9 v
22 11 v
22 12 v
22 13 v
22 15 v
22 16 h
22 17 v
22 18 v
22 20 v
22 21 v
22 22 v
22 23 h
22 24 v
22 30 v
22 31 v
22 32 h
22 33 v
22 34 h
22 35 v
22 37 h
22 38 v
22 39 v
22 40 v
22 41 v
23 1 v
23 2 v
23 3 h
23 7 v
23 8 v
23 9 v
23 11 v
23 12 v
23 13 v
23 15 v
23 16 v
23 17 v
23 18 v
23 20 v
23 21 v
23 22 h
23 23 v
23 24 v
23 30 v
23 31 v
23 32 v
23 33 v
23 34 v
23 35 v
23 37 h
23 38 v
23 39 h
23 40 v
23 41 v
24 1 v
24 2 h
24 3 v
24 7 v
24 8 v
24 9 v
24 11 v
24 12 v
24 13 v
24 15 v
24 18 v
24 20 v
24 21 v
24 22 h
24 23 h
24 24 v
24 30 v
24 31 v
24 32 h
24 33 v
24 34 v
24 35 v
24 37 v
24 38 v
24 39 v
24 40 v
24 41 v
25 1 v
25 2 v
25 3 v
25 7 v
25 8 v
25 9 v
25 11 v
25 12 v
25 13 v
25 20 h
25 21 v
25 22 v
25 23 v
25 24 v
25 30 v
25 31 h
25 32 v
25 33 v
25 34 v
25 35 v
25 37 v
25 38 h
25 39 v
25 40 v
25 41 h
26 1 v
26 2 h
26 3 h
26 7 v
26 8 h
26 9 v
26 11 v
26 12 h
26 13 v
26 14 h
26 15 v
26 16 v
26 17 v
26 18 v
26 19 v
26 20 v
26 21 h
26 22 v
26 23 v
26 24 v
26 26 v
26 27 v
26 28 v
26 30 v
26 31 v
26 32 v
26 33 v
26 34 v
26 35 v
26 37 v
26 38 h
26 39 h
26 40 h
26 41 h
27 1 v
27 2 v
27 3 v
27 11 v
27 12 v
27 13 v
27 14 v
27 15 v
27 16 h
27 17 v
27 18 h
27 19 v
27 20 v
27 21 v
27 22 v
27 23 v
27 24 v
27 26 v
27 27 h
27 28 v
27 30 v
27 31 v
27 32 h
27 33 h
27 34 v
27 35 v
27 37 v
27 38 v
27 39 v
27 40 v
27 41 v
28 1 v
28 2 v
28 3 v
28 11 v
28 12 v
28 13 v
28 14 h
28 15 h
28 16 v
28 17 h
28 18 h
28 19 v
28 20 h
28 21 v
28 22 v
28 23 h
28 24 v
28 26 v
28 27 v
28 28 v
28 30 v
28 31 v
28 32 v
28 33 v
28 34 v
28 35 v
28 37 v
28 38 v
28 39 v
28 40 v
28 41 v
29 1 v
29 2 v
29 3 v
29 11 v
29 12 v
29 13 v
29 14 v
29 15 h
29 16 h
29 17 v
29 18 v
29 22 v
29 23 v
29 24 h
29 26 v
29 27 h
29 28 v
29 30 v
29 31 h
29 32 v
29 33 v
29 34 v
29 35 v
29 37 v
29 38 v
29 39 v
29 40 v
29 41 v
30 1 v
30 2 v
30 3 v
30 11 v
30 12 v
30 13 v
30 14 v
30 15 v
30 16 h
30 17 h
30 18 v
30 22 h
30 23 v
30 24 v
30 26 v
30 27 v
30 28 v
30 30 v
30 31 v
30 32 v
30 33 v
30 34 v
30 35 h
30 37 v
30 38 v
30 39 v
30 40 v
30 41 v
31 1 v
31 2 v
31 3 v
31 11 v
31 12 v
31 13 v
31 14 h
31 15 h
31 16 v
31 17 v
31 18 v
31 22 v
31 23 v
31 24 v
31 26 v
31 27 v
31 28 v
31 32 v
31 33 v
31 34 h
31 35 v
31 37 v
31 38 v
31 39 v
31 40 h
31 41 h
32 1 v
32 2 v
32 3 v
32 11 v
32 12 v
32 13 h
32 14 v
32 15 v
32 16 h
32 17 v
32 18 v
32 22 h
32 23 v
32 24 v
32 25 v
32 26 v
32 27 v
32 28 v
32 30 v
32 31 v
32 32 v
32 33 v
32 34 v
32 35 v
32 37 v
32 38 v
32 39 v
32 40 v
32 41 v
33 1 v
33 2 v
33 3 v
33 22 v
33 23 v
33 24 v
33 25 v
33 26 h
33 27 v
33 28 v
33 30 v
33 31 v
33 32 v
33 33 v
33 34 v
33 35 h
33 37 h
33 38 v
33 39 v
33 40 v
33 41 v
34 1 h
34 2 v
34 3 v
34 22 h
34 23 v
34 24 v
34 25 h
34 26 v
34 27 v
34 28 v
34 30 v
34 31 v
34 32 v
34 33 v
34 34 h
34 35 v
34 37 v
34 38 v
34 39 v
34 40 v
34 41 h
35 1 v
35 2 v
35 3 h
35 22 v
35 28 v
35 30 v
35 35 v
35 37 v
35 38 h
35 39 v
35 40 v
35 41 v
36 1 v
36 2 v
36 3 v
36 37 v
36 38 v
36 39 v
36 40 v
36 41 v
37 1 v
37 2 v
37 3 h
37 4 h
37 5 v
37 6 v
37 7 v
37 8 v
37 9 v
37 10 v
37 11 v
37 12 v
37 13 v
37 14 v
37 15 v
37 16 v
37 17 h
37 18 v
37 19 h
37 20 h
37 21 v
37 22 h
37 23 v
37 24 h
37 25 v
37 26 h
37 27 v
37 28 v
37 29 v
37 30 v
37 31 h
37 32 h
37 33 v
37 34 v
37 35 v
37 36 h
37 37 v
37 38 v
37 39 v
37 40 h
37 41 v
38 1 v
38 2 h
38 3 v
38 4 v
38 5 v
38 6 v
38 7 v
38 8 v
38 9 h
38 10 h
38 11 v
38 12 v
38 13 v
38 14 v
38 15 v
38 16 v
38 17 v
38 18 v
38 19 v
38 20 v
38 21 v
38 22 v
38 23 v
38 24 h
38 25 v
38 26 h
38 27 h
38 28 v
38 29 v
38 30 h
38 31 h
38 32 h
38 33 v
38 34 h
38 35 v
38 36 v
38 37 h
38 38 h
38 39 h
38 40 v
38 41 h
39 41 v
