166968.827644
166968
1 1 v
1 2 v
1 3 v
1 4 v
1 5 v
1 6 v
1 8 v
1 9 h
1 10 v
2 1 v
2 2 v
2 3 v
2 4 v
2 5 v
2 6 v
2 8 v
2 9 h
2 10 v
3 1 v
3 2 v
3 3 v
3 4 v
3 5 v
3 6 h
3 8 v
3 9 v
3 10 v
4 1 v
4 2 v
4 3 v
4 4 v
4 5 v
4 6 v
4 8 h
4 9 v
4 10 v
5 1 v
5 6 v
5 8 v
5 9 h
5 10 v
6 1 v
6 8 v
6 9 v
6 10 v
7 8 v
7 9 v
7 10 v
8 1 v
8 2 v
8 3 h
8 4 v
8 5 v
8 6 v
8 7 v
8 8 v
8 9 v
8 10 v
9 1 v
9 2 v
9 3 v
9 4 h
9 5 v
9 6 v
9 7 v
9 8 v
9 9 v
9 10 v
10 1 v
10 2 h
10 3 h
10 4 v
10 5 h
10 6 v
10 7 v
10 8 h
10 9 v
10 10 v
11 1 v
11 2 v
11 3 v
11 4 v
11 5 v
11 6 v
11 7 h
11 8 v
11 9 v
11 10 v
12 1 v
12 2 v
12 3 v
12 4 v
12 5 v
12 6 h
12 7 h
12 8 h
12 9 h
12 10 v
13 1 v
13 2 v
13 3 v
13 4 v
13 5 v
13 6 v
13 7 v
13 8 v
13 9 v
13 10 v
14 1 v
14 2 v
14 3 v
14 4 v
14 5 v
14 6 v
14 7 v
14 8 v
14 9 v
14 10 v
15 1 h
15 2 v
15 3 v
15 4 v
15 5 v
15 6 v
15 7 v
15 8 v
15 9 v
15 10 v
16 1 v
16 2 h
16 3 v
16 4 v
16 5 v
16 6 v
16 7 v
16 8 v
16 9 v
16 10 v
17 1 v
17 2 v
17 3 v
17 4 h
17 5 h
17 6 v
17 7 v
17 8 v
17 9 v
17 10 v
18 1 h
18 2 v
18 3 h
18 4 v
18 5 h
18 6 v
18 7 v
18 8 v
18 9 v
18 10 v
19 1 v
19 2 v
19 3 v
19 4 v
19 5 v
19 6 v
19 7 v
19 8 v
19 9 v
19 10 v
20 1 h
20 2 v
20 3 v
20 4 h
20 5 h
20 6 v
20 7 v
20 8 v
20 9 h
20 10 v
21 1 v
21 2 v
21 3 v
21 4 v
21 5 v
21 6 h
21 7 v
21 8 v
21 9 v
21 10 v
22 8 v
22 9 v
22 10 v
23 8 v
23 9 v
23 10 v
24 1 v
24 2 v
24 3 h
24 4 v
24 5 v
24 6 v
24 8 v
24 9 v
24 10 v
25 1 v
25 2 v
25 3 v
25 4 v
25 5 v
25 6 v
25 8 v
25 9 h
25 10 v
25 15 v
25 16 v
25 17 v
25 18 v
25 19 h
25 20 v
26 1 v
26 2 v
26 3 h
26 4 h
26 5 v
26 6 v
26 8 v
26 9 h
26 10 v
26 15 h
26 16 h
26 17 v
26 18 h
26 19 h
26 20 v
27 1 v
27 2 v
27 3 h
27 4 v
27 5 v
27 6 h
27 7 v
27 8 v
27 9 h
27 10 v
27 15 h
27 16 h
27 17 h
27 18 v
27 19 v
27 20 v
28 1 h
28 2 v
28 3 v
28 4 h
28 5 h
28 6 v
28 7 v
28 8 h
28 9 h
28 10 v
28 15 v
28 16 v
28 17 v
28 18 h
28 19 v
28 20 h
29 1 v
29 2 v
29 3 v
29 4 h
29 5 v
29 6 v
29 7 h
29 8 v
29 9 v
29 10 h
29 11 v
29 12 v
29 13 v
29 14 v
29 15 v
29 16 v
29 17 v
29 18 v
29 19 v
29 20 v
30 1 v
30 2 h
30 3 v
30 4 h
30 5 h
30 6 h
30 7 v
30 8 v
30 9 v
30 10 v
30 11 v
30 12 h
30 13 v
30 14 v
30 15 v
30 16 v
30 17 h
30 18 v
30 19 v
30 20 v
31 1 h
31 2 v
31 3 h
31 4 h
31 5 v
31 6 h
31 7 v
31 8 h
31 9 v
31 10 h
31 11 h
31 12 v
31 13 h
31 14 h
31 15 v
31 16 v
31 17 v
31 18 v
31 19 v
31 20 h
