1260210.573737
1258597
1 1 h
1 2 v
1 3 v
1 4 v
1 5 v
1 6 v
1 7 v
1 8 h
1 9 h
1 10 h
1 11 v
1 12 v
1 13 v
1 14 v
1 15 v
1 16 h
1 17 v
1 18 h
1 19 v
1 20 v
1 21 v
1 22 v
1 23 v
1 24 v
1 25 v
1 26 v
1 27 v
1 28 v
1 29 v
1 30 h
1 31 v
1 32 v
1 33 v
1 34 v
1 35 v
1 36 v
1 37 v
1 38 v
1 39 v
1 40 v
1 41 v
1 42 v
1 43 h
1 44 v
1 45 v
1 46 v
1 47 v
1 48 v
1 49 v
1 50 v
2 1 v
2 2 v
2 3 v
2 4 v
2 5 v
2 6 v
2 7 v
2 8 v
2 9 h
2 10 v
2 11 v
2 12 v
2 13 v
2 14 v
2 15 v
2 16 v
2 17 v
2 18 v
2 19 v
2 20 v
2 21 v
2 22 v
2 23 v
2 24 v
2 25 v
2 26 h
2 27 v
2 28 v
2 29 v
2 30 v
2 31 h
2 32 v
2 33 v
2 34 v
2 35 v
2 36 v
2 37 v
2 38 v
2 39 h
2 40 h
2 41 h
2 42 v
2 43 v
2 44 v
2 45 v
2 46 v
2 47 v
2 48 v
2 49 h
2 50 v
3 1 v
3 2 v
3 3 v
3 4 v
3 5 v
3 6 v
3 7 h
3 8 v
3 9 v
3 10 v
3 11 h
3 12 v
3 13 v
3 14 h
3 15 v
3 16 v
3 17 h
3 18 v
3 19 v
3 20 v
3 21 v
3 22 v
3 23 v
3 24 v
3 25 v
3 26 v
3 27 h
3 28 h
3 29 h
3 30 v
3 31 h
3 32 v
3 33 h
3 34 v
3 35 v
3 36 v
3 37 v
3 38 v
3 39 v
3 40 v
3 41 v
3 42 v
3 43 v
3 44 v
3 45 v
3 46 v
3 47 v
3 48 v
3 49 v
3 50 v
4 1 v
4 2 v
4 3 v
4 4 v
4 5 v
4 6 v
4 7 v
4 8 v
4 9 v
4 10 v
4 11 h
4 12 v
4 13 v
4 14 v
4 15 v
4 16 v
4 17 v
4 18 h
4 19 v
4 20 v
4 21 h
4 22 v
4 23 v
4 24 v
4 25 v
4 26 v
4 27 v
4 28 v
4 29 h
4 30 v
4 31 v
4 32 h
4 33 v
4 34 v
4 35 v
4 36 v
4 37 v
4 38 h
4 39 h
4 40 v
4 41 v
4 42 v
4 43 v
4 44 v
4 45 v
4 46 v
4 47 h
4 48 h
4 49 v
4 50 v
5 1 h
5 2 h
5 3 v
5 4 v
5 5 v
5 6 v
5 7 h
5 8 v
5 9 v
5 10 v
5 11 v
5 12 h
5 13 h
5 14 v
5 15 v
5 16 v
5 17 h
5 18 v
5 19 h
5 20 v
5 21 v
5 22 v
5 23 v
5 24 v
5 25 v
5 26 v
5 27 v
5 28 v
5 29 h
5 30 h
5 31 v
5 32 v
5 33 v
5 34 v
5 35 v
5 36 v
5 37 v
5 38 v
5 39 v
5 40 h
5 41 v
5 42 v
5 43 v
5 44 h
5 45 h
5 46 v
5 47 h
5 48 v
5 49 v
5 50 v
6 1 h
6 2 v
6 3 v
6 4 v
6 5 v
6 6 v
6 7 v
6 8 h
6 9 v
6 10 v
6 11 v
6 12 h
6 13 v
6 14 v
6 15 v
6 16 h
6 17 v
6 18 h
6 19 v
6 20 v
6 21 h
6 22 v
6 23 h
6 24 v
6 25 v
6 26 v
6 27 v
6 28 h
6 29 h
6 30 v
6 31 v
6 32 h
6 33 v
6 34 v
6 35 v
6 36 v
6 37 h
6 38 v
6 39 v
6 40 v
6 41 v
6 42 v
6 43 v
6 44 h
6 45 v
6 46 v
6 47 v
6 48 v
6 49 v
6 50 h
7 1 h
7 2 v
7 3 h
7 4 h
7 5 h
7 6 v
7 7 v
7 8 h
7 9 v
7 10 v
7 11 v
7 12 h
7 13 v
7 14 v
7 15 v
7 16 h
7 17 v
7 18 h
7 19 v
7 20 v
7 21 v
7 22 v
7 23 v
7 24 h
7 25 v
7 26 h
7 27 v
7 28 v
7 29 v
7 30 v
7 31 v
7 32 h
7 33 v
7 34 h
7 35 v
7 36 v
7 37 v
7 38 v
7 39 v
7 40 v
7 41 v
7 42 h
7 43 v
7 44 v
7 45 v
7 46 v
7 47 v
7 48 h
7 49 v
7 50 v
8 1 v
8 2 v
8 3 v
8 4 v
8 5 v
8 6 v
8 7 h
8 8 v
8 9 v
8 10 v
8 11 v
8 12 v
8 13 h
8 14 v
8 15 v
8 16 v
8 17 v
8 18 v
8 19 v
8 20 h
8 21 v
8 22 v
8 23 v
8 24 v
8 25 v
8 26 h
8 27 v
8 28 v
8 29 h
8 30 v
8 31 h
8 32 v
8 33 v
8 34 h
8 35 v
8 36 v
8 37 h
8 38 h
8 39 v
8 40 v
8 41 v
8 42 h
8 43 v
8 44 v
8 45 v
8 46 v
8 47 h
8 48 v
8 49 v
8 50 v
9 1 h
9 2 h
9 3 v
9 4 v
9 5 h
9 6 h
9 7 v
9 8 h
9 9 h
9 10 v
9 11 v
9 12 v
9 13 v
9 14 v
9 15 h
9 16 h
9 17 v
9 18 v
9 19 v
9 20 v
9 21 h
9 22 v
9 23 v
9 24 v
9 25 h
9 26 v
9 27 v
9 28 v
9 29 v
9 30 v
9 31 v
9 32 v
9 33 v
9 34 h
9 35 h
9 36 v
9 37 h
9 38 v
9 39 v
9 40 v
9 41 v
9 42 v
9 43 v
9 44 v
9 45 v
9 46 v
9 47 v
9 48 v
9 49 v
9 50 v
10 1 v
10 2 v
10 3 h
10 4 v
10 5 v
10 6 h
10 7 h
10 8 v
10 9 v
10 10 v
10 11 v
10 12 v
10 13 v
10 14 v
10 15 v
10 16 v
10 17 v
10 18 v
10 19 h
10 20 v
10 21 v
10 22 v
10 23 v
10 24 v
10 25 h
10 26 v
10 27 v
10 28 v
10 29 h
10 30 v
10 31 h
10 32 v
10 33 v
10 34 v
10 35 v
10 36 v
10 37 v
10 38 v
10 39 v
10 40 h
10 41 v
10 42 v
10 43 h
10 44 v
10 45 v
10 46 v
10 47 v
10 48 v
10 49 v
10 50 v
11 1 v
11 2 v
11 3 v
11 4 v
11 5 h
11 6 v
11 7 h
11 8 v
11 9 v
11 10 v
11 11 v
11 12 v
11 13 h
11 14 v
11 15 v
11 16 v
11 17 v
11 18 v
11 19 v
11 20 v
11 21 v
11 22 v
11 23 h
11 24 h
11 25 v
11 26 v
11 27 v
11 28 v
11 29 h
11 30 v
11 31 v
11 32 h
11 33 v
11 34 v
11 35 v
11 36 h
11 37 v
11 38 v
11 39 v
11 40 v
11 41 v
11 42 v
11 43 v
11 44 v
11 45 v
11 46 v
11 47 v
11 48 h
11 49 v
11 50 v
12 1 v
12 2 v
12 3 v
12 4 h
12 5 v
12 6 v
12 7 h
12 8 v
12 9 v
12 10 v
12 11 v
12 12 v
12 13 v
12 14 v
12 15 v
12 16 v
12 17 v
12 18 v
12 19 v
12 20 h
12 21 v
12 22 v
12 23 v
12 24 v
12 25 v
12 26 h
12 27 v
12 28 v
12 29 v
12 30 h
12 31 v
12 32 v
12 33 v
12 34 v
12 35 v
12 36 v
12 37 v
12 38 v
12 39 v
12 40 v
12 41 v
12 42 v
12 43 v
12 44 v
12 45 v
12 46 v
12 47 v
12 48 h
12 49 v
12 50 v
13 1 v
13 2 v
13 3 v
13 4 v
13 5 h
13 6 h
13 7 v
13 8 v
13 9 v
13 10 v
13 11 h
13 12 v
13 13 h
13 14 h
13 15 v
13 16 v
13 17 v
13 18 v
13 19 v
13 20 v
13 21 v
13 22 v
13 23 v
13 24 v
13 25 v
13 26 v
13 27 v
13 28 v
13 29 v
13 30 v
13 31 v
13 32 v
13 33 v
13 34 v
13 35 h
13 36 v
13 37 v
13 38 v
13 39 v
13 40 v
13 41 h
13 42 h
13 43 v
13 44 v
13 45 v
13 46 v
13 47 h
13 48 v
13 49 v
13 50 v
14 1 v
14 2 v
14 3 v
14 4 h
14 5 h
14 6 h
14 7 v
14 8 v
14 9 h
14 10 h
14 11 h
14 12 v
14 13 v
14 14 v
14 15 v
14 16 h
14 17 v
14 18 v
14 19 v
14 20 h
14 21 v
14 22 v
14 23 v
14 24 v
14 25 v
14 26 h
14 27 v
14 28 v
14 29 v
14 30 v
14 31 h
14 32 v
14 33 v
14 34 v
14 35 v
14 36 h
14 37 h
14 38 h
14 39 v
14 40 v
14 41 v
14 42 v
14 43 v
14 44 v
14 45 h
14 46 h
14 47 v
14 48 v
14 49 v
14 50 v
15 1 v
15 2 v
15 3 v
15 4 v
15 5 v
15 6 v
15 7 v
15 8 v
15 9 h
15 10 v
15 11 v
15 12 v
15 13 v
15 14 v
15 15 v
15 16 v
15 17 v
15 18 v
15 19 v
15 20 v
15 21 v
15 22 h
15 23 v
15 24 v
15 25 v
15 26 v
15 27 h
15 28 v
15 29 v
15 30 v
15 31 h
15 32 v
15 33 v
15 34 h
15 35 v
15 36 v
15 37 v
15 38 h
15 39 v
15 40 v
15 41 v
15 42 v
15 43 v
15 44 v
15 45 h
15 46 v
15 47 h
15 48 v
15 49 v
15 50 h
16 1 v
16 2 v
16 3 v
16 4 v
16 5 v
16 6 v
16 7 v
16 8 v
16 9 v
16 10 h
16 11 v
16 12 v
16 13 h
16 14 h
16 15 v
16 16 v
16 17 v
16 18 v
16 19 v
16 20 v
16 21 v
16 22 v
16 23 v
16 24 v
16 25 v
16 26 v
16 27 v
16 28 v
16 29 h
16 30 v
16 31 v
16 32 v
16 33 v
16 34 v
16 35 h
16 36 v
16 37 v
16 38 v
16 39 v
16 40 v
16 41 v
16 42 v
16 43 h
16 44 v
16 45 v
16 46 v
16 47 v
16 48 h
16 49 v
16 50 h
17 1 v
17 2 v
17 3 v
17 4 v
17 5 v
17 6 h
17 7 v
17 8 v
17 9 h
17 10 v
17 11 v
17 12 v
17 13 v
17 14 v
17 15 h
17 16 h
17 17 v
17 18 v
17 19 v
17 20 v
17 21 v
17 22 v
17 23 v
17 24 h
17 25 h
17 26 v
17 27 v
17 28 v
17 29 v
17 30 v
17 31 v
17 32 v
17 33 v
17 34 v
17 35 v
17 36 v
17 37 v
17 38 h
17 39 v
17 40 h
17 41 v
17 42 v
17 43 v
17 44 v
17 45 h
17 46 v
17 47 v
17 48 v
17 49 v
17 50 h
18 1 v
18 2 h
18 3 v
18 4 v
18 5 v
18 6 v
18 7 v
18 8 v
18 9 v
18 10 h
18 11 v
18 12 v
18 13 v
18 14 h
18 15 v
18 16 v
18 17 v
18 18 v
18 19 v
18 20 h
18 21 h
18 22 v
18 23 v
18 24 v
18 25 v
18 26 v
18 27 v
18 28 v
18 29 v
18 30 v
18 31 v
18 32 h
18 33 v
18 34 v
18 35 h
18 36 h
18 37 h
18 38 h
18 39 v
18 40 v
18 41 v
18 42 h
18 43 v
18 44 v
18 45 v
18 46 v
18 47 v
18 48 v
18 49 v
18 50 v
19 1 v
19 2 v
19 3 v
19 4 v
19 5 v
19 6 v
19 7 v
19 8 v
19 9 h
19 10 v
19 11 v
19 12 v
19 13 v
19 14 v
19 15 h
19 16 v
19 17 h
19 18 v
19 19 v
19 20 v
19 21 v
19 22 v
19 23 h
19 24 v
19 25 v
19 26 v
19 27 v
19 28 v
19 29 v
19 30 v
19 31 v
19 32 v
19 33 v
19 34 v
19 35 v
19 36 v
19 37 v
19 38 v
19 39 v
19 40 h
19 41 v
19 42 v
19 43 v
19 44 v
19 45 h
19 46 v
19 47 v
19 48 h
19 49 v
19 50 h
20 1 v
20 2 v
20 3 v
20 4 h
20 5 v
20 6 v
20 7 v
20 8 v
20 9 v
20 10 h
20 11 h
20 12 h
20 13 v
20 14 v
20 15 v
20 16 v
20 17 v
20 18 v
20 19 h
20 20 v
20 21 v
20 22 v
20 23 v
20 24 v
20 25 v
20 26 v
20 27 h
20 28 v
20 29 v
20 30 v
20 31 h
20 32 v
20 33 h
20 34 v
20 35 v
20 36 v
20 37 h
20 38 v
20 39 v
20 40 v
20 41 h
20 42 h
20 43 h
20 44 v
20 45 h
20 46 v
20 47 v
20 48 v
20 49 v
20 50 h
21 1 v
21 2 v
21 3 h
21 4 v
21 5 v
21 6 v
21 7 v
21 8 h
21 9 v
21 10 h
21 11 h
21 12 v
21 13 v
21 14 v
21 15 v
21 16 v
21 17 v
21 18 v
21 19 v
21 20 v
21 21 h
21 22 v
21 23 h
21 24 v
21 25 v
21 26 v
21 27 h
21 28 v
21 29 v
21 30 v
21 31 v
21 32 h
21 33 v
21 34 h
21 35 v
21 36 v
21 37 v
21 38 v
21 39 v
21 40 h
21 41 v
21 42 v
21 43 v
21 44 h
21 45 v
21 46 v
21 47 v
21 48 v
21 49 v
21 50 v
22 1 h
22 2 h
22 3 v
22 4 h
22 5 v
22 6 v
22 7 v
22 8 h
22 9 v
22 10 v
22 11 v
22 12 v
22 13 v
22 14 v
22 15 v
22 16 h
22 17 v
22 18 v
22 19 v
22 20 v
22 21 v
22 22 v
22 23 v
22 24 v
22 25 v
22 26 v
22 27 v
22 28 v
22 29 v
22 30 v
22 31 v
22 32 v
22 33 v
22 34 h
22 35 v
22 36 v
22 37 v
22 38 v
22 39 v
22 40 h
22 41 h
22 42 v
22 43 h
22 44 v
22 45 h
22 46 v
22 47 v
22 48 v
22 49 h
22 50 v
23 1 v
23 2 v
23 3 v
23 4 v
23 5 v
23 6 h
23 7 h
23 8 v
23 9 v
23 10 v
23 11 v
23 12 v
23 13 h
23 14 v
23 15 v
23 16 v
23 17 v
23 18 v
23 19 v
23 20 v
23 21 v
23 22 h
23 23 h
23 24 v
23 25 v
23 26 v
23 27 v
23 28 v
23 29 v
23 30 h
23 31 h
23 32 v
23 33 v
23 34 v
23 35 v
23 36 v
23 37 v
23 38 v
23 39 v
23 40 v
23 41 v
23 42 v
23 43 v
23 44 v
23 45 h
23 46 h
23 47 v
23 48 v
23 49 v
23 50 v
24 1 v
24 2 v
24 3 v
24 4 v
24 5 v
24 6 v
24 7 h
24 8 v
24 9 h
24 10 v
24 11 v
24 12 h
24 13 h
24 14 v
24 15 v
24 16 v
24 17 v
24 18 v
24 19 v
24 20 v
24 21 v
24 22 v
24 23 v
24 24 v
24 25 v
24 26 v
24 27 v
24 28 v
24 29 v
24 30 v
24 31 v
24 32 v
24 33 v
24 34 h
24 35 h
24 36 v
24 37 v
24 38 v
24 39 v
24 40 v
24 41 v
24 42 v
24 43 h
24 44 v
24 45 h
24 46 h
24 47 v
24 48 h
24 49 v
24 50 h
25 1 v
25 2 v
25 3 v
25 4 v
25 5 v
25 6 v
25 7 v
25 8 v
25 9 v
25 10 v
25 11 h
25 12 v
25 13 v
25 14 v
25 15 v
25 16 h
25 17 v
25 18 v
25 19 v
25 20 v
25 21 h
25 22 h
25 23 v
25 24 v
25 25 h
25 26 v
25 27 h
25 28 v
25 29 v
25 30 v
25 31 v
25 32 v
25 33 v
25 34 h
25 35 h
25 36 v
25 37 h
25 38 h
25 39 v
25 40 v
25 41 v
25 42 v
25 43 v
25 44 h
25 45 h
25 46 v
25 47 v
25 48 v
25 49 v
25 50 v
26 1 v
26 2 v
26 3 v
26 4 v
26 5 v
26 6 v
26 7 h
26 8 h
26 9 v
26 10 v
26 11 v
26 12 v
26 13 v
26 14 h
26 15 v
26 16 v
26 17 v
26 18 v
26 19 v
26 20 v
26 21 h
26 22 v
26 23 h
26 24 v
26 25 h
26 26 v
26 27 v
26 28 h
26 29 v
26 30 v
26 31 v
26 32 v
26 33 v
26 34 v
26 35 v
26 36 h
26 37 h
26 38 h
26 39 v
26 40 h
26 41 v
26 42 v
26 43 v
26 44 v
26 45 h
26 46 h
26 47 v
26 48 h
26 49 v
26 50 v
27 1 v
27 2 v
27 3 v
27 4 v
27 5 v
27 6 v
27 7 v
27 8 v
27 9 v
27 10 h
27 11 v
27 12 h
27 13 h
27 14 v
27 15 v
27 16 v
27 17 v
27 18 h
27 19 v
27 20 v
27 21 v
27 22 v
27 23 v
27 24 v
27 25 v
27 26 v
27 27 v
27 28 v
27 29 v
27 30 v
27 31 v
27 32 v
27 33 v
27 34 v
27 35 v
27 36 v
27 37 v
27 38 v
27 39 v
27 40 h
27 41 v
27 42 v
27 43 v
27 44 v
27 45 v
27 46 v
27 47 v
27 48 v
27 49 v
27 50 v
28 1 h
28 2 v
28 3 h
28 4 v
28 5 h
28 6 v
28 7 v
28 8 h
28 9 v
28 10 v
28 11 v
28 12 v
28 13 v
28 14 h
28 15 h
28 16 v
28 17 v
28 18 v
28 19 h
28 20 h
28 21 v
28 22 v
28 23 v
28 24 v
28 25 v
28 26 v
28 27 h
28 28 v
28 29 v
28 30 v
28 31 v
28 32 v
28 33 h
28 34 h
28 35 v
28 36 v
28 37 v
28 38 v
28 39 h
28 40 v
28 41 v
28 42 v
28 43 v
28 44 v
28 45 v
28 46 v
28 47 v
28 48 v
28 49 v
28 50 v
29 1 v
29 2 v
29 3 v
29 4 v
29 5 v
29 6 v
29 7 v
29 8 h
29 9 v
29 10 h
29 11 v
29 12 h
29 13 h
29 14 v
29 15 v
29 16 h
29 17 v
29 18 v
29 19 v
29 20 v
29 21 v
29 22 v
29 23 v
29 24 v
29 25 v
29 26 v
29 27 v
29 28 v
29 29 h
29 30 v
29 31 v
29 32 h
29 33 v
29 34 v
29 35 v
29 36 v
29 37 v
29 38 v
29 39 v
29 40 v
29 41 h
29 42 v
29 43 v
29 44 h
29 45 v
29 46 v
29 47 v
29 48 v
29 49 v
29 50 v
30 1 v
30 2 h
30 3 h
30 4 h
30 5 v
30 6 v
30 7 v
30 8 h
30 9 v
30 10 h
30 11 v
30 12 v
30 13 v
30 14 v
30 15 v
30 16 v
30 17 v
30 18 v
30 19 v
30 20 v
30 21 v
30 22 v
30 23 v
30 24 v
30 25 h
30 26 v
30 27 v
30 28 v
30 29 v
30 30 v
30 31 h
30 32 h
30 33 v
30 34 v
30 35 h
30 36 v
30 37 h
30 38 v
30 39 v
30 40 v
30 41 v
30 42 v
30 43 v
30 44 h
30 45 v
30 46 v
30 47 v
30 48 v
30 49 v
30 50 v
31 1 h
31 2 v
31 3 h
31 4 v
31 5 v
31 6 h
31 7 v
31 8 h
31 9 h
31 10 v
31 11 h
31 12 v
31 13 h
31 14 v
31 15 v
31 16 h
31 17 v
31 18 v
31 19 v
31 20 v
31 21 v
31 22 h
31 23 v
31 24 v
31 25 v
31 26 h
31 27 v
31 28 v
31 29 h
31 30 v
31 31 h
31 32 v
31 33 v
31 34 v
31 35 v
31 36 v
31 37 h
31 38 h
31 39 v
31 40 h
31 41 v
31 42 h
31 43 v
31 44 v
31 45 v
31 46 v
31 47 v
31 48 v
31 49 v
31 50 v
32 1 v
32 2 v
32 3 v
32 4 v
32 5 v
32 6 h
32 7 v
32 8 v
32 9 v
32 10 v
32 11 v
32 12 v
32 13 v
32 14 h
32 15 v
32 16 v
32 17 v
32 18 h
32 19 v
32 20 v
32 21 v
32 22 v
32 23 v
32 24 v
32 25 v
32 26 v
32 27 v
32 28 v
32 29 v
32 30 v
32 31 v
32 32 v
32 33 v
32 34 v
32 35 v
32 36 v
32 37 v
32 38 v
32 39 h
32 40 v
32 41 v
32 42 h
32 43 v
32 44 v
32 45 v
32 46 h
32 47 v
32 48 v
32 49 v
32 50 v
33 1 v
33 2 v
33 3 v
33 4 v
33 5 v
33 6 v
33 7 v
33 8 v
33 9 v
33 10 v
33 11 v
33 12 v
33 13 v
33 14 v
33 15 v
33 16 v
33 17 v
33 18 v
33 19 v
33 20 h
33 21 v
33 22 v
33 23 v
33 24 v
33 25 v
33 26 h
33 27 v
33 28 v
33 29 v
33 30 v
33 31 v
33 32 h
33 33 h
33 34 v
33 35 v
33 36 v
33 37 v
33 38 v
33 39 v
33 40 v
33 41 v
33 42 h
33 43 v
33 44 v
33 45 h
33 46 v
33 47 v
33 48 v
33 49 h
33 50 v
34 1 h
34 2 v
34 3 v
34 4 v
34 5 v
34 6 v
34 7 h
34 8 v
34 9 v
34 10 h
34 11 v
34 12 v
34 13 v
34 14 v
34 15 v
34 16 v
34 17 v
34 18 v
34 19 v
34 20 v
34 21 h
34 22 h
34 23 v
34 24 v
34 25 h
34 26 v
34 27 v
34 28 h
34 29 v
34 30 v
34 31 h
34 32 v
34 33 v
34 34 v
34 35 h
34 36 v
34 37 v
34 38 v
34 39 v
34 40 v
34 41 v
34 42 v
34 43 v
34 44 v
34 45 h
34 46 v
34 47 v
34 48 h
34 49 v
34 50 v
35 1 v
35 2 v
35 3 v
35 4 v
35 5 v
35 6 v
35 7 v
35 8 v
35 9 v
35 10 h
35 11 v
35 12 v
35 13 v
35 14 v
35 15 v
35 16 v
35 17 v
35 18 v
35 19 h
35 20 v
35 21 h
35 22 v
35 23 v
35 24 v
35 25 v
35 26 h
35 27 v
35 28 v
35 29 h
35 30 v
35 31 v
35 32 v
35 33 v
35 34 v
35 35 v
35 36 v
35 37 h
35 38 h
35 39 v
35 40 v
35 41 v
35 42 h
35 43 v
35 44 v
35 45 v
35 46 v
35 47 v
35 48 v
35 49 v
35 50 v
36 1 v
36 2 v
36 3 v
36 4 v
36 5 v
36 6 v
36 7 v
36 8 h
36 9 v
36 10 v
36 11 v
36 12 h
36 13 h
36 14 v
36 15 v
36 16 v
36 17 h
36 18 v
36 19 v
36 20 v
36 21 v
36 22 v
36 23 v
36 24 v
36 25 v
36 26 h
36 27 h
36 28 v
36 29 v
36 30 v
36 31 v
36 32 v
36 33 v
36 34 h
36 35 v
36 36 v
36 37 v
36 38 v
36 39 v
36 40 v
36 41 v
36 42 v
36 43 h
36 44 h
36 45 v
36 46 h
36 47 v
36 48 v
36 49 v
36 50 v
37 1 v
37 2 v
37 3 v
37 4 v
37 5 v
37 6 v
37 7 v
37 8 v
37 9 h
37 10 h
37 11 v
37 12 v
37 13 v
37 14 v
37 15 v
37 16 v
37 17 v
37 18 v
37 19 v
37 20 v
37 21 h
37 22 v
37 23 v
37 24 v
37 25 v
37 26 v
37 27 v
37 28 v
37 29 v
37 30 v
37 31 v
37 32 v
37 33 v
37 34 v
37 35 v
37 36 h
37 37 v
37 38 v
37 39 h
37 40 v
37 41 v
37 42 v
37 43 v
37 44 v
37 45 v
37 46 v
37 47 v
37 48 h
37 49 v
37 50 v
38 1 h
38 2 v
38 3 v
38 4 v
38 5 v
38 6 v
38 7 v
38 8 h
38 9 v
38 10 v
38 11 h
38 12 v
38 13 h
38 14 v
38 15 v
38 16 v
38 17 v
38 18 v
38 19 h
38 20 v
38 21 v
38 22 v
38 23 h
38 24 v
38 25 v
38 26 v
38 27 h
38 28 v
38 29 v
38 30 v
38 31 h
38 32 v
38 33 v
38 34 v
38 35 v
38 36 v
38 37 h
38 38 v
38 39 v
38 40 v
38 41 v
38 42 v
38 43 h
38 44 h
38 45 v
38 46 v
38 47 v
38 48 v
38 49 h
38 50 v
39 1 v
39 2 v
39 3 v
39 4 v
39 5 h
39 6 v
39 7 v
39 8 v
39 9 h
39 10 v
39 11 v
39 12 h
39 13 v
39 14 v
39 15 v
39 16 h
39 17 v
39 18 h
39 19 v
39 20 v
39 21 h
39 22 v
39 23 h
39 24 v
39 25 v
39 26 v
39 27 h
39 28 v
39 29 v
39 30 v
39 31 v
39 32 v
39 33 v
39 34 v
39 35 v
39 36 v
39 37 v
39 38 h
39 39 v
39 40 h
39 41 v
39 42 v
39 43 v
39 44 v
39 45 v
39 46 v
39 47 v
39 48 v
39 49 h
39 50 v
40 1 v
40 2 h
40 3 v
40 4 v
40 5 v
40 6 v
40 7 v
40 8 v
40 9 v
40 10 v
40 11 h
40 12 v
40 13 v
40 14 v
40 15 v
40 16 v
40 17 v
40 18 v
40 19 v
40 20 v
40 21 v
40 22 h
40 23 v
40 24 h
40 25 v
40 26 v
40 27 v
40 28 v
40 29 v
40 30 v
40 31 v
40 32 v
40 33 h
40 34 v
40 35 v
40 36 v
40 37 v
40 38 h
40 39 v
40 40 v
40 41 v
40 42 h
40 43 v
40 44 v
40 45 v
40 46 v
40 47 v
40 48 v
40 49 v
40 50 h
41 1 v
41 2 v
41 3 v
41 4 v
41 5 v
41 6 v
41 7 v
41 8 v
41 9 v
41 10 v
41 11 v
41 12 v
41 13 v
41 14 v
41 15 v
41 16 v
41 17 v
41 18 v
41 19 v
41 20 v
41 21 v
41 22 v
41 23 v
41 24 h
41 25 v
41 26 v
41 27 v
41 28 v
41 29 h
41 30 v
41 31 v
41 32 h
41 33 v
41 34 h
41 35 v
41 36 v
41 37 v
41 38 h
41 39 v
41 40 h
41 41 v
41 42 h
41 43 v
41 44 v
41 45 v
41 46 v
41 47 v
41 48 v
41 49 v
41 50 v
42 1 v
42 2 h
42 3 v
42 4 v
42 5 v
42 6 v
42 7 h
42 8 h
42 9 v
42 10 v
42 11 v
42 12 h
42 13 h
42 14 v
42 15 v
42 16 h
42 17 v
42 18 v
42 19 h
42 20 v
42 21 v
42 22 v
42 23 v
42 24 v
42 25 v
42 26 v
42 27 h
42 28 v
42 29 v
42 30 h
42 31 h
42 32 v
42 33 v
42 34 v
42 35 v
42 36 v
42 37 v
42 38 v
42 39 h
42 40 h
42 41 v
42 42 h
42 43 v
42 44 h
42 45 v
42 46 v
42 47 v
42 48 v
42 49 h
42 50 v
43 1 v
43 2 v
43 3 v
43 4 v
43 5 v
43 6 v
43 7 v
43 8 v
43 9 v
43 10 v
43 11 v
43 12 v
43 13 v
43 14 v
43 15 v
43 16 v
43 17 h
43 18 v
43 19 v
43 20 v
43 21 v
43 22 v
43 23 h
43 24 v
43 25 v
43 26 v
43 27 v
43 28 v
43 29 h
43 30 v
43 31 v
43 32 v
43 33 v
43 34 v
43 35 v
43 36 v
43 37 h
43 38 v
43 39 v
43 40 h
43 41 v
43 42 v
43 43 v
43 44 v
43 45 v
43 46 v
43 47 v
43 48 v
43 49 v
43 50 v
44 1 v
44 2 v
44 3 v
44 4 v
44 5 v
44 6 v
44 7 v
44 8 v
44 9 v
44 10 v
44 11 v
44 12 h
44 13 v
44 14 v
44 15 v
44 16 h
44 17 v
44 18 v
44 19 v
44 20 v
44 21 v
44 22 v
44 23 v
44 24 v
44 25 v
44 26 v
44 27 v
44 28 v
44 29 h
44 30 v
44 31 h
44 32 v
44 33 v
44 34 v
44 35 v
44 36 v
44 37 v
44 38 v
44 39 v
44 40 v
44 41 v
44 42 v
44 43 v
44 44 v
44 45 v
44 46 v
44 47 v
44 48 h
44 49 v
44 50 v
45 1 v
45 2 v
45 3 v
45 4 v
45 5 v
45 6 v
45 7 h
45 8 v
45 9 v
45 10 v
45 11 v
45 12 v
45 13 v
45 14 h
45 15 v
45 16 v
45 17 v
45 18 v
45 19 v
45 20 v
45 21 v
45 22 v
45 23 h
45 24 v
45 25 v
45 26 h
45 27 h
45 28 v
45 29 v
45 30 h
45 31 v
45 32 v
45 33 v
45 34 v
45 35 h
45 36 v
45 37 v
45 38 v
45 39 v
45 40 v
45 41 v
45 42 v
45 43 h
45 44 h
45 45 v
45 46 h
45 47 v
45 48 v
45 49 v
45 50 v
46 1 v
46 2 v
46 3 v
46 4 v
46 5 v
46 6 v
46 7 h
46 8 v
46 9 h
46 10 v
46 11 v
46 12 v
46 13 v
46 14 h
46 15 h
46 16 v
46 17 v
46 18 v
46 19 v
46 20 v
46 21 v
46 22 v
46 23 v
46 24 v
46 25 v
46 26 v
46 27 v
46 28 v
46 29 v
46 30 v
46 31 v
46 32 v
46 33 v
46 34 v
46 35 h
46 36 v
46 37 v
46 38 v
46 39 v
46 40 v
46 41 v
46 42 h
46 43 v
46 44 h
46 45 v
46 46 v
46 47 v
46 48 v
46 49 v
46 50 v
47 1 v
47 2 v
47 3 v
47 4 v
47 5 v
47 6 h
47 7 h
47 8 v
47 9 v
47 10 v
47 11 v
47 12 v
47 13 v
47 14 v
47 15 h
47 16 v
47 17 h
47 18 v
47 19 v
47 20 v
47 21 v
47 22 v
47 23 v
47 24 h
47 25 v
47 26 v
47 27 v
47 28 h
47 29 h
47 30 v
47 31 h
47 32 v
47 33 h
47 34 h
47 35 v
47 36 h
47 37 v
47 38 h
47 39 v
47 40 v
47 41 v
47 42 h
47 43 v
47 44 v
47 45 v
47 46 v
47 47 v
47 48 v
47 49 h
47 50 v
48 1 v
48 2 v
48 3 h
48 4 h
48 5 v
48 6 h
48 7 v
48 8 v
48 9 v
48 10 v
48 11 v
48 12 v
48 13 h
48 14 v
48 15 v
48 16 v
48 17 v
48 18 v
48 19 h
48 20 v
48 21 v
48 22 v
48 23 v
48 24 v
48 25 v
48 26 v
48 27 v
48 28 v
48 29 v
48 30 v
48 31 v
48 32 h
48 33 v
48 34 v
48 35 v
48 36 v
48 37 v
48 38 v
48 39 v
48 40 v
48 41 h
48 42 v
48 43 v
48 44 v
48 45 v
48 46 v
48 47 v
48 48 h
48 49 v
48 50 v
49 1 v
49 2 v
49 3 v
49 4 h
49 5 v
49 6 v
49 7 v
49 8 v
49 9 v
49 10 v
49 11 v
49 12 v
49 13 v
49 14 v
49 15 v
49 16 v
49 17 h
49 18 h
49 19 h
49 20 v
49 21 v
49 22 v
49 23 v
49 24 h
49 25 v
49 26 h
49 27 v
49 28 v
49 29 v
49 30 v
49 31 v
49 32 v
49 33 v
49 34 v
49 35 h
49 36 v
49 37 v
49 38 v
49 39 h
49 40 v
49 41 v
49 42 v
49 43 v
49 44 v
49 45 h
49 46 v
49 47 v
49 48 h
49 49 v
49 50 v
50 1 v
50 2 v
50 3 v
50 4 v
50 5 v
50 6 v
50 7 h
50 8 h
50 9 h
50 10 v
50 11 v
50 12 v
50 13 v
50 14 h
50 15 h
50 16 v
50 17 v
50 18 v
50 19 v
50 20 v
50 21 v
50 22 h
50 23 h
50 24 h
50 25 v
50 26 v
50 27 v
50 28 h
50 29 v
50 30 v
50 31 v
50 32 v
50 33 v
50 34 v
50 35 v
50 36 v
50 37 h
50 38 h
50 39 v
50 40 v
50 41 v
50 42 v
50 43 h
50 44 v
50 45 v
50 46 v
50 47 v
50 48 v
50 49 v
50 50 v
