1390534.615610
1390534
1 1 h
1 2 h
1 3 h
1 4 v
1 6 h
1 7 h
1 9 h
1 11 v
1 12 v
1 14 h
1 18 v
1 19 h
1 20 h
1 23 h
1 24 h
1 25 h
1 27 v
1 29 h
1 30 h
1 31 v
1 32 v
1 33 h
1 34 h
1 35 v
1 36 h
1 38 h
1 39 h
1 40 v
1 44 h
1 55 v
1 56 v
1 59 h
1 60 h
1 61 v
2 1 h
2 2 v
2 3 v
2 6 h
2 7 h
2 8 v
2 10 h
2 11 v
2 14 v
2 16 v
2 17 v
2 18 v
2 19 h
2 22 v
2 24 h
2 25 h
2 27 v
2 29 h
2 33 v
2 34 v
2 35 v
2 37 v
2 38 h
2 39 v
2 42 h
3 3 v
3 4 v
3 5 h
3 6 h
3 7 h
3 8 v
3 9 h
3 11 v
3 13 v
3 14 v
3 16 h
3 17 h
3 19 h
3 20 h
3 22 v
3 24 v
3 28 v
3 32 v
3 33 v
3 34 h
3 40 v
3 42 h
3 44 h
4 1 h
4 2 h
4 3 h
4 5 h
4 7 h
4 9 h
4 12 v
4 13 h
4 14 h
4 15 h
4 16 h
4 17 h
4 21 h
4 23 h
4 27 h
4 29 h
4 30 v
4 31 v
4 33 h
4 36 h
4 38 h
4 39 h
4 40 h
4 42 h
4 44 h
5 4 h
5 7 h
5 8 v
5 11 v
5 14 h
5 16 v
5 17 h
5 18 h
5 20 h
5 21 v
5 23 h
5 24 h
5 25 h
5 34 h
5 35 h
5 36 h
5 37 v
5 39 h
5 40 h
5 41 h
6 1 h
6 2 h
6 6 h
6 7 h
6 10 h
6 11 v
6 12 v
6 15 h
6 16 v
6 17 h
6 18 v
6 24 h
6 25 h
6 26 h
6 27 h
6 30 h
6 31 h
6 32 v
6 33 v
6 34 h
6 35 v
6 36 h
6 41 h
6 44 h
7 4 v
7 5 h
7 6 h
7 8 v
7 9 h
7 10 h
7 11 v
7 13 v
7 16 v
7 17 h
7 20 h
7 22 h
7 23 h
7 24 v
7 25 h
7 27 h
7 28 v
7 29 h
7 31 v
7 32 v
7 33 h
7 34 h
7 35 v
7 36 h
7 37 h
7 41 h
7 43 h
8 2 h
8 3 v
8 5 v
8 7 v
8 10 v
8 11 v
8 18 v
8 19 h
8 23 h
8 24 v
8 26 v
8 27 h
8 29 h
8 31 v
8 32 v
8 33 v
8 34 v
8 35 v
8 36 h
8 38 v
8 40 v
8 43 h
9 5 h
9 6 h
9 7 h
9 8 v
9 12 h
9 13 v
9 14 h
9 15 v
9 17 h
9 18 h
9 19 h
9 20 h
9 31 v
9 34 h
9 37 v
9 38 h
9 40 h
9 42 h
9 43 h
9 44 h
10 1 h
11 1 h
12 1 h
13 1 v
13 27 h
13 88 h
14 3 h
14 5 h
14 7 h
14 8 h
14 9 h
14 11 h
14 13 h
14 17 h
14 18 h
14 22 h
14 25 h
14 27 v
14 45 h
14 48 h
14 49 h
14 50 v
14 51 h
14 53 v
14 54 v
14 55 h
14 56 h
14 58 v
14 59 v
14 60 h
14 61 h
14 62 h
14 66 h
14 68 h
14 69 v
14 70 h
14 73 h
14 75 h
14 76 v
14 78 h
14 79 h
14 80 v
14 82 v
14 84 v
14 86 h
15 3 v
15 7 v
15 8 v
15 9 v
15 11 v
15 13 v
15 14 v
15 21 v
15 22 v
15 25 v
15 45 v
15 49 v
15 52 v
15 62 h
15 63 h
15 64 v
15 65 v
15 66 v
15 68 v
15 69 v
15 72 v
15 74 h
15 81 v
15 82 v
15 83 v
15 84 v
16 2 v
16 8 v
16 9 v
16 11 v
16 15 v
16 16 v
16 19 v
16 22 v
16 23 v
16 24 v
16 25 v
16 26 v
16 46 h
16 48 h
16 55 v
16 56 v
16 57 v
16 59 v
16 60 v
16 61 v
16 62 h
16 64 v
16 65 v
16 67 v
16 69 v
16 70 v
16 72 v
16 73 v
16 74 v
16 75 v
16 77 v
16 79 v
16 80 v
16 81 v
16 83 v
16 86 v
16 87 v
16 88 v
17 1 v
17 4 v
17 8 v
17 10 v
17 11 v
17 12 v
17 13 v
17 16 v
17 18 v
17 19 v
17 21 v
17 25 v
17 48 h
17 49 v
17 51 v
17 52 v
17 55 v
17 57 v
17 58 v
17 60 v
17 63 h
17 64 v
17 65 v
17 74 v
17 76 v
17 81 v
17 82 v
17 85 v
17 86 v
17 87 v
18 1 h
18 2 h
18 3 v
18 6 h
18 7 h
18 9 v
18 11 v
18 13 v
18 14 v
18 16 v
18 18 v
18 19 h
18 20 h
18 21 v
18 23 h
18 24 v
18 25 h
18 26 v
18 27 v
18 45 v
18 47 v
18 49 v
18 53 h
18 54 v
18 56 v
18 58 v
18 62 h
18 65 v
18 66 v
18 67 v
18 68 v
18 70 h
18 72 v
18 74 v
18 75 v
18 76 v
18 79 v
18 80 v
18 81 v
18 82 v
18 83 v
18 84 v
18 87 h
18 88 v
19 7 h
19 13 h
19 16 h
19 17 h
19 18 v
19 22 h
19 23 h
19 24 v
19 25 h
19 26 h
19 27 v
19 45 v
19 48 h
19 49 v
19 55 h
19 56 v
19 57 h
19 59 h
19 63 h
19 64 v
19 67 v
19 68 v
19 70 h
19 72 v
19 74 h
19 75 v
19 76 h
19 77 v
19 78 v
19 82 h
19 83 h
19 86 v
19 87 h
19 88 h
20 2 h
20 3 v
20 4 h
20 9 h
20 10 h
20 11 h
20 16 v
20 18 h
20 19 h
20 22 v
20 24 h
20 25 h
20 27 v
20 45 h
20 46 h
20 49 h
20 50 v
20 52 h
20 53 h
20 56 h
20 58 h
20 60 h
20 61 v
20 63 h
20 65 h
20 66 h
20 67 h
20 68 h
20 69 v
20 71 h
20 78 h
20 79 h
20 80 h
20 85 h
20 86 h
20 87 h
20 88 h
21 3 v
21 4 v
21 6 v
21 8 v
21 11 v
21 12 v
21 13 v
21 17 v
21 18 v
21 19 v
21 20 v
21 21 v
21 22 v
21 25 v
21 26 v
21 27 v
21 45 v
21 49 v
21 51 h
21 53 v
21 54 v
21 58 v
21 59 v
21 60 v
21 67 v
21 68 v
21 69 v
21 70 h
21 71 v
21 75 v
21 77 v
21 79 v
21 80 h
21 84 v
21 85 v
21 86 v
21 87 v
21 88 v
22 2 h
22 8 v
22 12 v
22 14 v
22 16 v
22 22 v
22 23 h
22 24 v
22 46 h
22 48 h
22 49 v
22 50 v
22 51 v
22 54 v
22 56 v
22 57 h
22 60 h
22 61 v
22 64 v
22 66 v
22 70 h
22 73 h
22 75 v
22 78 h
22 79 v
22 80 v
22 84 v
22 86 h
22 88 v
23 1 h
23 2 h
23 3 v
23 5 v
23 11 v
23 13 v
23 14 v
23 15 h
23 18 v
23 19 h
23 21 v
23 22 v
23 23 h
23 25 h
23 26 v
23 27 v
23 45 v
23 46 h
23 47 h
23 48 h
23 49 h
23 50 v
23 55 v
23 57 h
23 58 v
23 59 v
23 61 h
23 62 h
23 65 h
23 67 v
23 69 v
23 71 h
23 72 v
23 74 h
23 75 h
23 77 h
23 78 h
23 79 h
23 81 h
23 82 h
23 87 v
23 88 v
24 2 v
24 3 v
24 6 h
24 7 v
24 10 v
24 12 v
24 14 v
24 15 h
24 16 v
24 17 h
24 18 v
24 21 v
24 23 h
24 26 v
24 27 v
24 45 h
24 46 h
24 48 h
24 49 h
24 53 h
24 55 v
24 56 v
24 57 h
24 58 v
24 59 h
24 60 h
24 62 h
24 63 h
24 65 h
24 67 v
24 77 h
24 78 h
24 85 h
24 88 v
25 8 v
25 10 v
25 14 v
25 21 v
25 23 h
25 25 v
25 45 h
25 46 h
25 49 v
25 50 v
25 51 v
25 52 v
25 53 v
25 55 v
25 57 v
25 60 v
25 61 v
25 63 h
25 67 v
25 70 h
25 72 v
25 73 v
25 74 v
25 76 h
25 80 v
25 82 v
25 83 v
25 84 v
25 86 v
25 88 v
26 3 h
26 11 v
26 13 h
26 16 h
26 17 h
26 18 h
26 20 h
26 21 v
26 22 h
26 25 h
26 26 h
26 27 h
26 46 h
26 47 h
26 48 h
26 49 h
26 52 h
26 54 v
26 55 h
26 56 h
26 57 h
26 58 h
26 59 v
26 61 h
26 66 h
26 72 h
26 73 h
26 74 v
26 75 h
26 77 h
26 78 h
26 79 h
26 82 h
26 86 v
26 87 h
27 80 h
27 83 h
27 84 v
27 85 h
27 86 v
27 88 h
28 1 h
28 80 v
28 83 h
28 85 h
28 88 h
29 1 h
29 84 v
29 86 v
29 87 v
30 4 h
30 6 h
30 7 h
30 9 h
30 10 h
30 12 h
30 14 h
30 19 h
30 20 h
30 22 v
30 23 h
30 27 v
30 28 v
30 30 v
30 32 v
30 33 v
30 36 h
30 37 v
30 38 h
30 39 h
30 40 v
30 41 h
30 42 h
30 47 h
30 53 h
30 54 v
30 55 v
30 59 h
30 60 h
30 61 h
30 63 h
30 65 h
30 67 h
30 70 h
30 71 h
30 73 h
30 75 v
30 76 v
30 78 h
30 79 h
30 82 v
30 86 h
30 87 v
31 3 v
31 4 v
31 5 v
31 6 h
31 7 h
31 8 v
31 9 h
31 12 v
31 15 v
31 17 v
31 18 v
31 19 h
31 20 h
31 21 v
31 26 v
31 28 v
31 33 v
31 36 h
31 38 v
31 39 v
31 42 h
31 43 v
31 45 v
31 52 v
31 55 v
31 56 v
31 59 v
31 61 h
31 63 h
31 64 v
31 65 h
31 67 v
31 68 v
31 69 v
31 72 v
31 76 v
31 77 v
31 79 v
31 81 v
31 82 v
31 84 v
31 85 v
31 87 v
32 1 h
32 5 h
32 6 h
32 7 h
32 8 h
32 9 h
32 10 h
32 11 v
32 15 h
32 16 v
32 17 h
32 18 v
32 19 h
32 20 h
32 27 h
32 29 h
32 30 v
32 31 h
32 32 v
32 34 h
32 35 h
32 37 h
32 38 h
32 39 h
32 41 h
32 42 h
32 43 v
32 46 h
32 47 h
32 49 h
32 51 h
32 54 v
32 55 v
32 56 h
32 59 h
32 60 h
32 61 h
32 62 h
32 65 h
32 66 h
32 67 h
32 68 h
32 70 h
32 72 h
32 74 h
32 76 v
32 79 h
32 80 h
32 81 h
32 82 h
32 85 h
32 87 h
33 4 v
33 6 h
33 7 v
33 8 v
33 10 v
33 12 v
33 13 v
33 14 v
33 15 h
33 16 v
33 19 v
33 25 v
33 27 v
33 29 v
33 31 v
33 33 v
33 36 v
33 37 v
33 40 v
33 41 v
33 43 v
33 45 v
33 48 h
33 49 v
33 51 h
33 52 v
33 53 v
33 57 h
33 59 h
33 60 v
33 61 h
33 62 h
33 63 h
33 65 v
33 66 v
33 68 v
33 70 h
33 71 h
33 74 v
33 76 v
33 77 v
33 80 v
33 81 v
33 82 v
33 83 v
33 86 v
34 2 h
34 3 v
34 6 h
34 8 h
34 9 h
34 10 h
34 11 v
34 12 v
34 13 v
34 14 v
34 16 v
34 17 h
34 18 v
34 19 h
34 21 v
34 22 v
34 26 h
34 27 h
34 29 h
34 32 v
34 33 v
34 34 h
34 35 v
34 37 v
34 39 v
34 40 v
34 42 h
34 45 v
34 46 h
34 47 h
34 48 h
34 52 v
34 53 h
34 54 h
34 57 h
34 58 v
34 59 v
34 61 h
34 62 h
34 63 h
34 64 h
34 67 h
34 70 h
34 71 h
34 72 v
34 74 h
34 77 h
34 79 h
34 81 h
34 82 v
34 83 h
34 85 h
35 1 h
35 4 v
35 6 h
35 10 v
35 12 v
35 15 v
35 17 h
35 18 v
35 21 v
35 25 h
35 27 h
35 29 h
35 30 v
35 31 v
35 35 v
35 39 v
35 41 h
35 42 h
35 44 v
35 45 h
35 46 h
35 48 h
35 50 v
35 53 v
35 57 v
35 58 v
35 59 v
35 66 v
35 67 h
35 69 v
35 71 h
35 72 v
35 74 v
35 75 v
35 76 v
35 77 h
35 80 v
35 81 h
35 86 v
35 88 v
36 1 h
36 2 v
36 4 v
36 7 h
36 8 v
36 9 h
36 10 v
36 12 v
36 13 v
36 14 v
36 16 v
36 17 h
36 25 h
36 27 h
36 30 v
36 31 v
36 32 v
36 35 v
36 36 h
36 37 v
36 38 h
36 41 h
36 43 h
36 45 h
36 46 h
36 47 h
36 50 v
36 51 v
36 53 h
36 55 v
36 56 v
36 57 h
36 58 v
36 61 h
36 62 h
36 64 v
36 66 v
36 68 v
36 73 h
36 74 h
36 75 v
36 76 h
36 78 h
36 81 h
36 83 v
36 84 v
36 86 v
37 3 h
37 6 h
37 9 h
37 11 h
37 12 h
37 14 v
37 15 h
37 17 h
37 18 h
37 19 h
37 23 h
37 26 h
37 27 h
37 28 h
37 30 h
37 32 h
37 34 h
37 35 h
37 36 h
37 37 v
37 39 h
37 41 h
37 42 h
37 46 h
37 47 h
37 50 h
37 52 h
37 53 h
37 54 h
37 56 v
37 57 h
37 61 h
37 62 h
37 63 h
37 64 v
37 65 h
37 66 h
37 69 v
37 70 h
37 71 h
37 74 h
37 76 v
37 78 h
37 79 h
37 80 v
37 81 h
37 83 h
37 84 v
37 85 h
37 86 v
37 88 v
38 4 v
38 5 h
38 7 v
38 10 v
38 13 v
38 15 v
38 17 v
38 19 h
38 20 h
38 23 h
38 24 v
38 25 v
38 30 h
38 32 v
38 33 v
38 34 h
38 35 v
38 36 h
38 38 h
38 40 v
38 41 v
38 42 h
38 43 h
38 44 v
38 45 v
38 46 h
38 48 h
38 49 v
38 50 v
38 51 v
38 52 h
38 54 v
38 55 v
38 56 v
38 57 v
38 58 v
38 60 v
38 61 v
38 63 h
38 64 v
38 65 v
38 68 v
38 70 h
38 72 v
38 73 h
38 78 h
38 79 v
38 82 v
38 83 v
38 84 v
38 85 v
38 87 v
39 1 h
40 1 h
41 1 h
42 36 h
42 53 h
42 62 h
42 71 h
43 1 v
43 11 v
43 13 v
43 14 v
43 16 v
43 18 v
43 23 v
43 24 v
43 26 v
43 28 v
43 29 v
43 32 v
43 34 v
43 35 v
43 36 v
43 45 v
43 48 h
43 49 v
43 51 v
43 53 v
43 64 v
43 67 v
43 68 v
44 1 h
44 10 h
44 14 v
44 16 h
44 18 v
44 19 h
44 21 v
44 22 h
44 23 h
44 29 h
44 30 h
44 31 h
44 32 v
44 33 v
44 36 v
44 45 h
44 46 h
44 50 h
44 51 h
44 53 v
44 62 v
44 65 h
44 66 h
44 68 h
44 69 v
44 70 h
45 10 v
45 13 v
45 15 h
45 16 v
45 18 v
45 19 h
45 21 v
45 22 v
45 24 v
45 25 h
45 26 v
45 27 h
45 30 v
45 31 v
45 32 v
45 35 v
45 46 h
45 47 v
45 48 h
45 49 v
45 52 h
45 64 h
45 67 v
45 69 v
45 70 h
46 13 v
46 14 v
46 15 v
46 16 v
46 17 h
46 19 h
46 22 v
46 24 v
46 26 v
46 28 v
46 29 h
46 32 v
46 33 v
46 36 v
46 46 h
46 50 v
46 52 h
46 53 v
46 65 h
46 67 h
46 68 v
46 69 v
46 70 h
46 71 v
47 11 h
47 12 h
47 13 h
47 14 v
47 15 h
47 18 h
47 19 h
47 20 h
47 21 v
47 23 h
47 24 h
47 34 h
47 36 h
47 45 h
47 46 h
47 47 h
47 49 h
47 52 h
47 53 v
47 64 h
47 66 h
47 67 h
47 69 v
47 70 h
48 1 h
48 14 v
48 17 h
48 20 h
48 22 h
48 23 h
48 24 h
48 26 h
48 27 h
48 28 v
48 32 h
48 33 v
48 45 h
48 47 h
48 49 h
48 50 v
48 51 h
48 53 v
48 64 h
48 66 h
48 67 v
48 69 v
48 71 h
49 1 h
49 11 h
49 12 h
49 14 h
49 15 h
49 19 h
49 20 h
49 22 h
49 24 h
49 25 h
49 28 h
49 30 h
49 32 h
49 33 v
49 35 h
49 45 h
49 46 h
49 49 h
49 50 h
49 52 h
49 53 v
49 63 h
49 66 h
49 69 h
49 71 h
50 10 h
50 11 v
50 12 h
50 15 h
50 19 h
50 21 v
50 23 h
50 24 h
50 26 h
50 27 v
50 28 v
50 29 h
50 31 v
50 33 v
50 36 h
50 45 h
50 47 h
50 51 h
50 52 v
50 62 h
50 63 h
50 64 h
50 65 h
50 66 h
50 67 h
50 68 h
50 71 h
51 1 v
51 10 v
51 12 v
51 14 v
51 15 v
51 16 v
51 18 v
51 19 h
51 20 h
51 22 v
51 23 h
51 24 h
51 26 v
51 27 v
51 29 h
51 31 v
51 32 v
51 34 h
51 36 v
51 47 h
51 48 h
51 49 v
51 50 v
51 51 v
51 52 v
51 64 v
51 66 h
51 67 v
51 69 v
51 71 h
52 11 h
52 12 v
52 13 h
52 17 v
52 18 v
52 20 h
52 26 v
52 27 h
52 29 h
52 30 v
52 34 h
52 35 v
52 36 v
52 46 h
52 47 h
52 48 h
52 49 v
52 50 v
52 52 h
52 53 v
52 64 h
52 65 h
52 70 h
52 71 h
53 10 v
53 11 v
53 12 v
53 13 v
53 14 v
53 15 v
53 24 v
53 25 v
53 26 v
53 29 v
53 30 v
53 31 v
53 34 v
53 35 v
53 36 v
53 47 v
53 51 v
53 62 v
53 64 v
53 66 v
53 68 v
53 69 v
53 71 v
54 1 h
54 10 v
54 11 h
54 12 v
54 16 v
54 17 h
54 18 v
54 23 h
54 24 h
54 25 v
54 26 v
54 27 v
54 28 v
54 29 h
54 30 v
54 32 v
54 34 v
54 35 v
54 36 v
54 46 h
54 47 h
54 50 v
54 51 v
54 53 v
54 62 v
54 65 h
54 66 v
54 69 v
54 70 h
54 71 v
55 11 v
55 14 h
55 15 h
55 16 v
55 17 h
55 18 v
55 19 h
55 21 v
55 24 v
55 29 h
55 30 v
55 31 v
55 34 h
55 35 v
55 47 h
55 51 h
55 53 v
55 64 v
55 67 v
55 71 h
56 12 v
56 14 v
56 16 v
56 17 v
56 18 v
56 46 h
56 51 v
56 53 v
56 65 v
56 68 v
56 70 v
57 10 v
57 11 v
57 12 v
57 14 v
57 16 v
57 18 v
57 45 v
57 46 h
57 52 v
57 53 v
57 66 v
57 67 v
57 68 v
57 69 v
57 70 h
57 71 v
58 10 v
58 11 v
58 13 v
58 15 v
58 18 v
58 49 v
58 51 v
58 53 v
58 64 v
58 65 v
58 68 v
58 71 v
59 10 h
59 11 v
59 13 v
59 14 v
59 17 h
59 18 v
59 45 h
59 48 h
59 52 h
59 63 h
59 65 h
59 68 v
59 71 h
60 11 v
60 12 h
60 13 h
60 16 h
60 18 v
60 46 h
60 49 h
60 51 h
60 52 h
60 53 v
60 62 h
60 64 h
60 67 h
60 68 h
60 70 h
60 71 h
61 13 h
61 14 h
61 15 h
61 45 h
61 50 h
61 51 h
61 52 h
61 53 v
61 63 h
61 64 h
61 67 h
61 68 h
61 69 h
61 71 h
62 11 v
62 12 h
62 13 v
62 14 v
62 16 v
62 17 v
62 18 v
62 46 v
62 52 v
62 53 v
62 62 v
62 65 v
62 66 v
62 67 h
62 68 v
63 10 v
63 11 v
63 14 v
63 15 h
63 17 h
63 45 v
63 48 h
63 49 v
63 50 v
63 51 v
63 53 v
63 63 h
63 66 v
63 68 v
63 70 h
63 71 v
64 1 h
64 2 h
64 3 v
64 4 v
64 5 h
64 6 h
64 7 h
64 9 h
64 15 h
64 18 v
64 19 h
64 21 v
64 23 h
64 26 v
64 28 v
64 29 h
64 30 v
64 34 h
64 36 h
64 37 v
64 38 h
64 41 h
64 43 v
64 44 h
64 45 h
64 46 h
64 48 h
64 49 h
64 50 v
64 51 h
64 53 h
64 56 v
64 65 h
64 68 v
64 72 h
64 74 h
64 77 h
64 78 h
64 79 h
65 2 h
65 5 h
65 7 h
65 9 h
65 12 v
65 13 v
65 16 h
65 17 h
65 18 v
65 21 v
65 22 v
65 23 h
65 25 h
65 26 h
65 28 v
65 30 v
65 33 v
65 34 v
65 37 v
65 39 h
65 42 h
65 45 h
65 46 h
65 50 v
65 53 h
65 55 v
65 57 h
65 59 h
65 60 h
65 61 h
65 66 v
65 67 v
65 68 v
65 69 v
65 71 h
65 73 h
65 74 v
65 75 v
65 77 h
65 79 v
66 1 h
66 3 v
66 5 v
66 6 h
66 8 v
66 10 v
66 11 v
66 12 v
66 19 h
66 21 v
66 24 v
66 25 v
66 31 v
66 33 v
66 35 v
66 36 v
66 37 v
66 38 v
66 40 v
66 42 v
66 43 v
66 44 v
66 45 v
66 47 h
66 48 h
66 49 v
66 51 v
66 52 v
66 55 v
66 57 v
66 58 v
66 59 v
66 60 v
66 61 v
66 64 v
66 66 v
66 68 v
66 79 v
67 1 h
67 2 h
67 3 v
67 5 v
67 7 v
67 8 v
67 10 v
67 11 v
67 14 v
67 16 v
67 20 h
67 21 v
67 25 v
67 27 v
67 28 v
67 31 v
67 32 h
67 33 v
67 38 h
67 39 v
67 42 v
67 44 v
67 45 v
67 46 h
67 50 v
67 51 h
67 52 h
67 53 v
67 54 h
67 55 v
67 56 v
67 57 v
67 59 v
67 64 v
67 65 h
67 67 v
67 69 v
67 77 v
67 78 v
67 79 v
68 4 v
68 6 h
68 7 h
68 8 v
68 9 v
68 10 h
68 12 h
68 13 v
68 14 v
68 15 h
68 16 v
68 17 v
68 19 h
68 24 h
68 25 h
68 26 v
68 28 v
68 30 v
68 31 v
68 32 v
68 33 v
68 35 v
68 37 v
68 38 h
68 40 v
68 41 h
68 43 h
68 45 h
68 51 v
68 53 h
68 54 v
68 56 v
68 57 h
68 58 v
68 59 h
68 60 h
68 63 h
68 64 h
68 65 v
68 68 v
68 70 h
68 72 v
68 73 h
68 76 v
68 77 h
68 79 v
69 3 v
69 4 v
69 5 v
69 8 h
69 11 v
69 12 v
69 13 v
69 14 v
69 16 v
69 23 h
69 24 v
69 28 v
69 29 h
69 31 v
69 32 v
69 33 v
69 35 h
69 41 h
69 48 h
69 50 v
69 51 h
69 65 v
69 66 v
69 67 v
69 76 h
70 2 h
70 3 h
70 4 h
70 5 h
70 7 h
70 8 h
70 9 h
70 10 h
70 11 v
70 12 v
70 15 h
70 16 h
70 17 h
70 18 v
70 19 h
70 20 h
70 21 v
70 22 v
70 23 h
70 26 h
70 28 h
70 30 v
70 32 h
70 34 h
70 35 v
70 38 h
70 39 h
70 40 h
70 41 h
70 44 h
70 45 h
70 47 h
70 48 h
70 49 h
70 55 v
70 56 v
70 60 h
70 62 h
70 64 h
70 66 h
70 67 h
70 68 h
70 71 h
70 73 h
70 74 v
70 75 v
70 76 v
70 77 h
70 78 h
70 79 h
71 1 h
71 4 v
71 5 h
71 6 h
71 10 h
71 11 h
71 12 v
71 13 v
71 15 v
71 16 h
71 17 h
71 18 v
71 19 h
71 20 h
71 21 v
71 22 v
71 32 v
71 36 h
71 38 h
71 39 v
71 40 v
71 41 h
71 42 h
71 44 h
71 45 h
71 48 h
71 49 v
71 51 h
71 57 h
71 58 v
71 59 h
71 62 h
71 65 v
71 69 v
71 71 h
71 73 h
71 74 h
71 75 v
71 78 h
72 1 h
72 3 v
72 7 h
72 8 v
72 9 h
72 12 v
72 15 v
72 16 v
72 17 v
72 21 v
72 24 h
72 25 h
72 28 v
72 31 v
72 40 v
72 43 h
72 51 h
72 53 h
72 54 v
72 56 v
72 58 v
72 59 v
72 60 v
72 61 h
72 62 v
72 63 h
72 65 v
72 66 v
72 67 v
72 69 v
72 73 h
72 77 h
72 78 h
