498718.864745
498718
1 1 v
1 2 v
1 3 h
1 4 h
1 5 v
1 6 h
1 7 v
1 8 h
1 9 h
1 10 h
1 11 h
1 12 v
1 13 v
1 14 v
1 15 v
1 16 v
1 17 v
1 18 v
1 19 v
1 20 v
1 21 v
1 22 v
1 23 v
1 24 v
1 25 v
1 26 v
1 27 v
1 28 v
1 29 h
1 30 v
1 31 v
1 32 v
1 33 v
1 34 v
1 35 v
1 36 v
1 37 h
1 38 v
1 39 v
1 40 v
1 41 v
2 1 v
3 1 v
4 1 v
4 11 v
4 27 v
5 1 v
5 11 v
5 12 v
5 13 h
5 14 h
5 15 h
5 16 v
5 17 h
5 18 v
5 19 v
5 20 v
5 21 v
5 22 v
5 23 v
5 24 v
5 25 v
5 26 v
5 27 v
6 1 v
6 11 v
6 12 h
6 13 v
6 14 v
6 15 v
6 16 h
6 17 h
6 18 v
6 19 h
6 20 v
6 21 v
6 22 v
6 23 h
6 24 v
6 25 v
6 26 v
6 27 h
7 1 h
7 11 v
7 12 h
7 13 v
7 14 v
7 15 h
7 16 h
7 17 v
7 18 v
7 19 v
7 20 v
7 21 v
7 22 v
7 23 v
7 24 h
7 25 v
7 26 v
7 27 v
8 1 v
8 2 v
8 3 v
8 4 v
8 5 v
8 6 v
8 7 v
8 8 h
8 9 h
8 10 h
8 11 v
8 12 v
8 13 v
8 14 v
8 15 h
8 16 v
8 17 v
8 18 v
8 19 v
8 20 v
8 21 v
8 22 v
8 23 v
8 24 v
8 25 h
8 26 v
8 27 v
9 1 v
9 2 v
9 3 v
9 4 h
9 5 v
9 6 v
9 7 v
9 8 v
9 9 v
9 10 h
9 11 v
9 12 v
9 13 v
9 14 v
9 15 h
9 16 h
9 17 v
9 18 v
9 19 h
9 20 v
9 21 h
9 22 v
9 23 v
9 24 v
9 25 v
9 26 v
9 27 v
10 1 v
10 2 v
10 3 v
10 4 v
10 5 v
10 6 h
10 7 h
10 8 v
10 9 v
10 10 h
10 11 v
10 12 v
10 13 v
10 14 h
10 15 v
10 16 h
10 17 v
10 18 h
10 19 v
10 20 v
10 21 v
10 22 v
10 23 v
10 24 v
10 25 v
10 26 v
10 27 v
11 1 v
11 2 v
11 3 v
11 4 v
11 5 v
11 6 v
11 7 h
11 8 v
11 9 v
11 10 v
11 11 h
11 12 v
11 13 v
11 14 v
11 15 v
11 16 v
11 17 v
11 18 h
11 19 v
11 20 h
11 21 v
11 22 v
11 23 h
11 24 v
11 25 h
11 26 h
11 27 v
12 1 v
12 2 v
12 3 v
12 4 v
12 5 v
12 6 v
12 7 v
12 8 v
12 9 v
12 10 v
12 11 v
12 12 h
12 13 v
12 14 v
12 15 h
12 16 v
12 17 v
12 18 v
12 19 h
12 20 h
12 21 h
12 22 v
12 23 v
12 24 h
12 25 v
12 26 h
12 27 v
13 1 v
13 2 v
13 3 v
13 4 v
13 5 v
13 6 h
13 7 v
13 8 h
13 9 v
13 10 v
13 11 v
13 12 v
13 13 h
13 14 v
13 15 h
13 16 h
13 17 v
13 18 v
13 19 h
13 20 v
13 21 v
13 22 v
13 23 v
13 24 v
13 25 v
13 26 v
13 27 v
14 1 v
14 2 v
14 3 v
14 4 h
14 5 v
14 6 v
14 7 v
14 8 v
14 9 v
14 10 v
14 11 v
14 12 v
14 13 v
14 14 v
14 15 v
14 16 v
14 17 h
14 18 v
14 19 v
14 20 v
14 21 v
14 22 v
14 23 v
14 24 h
14 25 h
14 26 v
14 27 v
15 1 v
15 2 v
15 3 v
15 4 v
15 5 v
15 6 v
15 7 v
15 8 v
15 9 v
15 10 v
15 11 v
15 12 v
15 13 v
15 14 h
15 15 v
15 16 v
15 17 v
15 18 v
15 19 v
15 20 v
15 21 v
15 22 v
15 23 v
15 24 v
15 25 v
15 26 h
15 27 v
16 1 v
16 2 v
16 3 v
16 4 h
16 5 v
16 6 h
16 7 v
16 8 v
16 9 v
16 10 v
16 11 v
16 12 v
16 13 v
16 14 v
16 15 v
16 16 v
16 17 h
16 18 h
16 19 v
16 20 v
16 21 v
16 22 v
16 23 v
16 24 v
16 25 h
16 26 v
16 27 v
17 1 v
17 2 v
17 3 v
17 4 v
17 5 h
17 6 v
17 7 v
17 8 v
17 9 v
17 10 v
17 11 v
17 12 h
17 13 v
17 14 v
17 15 v
17 16 h
17 17 v
17 18 v
17 19 v
17 20 v
17 21 h
17 22 v
17 23 v
17 24 v
17 25 v
17 26 v
17 27 v
18 1 h
18 2 v
18 3 v
18 4 v
18 5 v
18 6 v
18 7 v
19 1 v
19 2 h
19 3 v
19 4 v
19 5 v
19 6 v
19 7 v
20 1 h
20 2 v
20 3 v
20 4 v
20 5 v
20 6 v
20 7 v
21 1 v
21 2 v
21 3 v
21 4 v
21 5 h
21 6 v
21 7 v
22 1 v
22 2 h
22 3 v
22 4 v
22 5 v
22 6 v
22 7 v
22 14 v
22 27 v
23 1 v
23 2 h
23 3 h
23 4 h
23 5 v
23 6 h
23 7 v
23 14 v
23 15 v
23 16 v
23 17 v
23 18 v
23 19 v
23 20 v
23 21 h
23 22 v
23 23 v
23 24 v
23 25 h
23 26 h
23 27 v
24 1 h
24 2 v
24 3 h
24 4 v
24 5 v
24 6 v
24 7 v
24 14 v
24 15 v
24 16 v
24 17 v
24 18 v
24 19 v
24 20 v
24 21 v
24 22 h
24 23 v
24 24 h
24 25 v
24 26 v
24 27 v
25 1 h
25 2 v
25 3 v
25 4 v
25 5 v
25 6 v
25 7 v
25 14 v
25 15 v
25 16 h
25 17 v
25 18 v
25 19 v
25 20 v
25 21 v
25 22 v
25 23 v
25 24 v
25 25 v
25 26 h
25 27 v
26 1 h
26 2 v
26 3 h
26 4 v
26 5 v
26 6 v
26 7 v
26 14 v
26 15 v
26 16 v
26 17 v
26 18 h
26 19 v
26 20 v
26 21 v
26 22 h
26 23 v
26 24 v
26 25 v
26 26 v
26 27 h
27 1 v
27 2 v
27 3 v
27 4 v
27 5 v
27 6 v
27 7 h
27 14 v
27 15 h
27 16 v
27 17 v
27 18 v
27 19 v
27 20 v
27 21 v
27 22 v
27 23 v
27 24 h
27 25 v
27 26 h
27 27 h
28 1 v
28 2 v
28 3 v
28 4 v
28 5 v
28 6 v
28 7 v
28 14 h
28 15 v
28 16 v
28 17 v
28 18 v
28 19 h
28 20 h
28 21 v
28 22 v
28 23 h
28 24 v
28 25 v
28 26 h
28 27 v
28 28 v
28 29 v
28 30 v
28 31 v
28 32 v
28 33 v
28 34 v
28 35 v
28 36 v
28 37 v
29 1 h
29 2 h
29 3 v
29 4 h
29 5 v
29 6 v
29 7 v
29 14 h
29 15 v
29 16 v
29 17 v
29 18 v
29 19 h
29 20 v
29 21 h
29 22 v
29 23 v
29 24 v
29 25 v
29 26 h
29 27 v
29 28 v
29 29 v
29 30 v
29 31 h
29 32 v
29 33 v
29 34 v
29 35 v
29 36 h
29 37 v
30 1 v
30 2 h
30 3 v
30 4 v
30 5 v
30 6 v
30 7 v
30 14 v
30 15 v
30 16 v
30 17 v
30 18 v
30 19 v
30 20 v
30 21 v
30 22 v
30 23 h
30 24 v
30 25 h
30 26 v
30 27 v
30 28 v
30 29 v
30 30 v
30 31 v
30 32 h
30 33 v
30 34 v
30 35 v
30 36 v
30 37 v
31 1 v
31 2 h
31 3 v
31 4 v
31 5 h
31 6 v
31 7 v
31 14 v
31 15 v
31 16 v
31 17 v
31 18 v
31 19 v
31 20 v
31 21 v
31 22 v
31 23 v
31 24 v
31 25 v
31 26 v
31 27 v
31 28 v
31 29 v
31 30 v
31 31 v
31 32 v
31 33 v
31 34 v
31 35 v
31 36 h
31 37 v
32 1 v
32 2 v
32 3 v
32 4 v
32 5 v
32 6 v
32 7 v
32 14 v
32 15 v
32 16 v
32 17 v
32 18 v
32 19 v
32 20 v
32 21 v
32 22 v
32 23 v
32 24 h
32 25 v
32 26 v
32 27 v
32 28 h
32 29 v
32 30 v
32 31 v
32 32 v
32 33 v
32 34 v
32 35 v
32 36 h
32 37 v
33 1 v
33 2 v
33 3 v
33 4 v
33 5 h
33 6 v
33 7 v
33 14 v
33 15 h
33 16 v
33 17 v
33 18 v
33 19 v
33 20 v
33 21 v
33 22 v
33 23 v
33 24 v
33 25 h
33 26 v
33 27 v
33 28 h
33 29 v
33 30 v
33 31 h
33 32 h
33 33 v
33 34 h
33 35 h
33 36 v
33 37 v
34 1 h
34 2 h
34 3 v
34 4 v
34 5 v
34 6 h
34 7 v
34 8 v
34 9 v
34 10 v
34 11 v
34 12 v
34 13 v
34 14 h
34 15 v
34 16 v
34 17 v
34 18 v
34 19 h
34 20 v
34 21 v
34 22 h
34 23 v
34 24 v
34 25 v
34 26 v
34 27 h
34 28 v
34 29 v
34 30 h
34 31 v
34 32 v
34 33 h
34 34 v
34 35 v
34 36 v
34 37 v
35 1 v
35 2 v
35 3 v
35 4 v
35 5 h
35 6 v
35 7 v
35 8 v
35 9 h
35 10 v
35 11 v
35 12 v
35 13 v
35 14 v
35 15 v
35 16 v
35 17 v
35 18 v
35 19 h
35 20 v
35 21 v
35 22 v
35 23 h
35 24 v
35 25 v
35 26 v
35 27 v
35 28 v
35 29 h
35 30 h
35 31 v
35 32 v
35 33 v
35 34 h
35 35 v
35 36 v
35 37 v
36 1 v
36 2 v
36 3 v
36 4 v
36 5 v
36 6 v
36 7 h
36 8 v
36 9 v
36 10 v
36 11 v
36 12 v
36 13 v
36 14 h
36 15 v
36 16 v
36 17 v
36 18 v
36 19 v
36 20 v
36 21 h
36 22 v
36 23 h
36 24 v
36 25 v
36 26 v
36 27 v
36 28 h
36 29 v
36 30 v
36 31 v
36 32 v
36 33 v
36 34 v
36 35 v
36 36 v
36 37 v
37 1 v
37 2 h
37 3 h
37 4 h
37 5 v
37 6 v
37 7 v
37 8 v
37 9 v
37 10 v
37 11 v
37 12 v
37 13 h
37 14 v
37 15 v
37 16 h
37 17 h
37 18 v
37 19 h
37 20 v
37 21 v
37 22 v
37 23 h
37 24 v
37 25 v
37 26 v
37 27 h
37 28 v
37 29 h
37 30 v
37 31 h
37 32 v
37 33 h
37 34 v
37 35 h
37 36 h
37 37 v
38 1 h
38 2 v
38 3 v
38 4 h
38 5 v
38 6 v
38 7 v
38 8 v
38 9 v
38 10 h
38 11 v
38 12 v
38 13 v
38 14 v
38 15 v
38 16 v
38 17 v
38 18 v
38 19 v
38 20 v
38 21 v
38 22 v
38 23 v
38 24 h
38 25 v
38 26 v
38 27 v
38 28 v
38 29 h
38 30 v
38 31 v
38 32 h
38 33 v
38 34 v
38 35 v
38 36 v
38 37 v
39 1 v
39 2 v
39 3 v
39 4 v
39 5 v
39 6 h
39 7 h
39 8 v
39 9 v
39 10 v
39 11 h
39 12 v
39 13 v
39 14 v
39 15 h
39 16 v
39 17 v
39 18 v
39 19 v
39 20 v
39 21 v
39 22 v
39 23 h
39 24 h
39 25 h
39 26 h
39 27 h
39 28 v
39 29 v
39 30 h
39 31 v
39 32 h
39 33 v
39 34 v
39 35 v
39 36 v
39 37 v
40 1 v
40 2 h
40 3 v
40 4 v
40 5 v
40 6 v
40 7 h
40 8 h
40 9 v
40 10 v
40 11 h
40 12 v
40 13 v
40 14 v
40 15 h
40 16 v
40 17 v
40 18 v
40 19 v
40 20 v
40 21 v
40 22 h
40 23 v
40 24 v
40 25 h
40 26 v
40 27 v
40 28 v
40 29 v
40 30 h
40 31 v
40 32 v
40 33 v
40 34 h
40 35 h
40 36 v
40 37 v
41 1 v
41 2 v
41 3 v
41 4 v
41 5 v
41 6 v
41 7 h
41 8 v
41 9 v
41 10 v
41 11 v
41 12 h
41 13 v
41 14 v
41 15 v
41 16 v
41 17 v
41 18 h
41 19 v
41 20 h
41 21 v
41 22 v
41 23 v
41 24 v
41 25 v
41 26 v
41 27 v
41 28 v
41 29 v
41 30 h
41 31 h
41 32 v
41 33 h
41 34 v
41 35 h
41 36 v
41 37 h
