482503.804168
482503
1 1 v
1 2 v
1 3 v
1 4 h
1 5 h
1 6 v
1 7 v
1 8 h
1 9 v
1 10 v
1 11 v
1 12 v
1 13 v
1 14 h
1 15 v
1 16 v
1 17 v
1 18 v
1 19 v
1 20 v
1 21 v
1 22 v
1 23 h
1 24 v
1 25 v
1 26 v
1 27 h
1 28 h
1 29 v
1 30 v
1 31 v
1 32 v
1 33 v
1 34 v
1 35 v
1 36 h
1 37 v
1 38 v
1 39 v
2 1 v
3 1 v
4 1 v
5 1 v
5 10 v
5 11 v
5 12 v
5 13 v
5 14 h
5 15 v
5 16 v
5 17 h
5 18 v
5 19 v
5 20 v
5 21 v
5 22 v
5 23 v
5 24 h
5 25 v
5 26 v
6 1 h
6 10 v
6 11 v
6 12 h
6 13 v
6 14 v
6 15 v
6 16 h
6 17 v
6 18 v
6 19 v
6 20 v
6 21 h
6 22 v
6 23 h
6 24 v
6 25 h
6 26 v
7 1 h
7 10 v
7 11 v
7 12 v
7 13 h
7 14 v
7 15 v
7 16 v
7 17 h
7 18 h
7 19 v
7 20 h
7 21 v
7 22 v
7 23 v
7 24 v
7 25 v
7 26 v
8 1 v
8 10 v
8 11 v
8 12 v
8 13 v
8 14 v
8 15 v
8 16 v
8 17 v
8 18 v
8 19 v
8 20 h
8 21 h
8 22 v
8 23 v
8 24 h
8 25 v
8 26 v
9 1 v
9 2 h
9 3 v
9 4 v
9 5 v
9 6 v
9 7 v
9 8 v
9 9 v
9 10 v
9 11 v
9 12 v
9 13 h
9 14 v
9 15 v
9 16 v
9 17 v
9 18 v
9 19 v
9 20 v
9 21 v
9 22 v
9 23 v
9 24 v
9 25 h
9 26 v
10 1 v
10 2 v
10 3 v
10 4 h
10 5 v
10 6 h
10 7 v
10 8 h
10 9 v
10 10 v
10 11 h
10 12 v
10 13 v
10 14 h
10 15 v
10 16 v
10 17 h
10 18 v
10 19 v
10 20 v
10 21 v
10 22 v
10 23 v
10 24 v
10 25 v
10 26 v
11 1 h
11 2 v
11 3 v
11 4 v
11 5 v
11 6 v
11 7 v
11 8 v
11 9 v
11 10 h
11 11 v
11 12 h
11 13 h
11 14 v
11 15 v
11 16 v
11 17 v
11 18 v
11 19 v
11 20 v
11 21 v
11 22 h
11 23 v
11 24 v
11 25 v
11 26 h
12 1 v
12 2 v
12 3 v
12 4 v
12 5 v
12 6 v
12 7 v
12 8 v
12 9 v
12 10 v
12 11 v
12 12 v
12 13 v
12 14 v
12 15 v
12 16 h
12 17 v
12 18 v
12 19 v
12 20 v
12 21 h
12 22 v
12 23 h
12 24 h
12 25 v
12 26 v
13 1 v
13 2 v
13 3 v
13 4 v
13 5 v
13 6 v
13 7 v
13 8 v
13 9 v
13 10 h
13 11 v
13 12 v
13 13 h
13 14 v
13 15 h
13 16 v
13 17 v
13 18 h
13 19 v
13 20 h
13 21 v
13 22 h
13 23 v
13 24 v
13 25 v
13 26 v
14 1 v
14 2 v
14 3 v
14 4 h
14 5 v
14 6 v
14 7 v
14 8 h
14 9 v
14 10 v
14 11 v
14 12 v
14 13 v
14 14 v
14 15 v
14 16 v
14 17 v
14 18 v
14 19 v
14 20 v
14 21 v
14 22 h
14 23 v
14 24 v
14 25 v
14 26 v
15 1 h
15 2 v
15 3 v
15 4 h
15 5 v
15 6 h
15 7 h
15 8 v
15 9 v
15 10 h
15 11 v
15 12 h
15 13 v
15 14 v
15 15 v
15 16 v
15 17 v
15 18 v
15 19 v
15 20 v
15 21 h
15 22 v
15 23 v
15 24 v
15 25 v
15 26 v
16 1 h
16 2 h
16 3 v
16 4 v
16 5 v
16 6 v
16 7 v
16 8 h
16 9 v
16 10 v
16 11 v
16 12 h
16 13 v
16 14 v
16 15 v
16 16 v
16 17 v
16 18 v
16 19 v
16 20 h
16 21 v
16 22 v
16 23 v
16 24 h
16 25 v
16 26 v
17 1 h
17 2 v
17 3 h
17 4 v
17 5 h
17 6 v
17 7 h
17 8 v
17 9 v
17 10 h
17 11 h
17 12 v
17 13 v
17 14 h
17 15 v
17 16 h
17 17 v
17 18 v
17 19 v
17 20 v
17 21 v
17 22 h
17 23 v
17 24 v
17 25 v
17 26 v
18 1 h
18 2 v
18 3 v
18 4 v
18 5 h
18 6 v
18 7 v
19 1 v
19 2 v
19 3 v
19 4 v
19 5 v
19 6 h
19 7 v
20 1 v
20 2 h
20 3 v
20 4 h
20 5 v
20 6 h
20 7 v
21 1 h
21 2 v
21 3 v
21 4 v
21 5 v
21 6 v
21 7 v
22 1 v
22 2 v
22 3 v
22 4 h
22 5 v
22 6 v
22 7 v
23 1 v
23 2 v
23 3 v
23 4 v
23 5 h
23 6 v
23 7 v
23 14 v
23 15 v
23 16 h
23 17 v
23 18 h
23 19 v
23 20 v
23 21 h
23 22 h
23 23 v
23 24 v
23 25 v
23 26 h
24 1 h
24 2 v
24 3 h
24 4 h
24 5 v
24 6 v
24 7 v
24 14 v
24 15 h
24 16 h
24 17 v
24 18 v
24 19 h
24 20 h
24 21 v
24 22 h
24 23 v
24 24 h
24 25 v
24 26 v
25 1 v
25 2 h
25 3 v
25 4 v
25 5 v
25 6 h
25 7 v
25 14 h
25 15 v
25 16 v
25 17 v
25 18 h
25 19 v
25 20 v
25 21 v
25 22 v
25 23 v
25 24 v
25 25 v
25 26 v
26 1 v
26 2 h
26 3 v
26 4 v
26 5 v
26 6 v
26 7 v
26 14 h
26 15 v
26 16 v
26 17 v
26 18 v
26 19 v
26 20 v
26 21 v
26 22 v
26 23 v
26 24 h
26 25 v
26 26 v
27 1 v
27 2 v
27 3 h
27 4 v
27 5 v
27 6 v
27 7 v
27 14 h
27 15 h
27 16 v
27 17 h
27 18 h
27 19 v
27 20 h
27 21 v
27 22 v
27 23 v
27 24 v
27 25 v
27 26 v
28 1 v
28 2 h
28 3 v
28 4 v
28 5 v
28 6 v
28 7 v
28 14 h
28 15 h
28 16 v
28 17 v
28 18 v
28 19 h
28 20 v
28 21 h
28 22 v
28 23 v
28 24 v
28 25 v
28 26 v
28 36 v
29 1 v
29 2 v
29 3 h
29 4 v
29 5 h
29 6 v
29 7 v
29 14 v
29 15 v
29 16 v
29 17 v
29 18 v
29 19 h
29 20 v
29 21 v
29 22 v
29 23 v
29 24 v
29 25 v
29 26 v
29 27 h
29 28 v
29 29 v
29 30 h
29 31 v
29 32 v
29 33 v
29 34 h
29 35 v
29 36 v
30 1 v
30 2 v
30 3 v
30 4 v
30 5 v
30 6 v
30 7 v
30 14 v
30 15 v
30 16 v
30 17 v
30 18 v
30 19 v
30 20 v
30 21 v
30 22 h
30 23 v
30 24 v
30 25 v
30 26 h
30 27 v
30 28 v
30 29 h
30 30 v
30 31 v
30 32 v
30 33 v
30 34 v
30 35 v
30 36 v
31 1 v
31 2 v
31 3 h
31 4 v
31 5 v
31 6 v
31 7 v
31 14 v
31 15 v
31 16 v
31 17 h
31 18 v
31 19 v
31 20 v
31 21 v
31 22 v
31 23 v
31 24 v
31 25 v
31 26 v
31 27 v
31 28 h
31 29 v
31 30 v
31 31 v
31 32 v
31 33 v
31 34 v
31 35 v
31 36 v
32 1 h
32 2 h
32 3 h
32 4 v
32 5 v
32 6 v
32 7 v
32 14 h
32 15 v
32 16 h
32 17 v
32 18 v
32 19 v
32 20 h
32 21 h
32 22 h
32 23 v
32 24 v
32 25 h
32 26 h
32 27 v
32 28 v
32 29 h
32 30 v
32 31 h
32 32 h
32 33 v
32 34 v
32 35 h
32 36 v
33 1 v
33 2 v
33 3 v
33 4 v
33 5 v
33 6 v
33 7 v
33 14 v
33 15 v
33 16 v
33 17 v
33 18 v
33 19 v
33 20 h
33 21 v
33 22 v
33 23 v
33 24 h
33 25 v
33 26 v
33 27 v
33 28 h
33 29 v
33 30 v
33 31 v
33 32 h
33 33 v
33 34 v
33 35 h
33 36 v
34 1 h
34 2 v
34 3 v
34 4 v
34 5 v
34 6 h
34 7 v
34 8 v
34 9 h
34 10 v
34 11 v
34 12 h
34 13 v
34 14 v
34 15 h
34 16 h
34 17 h
34 18 h
34 19 v
34 20 v
34 21 h
34 22 v
34 23 h
34 24 v
34 25 h
34 26 h
34 27 h
34 28 v
34 29 v
34 30 v
34 31 v
34 32 v
34 33 h
34 34 v
34 35 v
34 36 h
35 1 h
35 2 v
35 3 h
35 4 v
35 5 v
35 6 v
35 7 h
35 8 v
35 9 v
35 10 v
35 11 v
35 12 v
35 13 v
35 14 v
35 15 v
35 16 h
35 17 v
35 18 v
35 19 h
35 20 v
35 21 h
35 22 v
35 23 v
35 24 v
35 25 v
35 26 v
35 27 v
35 28 v
35 29 v
35 30 v
35 31 v
35 32 v
35 33 v
35 34 v
35 35 v
35 36 v
36 1 v
36 2 h
36 3 v
36 4 v
36 5 h
36 6 v
36 7 v
36 8 h
36 9 v
36 10 h
36 11 h
36 12 v
36 13 v
36 14 h
36 15 v
36 16 h
36 17 v
36 18 h
36 19 h
36 20 h
36 21 v
36 22 v
36 23 v
36 24 h
36 25 v
36 26 v
36 27 v
36 28 h
36 29 v
36 30 v
36 31 v
36 32 h
36 33 v
36 34 v
36 35 v
36 36 v
37 1 v
37 2 v
37 3 v
37 4 v
37 5 v
37 6 h
37 7 h
37 8 v
37 9 v
37 10 v
37 11 h
37 12 v
37 13 v
37 14 v
37 15 v
37 16 v
37 17 v
37 18 v
37 19 v
37 20 v
37 21 v
37 22 v
37 23 v
37 24 v
37 25 v
37 26 v
37 27 v
37 28 h
37 29 h
37 30 v
37 31 h
37 32 v
37 33 v
37 34 v
37 35 v
37 36 v
38 1 v
38 2 v
38 3 v
38 4 h
38 5 h
38 6 v
38 7 v
38 8 v
38 9 v
38 10 v
38 11 v
38 12 v
38 13 h
38 14 v
38 15 h
38 16 v
38 17 v
38 18 v
38 19 v
38 20 v
38 21 v
38 22 v
38 23 h
38 24 v
38 25 v
38 26 v
38 27 v
38 28 v
38 29 v
38 30 v
38 31 v
38 32 h
38 33 v
38 34 v
38 35 v
38 36 v
39 1 v
39 2 v
39 3 v
39 4 v
39 5 v
39 6 v
39 7 v
39 8 v
39 9 h
39 10 v
39 11 v
39 12 v
39 13 v
39 14 v
39 15 v
39 16 v
39 17 h
39 18 v
39 19 v
39 20 v
39 21 v
39 22 h
39 23 v
39 24 v
39 25 v
39 26 h
39 27 v
39 28 v
39 29 h
39 30 v
39 31 v
39 32 v
39 33 h
39 34 v
39 35 h
39 36 v
40 1 v
40 2 h
40 3 v
40 4 h
40 5 h
40 6 v
40 7 v
40 8 v
40 9 v
40 10 h
40 11 v
40 12 v
40 13 v
40 14 v
40 15 v
40 16 v
40 17 v
40 18 h
40 19 h
40 20 v
40 21 v
40 22 v
40 23 v
40 24 v
40 25 v
40 26 v
40 27 v
40 28 v
40 29 v
40 30 h
40 31 v
40 32 v
40 33 v
40 34 h
40 35 h
40 36 v
41 1 v
41 2 h
41 3 v
41 4 v
41 5 h
41 6 v
41 7 v
41 8 v
41 9 v
41 10 v
41 11 v
41 12 h
41 13 v
41 14 v
41 15 h
41 16 v
41 17 v
41 18 v
41 19 v
41 20 h
41 21 v
41 22 h
41 23 h
41 24 v
41 25 v
41 26 v
41 27 v
41 28 v
41 29 v
41 30 v
41 31 h
41 32 v
41 33 v
41 34 v
41 35 v
41 36 h
