1205557.579851
1205523
1 3 h
1 4 h
1 5 v
1 6 h
1 13 v
1 20 v
1 23 v
1 25 v
1 29 h
1 30 h
1 31 h
1 32 v
1 33 h
1 35 h
1 38 h
1 39 h
1 41 h
1 44 v
1 46 h
1 48 v
1 50 v
1 51 h
1 52 h
1 54 h
1 56 h
1 60 h
1 62 h
1 67 h
1 69 h
1 71 h
1 72 v
1 75 h
1 79 h
1 84 h
1 85 h
1 86 h
1 87 h
1 88 h
2 2 h
2 4 h
2 5 h
2 8 h
2 10 h
2 14 h
2 15 h
2 19 h
2 20 h
2 23 h
2 25 v
2 26 h
2 30 h
2 32 h
2 38 h
2 39 h
2 40 h
2 44 h
2 45 h
2 47 h
2 49 h
2 51 h
2 52 h
2 53 h
2 54 h
2 55 v
2 59 h
2 60 h
2 61 h
2 63 h
2 65 h
2 66 v
2 67 h
2 68 h
2 69 h
2 70 h
2 71 h
2 72 h
2 73 v
2 74 h
2 75 h
2 78 h
2 79 h
2 82 h
2 83 h
2 87 h
2 88 h
3 1 h
3 6 h
3 8 v
3 9 h
3 10 v
3 13 v
3 14 v
3 15 h
3 17 h
3 20 h
3 22 h
3 23 v
3 24 v
3 27 v
3 28 h
3 30 h
3 32 v
3 33 h
3 36 v
3 38 h
3 40 h
3 41 v
3 43 v
3 44 v
3 45 h
3 48 v
3 49 h
3 50 h
3 52 h
3 54 h
3 57 v
3 62 v
3 66 v
3 67 h
3 68 h
3 70 v
3 73 v
3 74 h
3 78 h
3 79 v
3 82 h
3 84 v
4 1 v
4 3 v
4 6 v
4 8 v
4 11 v
4 12 v
4 13 v
4 17 v
4 19 v
4 20 v
4 21 v
4 22 v
4 25 v
4 27 v
4 28 h
4 35 v
4 39 v
4 40 v
4 41 v
4 42 v
4 43 v
4 44 v
4 46 v
4 49 h
4 51 h
4 53 v
4 54 v
4 57 v
4 59 v
4 62 v
4 67 v
4 74 v
4 75 v
4 78 h
4 79 v
4 82 h
4 83 v
4 84 v
4 85 v
4 87 v
4 88 v
5 1 h
5 2 h
5 5 v
5 6 h
5 7 h
5 9 h
5 10 v
5 15 h
5 16 v
5 17 v
5 19 v
5 20 h
5 21 h
5 23 h
5 24 h
5 25 h
5 27 h
5 31 h
5 33 h
5 34 h
5 35 h
5 36 v
5 37 h
5 39 h
5 41 h
5 43 v
5 44 v
5 46 h
5 47 h
5 48 v
5 49 h
5 52 h
5 55 v
5 57 h
5 58 h
5 59 h
5 60 h
5 61 h
5 62 h
5 63 h
5 64 v
5 66 v
5 68 h
5 69 h
5 70 v
5 72 h
5 74 h
5 76 h
5 84 h
5 85 h
6 4 h
6 5 v
6 7 h
6 8 v
6 9 h
6 10 v
6 11 v
6 12 v
6 14 v
6 15 h
6 19 v
6 21 h
6 22 h
6 23 v
6 24 h
6 25 v
6 26 h
6 27 h
6 29 h
6 30 h
6 31 h
6 33 h
6 36 v
6 41 h
6 42 h
6 47 v
6 50 v
6 51 h
6 52 h
6 53 v
6 55 v
6 60 h
6 61 v
6 64 v
6 67 h
6 68 h
6 70 v
6 71 h
6 76 h
6 77 h
6 78 h
6 80 h
6 82 h
6 84 h
6 85 h
6 86 h
6 87 h
6 88 h
7 2 h
7 3 h
7 8 h
7 10 h
7 15 h
7 16 h
7 17 h
7 20 h
7 21 h
7 22 h
7 24 h
7 25 v
7 31 h
7 34 h
7 35 h
7 41 h
7 42 h
7 44 h
7 48 v
7 49 h
7 50 h
7 51 h
7 53 v
7 54 h
7 55 v
7 58 v
7 62 h
7 63 h
7 64 v
7 65 h
7 67 h
7 68 h
7 72 h
7 73 v
7 74 h
7 76 h
7 78 h
7 79 h
7 81 h
7 82 h
7 83 h
7 86 h
7 88 h
8 3 v
8 5 v
8 8 v
8 9 h
8 11 v
8 13 v
8 27 v
8 30 v
8 33 v
8 35 v
8 36 v
8 38 v
8 51 v
8 55 v
8 57 v
8 58 v
8 59 v
8 61 v
8 63 v
8 76 v
8 78 v
8 79 v
8 81 v
8 82 v
8 83 v
8 88 v
9 1 h
9 3 h
9 4 h
9 6 h
9 7 h
9 8 h
9 10 h
9 13 v
9 28 h
9 31 h
9 33 h
9 36 v
9 37 h
9 51 h
9 54 h
9 56 h
9 58 v
9 59 h
9 60 h
9 61 h
9 62 h
9 63 v
9 80 v
9 82 h
9 85 h
9 86 h
9 87 h
10 2 h
10 5 v
10 7 v
10 8 v
10 13 v
10 27 v
10 30 v
10 38 v
10 57 v
10 58 v
10 59 v
10 62 v
10 63 v
10 78 v
10 82 v
10 84 v
10 85 v
11 1 h
11 3 h
11 4 h
11 5 h
11 10 h
11 12 h
11 13 v
11 29 h
11 31 h
11 32 h
11 34 h
11 35 h
11 51 h
11 52 h
11 54 h
11 55 v
11 56 h
11 57 h
11 58 v
11 59 h
11 60 h
11 61 h
11 62 h
11 63 v
11 77 h
11 83 h
11 85 h
11 87 h
11 88 h
12 3 v
12 4 h
12 7 h
12 8 h
12 10 h
12 11 h
12 12 v
12 13 v
12 29 h
12 30 h
12 33 h
12 35 h
12 37 h
12 38 v
12 55 v
12 57 v
12 59 h
12 63 v
12 76 h
12 79 v
12 83 h
12 84 v
12 85 h
12 86 h
12 88 h
13 2 h
13 6 v
13 9 h
13 11 v
13 13 v
13 26 h
13 27 h
13 30 v
13 31 h
13 32 v
13 36 v
13 38 v
13 52 v
13 53 v
13 54 h
13 57 v
13 60 h
13 62 v
13 63 v
13 76 h
13 78 h
13 79 v
13 80 v
13 82 v
13 83 v
13 86 v
13 87 h
14 1 h
14 2 h
14 6 v
14 8 v
14 9 v
14 12 v
14 13 v
14 30 v
14 35 h
14 36 v
14 37 h
14 51 h
14 54 v
14 55 v
14 57 v
14 58 v
14 62 v
14 63 v
14 76 h
14 81 v
14 84 h
14 85 v
14 88 h
15 77 v
15 80 v
15 84 v
15 85 h
15 87 h
15 88 v
16 76 h
16 78 h
16 79 h
16 80 h
16 85 v
17 77 h
17 79 v
17 80 h
17 82 v
17 83 h
17 84 h
18 76 h
18 81 h
18 82 v
18 84 h
18 88 h
19 76 v
19 80 v
19 81 v
19 83 v
19 88 v
20 76 v
20 80 v
20 81 v
20 83 v
21 4 h
21 5 v
21 7 v
21 8 v
21 10 v
21 12 v
21 13 v
21 16 v
21 20 v
21 23 v
21 29 v
21 31 h
21 32 v
21 36 v
21 39 v
21 40 h
21 41 v
21 42 h
21 43 v
21 45 v
21 48 v
21 50 v
21 58 v
21 59 v
21 61 v
21 62 v
21 63 v
21 64 v
21 65 v
21 68 v
21 69 h
21 75 v
21 80 h
21 82 v
21 84 v
21 85 v
22 1 v
22 4 h
22 5 v
22 6 v
22 8 v
22 10 v
22 12 v
22 21 v
22 24 v
22 26 h
22 27 v
22 31 h
22 33 h
22 37 h
22 40 v
22 45 h
22 46 h
22 47 v
22 49 h
22 50 v
22 52 v
22 54 v
22 58 v
22 61 v
22 63 v
22 64 v
22 66 v
22 70 v
22 71 v
22 80 v
22 82 v
22 83 h
22 84 v
22 87 h
23 1 h
23 2 h
23 3 h
23 4 h
23 6 h
23 7 h
23 9 h
23 11 h
23 12 h
23 16 h
23 17 h
23 19 v
23 23 h
23 24 h
23 25 h
23 27 h
23 28 h
23 29 h
23 30 h
23 31 h
23 33 h
23 36 v
23 37 h
23 38 h
23 40 h
23 43 v
23 44 h
23 47 h
23 48 h
23 49 h
23 62 h
23 65 h
23 69 h
23 72 h
23 74 h
23 75 h
23 76 h
23 78 h
23 81 h
23 83 h
23 84 h
23 85 h
24 2 h
24 4 h
24 7 h
24 9 h
24 15 h
24 16 v
24 17 h
24 20 h
24 22 h
24 24 h
24 25 v
24 27 h
24 28 h
24 32 v
24 39 h
24 41 h
24 44 h
24 45 h
24 48 v
24 50 h
24 52 h
24 54 h
24 56 h
24 58 h
24 62 h
24 63 h
24 70 v
24 74 v
24 75 h
24 76 h
24 77 h
24 80 v
24 83 v
24 86 h
24 88 h
25 3 v
25 5 v
25 6 v
25 7 h
25 13 v
25 16 h
25 18 v
25 19 v
25 20 h
25 25 v
25 28 h
25 33 h
25 36 v
25 39 v
25 42 h
25 43 v
25 44 h
25 46 v
25 49 h
25 50 v
25 53 v
25 59 v
25 60 h
25 67 h
25 71 v
25 75 v
25 76 h
25 77 h
25 78 h
25 79 v
25 83 v
25 85 h
26 3 v
26 4 h
26 5 v
26 9 h
26 10 h
26 11 v
26 12 v
26 13 v
26 14 v
26 15 h
26 17 v
26 18 h
26 21 h
26 24 v
26 25 v
26 26 h
26 27 v
26 28 h
26 29 h
26 30 h
26 32 v
26 33 h
26 34 h
26 35 h
26 37 h
26 38 h
26 40 h
26 43 v
26 44 v
26 45 h
26 46 h
26 49 h
26 51 h
26 52 h
26 53 v
26 55 v
26 59 h
26 60 h
26 63 h
26 65 h
26 66 v
26 67 h
26 68 h
26 69 h
26 74 v
26 77 h
26 79 v
26 81 h
26 82 v
26 86 h
26 87 h
26 88 h
27 1 h
27 3 v
27 6 h
27 7 v
27 8 v
27 14 v
27 16 v
27 17 v
27 24 v
27 26 h
27 27 h
27 31 h
27 32 v
27 33 h
27 34 v
27 36 v
27 38 h
27 40 h
27 41 v
27 42 h
27 48 v
27 50 h
27 53 v
27 55 v
27 61 v
27 65 h
27 66 v
27 68 h
27 69 h
27 72 h
27 73 v
27 74 h
27 75 v
27 76 h
27 79 v
27 80 v
27 81 h
27 83 v
27 85 v
27 86 h
27 87 h
28 1 h
28 4 h
28 5 h
28 7 h
28 9 h
28 16 v
28 19 v
28 20 h
28 21 v
28 22 h
28 23 v
28 25 v
28 26 h
28 27 h
28 29 h
28 30 v
28 31 v
28 32 v
28 34 v
28 36 v
28 39 h
28 42 h
28 44 v
28 45 h
28 50 v
28 51 h
28 57 v
28 58 v
28 60 h
28 63 h
28 64 v
28 66 v
28 68 h
28 70 h
28 71 v
28 72 h
28 73 v
28 76 h
28 77 h
28 78 h
28 80 h
28 81 h
28 84 h
28 85 h
28 87 h
28 88 h
29 13 v
29 14 h
29 15 h
29 16 v
29 18 h
29 19 v
29 23 v
29 24 h
29 26 h
30 13 v
30 14 v
30 17 h
30 18 h
30 19 v
30 21 h
30 22 h
30 23 v
30 24 v
30 25 v
30 26 h
31 13 v
31 14 h
31 17 v
31 18 h
31 19 v
31 24 h
31 25 h
32 13 v
32 16 h
32 19 v
32 23 v
33 13 v
33 15 v
33 16 v
33 17 v
33 20 v
33 22 v
33 25 v
34 14 h
34 16 v
34 22 h
34 25 h
35 1 h
35 7 v
35 9 h
35 12 v
35 13 v
35 14 v
35 16 v
35 18 v
35 20 v
35 22 v
35 23 v
35 24 v
35 25 v
35 26 h
35 30 h
35 31 h
35 32 v
35 36 v
36 3 v
36 4 h
36 5 v
36 6 v
36 7 h
36 8 v
36 9 h
36 10 h
36 12 v
36 14 v
36 15 h
36 16 h
36 20 h
36 21 h
36 22 h
36 23 v
36 24 h
36 27 v
36 28 h
36 29 h
36 33 h
37 3 v
37 4 h
37 11 v
37 12 v
37 14 v
37 18 v
37 19 v
37 22 v
37 24 v
37 26 h
37 27 v
37 28 h
37 30 v
37 31 h
37 32 v
37 33 h
37 34 v
37 35 h
37 37 h
37 38 v
38 1 h
38 2 h
38 4 h
38 5 h
38 6 h
38 7 h
38 9 h
38 11 h
38 13 v
38 15 h
38 18 h
38 24 h
38 25 v
38 32 h
38 33 h
38 34 h
38 35 h
38 36 v
38 37 h
39 2 h
39 5 h
39 14 v
39 15 h
39 16 v
39 17 h
39 19 v
39 27 v
39 28 h
39 29 h
39 32 v
39 33 h
39 36 v
39 37 h
40 2 h
40 8 h
40 10 h
40 11 h
40 13 h
40 14 h
40 15 h
40 16 h
40 17 v
40 18 h
40 19 v
40 21 h
40 23 v
40 24 h
40 25 h
40 26 h
40 28 h
40 32 h
40 35 h
40 36 v
41 6 v
41 7 v
41 8 v
41 11 v
41 13 v
41 16 v
41 17 h
41 18 v
41 21 v
41 22 v
41 23 v
41 25 v
41 26 h
41 27 v
41 31 v
41 35 v
41 36 v
42 1 h
42 13 v
42 14 v
42 17 h
42 19 v
42 20 h
42 26 h
42 38 v
43 13 v
43 14 v
43 15 h
43 17 v
43 18 v
43 19 v
43 21 h
43 22 v
43 23 v
43 26 v
44 14 v
44 15 h
44 16 h
44 19 v
44 20 h
44 21 h
44 22 h
44 23 v
44 25 v
44 26 h
45 13 v
45 15 v
45 16 v
45 17 v
45 19 v
45 22 v
45 25 v
46 13 v
46 14 v
46 17 h
46 19 h
46 21 h
46 23 v
46 25 v
47 13 v
47 14 v
47 15 h
47 16 v
47 17 h
47 19 v
47 20 h
47 22 h
47 24 v
47 26 v
48 13 v
48 16 v
48 19 v
48 22 v
48 24 v
48 26 v
49 1 v
49 2 h
49 4 h
49 6 h
49 14 v
49 16 h
49 18 h
49 19 v
49 23 v
49 24 v
49 26 h
49 28 h
49 29 h
49 31 h
49 32 v
49 36 v
49 37 h
50 1 v
50 6 v
50 10 v
50 13 v
50 18 v
50 20 v
50 22 v
50 23 v
50 25 v
50 26 h
50 27 v
50 28 h
50 31 h
50 32 v
50 34 v
50 37 v
50 38 v
51 2 h
51 3 h
51 5 h
51 8 h
51 9 h
51 10 h
51 12 h
51 13 h
51 14 h
51 15 h
51 16 h
51 17 v
51 18 h
51 19 v
51 20 h
51 22 h
51 25 v
51 26 h
51 32 v
51 34 h
52 3 h
52 4 h
52 6 h
52 7 h
52 9 h
52 10 h
52 12 v
52 13 h
52 14 h
52 17 v
52 18 h
52 19 v
52 22 h
52 23 v
52 26 h
52 27 h
52 28 h
52 29 h
52 32 v
52 33 h
52 35 h
52 36 v
53 2 v
53 3 v
53 4 h
53 8 v
53 9 v
53 10 v
53 11 v
53 12 v
53 13 v
53 15 v
53 16 v
53 17 v
53 19 v
53 21 h
53 23 v
53 24 v
53 25 v
53 26 v
53 31 v
53 35 v
53 37 h
53 38 v
54 3 v
54 6 v
54 8 v
54 14 v
54 20 v
54 21 v
54 22 v
54 25 v
54 26 h
54 27 v
54 28 h
54 29 v
54 30 v
54 33 h
54 34 v
54 35 h
54 38 v
55 1 v
55 2 v
55 3 v
55 8 v
55 12 v
55 13 v
55 14 v
55 15 v
55 16 v
55 17 v
55 23 v
55 24 v
55 26 v
55 27 v
55 28 v
55 32 v
55 34 v
55 37 v
56 13 v
56 15 h
56 16 v
56 20 h
56 21 v
56 22 h
56 24 v
56 25 v
57 13 v
57 14 v
57 15 h
57 16 v
57 17 h
57 18 h
57 19 h
57 20 v
57 23 v
57 26 h
58 13 v
58 15 h
58 16 v
58 18 h
58 19 v
58 20 v
58 23 v
58 25 v
59 13 v
59 16 v
59 17 v
59 18 h
59 19 h
59 20 h
59 21 h
59 24 h
59 26 h
60 13 v
60 14 v
60 16 v
60 18 h
60 19 v
60 20 h
60 22 h
60 24 v
60 26 h
61 19 v
61 20 h
61 21 v
61 24 h
62 13 v
62 14 h
62 17 v
62 18 h
62 20 h
62 21 h
62 23 v
63 3 h
63 4 h
63 9 h
63 10 h
63 11 h
63 12 h
63 17 h
63 22 h
63 23 v
63 24 h
63 27 h
63 29 h
63 31 h
63 33 h
63 34 h
63 35 h
63 36 v
63 37 h
63 38 h
64 1 h
64 2 h
64 3 v
64 4 h
64 5 v
64 7 v
64 10 h
64 13 h
64 15 h
64 16 v
64 17 v
64 18 v
64 19 v
64 22 h
64 24 v
64 25 v
64 26 v
64 27 v
64 28 h
64 34 v
64 35 h
64 37 h
64 38 v
65 1 h
65 2 h
65 7 h
65 10 h
65 11 h
65 12 h
65 14 h
65 17 h
65 18 h
65 20 h
65 21 h
65 23 v
65 28 h
65 30 h
65 31 h
65 34 v
65 35 h
65 37 h
65 38 h
66 1 h
66 3 h
66 6 h
66 7 h
66 9 h
66 11 h
66 13 h
66 15 h
66 17 v
66 19 v
66 21 h
66 23 v
66 25 v
66 27 v
66 29 h
66 32 v
66 35 h
66 38 v
67 1 h
67 2 h
67 3 h
67 4 h
67 5 h
67 6 h
67 10 h
67 12 h
67 16 h
67 19 v
67 24 h
67 25 v
67 28 h
67 33 h
67 35 h
68 1 h
68 3 v
68 7 v
68 8 v
68 11 v
68 15 h
68 16 v
68 22 h
68 24 v
68 25 v
68 27 v
68 30 v
68 31 h
68 34 v
68 36 v
68 38 v
69 1 v
69 2 h
69 3 v
69 5 v
69 7 h
69 12 v
69 13 h
69 15 h
69 18 h
69 22 v
69 23 v
69 25 h
69 26 h
69 32 v
69 38 v
70 13 v
70 15 h
70 17 v
70 19 v
70 22 h
70 24 v
70 25 v
70 26 v
71 13 v
71 14 v
71 16 v
71 18 h
71 19 v
71 20 h
71 21 v
71 22 v
71 24 v
71 25 v
71 26 v
72 13 v
72 14 v
72 15 h
72 21 h
72 24 h
73 14 v
73 15 v
73 16 v
73 17 v
73 18 h
73 19 v
73 20 v
73 21 v
73 22 h
73 24 v
73 25 v
74 13 v
74 14 v
74 17 h
74 18 h
74 19 v
74 20 h
74 21 h
74 23 v
74 24 h
74 25 v
75 13 v
75 18 h
75 20 h
75 21 h
75 26 h
76 1 v
76 6 v
76 7 h
76 8 v
76 10 v
76 12 v
76 15 h
76 17 h
76 20 h
76 21 h
76 22 h
76 24 v
76 26 h
76 27 h
76 28 h
76 30 h
76 33 h
76 34 h
76 38 h
77 1 h
77 4 h
77 7 h
77 9 h
77 13 v
77 14 v
77 16 v
77 17 v
77 18 h
77 19 v
77 22 h
77 23 v
77 24 v
77 26 h
77 28 h
77 31 v
77 32 v
77 34 h
77 35 h
77 38 v
78 3 v
78 5 v
78 10 v
78 11 v
78 15 v
78 16 v
78 18 v
78 20 v
78 22 v
78 23 v
78 24 v
78 25 v
78 34 v
78 36 v
78 38 v
79 1 h
79 6 v
79 9 h
79 11 v
79 13 h
79 19 v
79 20 h
79 21 h
79 24 v
79 25 v
79 29 h
79 31 h
79 32 v
79 34 h
79 35 h
80 7 v
80 9 h
80 13 v
80 14 v
80 15 v
80 17 v
80 20 v
80 21 v
80 24 v
80 25 v
80 30 v
80 32 v
80 35 v
80 36 v
81 5 h
81 7 h
81 8 v
81 9 h
81 10 h
81 15 h
81 20 v
81 22 v
81 27 v
81 29 h
81 32 h
81 33 h
81 35 h
81 37 h
82 3 v
82 8 v
82 10 h
82 15 h
82 16 v
82 17 v
82 19 h
82 21 h
82 24 v
82 30 v
82 34 h
82 36 v
82 38 h
83 1 v
83 9 h
83 13 v
83 14 v
83 22 v
83 23 v
83 26 h
83 27 v
83 28 h
83 29 v
83 31 h
83 32 v
83 33 v
83 35 v
83 37 v
84 13 v
84 15 v
84 20 v
84 22 v
84 23 v
84 24 v
84 25 v
85 14 h
85 15 h
85 16 h
85 21 h
85 23 h
86 13 v
86 15 h
86 18 h
86 19 v
86 23 v
87 13 v
87 14 h
87 18 h
87 19 h
87 20 v
87 24 h
87 25 h
88 14 v
88 16 v
88 18 h
88 21 v
88 22 h
89 13 v
89 14 h
89 15 h
89 16 h
89 19 h
89 20 h
89 22 h
89 25 v
90 13 v
90 15 v
90 17 v
90 18 v
90 19 v
