785081.892475
785075
1 2 h
1 4 v
1 6 v
1 26 v
1 27 h
1 28 h
2 2 h
2 3 h
2 5 h
2 6 v
2 25 h
2 28 v
3 2 v
3 4 v
3 6 v
3 22 v
3 26 v
4 2 v
4 6 v
4 27 v
5 2 h
5 22 h
5 23 v
5 24 h
5 26 v
5 28 v
6 3 h
6 5 h
6 22 v
6 26 v
6 27 h
6 28 v
7 14 v
7 22 v
7 23 v
7 26 v
7 28 v
7 35 v
7 36 v
7 38 v
8 1 h
8 2 v
8 6 v
8 13 v
8 15 v
8 17 v
8 26 v
8 27 v
8 28 v
8 33 v
8 34 h
8 35 v
8 38 v
9 5 h
9 13 v
9 15 v
9 16 h
9 17 v
9 24 v
9 25 v
9 27 v
9 28 v
9 33 v
9 37 v
9 38 v
10 1 h
10 2 h
10 3 h
10 4 v
10 6 v
10 12 h
10 13 v
10 16 h
10 17 v
10 23 v
10 24 v
10 25 h
10 27 h
10 28 v
10 33 v
10 34 h
10 37 v
10 38 h
10 39 h
11 4 v
11 7 v
11 9 v
11 10 v
11 13 h
11 17 v
11 23 v
11 35 v
11 37 v
11 38 v
12 10 h
12 13 v
12 14 h
12 16 h
12 20 h
12 23 h
12 24 v
12 26 v
12 29 h
12 33 h
12 35 h
12 36 v
12 37 v
12 38 h
13 2 h
13 4 v
13 5 v
13 6 h
13 9 h
13 10 h
13 11 h
13 12 h
13 15 h
13 16 v
13 18 v
13 19 h
13 21 v
13 27 h
13 29 v
13 30 v
13 33 h
14 1 h
14 4 v
14 5 v
14 6 h
14 8 h
14 9 v
14 10 h
14 12 h
14 23 h
14 24 h
14 25 h
14 27 h
14 28 h
14 33 v
14 35 h
14 36 h
14 37 h
15 3 v
15 4 v
15 7 h
15 9 v
15 10 h
15 11 v
15 12 h
15 13 v
15 22 h
15 25 h
15 26 v
15 28 v
15 33 v
15 34 h
15 37 v
15 38 v
15 39 h
16 6 h
16 9 v
16 10 h
16 14 v
16 23 v
16 26 v
16 33 v
16 35 v
16 37 v
16 39 h
17 5 h
17 6 h
17 7 h
17 9 h
17 12 h
17 23 h
17 24 v
17 26 v
17 27 h
17 28 v
17 33 v
17 35 h
17 37 h
17 38 h
17 39 h
18 2 v
18 3 h
18 4 v
18 5 h
18 6 v
18 13 v
18 14 h
18 15 v
18 16 h
18 17 v
18 33 v
18 34 h
18 35 h
18 38 h
19 3 v
19 5 h
19 6 v
19 15 v
19 16 h
19 17 v
19 33 v
19 35 v
19 36 v
19 39 v
20 2 h
20 4 v
20 6 v
20 14 v
20 15 v
20 17 v
20 33 v
20 34 h
20 39 h
21 1 h
21 2 v
21 3 v
21 4 v
21 6 v
21 12 h
21 16 h
21 17 v
21 18 h
21 21 v
22 3 v
22 5 v
22 6 v
22 12 v
22 13 v
22 14 v
22 20 v
22 21 v
23 2 v
23 4 v
23 12 v
23 13 v
23 15 v
23 17 v
23 21 v
23 22 v
24 12 h
24 13 v
24 17 h
24 19 h
24 20 h
25 1 h
25 2 h
25 3 h
25 6 v
25 12 h
25 15 h
25 16 h
25 19 h
25 22 h
26 2 v
26 3 v
26 4 v
26 6 v
26 15 h
26 18 h
26 21 h
26 22 h
27 2 h
27 3 h
27 4 h
27 6 v
27 12 h
27 15 h
27 16 h
27 17 v
27 18 h
27 20 h
28 1 h
28 4 h
28 6 v
28 13 h
28 16 h
28 17 h
28 19 h
28 20 h
28 21 h
29 13 v
29 14 h
29 16 h
29 18 h
30 1 h
30 2 h
30 3 h
30 4 v
30 6 v
30 12 h
30 15 h
30 18 h
30 19 h
30 22 h
31 1 h
31 2 h
31 4 v
31 5 v
31 6 v
31 12 h
31 13 v
31 14 h
31 15 h
31 18 h
31 19 h
31 20 h
31 21 v
31 22 v
32 3 v
32 6 v
32 12 v
32 16 v
32 18 v
32 20 v
32 21 v
33 1 h
33 2 v
33 13 v
33 15 v
33 16 h
33 17 v
33 18 h
33 20 v
33 21 v
33 22 h
34 6 v
34 12 h
34 13 v
34 15 h
34 20 h
34 21 h
34 22 v
35 19 h
36 12 v
36 13 v
36 14 v
36 17 v
36 21 v
37 12 h
37 13 h
37 16 h
37 17 h
37 19 h
37 28 h
37 30 h
37 33 h
38 13 v
38 16 h
38 17 h
38 19 h
38 21 h
38 28 v
38 31 h
38 33 v
39 13 v
39 15 v
39 17 v
39 18 h
39 21 h
39 22 v
39 28 v
39 29 h
39 31 h
39 33 v
40 14 v
40 15 v
40 17 v
40 18 v
40 22 v
40 30 v
40 31 v
40 33 v
41 1 h
41 2 h
41 3 h
41 5 h
41 7 v
41 8 h
41 10 h
41 13 v
41 16 h
41 17 h
41 21 h
41 28 h
41 30 h
41 32 h
41 33 v
42 1 h
42 5 h
42 6 h
42 7 h
42 11 v
42 12 h
42 18 h
42 19 h
42 20 h
42 21 v
42 22 h
42 24 v
42 25 h
42 29 h
42 30 h
42 32 h
42 33 v
43 2 v
43 3 v
43 4 v
43 8 v
43 9 v
43 11 v
43 14 v
43 15 v
43 16 h
43 17 v
43 18 v
43 20 v
43 23 v
43 24 v
43 33 v
44 1 h
44 2 h
44 3 h
44 4 v
44 6 h
44 23 h
44 25 h
44 30 v
44 33 v
45 1 h
45 3 h
45 4 v
45 5 v
45 22 v
45 23 h
45 24 v
45 26 v
45 27 h
45 29 h
45 30 h
45 32 h
45 33 v
46 1 h
46 2 v
46 4 v
46 5 v
46 6 v
46 31 v
46 32 v
46 33 v
47 1 h
47 2 h
47 4 v
47 6 v
47 23 h
47 24 h
47 26 h
47 28 h
47 30 h
47 33 v
47 52 h
47 54 v
47 55 h
48 1 h
48 2 v
48 4 v
48 6 v
48 24 v
48 26 v
48 27 h
48 29 h
48 30 h
48 32 h
48 33 v
48 51 v
48 52 v
48 53 v
48 55 h
49 2 v
49 3 v
49 4 v
49 5 h
49 23 v
49 26 v
49 29 v
49 30 v
49 31 v
49 33 v
49 50 v
49 52 v
49 53 v
50 6 v
50 23 h
50 24 h
50 26 v
50 28 h
50 30 h
50 33 v
50 50 h
50 52 h
50 53 h
50 54 v
51 5 h
51 13 h
51 14 v
51 15 h
51 25 h
51 27 h
51 29 h
51 31 h
51 33 v
51 39 h
51 50 h
51 52 v
52 1 h
52 5 h
52 13 h
52 14 h
52 15 h
52 16 h
52 17 v
52 22 v
52 23 h
52 24 h
52 25 h
52 28 h
52 29 h
52 31 v
52 33 v
52 42 h
52 43 h
52 44 v
52 50 v
52 55 h
53 4 h
53 12 h
53 13 h
53 14 h
53 15 h
53 16 h
53 17 v
53 23 h
53 26 h
53 27 h
53 29 h
53 32 h
53 33 v
53 39 h
53 40 h
53 41 h
53 43 h
53 44 v
53 50 h
53 51 h
53 52 h
53 53 v
53 54 v
54 1 h
54 12 h
54 16 v
54 17 v
54 28 v
54 30 h
54 31 v
54 32 v
54 35 v
54 36 v
54 39 h
54 40 v
54 41 v
54 42 v
54 44 h
54 45 h
54 46 v
54 47 h
54 48 h
54 50 h
54 53 v
54 66 h
54 68 v
54 69 v
54 70 v
54 73 v
55 4 v
55 5 h
55 6 v
55 15 h
55 28 v
55 29 h
55 30 h
55 31 h
55 33 h
55 35 v
55 37 v
55 40 v
55 42 h
55 45 h
55 50 h
55 51 v
55 52 v
55 54 v
55 55 h
55 66 h
55 69 v
55 71 h
55 72 v
55 74 h
55 75 h
56 3 v
56 6 v
56 13 v
56 15 v
56 17 v
56 32 v
56 37 v
56 38 v
56 41 v
56 43 v
56 69 v
56 71 v
56 73 v
56 75 v
57 4 v
57 8 h
57 14 h
57 15 h
57 16 h
57 28 h
57 29 h
57 31 h
57 33 h
57 35 h
57 36 h
57 37 h
57 38 h
57 39 h
57 40 h
57 42 h
57 43 h
57 45 h
57 46 h
57 49 h
57 55 h
57 57 h
57 58 v
57 59 h
57 62 h
57 64 v
57 67 h
57 71 h
57 74 h
57 75 h
57 76 h
58 1 h
58 2 v
58 4 v
58 8 h
58 9 v
58 12 v
58 15 v
58 17 v
58 43 v
58 45 v
58 46 v
58 48 v
58 54 v
58 61 v
58 62 v
58 64 v
58 74 v
58 75 v
58 77 v
59 1 h
59 2 h
59 4 h
59 6 h
59 7 h
59 10 h
59 13 h
59 16 h
59 17 v
59 39 h
59 40 h
59 42 h
59 43 h
59 46 h
59 47 h
59 48 h
59 51 h
59 52 h
59 53 v
59 54 h
59 55 h
59 61 v
59 62 h
59 63 h
59 67 h
59 69 h
59 74 h
59 75 h
59 76 h
59 77 v
60 2 v
60 3 v
60 7 v
60 8 h
60 10 h
60 14 v
60 17 v
60 42 h
60 44 h
60 46 v
60 48 h
60 51 v
60 54 v
60 55 h
60 58 v
60 61 v
60 62 v
60 65 v
60 66 h
60 69 h
60 72 v
60 73 v
60 75 v
61 13 v
61 14 h
61 16 h
61 22 h
61 24 v
61 31 h
61 40 v
61 41 v
61 42 h
61 56 v
61 60 h
61 61 v
61 62 h
61 63 h
61 66 h
61 68 v
61 69 v
61 70 v
61 72 v
61 74 h
61 76 h
62 12 h
62 15 h
62 23 v
62 25 h
62 26 v
62 27 h
62 30 h
62 31 h
62 33 v
62 41 v
62 42 h
62 44 v
62 55 h
62 56 h
62 57 h
62 59 h
62 60 h
62 62 h
62 67 h
62 68 h
62 72 v
62 73 v
62 75 v
62 76 h
63 12 h
63 15 h
63 17 v
63 22 h
63 26 v
63 27 h
63 32 h
63 33 v
63 39 h
63 40 h
63 41 v
63 42 h
63 44 v
63 55 h
63 58 v
63 59 h
63 63 h
63 64 v
63 69 h
63 70 v
63 71 h
63 73 h
63 75 h
63 76 h
63 77 v
64 12 v
64 13 v
64 14 v
64 15 v
64 17 v
64 20 v
64 23 v
64 25 v
64 26 v
64 29 v
64 30 v
64 31 v
64 32 v
64 33 v
64 40 v
64 41 v
64 47 v
64 48 v
64 57 v
64 59 h
64 61 v
64 62 v
64 64 v
64 69 v
64 77 v
65 1 h
65 17 v
65 18 v
65 21 v
65 23 v
65 24 v
65 27 v
65 29 v
65 32 v
65 33 v
65 41 v
65 43 v
65 48 v
65 55 v
65 57 v
65 58 v
65 64 v
65 65 v
65 67 v
65 68 v
65 69 v
65 72 v
65 75 v
65 77 v
66 13 v
66 18 h
66 19 h
66 20 h
66 28 h
66 30 h
66 31 h
66 33 v
66 40 h
66 43 v
66 44 h
66 45 h
66 47 h
66 49 h
66 50 h
66 56 h
66 57 h
66 62 h
66 64 v
66 65 v
66 66 h
66 68 h
66 71 h
66 73 h
66 77 v
67 13 v
67 14 v
67 17 v
67 18 h
67 22 h
67 23 v
67 24 v
67 27 v
67 30 v
67 31 v
67 32 v
67 33 v
67 39 h
67 45 v
67 46 v
67 47 h
67 48 v
67 55 h
67 57 v
67 58 v
67 59 h
67 61 h
67 64 v
67 66 h
67 67 h
67 70 h
67 73 v
67 74 h
67 75 v
67 77 v
68 13 v
68 19 h
68 21 v
68 40 v
68 41 v
68 42 v
68 45 v
68 49 v
68 61 v
68 62 v
68 63 v
69 16 h
69 19 h
69 20 h
69 21 h
69 40 v
69 41 v
69 42 h
69 43 v
69 44 h
69 45 h
69 48 h
69 49 h
69 50 h
69 61 v
69 64 v
69 65 h
70 1 v
70 14 h
70 20 v
70 39 h
70 42 v
70 44 h
70 46 v
70 48 h
70 49 v
70 61 v
70 66 v
71 12 h
71 17 v
71 18 h
71 21 h
71 39 h
71 40 h
71 42 h
71 46 h
71 47 h
71 48 h
71 50 h
71 58 v
71 59 h
71 60 h
72 18 v
72 20 v
72 21 v
72 39 v
72 40 v
72 42 v
72 43 v
72 45 v
72 46 v
72 50 v
72 58 v
72 60 h
72 61 v
72 62 v
72 63 v
72 65 v
72 66 v
73 18 h
73 22 v
73 42 h
73 43 v
73 45 h
73 47 h
73 48 h
73 57 v
73 59 h
73 60 h
73 61 v
73 63 h
73 65 v
74 3 v
74 4 v
74 5 v
74 7 v
74 11 v
74 21 h
74 50 v
74 55 v
74 56 h
74 57 v
74 59 v
74 62 v
74 65 v
74 71 h
74 72 v
75 4 v
75 9 h
75 17 v
75 21 h
75 22 v
75 55 h
75 56 h
75 57 v
75 60 h
75 63 h
75 64 v
75 65 v
75 67 h
75 71 h
76 1 h
76 2 h
76 4 v
76 6 h
76 7 h
76 11 h
76 12 h
76 17 v
76 20 h
76 58 h
76 60 h
76 64 v
76 65 h
76 66 h
76 67 h
76 69 h
76 72 v
77 2 h
77 3 h
77 4 v
77 6 h
77 8 v
77 9 v
77 10 h
77 11 v
77 17 v
77 19 h
77 20 v
77 22 v
77 55 h
77 57 v
77 58 v
77 69 h
77 70 v
77 71 h
77 72 v
78 17 v
78 20 v
78 21 v
79 17 v
79 18 v
79 19 h
79 20 h
79 22 h
80 20 h
80 21 h
81 17 v
81 18 h
81 21 h
82 18 h
82 20 v
82 21 v
82 22 v
83 17 v
83 18 v
83 21 v
83 22 v
84 17 v
