3725790.425819
3708865
1 1 h
1 2 h
1 4 h
1 5 v
1 6 h
1 9 h
1 11 h
1 12 h
1 13 h
1 16 h
1 17 h
1 18 h
1 19 h
1 21 v
1 23 v
1 26 h
1 27 h
1 28 h
1 31 h
1 33 h
1 34 h
1 38 v
1 42 h
1 43 h
1 44 h
1 45 h
1 47 h
1 48 h
1 53 h
1 54 h
1 56 h
1 60 h
1 61 v
1 63 h
1 64 h
1 65 h
1 66 h
1 68 h
1 70 h
1 72 h
1 74 h
1 75 v
1 76 h
1 78 h
1 80 h
1 81 v
1 83 h
1 85 h
1 86 h
1 88 h
1 89 v
1 90 h
1 92 h
1 94 h
1 95 h
1 96 h
1 97 h
1 98 h
1 99 v
2 1 h
2 2 h
2 3 v
2 4 h
2 6 h
2 7 v
2 9 v
2 10 h
2 11 h
2 12 h
2 14 h
2 15 h
2 16 v
2 18 h
2 19 h
2 20 h
2 24 h
2 25 h
2 26 v
2 28 h
2 29 v
2 30 h
2 33 h
2 34 h
2 36 h
2 37 h
2 41 h
2 42 h
2 43 h
2 45 h
2 46 h
2 52 h
2 53 h
2 54 h
2 57 h
2 58 h
2 61 v
2 62 h
2 63 h
2 66 h
2 67 h
2 74 h
2 75 h
2 77 v
2 78 h
2 80 h
2 81 v
2 84 h
2 85 h
2 86 v
2 87 h
2 88 h
2 89 v
2 91 h
2 92 h
2 93 h
2 94 v
2 95 h
2 96 h
2 97 h
3 2 v
3 4 h
3 12 h
3 13 h
3 15 h
3 16 v
3 17 h
3 18 h
3 21 h
3 22 h
3 23 h
3 24 h
3 29 h
3 32 v
3 33 h
3 36 h
3 37 h
3 45 v
3 46 h
3 49 h
3 50 h
3 51 h
3 52 h
3 53 v
3 55 v
3 60 h
3 62 h
3 64 h
3 65 h
3 66 v
3 67 h
3 71 h
3 72 h
3 73 h
3 75 v
3 79 h
3 80 h
3 82 v
3 83 h
3 85 h
3 88 v
3 89 v
3 91 h
3 94 v
3 95 h
3 96 v
3 97 h
3 99 v
3 100 v
4 1 v
4 2 v
4 3 v
4 4 v
4 7 v
4 9 v
4 10 h
4 15 v
4 19 v
4 21 v
4 22 h
4 25 v
4 30 v
4 35 v
4 36 h
4 38 v
4 39 v
4 41 h
4 42 v
4 46 v
4 48 v
4 49 v
4 52 h
4 54 v
4 58 v
4 59 v
4 61 v
4 63 v
4 64 v
4 66 v
4 68 v
4 70 v
4 71 v
4 73 v
4 74 v
4 76 h
4 88 v
4 92 v
4 94 v
4 99 v
5 3 v
5 4 h
5 5 v
5 9 v
5 11 h
5 13 h
5 16 v
5 19 h
5 25 v
5 28 v
5 33 v
5 35 v
5 36 h
5 37 h
5 38 v
5 39 v
5 42 v
5 45 v
5 47 v
5 48 v
5 49 v
5 52 h
5 53 v
5 55 v
5 58 h
5 61 h
5 62 h
5 66 v
5 71 v
5 72 h
5 73 v
5 74 v
5 75 v
5 76 h
5 81 v
5 82 v
5 85 v
5 86 v
5 89 v
5 90 h
5 91 h
5 93 h
5 94 v
5 99 v
5 100 v
6 4 h
6 8 h
6 12 h
6 16 h
6 18 h
6 22 h
6 23 v
6 24 h
6 25 v
6 26 h
6 27 v
6 29 h
6 31 v
6 34 h
6 35 h
6 36 h
6 37 h
6 38 h
6 42 h
6 43 h
6 44 h
6 46 h
6 47 h
6 48 v
6 49 h
6 51 h
6 52 h
6 54 h
6 58 h
6 63 h
6 64 h
6 65 v
6 67 h
6 72 h
6 73 h
6 74 h
6 75 h
6 76 h
6 77 h
6 79 h
6 85 h
6 87 h
6 89 v
6 90 h
6 92 h
6 93 h
6 94 h
6 95 h
6 96 h
6 100 v
7 1 v
7 2 v
7 6 v
7 7 v
7 11 h
7 16 h
7 17 h
7 19 h
7 20 h
7 22 v
7 23 v
7 25 v
7 28 v
7 29 h
7 30 v
7 32 v
7 34 v
7 35 h
7 38 v
7 40 v
7 41 h
7 45 h
7 48 v
7 50 v
7 51 h
7 56 h
7 58 h
7 60 v
7 64 h
7 65 v
7 66 v
7 67 v
7 69 v
7 71 h
7 72 h
7 74 v
7 76 v
7 77 v
7 78 h
7 80 v
7 84 h
7 85 v
7 87 v
7 89 v
7 92 v
7 93 v
7 94 v
7 96 h
7 97 h
7 98 v
7 99 v
7 100 v
8 1 v
8 5 h
8 8 h
8 9 h
8 10 h
8 13 h
8 17 h
8 18 h
8 19 h
8 20 h
8 22 h
8 24 h
8 27 v
8 28 v
8 30 h
8 31 v
8 32 h
8 33 h
8 34 h
8 35 h
8 39 h
8 40 v
8 44 h
8 45 h
8 46 v
8 47 h
8 48 v
8 49 v
8 51 h
8 52 h
8 53 v
8 55 v
8 57 h
8 60 h
8 61 v
8 65 h
8 66 h
8 69 h
8 70 h
8 73 v
8 78 h
8 80 h
8 81 h
8 82 h
8 83 h
8 86 v
8 88 h
8 89 v
8 91 h
8 95 v
8 99 h
8 100 v
9 1 v
9 6 h
9 7 v
9 10 h
9 11 h
9 12 h
9 15 h
9 18 h
9 20 h
9 22 v
9 23 v
9 26 h
9 30 v
9 31 v
9 33 h
9 34 h
9 36 h
9 37 h
9 38 v
9 41 h
9 42 h
9 43 v
9 44 h
9 46 h
9 47 v
9 48 v
9 50 v
9 51 h
9 52 h
9 56 h
9 59 h
9 63 v
9 64 h
9 67 v
9 68 h
9 70 h
9 73 h
9 74 v
9 75 v
9 78 h
9 82 v
9 84 h
9 85 h
9 87 v
9 88 v
9 93 h
9 94 v
9 95 h
9 97 h
9 99 v
10 1 h
10 5 h
10 6 h
10 10 h
10 13 h
10 14 h
10 15 h
10 16 v
10 17 h
10 18 h
10 19 h
10 21 v
10 23 h
10 25 v
10 27 v
10 29 h
10 30 h
10 31 v
10 32 h
10 33 h
10 35 h
10 36 h
10 37 h
10 38 v
10 41 h
10 42 h
10 44 h
10 45 h
10 47 h
10 51 h
10 52 h
10 54 h
10 55 h
10 56 h
10 61 h
10 62 h
10 64 h
10 68 h
10 73 h
10 74 v
10 75 h
10 76 h
10 77 h
10 80 h
10 81 h
10 82 h
10 84 h
10 87 h
10 88 h
10 90 h
10 92 h
10 96 h
11 3 v
11 5 v
11 7 v
11 8 h
11 10 h
11 13 h
11 14 h
11 15 h
11 16 v
11 17 h
11 19 h
11 20 h
11 22 v
11 27 h
11 30 v
11 31 v
11 33 h
11 37 h
11 38 v
11 39 h
11 40 v
11 42 h
11 43 h
11 44 h
11 46 h
11 47 v
11 48 v
11 50 v
11 52 h
11 53 h
11 56 h
11 58 h
11 59 v
11 61 h
11 62 h
11 63 h
11 66 v
11 68 h
11 69 v
11 71 h
11 73 h
11 75 h
11 77 v
11 78 h
11 79 v
11 80 v
11 84 h
11 85 v
11 89 v
11 96 h
11 97 h
11 98 v
11 100 v
12 1 v
12 2 v
12 3 v
12 6 h
12 9 v
12 11 h
12 12 h
12 15 h
12 17 h
12 18 h
12 20 h
12 27 h
12 28 v
12 29 v
12 32 v
12 35 v
12 38 v
12 40 v
12 41 h
12 43 h
12 45 h
12 46 h
12 47 h
12 48 v
12 50 v
12 51 h
12 53 h
12 55 v
12 58 h
12 59 h
12 66 v
12 69 v
12 70 h
12 72 h
12 73 v
12 74 v
12 76 h
12 80 h
12 83 h
12 84 v
12 86 v
12 87 v
12 89 h
12 91 v
12 95 v
12 97 h
12 99 v
12 100 v
13 5 v
13 10 h
13 12 h
13 18 h
13 20 h
13 21 v
13 26 h
13 27 v
13 28 v
13 29 v
13 33 h
13 36 h
13 37 h
13 38 v
13 39 h
13 41 h
13 42 h
13 44 h
13 46 h
13 54 h
13 57 h
13 62 h
13 64 h
13 65 h
13 66 v
13 70 h
13 72 h
13 74 v
13 75 v
13 80 h
13 82 v
13 83 h
13 86 v
13 88 h
13 89 v
13 91 h
13 93 h
13 94 v
13 95 h
13 98 h
13 100 v
14 1 h
14 2 h
14 4 h
14 6 h
14 8 h
14 9 h
14 10 h
14 16 v
14 17 h
14 18 h
14 19 h
14 21 v
14 22 h
14 27 h
14 28 h
14 29 h
14 30 h
14 33 h
14 34 h
14 36 h
14 38 v
14 39 h
14 42 h
14 45 h
14 49 h
14 50 h
14 55 h
14 56 h
14 57 h
14 58 h
14 59 h
14 60 h
14 61 h
14 65 h
14 66 h
14 67 h
14 68 h
14 70 h
14 73 h
14 74 h
14 76 h
14 83 h
14 84 h
14 85 h
14 87 h
14 91 h
14 93 h
14 94 h
14 95 h
14 96 h
14 98 v
14 100 v
15 1 v
15 2 v
15 3 v
15 4 h
15 5 v
15 7 v
15 9 v
15 10 h
15 11 h
15 15 v
15 17 h
15 20 h
15 22 h
15 23 v
15 24 h
15 26 v
15 27 v
15 28 v
15 30 h
15 31 h
15 37 h
15 41 h
15 42 h
15 44 h
15 47 h
15 49 h
15 50 v
15 52 h
15 54 h
15 55 v
15 58 h
15 62 h
15 64 h
15 69 v
15 71 h
15 77 h
15 78 h
15 80 h
15 82 h
15 86 v
15 90 h
15 91 h
15 97 h
15 98 v
15 99 v
16 2 v
16 3 v
16 4 h
16 5 v
16 6 v
16 7 v
16 10 h
16 11 h
16 12 h
16 16 v
16 18 h
16 19 v
16 20 h
16 26 v
16 34 v
16 36 h
16 37 h
16 38 v
16 43 v
16 44 h
16 45 v
16 47 h
16 48 v
16 49 v
16 50 v
16 51 h
16 54 h
16 55 v
16 56 v
16 59 h
16 65 v
16 66 v
16 72 h
16 75 h
16 76 v
16 77 v
16 78 v
16 83 h
16 84 h
16 86 v
16 87 v
16 94 v
16 95 v
16 100 v
17 2 v
17 3 v
17 7 v
17 8 v
17 10 v
17 16 v
17 19 v
17 21 v
17 22 v
17 23 v
17 25 v
17 28 v
17 29 v
17 30 v
17 35 v
17 39 v
17 40 v
17 43 v
17 48 v
17 49 v
17 50 v
17 54 v
17 56 h
17 57 v
17 62 h
17 65 v
17 67 v
17 69 v
17 73 v
17 77 v
17 82 h
17 84 v
17 86 v
17 88 v
17 92 v
17 93 v
17 94 v
17 95 h
17 96 v
17 97 v
17 98 v
17 99 v
18 1 v
18 2 v
18 3 v
18 7 v
18 9 v
18 13 h
18 14 h
18 16 v
18 18 h
18 19 v
18 20 h
18 21 v
18 23 v
18 27 v
18 30 h
18 31 v
18 32 v
18 34 v
18 38 v
18 39 h
18 42 v
18 46 v
18 47 v
18 48 v
18 50 v
18 54 h
18 55 v
18 56 h
18 57 v
18 58 h
18 59 h
18 61 v
18 62 h
18 63 h
18 64 h
18 71 v
18 72 h
18 74 v
18 75 h
18 76 v
18 79 h
18 80 h
18 81 v
18 83 h
18 85 h
18 86 v
18 88 v
18 93 v
18 96 h
18 97 h
18 99 v
19 1 v
19 2 v
19 6 v
19 9 v
19 10 v
19 13 h
19 15 h
19 19 h
19 21 v
19 23 v
19 25 v
19 28 v
19 33 h
19 34 v
19 35 v
19 37 v
19 41 h
19 46 h
19 50 v
19 52 h
19 58 v
19 60 v
19 61 v
19 63 v
19 65 v
19 66 v
19 69 v
19 72 h
19 73 h
19 75 v
19 82 v
19 83 h
19 84 h
19 86 v
19 87 v
19 88 v
19 92 v
19 93 v
19 95 v
19 96 v
19 97 h
19 99 h
20 2 h
20 5 v
20 6 v
20 9 h
20 11 h
20 12 h
20 18 h
20 19 h
20 22 v
20 26 v
20 27 v
20 28 v
20 29 v
20 32 v
20 37 h
20 38 h
20 39 h
20 41 h
20 42 h
20 46 h
20 47 h
20 49 h
20 52 h
20 53 h
20 56 h
20 57 v
20 58 h
20 61 h
20 64 v
20 68 h
20 73 h
20 77 h
20 78 h
20 80 h
20 83 h
20 85 h
20 86 v
20 89 h
20 93 v
20 99 v
21 3 h
21 4 h
21 5 h
21 6 h
21 10 h
21 14 h
21 17 h
21 20 h
21 21 h
21 23 h
21 25 h
21 26 v
21 27 v
21 28 v
21 29 h
21 30 h
21 32 v
21 33 h
21 39 h
21 40 v
21 46 h
21 48 v
21 49 v
21 50 h
21 51 h
21 55 h
21 56 h
21 58 h
21 60 h
21 61 h
21 62 h
21 63 h
21 64 h
21 67 v
21 68 h
21 70 h
21 71 v
21 75 h
21 76 h
21 77 h
21 78 h
21 79 h
21 80 h
21 84 h
21 85 h
21 86 h
21 87 h
21 88 h
21 89 h
21 91 h
21 92 h
21 95 h
21 98 v
22 4 h
22 10 h
22 17 h
22 18 h
22 19 h
22 22 h
22 23 v
22 24 v
22 25 v
22 29 v
22 30 v
22 33 v
22 35 v
22 38 v
22 39 h
22 42 h
22 49 v
22 50 v
22 51 h
22 52 h
22 58 h
22 61 h
22 62 h
22 63 v
22 68 v
22 69 v
22 70 h
22 72 v
22 73 v
22 74 v
22 75 v
22 76 h
22 77 v
22 78 h
22 79 h
22 80 v
22 85 h
22 86 v
22 89 v
22 90 h
22 91 v
22 93 v
22 94 v
22 98 v
22 99 v
22 100 v
23 1 h
23 3 v
23 4 v
23 7 v
23 9 v
23 16 h
23 19 v
23 21 h
23 22 v
23 23 v
23 24 h
23 25 v
23 26 v
23 29 v
23 30 h
23 32 v
23 35 v
23 36 h
23 37 h
23 39 h
23 41 h
23 46 v
23 50 v
23 55 v
23 59 h
23 63 h
23 64 v
23 66 v
23 71 v
23 77 v
23 78 v
23 79 h
23 81 v
23 82 h
23 83 h
23 85 h
23 86 v
23 87 v
23 90 h
23 92 v
23 93 v
23 94 v
23 97 h
24 1 v
24 2 h
24 3 v
24 9 h
24 12 h
24 14 h
24 15 h
24 16 h
24 17 h
24 18 h
24 19 h
24 21 v
24 25 v
24 28 v
24 29 v
24 33 h
24 35 h
24 38 v
24 39 h
24 40 v
24 41 h
24 42 h
24 44 h
24 47 h
24 48 v
24 50 v
24 53 v
24 54 h
24 55 v
24 57 h
24 60 h
24 62 h
24 63 v
24 64 h
24 65 h
24 66 v
24 68 h
24 71 h
24 72 h
24 74 h
24 77 h
24 79 h
24 80 h
24 81 v
24 82 v
24 84 h
24 85 h
24 87 v
24 89 v
24 92 v
24 93 h
24 94 v
24 95 v
24 96 v
25 2 v
25 3 v
25 4 v
25 6 v
25 7 v
25 8 v
25 9 v
25 10 h
25 13 h
25 15 h
25 16 v
25 18 h
25 20 v
25 23 v
25 26 v
25 27 v
25 29 v
25 31 v
25 34 v
25 35 h
25 37 h
25 38 v
25 39 v
25 40 v
25 45 v
25 46 h
25 48 v
25 55 v
25 58 h
25 59 v
25 61 v
25 62 v
25 63 h
25 64 h
25 66 v
25 67 v
25 69 v
25 71 v
25 72 h
25 73 v
25 76 h
25 77 v
25 81 v
25 82 v
25 83 h
25 85 v
25 86 v
25 88 v
25 92 v
25 93 v
25 97 h
25 98 v
25 100 v
26 1 v
26 3 v
26 5 v
26 6 v
26 7 v
26 11 h
26 13 h
26 15 v
26 16 v
26 17 h
26 21 v
26 22 v
26 23 v
26 25 v
26 26 v
26 29 v
26 31 v
26 32 v
26 34 v
26 37 v
26 39 h
26 43 v
26 44 v
26 46 v
26 49 v
26 50 v
26 53 v
26 55 v
26 57 v
26 58 v
26 60 v
26 62 h
26 63 v
26 66 v
26 67 v
26 68 v
26 69 v
26 70 h
26 71 v
26 73 v
26 78 v
26 79 h
26 81 v
26 83 h
26 84 v
26 87 v
26 91 v
26 92 v
26 93 v
26 94 v
26 95 v
26 97 h
26 98 v
27 1 v
27 3 h
27 4 h
27 7 v
27 8 h
27 9 h
27 11 h
27 12 h
27 13 h
27 15 h
27 16 h
27 19 h
27 20 h
27 21 v
27 23 h
27 25 h
27 27 h
27 30 h
27 32 h
27 33 h
27 34 h
27 35 h
27 36 h
27 37 h
27 38 v
27 40 v
27 42 h
27 44 h
27 45 h
27 46 h
27 48 v
27 49 h
27 52 h
27 55 v
27 57 h
27 62 h
27 63 h
27 64 h
27 65 v
27 67 h
27 68 h
27 74 h
27 75 h
27 76 v
27 77 h
27 82 h
27 83 h
27 84 h
27 85 h
27 89 h
27 90 h
27 92 v
27 94 v
27 97 h
27 99 v
27 100 v
28 2 h
28 4 h
28 5 v
28 6 h
28 7 h
28 8 h
28 9 v
28 12 h
28 13 h
28 14 h
28 15 h
28 16 h
28 18 h
28 19 h
28 21 v
28 22 h
28 23 h
28 25 h
28 26 h
28 28 v
28 30 h
28 31 v
28 32 v
28 33 h
28 34 h
28 35 h
28 39 v
28 40 h
28 41 h
28 42 h
28 43 h
28 44 h
28 45 h
28 46 h
28 49 h
28 50 h
28 51 h
28 58 h
28 59 h
28 60 h
28 61 h
28 62 h
28 67 h
28 70 h
28 72 h
28 75 h
28 78 h
28 80 h
28 82 h
28 83 h
28 84 h
28 87 h
28 88 v
28 89 v
28 90 h
28 91 v
28 94 h
28 95 h
28 97 h
28 98 h
28 99 v
28 100 v
29 1 v
29 2 v
29 3 v
29 6 v
29 7 v
29 10 h
29 12 h
29 14 h
29 16 v
29 17 h
29 20 h
29 22 h
29 24 h
29 28 v
29 30 v
29 32 v
29 34 v
29 36 h
29 37 h
29 40 v
29 41 h
29 43 v
29 44 h
29 47 v
29 52 h
29 53 v
29 54 h
29 56 h
29 58 v
29 61 v
29 62 h
29 63 h
29 64 v
29 65 v
29 68 v
29 69 v
29 70 h
29 71 h
29 75 v
29 79 v
29 80 h
29 82 v
29 83 h
29 84 v
29 85 v
29 86 v
29 88 v
29 90 v
29 95 h
29 96 v
30 2 v
30 4 v
30 5 v
30 7 v
30 9 v
30 12 h
30 13 v
30 18 h
30 21 v
30 22 v
30 25 v
30 26 v
30 27 v
30 28 v
30 29 v
30 32 v
30 34 v
30 36 v
30 38 v
30 39 v
30 40 v
30 41 v
30 43 v
30 46 v
30 47 v
30 54 v
30 55 v
30 56 v
30 59 v
30 66 v
30 67 v
30 68 v
30 69 v
30 72 v
30 73 v
30 79 v
30 81 v
30 82 v
30 84 v
30 85 v
30 86 v
30 87 v
30 88 v
30 93 v
30 95 v
30 96 v
30 97 v
30 98 v
30 99 v
31 2 v
31 6 h
31 9 h
31 10 h
31 13 h
31 14 h
31 16 v
31 17 h
31 18 h
31 19 h
31 20 h
31 22 h
31 25 v
31 27 h
31 29 h
31 30 v
31 31 h
31 32 v
31 34 v
31 35 h
31 37 h
31 42 h
31 43 v
31 44 h
31 46 h
31 47 h
31 49 v
31 53 h
31 54 h
31 55 v
31 56 h
31 57 v
31 60 h
31 61 h
31 62 h
31 63 h
31 64 v
31 65 v
31 67 v
31 69 v
31 72 h
31 73 h
31 76 h
31 78 h
31 79 h
31 80 h
31 84 v
31 86 v
31 88 h
31 91 h
31 93 v
31 94 v
31 97 h
31 98 v
31 99 h
31 100 v
32 1 v
32 4 v
32 5 v
32 6 v
32 9 v
32 10 v
32 12 v
32 13 h
32 14 h
32 18 h
32 19 v
32 21 v
32 25 v
32 26 v
32 29 h
32 31 v
32 33 v
32 36 h
32 39 h
32 40 v
32 41 h
32 43 v
32 45 v
32 46 v
32 48 v
32 49 h
32 50 v
32 51 v
32 56 v
32 58 v
32 59 v
32 61 v
32 69 v
32 70 v
32 73 h
32 75 v
32 77 v
32 78 h
32 79 v
32 80 v
32 85 v
32 86 v
32 87 v
32 90 h
32 92 v
32 94 v
32 96 v
32 98 v
33 1 v
33 3 v
33 4 h
33 5 h
33 6 h
33 8 h
33 9 h
33 11 h
33 12 h
33 13 h
33 14 h
33 17 h
33 18 h
33 19 h
33 23 v
33 24 h
33 25 v
33 26 h
33 27 h
33 28 v
33 29 v
33 34 v
33 35 h
33 37 h
33 39 h
33 41 h
33 43 v
33 44 h
33 45 v
33 49 v
33 50 v
33 51 h
33 52 h
33 55 h
33 57 h
33 58 h
33 59 v
33 60 h
33 63 h
33 65 h
33 67 h
33 68 h
33 69 h
33 71 h
33 74 h
33 75 h
33 76 h
33 78 h
33 81 v
33 82 h
33 85 h
33 87 v
33 88 h
33 90 h
33 91 h
33 94 v
33 100 v
34 2 v
34 4 h
34 5 v
34 8 v
34 12 h
34 13 h
34 14 h
34 17 h
34 22 v
34 26 v
34 29 v
34 33 h
34 34 v
34 35 h
34 36 h
34 38 v
34 39 h
34 40 v
34 41 h
34 42 h
34 47 v
34 49 v
34 50 v
34 53 h
34 55 v
34 56 h
34 57 h
34 58 h
34 67 v
34 70 h
34 74 v
34 75 h
34 76 h
34 77 h
34 78 h
34 80 h
34 81 h
34 82 v
34 86 v
34 88 v
34 89 v
34 93 v
34 96 h
34 98 v
35 1 v
35 2 h
35 3 h
35 4 h
35 5 v
35 6 h
35 7 v
35 8 h
35 11 h
35 12 h
35 15 h
35 16 v
35 17 h
35 20 h
35 23 v
35 26 v
35 27 h
35 28 v
35 29 h
35 32 v
35 33 h
35 37 h
35 38 v
35 41 h
35 42 h
35 43 h
35 44 h
35 45 v
35 48 v
35 50 v
35 52 h
35 53 h
35 54 h
35 55 v
35 56 h
35 58 h
35 59 v
35 60 h
35 61 h
35 63 h
35 66 v
35 67 v
35 69 v
35 70 h
35 72 h
35 74 h
35 75 v
35 76 h
35 77 v
35 79 h
35 80 h
35 82 v
35 85 h
35 87 h
35 90 h
35 91 h
35 93 h
35 94 v
35 96 h
35 97 h
35 98 h
35 99 v
36 2 v
36 3 v
36 5 v
36 6 h
36 8 v
36 19 v
36 20 h
36 21 v
36 23 v
36 24 h
36 25 v
36 26 v
36 27 v
36 33 v
36 34 v
36 38 v
36 39 h
36 40 v
36 44 h
36 45 v
36 46 v
36 48 v
36 49 v
36 51 v
36 52 h
36 53 v
36 54 v
36 55 v
36 57 h
36 59 v
36 63 v
36 64 h
36 65 v
36 67 h
36 69 v
36 75 v
36 76 v
36 77 v
36 78 v
36 79 h
36 81 h
36 87 v
36 89 v
36 90 v
36 93 v
36 94 v
36 95 v
36 96 v
37 1 h
37 6 h
37 7 h
37 8 h
37 9 h
37 10 h
37 12 h
37 13 h
37 16 v
37 17 h
37 21 v
37 22 h
37 24 h
37 25 v
37 28 v
37 30 h
37 32 v
37 34 v
37 35 h
37 36 h
37 38 h
37 39 h
37 40 h
37 41 h
37 42 h
37 43 v
37 45 v
37 46 h
37 48 v
37 49 h
37 53 v
37 54 v
37 55 v
37 62 h
37 63 h
37 65 v
37 67 h
37 68 h
37 71 v
37 72 h
37 73 h
37 74 v
37 76 h
37 77 v
37 78 h
37 79 h
37 83 h
37 88 v
37 93 h
37 99 v
37 100 v
38 2 v
38 6 v
38 8 v
38 9 v
38 10 v
38 11 h
38 12 h
38 14 h
38 16 v
38 17 v
38 18 h
38 19 v
38 21 v
38 25 v
38 26 v
38 27 v
38 29 v
38 31 v
38 33 v
38 34 v
38 36 v
38 37 v
38 38 v
38 39 v
38 40 v
38 41 h
38 46 v
38 53 v
38 61 v
38 65 v
38 66 v
38 69 v
38 70 v
38 73 v
38 77 v
38 79 v
38 82 v
38 84 v
38 85 v
38 87 v
38 88 v
38 89 v
38 91 h
38 92 v
38 93 v
38 95 v
38 96 v
38 97 v
38 98 v
38 99 v
38 100 v
39 1 v
39 3 v
39 5 v
39 6 v
39 8 v
39 10 v
39 13 h
39 19 v
39 22 v
39 26 v
39 27 v
39 28 v
39 30 v
39 31 v
39 32 v
39 34 v
39 35 v
39 38 v
39 40 v
39 43 v
39 44 v
39 46 v
39 47 v
39 51 v
39 56 v
39 59 v
39 60 v
39 61 v
39 64 v
39 66 v
39 67 v
39 68 v
39 69 v
39 72 h
39 73 v
39 74 v
39 75 v
39 76 v
39 78 v
39 79 v
39 84 v
39 85 v
39 88 v
39 91 v
39 93 v
39 94 v
39 95 v
39 96 v
40 1 h
40 2 v
40 3 v
40 4 h
40 5 v
40 9 v
40 10 h
40 14 h
40 15 h
40 16 v
40 19 h
40 20 h
40 21 v
40 25 v
40 27 v
40 31 v
40 32 h
40 34 h
40 37 h
40 39 h
40 44 h
40 45 v
40 48 v
40 49 v
40 50 v
40 51 h
40 52 h
40 53 v
40 55 v
40 56 h
40 60 h
40 61 v
40 62 h
40 64 h
40 66 v
40 67 v
40 69 v
40 70 h
40 71 v
40 73 h
40 74 v
40 75 v
40 77 h
40 78 h
40 81 h
40 82 v
40 84 v
40 87 h
40 88 v
40 91 v
40 92 h
40 93 v
40 94 v
40 97 v
40 99 v
40 100 v
41 1 v
41 4 h
41 5 h
41 7 v
41 8 v
41 9 h
41 10 h
41 11 h
41 13 h
41 14 h
41 18 h
41 20 h
41 21 v
41 22 h
41 25 v
41 27 h
41 28 v
41 31 v
41 33 h
41 34 h
41 35 h
41 36 h
41 39 h
41 40 h
41 42 h
41 44 h
41 45 v
41 46 h
41 47 h
41 51 h
41 53 h
41 55 h
41 58 h
41 60 h
41 61 h
41 64 h
41 65 h
41 66 v
41 67 v
41 68 h
41 69 v
41 70 h
41 71 h
41 72 h
41 73 h
41 74 h
41 75 h
41 78 h
41 80 h
41 84 h
41 85 h
41 88 h
41 89 h
41 90 h
41 92 h
41 93 v
41 95 h
41 99 h
42 2 v
42 3 v
42 4 v
42 5 v
42 6 v
42 7 v
42 10 v
42 11 v
42 12 v
42 13 h
42 16 v
42 17 v
42 18 h
42 19 v
42 20 v
42 25 v
42 26 v
42 27 v
42 28 v
42 29 v
42 31 v
42 33 v
42 36 h
42 42 v
42 43 v
42 45 v
42 51 v
42 53 v
42 54 v
42 55 v
42 59 v
42 60 h
42 64 v
42 67 v
42 68 v
42 70 v
42 71 v
42 74 v
42 75 v
42 77 v
42 78 v
42 79 v
42 80 v
42 83 h
42 86 v
42 87 v
42 88 v
42 89 v
42 90 v
42 93 v
42 94 v
42 96 v
42 97 v
42 100 v
43 1 v
43 5 v
43 6 h
43 7 v
43 11 h
43 12 h
43 14 h
43 17 h
43 21 v
43 23 v
43 24 h
43 28 v
43 29 v
43 32 v
43 33 h
43 35 h
43 36 h
43 39 v
43 40 v
43 42 h
43 44 h
43 46 h
43 47 v
43 49 v
43 55 v
43 57 v
43 59 h
43 60 h
43 63 h
43 68 h
43 69 v
43 70 h
43 72 h
43 73 v
43 75 v
43 77 h
43 79 h
43 80 h
43 81 v
43 82 v
43 86 v
43 88 v
43 92 v
43 94 v
43 96 h
43 97 v
43 98 v
43 99 h
43 100 v
44 3 v
44 5 h
44 7 v
44 9 h
44 11 h
44 12 h
44 15 h
44 16 h
44 17 h
44 20 h
44 21 h
44 23 h
44 27 h
44 29 v
44 31 v
44 32 h
44 38 h
44 40 h
44 42 h
44 43 h
44 44 h
44 45 h
44 47 h
44 48 h
44 49 v
44 51 h
44 53 h
44 54 h
44 57 h
44 58 h
44 59 h
44 60 h
44 61 h
44 62 h
44 64 h
44 65 v
44 68 h
44 70 h
44 73 h
44 77 v
44 80 h
44 81 h
44 86 v
44 89 h
44 90 h
44 92 v
44 93 h
44 97 h
44 100 v
45 1 v
45 2 v
45 4 h
45 5 v
45 8 h
45 9 h
45 10 h
45 11 h
45 12 h
45 13 h
45 21 v
45 24 h
45 26 v
45 28 v
45 30 v
45 31 v
45 32 v
45 37 h
45 38 h
45 47 h
45 49 v
45 50 v
45 51 h
45 52 h
45 57 h
45 60 h
45 63 h
45 64 h
45 65 v
45 67 v
45 68 h
45 72 h
45 73 h
45 74 v
45 80 h
45 83 h
45 87 h
45 88 v
45 89 v
45 91 v
45 92 v
45 93 h
45 94 v
45 95 v
45 96 h
45 97 h
45 98 v
45 100 v
46 3 v
46 7 v
46 9 h
46 10 h
46 14 h
46 15 h
46 16 h
46 20 h
46 22 h
46 23 v
46 33 h
46 34 h
46 35 h
46 38 v
46 39 h
46 40 v
46 41 h
46 44 h
46 45 v
46 47 h
46 49 h
46 52 h
46 53 h
46 55 v
46 56 h
46 58 h
46 61 h
46 64 h
46 66 v
46 68 h
46 70 h
46 71 v
46 72 h
46 74 h
46 76 h
46 77 h
46 79 h
46 81 h
46 84 h
46 86 h
46 88 h
46 90 h
46 92 h
46 93 v
46 94 v
46 97 h
46 98 v
47 2 v
47 3 v
47 4 h
47 6 h
47 7 v
47 8 h
47 9 v
47 12 h
47 13 h
47 14 h
47 16 v
47 17 h
47 18 h
47 19 h
47 21 v
47 23 v
47 24 h
47 25 v
47 26 v
47 27 v
47 28 v
47 30 h
47 31 h
47 33 h
47 36 h
47 39 v
47 40 v
47 41 h
47 42 v
47 46 v
47 48 v
47 52 h
47 53 h
47 54 h
47 55 v
47 58 h
47 59 v
47 64 h
47 65 v
47 66 v
47 67 v
47 69 h
47 71 v
47 75 v
47 78 h
47 81 h
47 84 h
47 85 h
47 86 h
47 87 h
47 88 v
47 89 v
47 90 h
47 92 v
47 94 v
47 96 v
47 100 v
48 2 v
48 3 v
48 4 h
48 5 v
48 8 v
48 11 h
48 14 h
48 15 v
48 19 v
48 22 v
48 26 v
48 28 v
48 29 v
48 32 v
48 33 h
48 35 v
48 36 h
48 40 v
48 41 h
48 46 h
48 47 v
48 50 v
48 51 h
48 52 h
48 55 v
48 58 v
48 59 v
48 60 v
48 63 v
48 64 v
48 66 v
48 67 v
48 68 h
48 69 v
48 72 h
48 73 v
48 74 h
48 75 v
48 79 v
48 80 h
48 82 h
48 83 h
48 84 v
48 85 h
48 86 v
48 89 v
48 90 v
48 94 v
48 95 v
48 98 v
48 99 v
49 3 v
49 4 h
49 5 v
49 6 h
49 8 h
49 10 h
49 12 h
49 13 h
49 16 v
49 18 h
49 23 v
49 27 v
49 33 h
49 36 h
49 38 v
49 39 h
49 40 v
49 41 h
49 42 h
49 44 h
49 46 h
49 48 v
49 49 v
49 51 h
49 52 h
49 54 h
49 55 v
49 57 h
49 58 h
49 59 h
49 60 h
49 61 h
49 64 h
49 65 h
49 67 h
49 68 h
49 69 v
49 72 h
49 75 h
49 76 h
49 78 h
49 80 h
49 82 v
49 84 h
49 85 h
49 87 h
49 89 v
49 92 h
49 93 h
49 95 h
49 96 h
49 97 h
49 99 v
50 3 v
50 4 h
50 6 h
50 8 h
50 9 h
50 12 h
50 15 h
50 20 h
50 21 v
50 28 v
50 31 h
50 35 h
50 36 h
50 37 h
50 40 v
50 41 h
50 42 v
50 45 v
50 46 v
50 48 v
50 52 h
50 55 v
50 58 v
50 61 v
50 63 h
50 64 h
50 65 v
50 67 h
50 69 v
50 71 v
50 73 h
50 76 h
50 79 v
50 80 v
50 81 v
50 93 h
50 99 v
51 1 h
51 5 h
51 6 h
51 9 h
51 10 h
51 11 h
51 12 h
51 15 h
51 16 h
51 17 h
51 20 h
51 22 h
51 23 h
51 25 h
51 26 h
51 27 h
51 28 v
51 30 h
51 31 h
51 43 h
51 45 v
51 46 h
51 47 h
51 49 h
51 50 h
51 51 h
51 52 h
51 54 h
51 60 h
51 61 h
51 62 h
51 63 h
51 64 h
51 66 v
51 68 h
51 72 h
51 73 h
51 74 h
51 75 h
51 78 h
51 79 h
51 80 h
51 81 h
51 84 h
51 85 h
51 86 h
51 87 h
51 90 h
51 91 h
51 94 h
51 96 h
51 98 h
51 99 h
52 3 h
52 5 h
52 6 h
52 7 h
52 8 h
52 9 h
52 12 h
52 13 h
52 15 h
52 16 v
52 17 h
52 18 h
52 22 h
52 23 v
52 24 h
52 26 h
52 29 v
52 30 h
52 32 v
52 34 v
52 35 h
52 36 h
52 37 h
52 40 v
52 41 h
52 43 h
52 44 h
52 45 h
52 47 h
52 48 v
52 50 h
52 51 h
52 53 v
52 54 h
52 55 v
52 56 h
52 61 h
52 62 h
52 63 h
52 64 h
52 65 v
52 66 v
52 68 h
52 69 v
52 70 h
52 73 h
52 75 h
52 76 h
52 78 h
52 79 h
52 82 v
52 83 h
52 84 h
52 86 h
52 87 h
52 89 v
52 91 h
52 93 h
52 96 h
52 98 v
53 1 h
53 5 h
53 6 h
53 7 v
53 9 v
53 11 h
53 14 h
53 15 h
53 21 h
53 24 h
53 26 v
53 27 v
53 28 v
53 30 h
53 32 v
53 33 h
53 35 h
53 36 h
53 37 h
53 38 v
53 40 v
53 43 h
53 47 h
53 48 v
53 52 h
53 53 v
53 54 h
53 55 v
53 56 h
53 57 h
53 58 h
53 61 h
53 63 h
53 64 h
53 67 h
53 71 h
53 72 h
53 73 h
53 74 v
53 75 h
53 76 h
53 77 v
53 79 h
53 81 h
53 82 v
53 83 h
53 85 h
53 86 v
53 87 h
53 88 h
53 92 v
53 97 h
53 99 h
53 100 v
54 3 h
54 4 h
54 5 v
54 6 h
54 7 v
54 8 h
54 9 h
54 11 h
54 13 h
54 15 h
54 16 h
54 17 h
54 19 h
54 20 h
54 21 v
54 22 h
54 23 v
54 25 v
54 26 h
54 29 h
54 31 h
54 32 v
54 34 h
54 35 h
54 37 h
54 41 h
54 43 h
54 44 h
54 45 h
54 46 h
54 50 v
54 51 h
54 52 h
54 53 h
54 54 h
54 56 h
54 58 h
54 59 h
54 60 h
54 64 h
54 66 h
54 67 v
54 68 h
54 69 h
54 70 h
54 72 h
54 73 h
54 74 h
54 75 v
54 83 h
54 84 h
54 85 h
54 86 h
54 89 v
54 90 h
54 93 h
54 94 h
54 96 h
54 98 v
54 99 h
55 1 v
55 2 v
55 3 v
55 4 h
55 5 v
55 7 h
55 8 h
55 9 v
55 14 h
55 16 v
55 18 h
55 19 h
55 21 h
55 25 v
55 30 h
55 35 h
55 36 h
55 37 h
55 38 v
55 39 h
55 40 v
55 42 v
55 43 v
55 45 h
55 46 h
55 47 h
55 55 h
55 58 h
55 62 h
55 64 h
55 66 v
55 68 h
55 69 v
55 72 h
55 75 h
55 78 h
55 79 h
55 80 h
55 81 v
55 83 h
55 84 h
55 85 h
55 86 v
55 90 h
55 91 h
55 93 v
55 94 v
55 95 h
55 97 h
55 100 v
56 2 v
56 3 v
56 6 h
56 7 v
56 9 h
56 11 h
56 16 h
56 18 h
56 19 h
56 20 h
56 21 h
56 25 v
56 28 v
56 29 h
56 30 h
56 33 h
56 34 v
56 36 h
56 39 h
56 42 h
56 49 v
56 51 h
56 58 h
56 62 h
56 63 h
56 64 h
56 68 h
56 72 h
56 73 h
56 74 h
56 78 h
56 82 h
56 83 h
56 84 h
56 85 h
56 86 v
56 87 h
56 88 v
56 89 h
56 91 h
56 93 h
56 94 h
56 95 h
56 97 h
56 98 v
56 99 v
56 100 v
57 1 v
57 2 v
57 5 v
57 6 v
57 7 v
57 8 v
57 14 h
57 17 h
57 21 v
57 24 v
57 25 v
57 26 v
57 29 v
57 31 v
57 32 v
57 34 v
57 40 v
57 43 v
57 44 v
57 45 v
57 46 v
57 47 v
57 49 v
57 50 v
57 53 v
57 54 v
57 56 v
57 57 v
57 64 v
57 67 v
57 69 v
57 70 v
57 74 v
57 76 h
57 78 v
57 79 v
57 80 v
57 83 h
57 85 v
57 86 v
57 87 v
57 88 v
57 89 v
57 90 h
57 92 v
57 93 v
57 94 v
57 95 v
57 98 v
57 99 v
57 100 v
58 2 v
58 3 v
58 5 v
58 7 v
58 8 h
58 9 h
58 12 h
58 13 h
58 14 h
58 16 h
58 19 v
58 21 v
58 22 h
58 23 v
58 26 v
58 27 v
58 29 h
58 30 h
58 31 v
58 32 v
58 33 h
58 36 h
58 38 h
58 39 h
58 41 h
58 43 h
58 44 h
58 46 h
58 47 h
58 48 v
58 49 v
58 50 v
58 54 h
58 56 h
58 59 h
58 61 h
58 62 h
58 64 h
58 67 v
58 71 h
58 72 h
58 73 v
58 74 h
58 75 v
58 80 h
58 81 v
58 82 h
58 83 h
58 84 h
58 85 h
58 87 h
58 88 v
58 89 v
58 90 h
58 92 h
58 95 h
58 96 h
58 97 h
58 98 v
58 99 v
59 2 v
59 4 h
59 5 v
59 11 h
59 12 h
59 14 h
59 16 v
59 19 h
59 21 v
59 23 v
59 24 h
59 26 v
59 34 v
59 36 h
59 38 h
59 41 h
59 44 h
59 45 v
59 46 h
59 47 h
59 49 h
59 50 v
59 52 h
59 53 v
59 60 h
59 67 v
59 69 v
59 70 h
59 71 h
59 73 h
59 74 v
59 75 h
59 77 v
59 79 h
59 80 h
59 81 h
59 84 h
59 86 v
59 91 v
59 94 v
59 95 v
59 100 v
60 1 v
60 3 v
60 5 v
60 6 v
60 7 v
60 9 h
60 10 v
60 12 v
60 16 v
60 17 v
60 19 v
60 20 h
60 22 v
60 23 v
60 25 v
60 27 v
60 28 v
60 29 v
60 31 v
60 32 v
60 33 v
60 34 v
60 36 h
60 40 v
60 43 v
60 47 v
60 50 v
60 51 h
60 55 v
60 56 v
60 59 v
60 67 v
60 71 v
60 79 v
60 81 v
60 84 v
60 85 v
60 87 v
60 88 v
60 89 v
60 90 v
60 93 v
60 94 v
60 95 v
60 96 v
60 97 v
60 98 v
60 99 v
60 100 v
61 2 v
61 3 v
61 7 h
61 10 h
61 11 h
61 12 h
61 16 v
61 18 h
61 21 v
61 22 v
61 24 h
61 26 v
61 29 v
61 30 h
61 31 v
61 34 v
61 38 v
61 39 v
61 40 v
61 41 h
61 44 h
61 46 h
61 47 v
61 49 v
61 52 h
61 54 v
61 55 v
61 60 h
61 63 h
61 64 v
61 65 v
61 66 v
61 68 h
61 69 v
61 70 h
61 73 h
61 74 v
61 77 v
61 82 v
61 84 v
61 85 h
61 86 v
61 89 v
61 96 v
61 97 h
61 99 h
61 100 v
62 3 v
62 4 v
62 5 v
62 7 v
62 9 v
62 10 h
62 11 h
62 13 h
62 14 h
62 15 v
62 16 v
62 17 h
62 20 h
62 21 v
62 22 v
62 24 h
62 26 v
62 29 v
62 30 h
62 31 v
62 32 v
62 33 h
62 34 v
62 36 h
62 37 h
62 38 v
62 39 v
62 40 v
62 42 v
62 45 v
62 46 h
62 47 v
62 48 v
62 52 h
62 53 v
62 54 v
62 55 v
62 60 h
62 61 v
62 65 v
62 69 v
62 71 h
62 73 v
62 74 v
62 75 v
62 77 v
62 80 h
62 84 v
62 85 h
62 86 v
62 87 v
62 88 v
62 91 v
62 94 v
62 95 v
62 97 h
62 98 v
62 99 v
62 100 v
63 2 v
63 3 v
63 4 v
63 5 v
63 6 v
63 10 h
63 12 h
63 15 h
63 18 h
63 23 v
63 24 h
63 25 v
63 27 v
63 28 v
63 29 v
63 30 v
63 31 v
63 32 v
63 33 v
63 34 v
63 35 v
63 36 h
63 38 v
63 41 h
63 44 h
63 45 v
63 47 v
63 49 v
63 50 v
63 52 h
63 53 v
63 60 h
63 62 h
63 63 v
63 64 h
63 65 v
63 70 h
63 72 h
63 73 v
63 74 h
63 78 h
63 80 v
63 81 v
63 82 v
63 84 v
63 85 h
63 86 v
63 88 v
63 89 v
63 95 v
63 97 h
63 98 v
63 99 v
63 100 v
64 1 v
64 3 v
64 4 h
64 5 h
64 6 h
64 7 h
64 8 h
64 9 h
64 10 h
64 15 h
64 16 h
64 17 h
64 18 h
64 19 h
64 21 h
64 22 h
64 25 h
64 29 h
64 32 v
64 33 h
64 36 h
64 39 h
64 40 h
64 43 h
64 48 v
64 50 v
64 51 h
64 52 h
64 55 h
64 56 h
64 57 h
64 58 h
64 61 h
64 62 h
64 64 h
64 65 h
64 67 h
64 69 h
64 72 h
64 73 h
64 79 h
64 81 h
64 82 h
64 85 h
64 86 h
64 87 h
64 91 h
64 92 h
64 93 h
64 97 h
65 2 h
65 5 h
65 8 h
65 9 h
65 13 h
65 14 h
65 15 h
65 19 h
65 20 h
65 22 h
65 26 h
65 27 h
65 30 h
65 31 v
65 35 h
65 37 h
65 39 v
65 41 h
65 45 h
65 54 h
65 58 h
65 60 h
65 65 v
65 66 v
65 70 h
65 71 h
65 74 h
65 75 h
65 76 h
65 77 h
65 78 h
65 80 h
65 82 h
65 85 h
65 86 v
65 88 h
65 91 h
65 92 h
65 93 v
65 94 v
65 95 h
65 97 h
65 98 h
65 99 h
65 100 v
66 2 v
66 4 v
66 5 h
66 7 v
66 8 v
66 9 v
66 10 h
66 14 h
66 16 v
66 19 v
66 20 h
66 21 v
66 22 v
66 23 v
66 26 v
66 27 v
66 31 v
66 38 v
66 40 v
66 41 h
66 44 h
66 46 h
66 47 v
66 48 v
66 49 v
66 53 v
66 54 v
66 56 v
66 57 v
66 59 h
66 60 v
66 61 v
66 63 v
66 65 v
66 67 v
66 70 h
66 75 v
66 76 h
66 77 v
66 78 h
66 82 h
66 84 h
66 85 h
66 86 h
66 87 v
66 96 h
67 1 v
67 2 v
67 3 v
67 5 h
67 6 v
67 8 h
67 9 h
67 11 h
67 12 h
67 15 h
67 16 v
67 17 h
67 19 h
67 20 h
67 21 v
67 22 h
67 23 v
67 25 v
67 26 v
67 28 v
67 30 h
67 31 v
67 33 h
67 34 v
67 35 h
67 38 v
67 40 v
67 44 h
67 45 v
67 49 v
67 50 v
67 51 h
67 53 h
67 54 h
67 55 v
67 56 h
67 57 h
67 58 h
67 61 h
67 63 h
67 65 v
67 66 v
67 67 h
67 70 v
67 71 h
67 72 h
67 74 h
67 75 v
67 77 v
67 81 h
67 83 h
67 87 h
67 92 v
67 93 h
67 98 v
67 99 v
67 100 v
68 1 h
68 2 h
68 5 v
68 6 v
68 7 v
68 8 h
68 11 h
68 14 h
68 18 h
68 19 v
68 20 h
68 26 v
68 28 v
68 29 v
68 30 v
68 33 h
68 34 h
68 37 v
68 38 v
68 39 h
68 40 v
68 42 v
68 44 h
68 45 h
68 46 v
68 47 v
68 48 v
68 53 v
68 54 v
68 60 h
68 64 h
68 65 v
68 66 v
68 68 h
68 74 v
68 75 v
68 78 h
68 79 h
68 80 v
68 81 v
68 91 v
68 92 v
68 97 v
68 98 v
68 99 v
68 100 v
69 6 h
69 9 h
69 10 h
69 11 h
69 15 h
69 16 v
69 18 h
69 19 h
69 20 h
69 21 v
69 22 h
69 24 h
69 28 v
69 29 v
69 32 v
69 33 h
69 34 v
69 35 h
69 39 h
69 40 v
69 46 h
69 47 h
69 53 h
69 56 h
69 57 h
69 58 h
69 59 h
69 61 v
69 63 h
69 66 v
69 69 v
69 70 h
69 71 v
69 73 h
69 74 h
69 75 h
69 76 h
69 79 h
69 82 v
69 83 h
69 87 v
69 88 v
69 89 v
69 91 v
69 92 v
69 94 h
69 100 v
70 1 v
70 3 v
70 5 v
70 7 v
70 10 v
70 13 h
70 16 v
70 19 v
70 22 v
70 23 v
70 25 v
70 26 v
70 27 v
70 30 v
70 31 v
70 32 v
70 36 h
70 38 v
70 39 v
70 44 v
70 46 v
70 47 v
70 48 v
70 51 v
70 54 v
70 56 v
70 59 v
70 60 v
70 62 v
70 63 v
70 65 v
70 69 v
70 72 v
70 73 v
70 75 v
70 76 v
70 80 v
70 82 v
70 83 h
70 84 v
70 87 v
70 89 v
70 91 v
70 92 v
70 94 v
70 96 v
70 97 v
70 98 v
70 99 v
71 2 h
71 3 v
71 6 h
71 10 h
71 13 h
71 14 h
71 16 h
71 17 h
71 20 h
71 23 v
71 30 h
71 31 h
71 34 v
71 36 h
71 38 v
71 40 h
71 42 h
71 45 h
71 50 v
71 54 v
71 58 h
71 61 h
71 62 h
71 63 h
71 64 h
71 65 v
71 66 v
71 69 v
71 70 h
71 72 h
71 73 v
71 74 v
71 75 h
71 76 h
71 79 h
71 81 v
71 83 h
71 85 h
71 93 v
71 94 v
71 96 v
71 98 v
71 99 v
72 1 v
72 3 v
72 5 v
72 11 h
72 14 h
72 17 h
72 18 h
72 20 h
72 27 v
72 29 h
72 31 h
72 32 h
72 34 v
72 37 h
72 38 v
72 39 h
72 40 v
72 44 h
72 47 v
72 48 h
72 49 v
72 52 h
72 53 v
72 64 v
72 65 h
72 66 v
72 67 v
72 69 v
72 70 h
72 74 v
72 75 h
72 77 v
72 78 h
72 79 v
72 80 h
72 81 h
72 82 v
72 84 h
72 85 v
72 88 v
72 92 h
72 93 v
72 98 v
73 3 h
73 6 h
73 7 h
73 14 h
73 15 h
73 23 h
73 24 h
73 27 h
73 28 h
73 32 h
73 33 h
73 34 h
73 35 h
73 36 h
73 38 v
73 39 h
73 40 h
73 42 h
73 43 h
73 44 h
73 48 h
73 49 h
73 53 h
73 54 h
73 57 h
73 58 h
73 60 h
73 67 v
73 70 h
73 75 h
73 76 h
73 77 h
73 79 h
73 80 h
73 81 h
73 82 h
73 83 h
73 84 h
73 86 h
73 87 h
73 88 h
73 91 h
73 94 h
73 96 h
73 97 h
74 1 v
74 3 v
74 4 v
74 5 v
74 8 h
74 10 h
74 12 h
74 13 h
74 14 h
74 16 v
74 18 h
74 19 v
74 21 v
74 22 v
74 24 h
74 25 v
74 28 v
74 29 v
74 31 v
74 33 h
74 34 v
74 35 h
74 37 v
74 38 v
74 40 v
74 41 v
74 46 v
74 48 v
74 51 h
74 52 h
74 53 v
74 55 v
74 59 v
74 60 h
74 66 v
74 69 v
74 71 v
74 76 v
74 79 v
74 81 v
74 83 h
74 85 v
74 88 v
74 89 v
74 92 v
74 93 v
74 94 v
74 95 h
74 98 v
74 100 v
75 4 h
75 5 h
75 6 h
75 7 v
75 8 h
75 10 h
75 11 h
75 28 h
75 29 v
75 30 v
75 32 h
75 34 v
75 35 h
75 36 h
75 37 h
75 38 v
75 39 h
75 40 v
75 43 v
75 46 h
75 47 v
75 50 h
75 52 h
75 55 v
75 56 h
75 58 v
75 59 v
75 60 v
75 61 h
75 62 h
75 66 v
75 68 h
75 69 v
75 70 h
75 73 h
75 75 h
75 76 h
75 78 h
75 82 v
75 89 h
75 90 h
75 92 h
75 93 h
75 94 v
75 97 h
75 98 v
75 99 v
76 1 v
76 5 v
76 6 v
76 7 v
76 8 v
76 9 h
76 10 h
76 11 h
76 12 h
76 16 h
76 18 h
76 19 h
76 22 v
76 23 v
76 24 h
76 25 v
76 27 h
76 28 v
76 30 h
76 33 h
76 36 h
76 40 v
76 45 v
76 46 v
76 47 v
76 49 v
76 50 v
76 54 v
76 56 h
76 59 v
76 60 v
76 63 h
76 66 v
76 69 v
76 73 v
76 75 v
76 80 v
76 81 v
76 82 v
76 86 v
76 89 v
76 91 h
76 93 v
76 94 v
76 95 v
76 96 v
77 1 v
77 5 v
77 6 v
77 7 v
77 9 v
77 10 h
77 11 v
77 12 h
77 21 v
77 25 v
77 27 v
77 29 v
77 33 v
77 36 h
77 41 v
77 42 v
77 44 h
77 47 v
77 48 v
77 49 v
77 51 v
77 53 v
77 54 v
77 55 v
77 56 v
77 57 v
77 58 v
77 60 h
77 61 v
77 62 h
77 66 v
77 67 v
77 68 v
77 69 v
77 75 v
77 77 v
77 78 v
77 80 v
77 82 v
77 84 h
77 86 v
77 87 v
77 88 v
77 89 v
77 92 v
77 93 v
77 94 v
77 98 v
77 100 v
78 1 v
78 3 h
78 5 v
78 6 v
78 7 v
78 8 v
78 9 v
78 11 h
78 12 h
78 14 h
78 16 v
78 17 h
78 18 h
78 21 h
78 22 h
78 23 h
78 24 h
78 25 h
78 28 v
78 29 h
78 30 h
78 31 v
78 33 h
78 35 h
78 38 v
78 40 v
78 41 h
78 43 v
78 45 h
78 47 v
78 48 v
78 49 v
78 52 h
78 54 v
78 56 h
78 57 v
78 58 h
78 59 h
78 61 h
78 65 h
78 67 h
78 69 v
78 73 h
78 75 h
78 77 h
78 79 v
78 83 h
78 86 v
78 88 h
78 89 h
78 92 h
78 93 h
78 95 h
78 96 h
78 99 v
78 100 h
79 6 v
79 7 v
79 14 h
79 16 v
79 18 h
79 20 h
79 22 v
79 25 v
79 27 v
79 28 v
79 29 v
79 30 v
79 33 v
79 37 v
79 38 v
79 39 v
79 40 v
79 42 v
79 45 v
79 46 v
79 47 v
79 48 v
79 49 v
79 57 v
79 60 v
79 61 h
79 63 h
79 64 v
79 67 v
79 68 h
79 70 v
79 74 v
79 77 v
79 78 v
79 79 v
79 82 v
79 88 v
79 91 v
79 95 v
79 97 h
79 99 v
79 100 v
80 2 h
80 3 h
80 5 v
80 11 h
80 13 h
80 14 h
80 15 h
80 16 v
80 17 h
80 19 h
80 23 v
80 27 v
80 30 h
80 31 h
80 32 v
80 33 h
80 34 h
80 37 h
80 38 h
80 39 h
80 40 h
80 42 h
80 43 h
80 45 v
80 47 h
80 48 v
80 52 h
80 53 v
80 54 h
80 58 h
80 60 h
80 63 h
80 64 h
80 65 h
80 67 h
80 69 v
80 72 h
80 75 v
80 76 h
80 80 h
80 84 h
80 85 h
80 86 v
80 87 v
80 89 v
80 90 h
80 94 v
80 95 v
80 98 v
80 99 h
81 1 h
81 2 v
81 4 h
81 9 v
81 10 h
81 11 h
81 14 h
81 15 h
81 16 h
81 17 h
81 18 h
81 19 h
81 20 h
81 21 v
81 23 v
81 24 h
81 25 v
81 27 v
81 28 v
81 29 v
81 31 v
81 32 v
81 33 h
81 34 h
81 36 h
81 39 h
81 40 v
81 41 h
81 44 h
81 46 h
81 47 v
81 49 v
81 51 h
81 52 h
81 54 v
81 55 v
81 56 h
81 58 h
81 59 h
81 60 h
81 61 v
81 62 h
81 64 h
81 66 h
81 68 h
81 69 v
81 73 h
81 75 v
81 76 h
81 77 h
81 79 h
81 80 h
81 85 h
81 91 h
81 92 v
81 93 h
81 95 h
81 96 h
81 97 h
81 98 v
81 99 v
81 100 h
82 2 h
82 3 v
82 4 h
82 6 v
82 10 h
82 12 h
82 19 h
82 20 h
82 23 v
82 24 h
82 25 v
82 30 v
82 31 h
82 35 h
82 36 h
82 37 h
82 40 v
82 41 h
82 45 v
82 48 v
82 50 v
82 54 h
82 57 v
82 58 h
82 60 h
82 62 h
82 63 h
82 65 h
82 67 h
82 68 h
82 69 v
82 74 v
82 76 h
82 78 h
82 80 v
82 82 v
82 84 h
82 86 v
82 87 v
82 88 h
82 89 h
82 91 h
82 95 h
82 96 v
82 97 h
82 98 v
82 100 v
83 3 v
83 4 h
83 5 v
83 6 h
83 7 h
83 8 v
83 9 h
83 11 h
83 12 h
83 14 h
83 16 h
83 17 h
83 21 v
83 22 h
83 25 v
83 27 h
83 28 h
83 30 h
83 31 v
83 32 v
83 33 h
83 34 v
83 35 h
83 38 h
83 40 v
83 41 h
83 42 h
83 43 h
83 45 v
83 48 v
83 50 v
83 53 v
83 54 h
83 58 h
83 61 h
83 63 h
83 64 h
83 66 v
83 68 h
83 69 v
83 71 h
83 74 h
83 75 h
83 76 h
83 79 h
83 80 h
83 81 v
83 84 h
83 85 h
83 86 v
83 87 h
83 90 h
83 92 v
83 93 h
83 94 v
83 97 h
83 98 v
83 99 h
84 3 h
84 5 h
84 6 v
84 11 h
84 16 h
84 19 h
84 20 h
84 22 h
84 30 h
84 31 h
84 32 h
84 33 h
84 34 v
84 37 h
84 41 h
84 44 h
84 46 h
84 48 v
84 49 v
84 50 h
84 51 h
84 52 h
84 60 h
84 62 h
84 63 v
84 65 v
84 66 v
84 67 h
84 70 h
84 72 h
84 75 h
84 76 h
84 79 h
84 80 h
84 83 h
84 85 h
84 88 h
84 95 v
84 96 h
84 98 h
84 99 h
85 1 v
85 2 v
85 3 v
85 7 v
85 8 v
85 12 h
85 13 h
85 15 v
85 16 v
85 21 v
85 22 v
85 23 v
85 25 v
85 27 v
85 35 v
85 38 v
85 39 v
85 41 h
85 44 h
85 48 v
85 50 v
85 52 h
85 54 h
85 55 v
85 56 v
85 59 v
85 60 v
85 61 v
85 64 v
85 65 v
85 66 v
85 67 v
85 68 v
85 70 v
85 71 v
85 74 v
85 75 v
85 77 v
85 81 v
85 82 v
85 83 h
85 84 v
85 86 v
85 88 v
85 94 v
85 95 v
85 97 v
86 2 h
86 3 h
86 5 h
86 6 h
86 8 h
86 14 h
86 15 h
86 16 h
86 17 h
86 18 h
86 23 v
86 24 h
86 26 h
86 27 h
86 30 h
86 31 v
86 32 h
86 34 v
86 35 h
86 38 h
86 39 h
86 40 v
86 41 h
86 46 h
86 51 h
86 52 h
86 54 v
86 55 h
86 56 h
86 57 h
86 58 h
86 59 h
86 60 h
86 63 h
86 65 v
86 68 h
86 69 v
86 71 h
86 72 h
86 73 h
86 75 h
86 76 h
86 81 h
86 82 h
86 83 h
86 84 h
86 88 h
86 89 h
86 90 h
86 91 h
86 95 h
86 98 v
86 100 h
87 1 v
87 3 v
87 7 h
87 8 h
87 9 h
87 10 h
87 11 h
87 12 h
87 13 h
87 18 h
87 19 h
87 21 v
87 24 h
87 25 v
87 27 h
87 28 v
87 30 h
87 36 h
87 39 h
87 41 h
87 42 h
87 44 h
87 47 h
87 48 h
87 50 v
87 51 h
87 56 h
87 57 h
87 58 h
87 59 h
87 60 h
87 61 h
87 71 v
87 73 h
87 74 h
87 77 v
87 78 h
87 79 h
87 81 v
87 83 h
87 85 h
87 87 h
87 89 v
87 90 h
87 91 h
87 92 h
87 93 h
87 95 h
87 96 h
87 98 v
87 99 h
87 100 v
88 1 v
88 2 v
88 11 v
88 12 v
88 13 v
88 19 v
88 21 v
88 22 v
88 23 v
88 26 v
88 27 v
88 30 v
88 32 v
88 33 v
88 34 v
88 35 v
88 37 v
88 39 v
88 40 v
88 42 v
88 45 v
88 46 v
88 49 v
88 50 v
88 51 v
88 52 h
88 54 v
88 55 v
88 60 v
88 63 v
88 65 v
88 67 v
88 69 v
88 71 v
88 72 v
88 76 v
88 78 v
88 85 v
88 86 v
88 87 v
88 88 v
88 91 v
88 93 v
88 94 v
88 95 v
88 97 v
88 98 v
89 3 v
89 5 v
89 6 v
89 7 v
89 8 v
89 9 v
89 14 h
89 15 h
89 19 v
89 20 h
89 23 v
89 26 v
89 28 v
89 30 v
89 32 v
89 33 v
89 34 v
89 35 h
89 37 h
89 38 v
89 39 h
89 40 v
89 43 v
89 44 h
89 46 h
89 47 v
89 48 v
89 50 v
89 53 v
89 54 h
89 55 v
89 57 v
89 62 h
89 66 v
89 67 v
89 70 v
89 71 h
89 76 v
89 77 v
89 78 v
89 81 h
89 86 v
89 89 v
89 90 h
89 93 v
89 94 v
89 98 v
90 2 v
90 3 h
90 4 h
90 5 h
90 6 h
90 7 h
90 11 h
90 13 h
90 15 h
90 16 v
90 19 h
90 22 h
90 24 h
90 25 h
90 30 h
90 31 v
90 33 h
90 34 v
90 35 h
90 38 h
90 41 h
90 45 h
90 46 h
90 47 v
90 48 v
90 49 v
90 52 h
90 53 v
90 55 v
90 56 h
90 59 h
90 61 v
90 63 v
90 64 h
90 65 h
90 68 h
90 73 h
90 75 v
90 77 h
90 80 h
90 82 v
90 83 h
90 85 h
90 87 h
90 89 h
90 94 v
90 96 h
90 97 h
90 98 v
90 99 h
90 100 v
91 3 v
91 5 h
91 7 v
91 8 h
91 9 h
91 11 h
91 12 h
91 14 h
91 15 h
91 16 v
91 17 h
91 20 h
91 22 h
91 24 h
91 25 h
91 26 h
91 27 h
91 28 h
91 31 h
91 33 h
91 35 h
91 36 h
91 37 h
91 38 v
91 39 h
91 40 h
91 42 h
91 43 h
91 45 h
91 47 h
91 55 v
91 56 h
91 59 h
91 61 h
91 62 h
91 63 h
91 64 h
91 65 v
91 66 v
91 68 h
91 75 h
91 78 h
91 79 h
91 80 h
91 81 h
91 82 v
91 83 h
91 84 h
91 86 v
91 88 h
91 89 v
91 90 h
91 92 h
91 93 h
91 94 v
91 95 h
91 97 h
91 99 v
91 100 v
92 4 h
92 8 h
92 10 h
92 11 h
92 12 h
92 13 h
92 14 h
92 15 h
92 17 h
92 18 h
92 19 h
92 20 h
92 21 v
92 22 h
92 25 h
92 26 h
92 27 v
92 29 h
92 30 h
92 31 h
92 33 h
92 34 v
92 37 h
92 38 h
92 41 h
92 44 h
92 46 h
92 47 h
92 48 v
92 49 v
92 51 h
92 53 h
92 54 h
92 57 v
92 59 h
92 62 h
92 63 h
92 64 h
92 66 v
92 70 h
92 71 h
92 72 h
92 75 h
92 78 h
92 80 h
92 83 h
92 84 h
92 87 h
92 88 v
92 90 h
92 91 h
92 92 v
92 95 h
92 96 h
92 100 v
93 3 v
93 4 v
93 5 v
93 6 v
93 7 v
93 9 v
93 13 h
93 17 v
93 21 v
93 22 v
93 23 v
93 32 v
93 34 v
93 35 v
93 37 v
93 41 v
93 43 v
93 44 v
93 46 v
93 47 v
93 48 v
93 53 v
93 56 v
93 59 v
93 65 v
93 67 v
93 69 v
93 70 v
93 72 h
93 79 v
93 83 h
93 85 v
93 87 v
93 88 v
93 89 v
93 91 v
93 92 v
93 96 v
93 100 v
94 6 v
94 8 v
94 9 h
94 10 h
94 13 h
94 14 h
94 16 h
94 19 h
94 21 v
94 22 h
94 26 h
94 29 v
94 34 v
94 35 h
94 40 h
94 41 h
94 44 h
94 45 h
94 46 h
94 51 h
94 57 h
94 59 h
94 61 h
94 68 h
94 69 v
94 70 h
94 75 v
94 76 h
94 78 h
94 79 h
94 81 h
94 82 h
94 85 h
94 86 v
94 87 h
94 90 h
94 95 h
94 96 h
94 100 v
95 1 v
95 2 h
95 5 v
95 6 v
95 9 v
95 10 h
95 11 h
95 14 h
95 15 h
95 16 v
95 17 h
95 20 v
95 21 v
95 23 v
95 24 v
95 25 v
95 26 v
95 28 v
95 30 h
95 31 v
95 33 h
95 34 v
95 36 h
95 46 h
95 47 v
95 48 v
95 49 v
95 51 h
95 53 h
95 55 v
95 56 v
95 57 v
95 59 h
95 63 h
95 65 h
95 70 h
95 76 h
95 77 h
95 79 h
95 81 h
95 84 h
95 85 h
95 89 v
95 90 v
95 92 v
95 94 v
95 95 v
95 99 v
95 100 v
96 6 v
96 9 v
96 14 h
96 17 v
96 19 v
96 21 v
96 24 v
96 27 v
96 28 v
96 29 v
96 31 v
96 33 v
96 34 v
96 36 h
96 37 v
96 38 v
96 39 v
96 40 v
96 43 v
96 44 v
96 45 v
96 47 v
96 48 v
96 50 v
96 51 v
96 53 v
96 56 v
96 57 v
96 61 v
96 62 h
96 63 v
96 64 v
96 65 v
96 67 v
96 68 v
96 74 v
96 75 v
96 76 h
96 78 v
96 79 h
96 80 v
96 82 v
96 83 v
96 89 v
96 90 v
96 92 v
96 94 v
96 95 h
96 96 v
96 97 v
97 1 v
97 2 v
97 3 v
97 4 h
97 7 v
97 8 v
97 10 h
97 19 v
97 21 v
97 22 v
97 23 v
97 24 h
97 26 v
97 27 v
97 28 v
97 31 v
97 32 v
97 33 v
97 39 v
97 46 v
97 49 v
97 50 v
97 55 v
97 57 v
97 61 v
97 66 v
97 67 v
97 68 v
97 70 h
97 75 v
97 78 v
97 80 v
97 82 v
97 84 v
97 85 v
97 90 h
97 94 v
97 97 v
97 99 v
98 1 v
98 2 v
98 8 v
98 9 v
98 10 v
98 12 h
98 19 v
98 20 v
98 22 v
98 24 h
98 25 v
98 26 v
98 27 v
98 28 v
98 32 v
98 36 v
98 38 v
98 39 v
98 40 v
98 41 v
98 44 v
98 48 v
98 49 v
98 55 v
98 56 v
98 58 v
98 61 v
98 64 v
98 65 v
98 66 v
98 69 v
98 71 v
98 73 v
98 74 v
98 75 v
98 81 v
98 82 v
98 84 v
98 86 v
98 87 v
98 88 v
98 89 v
98 93 v
98 96 v
98 99 v
98 100 v
99 2 v
99 3 v
99 4 h
99 7 v
99 11 h
99 13 h
99 14 h
99 15 h
99 16 v
99 17 h
99 19 h
99 22 v
99 23 v
99 26 v
99 27 v
99 30 v
99 31 v
99 34 v
99 36 h
99 38 v
99 39 v
99 45 v
99 47 v
99 49 v
99 50 v
99 51 h
99 52 h
99 53 v
99 54 h
99 55 v
99 57 v
99 58 h
99 59 h
99 63 v
99 64 h
99 65 v
99 66 v
99 67 v
99 68 v
99 69 v
99 70 h
99 71 v
99 72 h
99 73 v
99 75 v
99 76 v
99 78 h
99 79 v
99 80 v
99 81 v
99 82 v
99 85 v
99 86 v
99 88 v
99 89 v
99 90 h
99 91 v
99 92 v
99 93 v
100 1 h
100 2 h
100 3 h
100 4 h
100 6 h
100 7 v
100 9 h
100 10 h
100 11 h
100 13 h
100 14 h
100 15 h
100 20 h
100 21 v
100 23 v
100 25 h
100 27 h
100 28 h
100 29 h
100 30 h
100 31 v
100 32 h
100 34 h
100 35 h
100 36 h
100 37 h
100 38 h
100 40 h
100 41 h
100 42 h
100 43 h
100 44 h
100 45 h
100 48 v
100 55 v
100 57 h
100 62 h
100 64 h
100 65 h
100 66 h
100 67 v
100 70 h
100 72 h
100 73 h
100 74 h
100 75 h
100 76 h
100 80 h
100 82 h
100 84 h
100 86 v
100 89 h
100 93 h
100 94 h
100 96 h
100 97 h
100 98 v
100 100 h
