3471429.186768
3464351
1 6 v
1 8 v
1 9 v
1 11 v
1 12 v
1 13 v
1 16 h
1 18 v
1 19 v
1 22 v
1 25 v
1 29 v
1 30 v
1 32 v
1 33 v
1 36 v
1 42 v
1 45 v
1 51 v
1 52 v
1 53 h
1 58 v
1 59 v
1 67 v
1 69 v
1 70 v
1 73 v
1 75 v
1 76 v
1 77 v
1 84 v
1 89 v
1 90 v
1 92 v
1 93 v
1 94 v
1 97 v
1 98 h
2 5 v
2 6 v
2 7 v
2 8 h
2 9 v
2 10 v
2 11 v
2 12 v
2 13 h
2 16 v
2 17 v
2 18 v
2 24 h
2 28 v
2 31 v
2 32 v
2 37 v
2 39 h
2 40 v
2 42 v
2 43 v
2 49 v
2 52 h
2 57 h
2 60 v
2 62 v
2 65 v
2 68 h
2 69 v
2 71 h
2 74 v
2 75 v
2 80 v
2 81 v
2 82 v
2 83 v
2 86 v
2 87 v
2 90 v
2 91 v
2 93 v
2 94 v
2 96 v
3 1 h
3 5 v
3 6 v
3 20 h
3 21 v
3 27 v
3 28 h
3 29 v
3 30 v
3 31 v
3 33 v
3 36 v
3 37 v
3 38 v
3 40 v
3 49 h
3 50 v
3 54 v
3 55 h
3 56 v
3 58 h
3 59 v
3 62 v
3 68 v
3 72 v
3 73 v
3 75 h
3 77 v
3 79 h
3 81 h
3 83 v
3 85 h
3 87 v
3 90 v
3 96 v
3 97 v
3 98 h
4 2 v
4 3 v
4 4 v
4 5 v
4 6 v
4 9 v
4 12 v
4 17 v
4 18 v
4 23 h
4 24 v
4 25 h
4 26 h
4 29 v
4 31 v
4 32 v
4 34 v
4 35 v
4 37 v
4 40 v
4 46 v
4 47 v
4 49 v
4 50 v
4 59 h
4 60 v
4 61 v
4 62 v
4 63 v
4 64 v
4 66 v
4 67 v
4 68 v
4 69 v
4 72 v
4 76 h
4 77 v
4 79 v
4 80 v
4 81 v
4 85 v
4 87 v
4 90 v
4 91 v
4 92 v
4 94 v
4 95 v
4 96 v
4 98 h
5 1 h
5 4 h
5 5 v
5 6 h
5 8 h
5 9 h
5 12 h
5 13 h
5 14 h
5 15 v
5 16 h
5 17 h
5 20 h
5 23 h
5 24 h
5 27 h
5 30 v
5 31 h
5 33 h
5 34 h
5 36 h
5 37 h
5 38 h
5 39 h
5 45 h
5 48 h
5 51 h
5 52 h
5 53 h
5 56 h
5 57 h
5 59 h
5 62 h
5 64 h
5 65 h
5 66 h
5 67 h
5 69 h
5 70 h
5 72 v
5 75 h
5 76 h
5 77 h
5 78 h
5 80 v
5 81 h
5 83 h
5 85 h
5 88 v
5 90 h
5 93 h
5 94 h
5 95 h
5 96 h
5 98 h
6 6 h
6 7 h
6 8 h
6 9 v
6 13 h
6 14 v
6 15 v
6 16 h
6 19 h
6 22 h
6 23 h
6 24 v
6 25 h
6 27 h
6 28 h
6 29 v
6 31 v
6 37 v
6 38 v
6 39 h
6 42 h
6 46 h
6 47 h
6 49 h
6 50 h
6 53 h
6 54 h
6 56 h
6 58 v
6 66 h
6 68 v
6 72 h
6 73 h
6 74 h
6 75 h
6 76 h
6 78 h
6 80 v
6 84 h
6 86 h
6 90 h
6 91 h
6 92 h
6 93 v
6 94 h
6 95 h
6 97 v
7 3 h
7 4 v
7 5 v
7 6 h
7 8 h
7 9 v
7 10 h
7 11 v
7 12 v
7 13 v
7 15 v
7 17 h
7 18 h
7 19 h
7 21 v
7 22 v
7 28 v
7 36 v
7 39 h
7 43 v
7 44 v
7 49 h
7 50 v
7 53 h
7 54 h
7 56 v
7 57 h
7 58 h
7 59 h
7 60 h
7 63 v
7 64 h
7 65 h
7 66 h
7 69 h
7 73 v
7 75 v
7 77 v
7 80 v
7 82 v
7 84 v
7 85 h
7 86 v
7 87 h
7 88 v
7 90 h
7 92 v
7 95 h
7 96 v
7 97 v
8 2 v
8 6 h
8 7 v
8 8 h
8 10 h
8 11 v
8 12 v
8 14 v
8 15 v
8 16 h
8 17 h
8 23 v
8 25 h
8 26 h
8 28 h
8 30 v
8 31 v
8 35 v
8 36 v
8 37 v
8 38 v
8 39 h
8 40 h
8 41 v
8 44 h
8 45 h
8 46 v
8 48 h
8 50 v
8 58 v
8 63 v
8 64 v
8 66 h
8 69 h
8 70 v
8 72 v
8 74 v
8 75 h
8 78 v
8 80 v
8 81 h
8 82 v
8 83 v
8 86 v
8 92 v
8 97 v
8 98 h
9 1 h
9 2 v
9 3 v
9 4 v
9 5 v
9 6 v
9 15 v
9 18 v
9 20 v
9 22 v
9 23 h
9 24 v
9 26 h
9 28 v
9 29 v
9 30 v
9 31 v
9 32 v
9 34 h
9 37 v
9 41 v
9 42 v
9 44 v
9 47 v
9 49 v
9 50 v
9 57 h
9 58 v
9 63 v
9 65 v
9 67 v
9 70 v
9 71 v
9 72 v
9 73 v
9 75 v
9 77 v
9 79 v
9 83 v
9 87 h
9 93 v
9 96 v
9 97 v
10 2 v
10 3 v
10 7 v
10 8 h
10 10 h
10 11 v
10 13 h
10 15 v
10 16 h
10 17 h
10 18 v
10 21 v
10 25 h
10 26 h
10 31 v
10 32 h
10 33 v
10 34 h
10 36 v
10 40 v
10 41 v
10 42 h
10 43 v
10 45 h
10 46 h
10 47 v
10 48 h
10 50 v
10 51 h
10 56 v
10 66 h
10 70 v
10 71 h
10 78 h
10 83 v
10 84 v
10 87 h
10 89 v
10 90 v
10 93 h
10 98 h
11 2 h
11 3 h
11 4 h
11 5 v
11 7 v
11 8 v
11 10 h
11 11 v
11 16 h
11 21 v
11 22 h
11 24 h
11 25 h
11 28 h
11 29 v
11 30 v
11 35 h
11 36 v
11 41 v
11 42 h
11 43 v
11 48 h
11 49 h
11 53 h
11 54 v
11 55 v
11 57 h
11 59 h
11 61 v
11 65 h
11 66 h
11 67 v
11 68 h
11 69 h
11 70 h
11 71 h
11 73 v
11 74 v
11 75 h
11 82 v
11 86 v
11 91 h
11 92 v
11 95 v
11 97 v
11 98 v
12 2 v
12 3 h
12 6 h
12 9 v
12 10 h
12 11 v
12 12 v
12 13 h
12 14 v
12 18 h
12 19 h
12 20 h
12 21 h
12 23 h
12 24 h
12 25 h
12 27 h
12 29 v
12 30 h
12 31 v
12 32 h
12 33 h
12 35 h
12 36 h
12 37 v
12 38 v
12 40 v
12 41 v
12 42 h
12 43 h
12 44 v
12 45 h
12 48 h
12 50 v
12 52 h
12 55 v
12 57 h
12 59 h
12 61 h
12 63 h
12 64 h
12 66 h
12 67 h
12 68 h
12 69 h
12 70 v
12 72 v
12 73 h
12 74 v
12 75 v
12 76 h
12 77 v
12 78 h
12 79 h
12 80 v
12 81 v
12 82 h
12 83 h
12 88 h
12 90 h
12 92 v
12 93 v
12 94 h
12 96 v
13 1 v
13 2 v
13 4 v
13 6 v
13 7 v
13 8 h
13 9 v
13 12 v
13 14 h
13 15 v
13 18 h
13 19 h
13 20 h
13 21 h
13 22 v
13 23 h
13 24 h
13 25 h
13 27 h
13 29 v
13 32 v
13 36 v
13 37 v
13 40 v
13 41 v
13 42 h
13 43 v
13 44 h
13 45 h
13 47 h
13 49 h
13 50 v
13 51 h
13 54 v
13 55 v
13 60 h
13 62 h
13 64 v
13 66 h
13 67 v
13 68 v
13 71 h
13 73 v
13 76 h
13 77 v
13 79 h
13 82 v
13 83 v
13 84 v
13 87 h
13 91 h
13 92 v
13 94 v
13 96 v
13 98 h
14 3 h
14 4 h
14 5 v
14 8 h
14 14 h
14 15 v
14 17 h
14 18 h
14 19 h
14 21 h
14 25 h
14 26 h
14 27 h
14 29 v
14 30 h
14 35 h
14 36 h
14 37 h
14 40 h
14 41 v
14 42 h
14 44 v
14 45 h
14 46 h
14 47 h
14 48 h
14 49 h
14 50 v
14 51 h
14 54 h
14 55 v
14 56 v
14 58 h
14 59 h
14 60 h
14 65 h
14 67 v
14 70 v
14 71 h
14 73 h
14 74 v
14 75 v
14 77 h
14 78 h
14 79 h
14 80 v
14 82 h
14 86 h
14 88 h
14 89 h
14 91 h
14 92 v
14 94 h
14 96 h
14 97 v
15 2 h
15 5 h
15 6 h
15 7 v
15 8 h
15 9 h
15 10 h
15 11 h
15 14 h
15 15 v
15 16 h
15 20 h
15 21 h
15 22 h
15 23 h
15 26 h
15 28 h
15 30 h
15 32 h
15 34 h
15 36 v
15 37 h
15 38 h
15 39 h
15 41 v
15 45 h
15 46 h
15 49 h
15 52 h
15 54 h
15 55 h
15 56 h
15 61 h
15 62 h
15 63 h
15 68 h
15 69 h
15 71 h
15 72 h
15 74 v
15 75 h
15 77 v
15 78 h
15 81 h
15 82 v
15 83 v
15 88 h
15 90 h
15 91 v
15 92 h
15 95 h
15 96 v
15 97 v
15 98 h
16 2 v
16 4 h
16 5 h
16 7 v
16 8 h
16 10 h
16 11 h
16 12 h
16 13 h
16 17 h
16 19 h
16 23 h
16 24 h
16 25 h
16 27 h
16 31 h
16 32 h
16 33 v
16 35 h
16 36 h
16 37 h
16 40 h
16 43 v
16 45 h
16 46 h
16 51 h
16 53 h
16 54 h
16 55 v
16 57 h
16 59 h
16 60 h
16 64 h
16 65 h
16 66 h
16 67 h
16 68 h
16 70 h
16 71 h
16 72 v
16 77 h
16 83 h
16 84 h
16 87 h
16 89 h
16 92 h
16 93 v
16 94 h
16 96 h
16 98 h
17 2 h
17 3 v
17 7 h
17 8 h
17 10 h
17 13 h
17 14 v
17 15 v
17 17 h
17 19 h
17 21 h
17 23 h
17 24 h
17 25 h
17 26 h
17 27 h
17 32 h
17 33 h
17 34 h
17 35 h
17 38 v
17 39 h
17 40 h
17 41 v
17 42 v
17 44 h
17 46 h
17 47 h
17 48 h
17 49 h
17 50 v
17 51 h
17 54 h
17 60 v
17 61 h
17 62 h
17 63 h
17 65 h
17 67 v
17 72 v
17 74 v
17 79 h
17 81 h
17 82 h
17 83 h
17 86 v
17 89 h
17 90 h
17 91 h
17 98 h
18 1 v
18 4 v
18 5 v
18 7 v
18 11 v
18 14 v
18 16 v
18 21 v
18 22 v
18 23 v
18 24 v
18 25 v
18 28 v
18 29 v
18 30 v
18 35 v
18 37 v
18 41 v
18 43 v
18 45 v
18 49 v
18 50 v
18 52 v
18 59 v
18 62 v
18 63 v
18 65 v
18 67 v
18 72 v
18 73 v
18 79 h
18 81 v
18 83 v
18 85 v
18 86 v
18 87 v
18 89 v
18 90 v
18 93 v
18 97 v
18 98 v
19 1 v
19 2 v
19 3 v
19 4 v
19 5 v
19 6 v
19 7 v
19 9 v
19 14 v
19 15 v
19 16 v
19 17 h
19 18 h
19 19 v
19 24 v
19 26 v
19 30 v
19 31 v
19 36 v
19 41 v
19 46 v
19 50 v
19 58 v
19 59 v
19 61 v
19 62 v
19 69 v
19 71 h
19 72 v
19 73 v
19 75 v
19 76 v
19 78 v
19 80 v
19 84 v
19 86 v
19 87 v
19 89 v
19 93 v
19 97 v
20 1 h
20 2 h
20 4 h
20 6 h
20 7 v
20 8 h
20 11 v
20 15 v
20 18 h
20 26 h
20 27 h
20 30 h
20 31 v
20 32 h
20 33 h
20 34 h
20 36 h
20 37 h
20 38 h
20 40 h
20 42 h
20 44 h
20 47 h
20 53 h
20 54 h
20 56 h
20 57 h
20 58 h
20 60 h
20 61 v
20 62 h
20 64 h
20 67 v
20 68 v
20 71 h
20 72 v
20 73 h
20 74 v
20 76 h
20 77 v
20 79 h
20 80 v
20 81 h
20 83 v
20 84 h
20 85 h
20 86 v
20 89 h
20 91 v
20 92 h
20 93 h
20 97 v
21 4 v
21 5 v
21 6 h
21 7 v
21 8 h
21 10 h
21 11 v
21 15 v
21 18 v
21 21 v
21 22 v
21 23 h
21 26 h
21 29 v
21 31 v
21 36 v
21 38 v
21 41 v
21 43 v
21 44 v
21 45 v
21 47 v
21 49 v
21 50 v
21 52 v
21 53 h
21 54 v
21 55 v
21 60 v
21 66 h
21 68 v
21 69 v
21 71 h
21 77 v
21 78 v
21 79 h
21 80 v
21 81 v
21 82 v
21 84 v
21 87 h
21 88 v
21 89 v
21 90 v
21 93 v
21 94 v
22 2 h
22 3 h
22 4 v
22 8 h
22 10 h
22 12 h
22 17 h
22 18 h
22 19 h
22 21 h
22 22 h
22 23 h
22 24 h
22 25 h
22 26 h
22 27 h
22 28 h
22 30 h
22 31 h
22 33 v
22 34 h
22 35 h
22 36 v
22 37 h
22 38 h
22 39 h
22 41 v
22 45 h
22 46 v
22 47 h
22 48 h
22 50 h
22 52 h
22 53 h
22 56 h
22 62 h
22 63 h
22 64 h
22 67 h
22 68 h
22 70 v
22 76 h
22 77 h
22 78 h
22 79 h
22 80 v
22 81 v
22 83 h
22 84 h
22 85 h
22 86 v
22 87 h
22 88 h
22 89 h
22 90 h
22 91 v
22 97 h
22 98 h
23 5 h
23 6 v
23 8 h
23 10 h
23 11 h
23 12 v
23 13 h
23 18 h
23 19 h
23 22 v
23 25 h
23 27 h
23 32 h
23 33 v
23 34 h
23 36 v
23 43 v
23 48 h
23 49 h
23 50 v
23 51 h
23 52 v
23 53 h
23 54 v
23 57 h
23 58 h
23 60 v
23 63 v
23 68 v
23 70 h
23 71 h
23 74 h
23 77 v
23 78 h
23 84 h
23 85 h
23 87 v
23 89 v
23 98 h
24 1 h
24 4 v
24 5 v
24 7 v
24 10 v
24 11 v
24 12 h
24 13 v
24 14 v
24 15 v
24 20 h
24 21 v
24 23 h
24 24 h
24 26 h
24 28 v
24 29 v
24 30 v
24 34 h
24 40 h
24 43 v
24 44 v
24 45 h
24 48 h
24 51 h
24 53 h
24 54 v
24 59 h
24 60 h
24 63 h
24 66 h
24 67 v
24 68 v
24 70 h
24 72 v
24 73 h
24 75 h
24 76 h
24 77 v
24 79 h
24 81 h
24 82 v
24 85 h
24 87 h
24 88 v
24 89 v
24 94 v
24 96 v
24 97 v
25 1 h
25 2 v
25 4 v
25 5 v
25 6 h
25 7 v
25 11 h
25 13 h
25 15 v
25 16 h
25 20 h
25 21 h
25 25 h
25 26 h
25 28 h
25 29 h
25 31 v
25 32 h
25 33 h
25 34 h
25 35 h
25 36 v
25 37 v
25 38 v
25 39 h
25 40 h
25 41 v
25 42 h
25 43 h
25 44 h
25 47 h
25 48 h
25 49 h
25 50 v
25 52 h
25 53 h
25 58 h
25 63 h
25 65 h
25 66 h
25 67 v
25 68 h
25 70 v
25 73 h
25 74 h
25 78 h
25 79 h
25 81 v
25 83 v
25 84 h
25 85 h
25 87 h
25 88 h
25 92 h
25 93 v
25 95 h
25 97 v
25 98 h
26 2 v
26 4 v
26 7 v
26 10 h
26 14 v
26 15 h
26 16 h
26 17 h
26 18 h
26 20 h
26 22 v
26 24 v
26 26 h
26 30 h
26 34 v
26 36 h
26 37 v
26 38 v
26 40 h
26 43 v
26 45 h
26 47 v
26 48 h
26 50 v
26 51 h
26 52 h
26 57 h
26 58 h
26 59 h
26 61 v
26 63 h
26 66 v
26 67 v
26 69 h
26 72 v
26 73 h
26 74 h
26 76 h
26 77 v
26 79 h
26 82 v
26 84 h
26 85 h
26 86 v
26 87 v
26 88 v
26 89 h
26 93 v
26 96 v
26 97 v
27 3 v
27 5 v
27 6 h
27 7 v
27 10 h
27 12 v
27 16 h
27 19 v
27 22 v
27 25 h
27 30 v
27 32 v
27 33 v
27 34 v
27 35 v
27 36 v
27 38 v
27 49 h
27 50 v
27 58 v
27 59 v
27 60 v
27 61 v
27 63 h
27 74 v
27 75 v
27 76 h
27 77 v
27 78 v
27 80 v
27 85 h
27 86 v
27 90 v
27 92 h
27 97 v
27 98 h
28 2 v
28 3 v
28 4 v
28 6 h
28 7 v
28 9 v
28 11 v
28 15 v
28 16 h
28 17 h
28 18 v
28 19 h
28 20 h
28 21 v
28 23 h
28 25 h
28 26 h
28 27 h
28 28 v
28 30 v
28 33 v
28 34 v
28 35 h
28 39 h
28 40 v
28 41 v
28 43 h
28 45 h
28 46 v
28 50 v
28 52 h
28 53 h
28 56 h
28 57 h
28 60 v
28 61 v
28 62 h
28 63 h
28 64 h
28 68 v
28 69 h
28 70 v
28 71 h
28 72 v
28 73 h
28 76 h
28 82 h
28 83 v
28 86 v
28 87 h
28 88 h
28 95 h
28 96 v
29 1 v
29 5 v
29 6 v
29 7 v
29 9 v
29 11 v
29 12 h
29 14 v
29 15 v
29 16 v
29 17 v
29 18 h
29 19 v
29 23 h
29 26 h
29 28 v
29 32 v
29 33 v
29 34 h
29 38 v
29 43 v
29 44 v
29 45 v
29 46 v
29 48 v
29 49 v
29 50 v
29 51 h
29 53 v
29 58 v
29 59 v
29 60 v
29 61 v
29 62 v
29 63 v
29 67 v
29 68 h
29 69 h
29 70 v
29 73 h
29 74 v
29 77 v
29 78 v
29 79 v
29 80 v
29 85 h
29 86 v
29 90 v
29 94 v
29 95 v
29 96 v
29 98 h
30 2 v
30 3 v
30 6 v
30 12 v
30 13 v
30 14 v
30 15 v
30 16 h
30 17 v
30 18 v
30 19 v
30 22 v
30 23 h
30 24 h
30 28 h
30 29 v
30 30 v
30 33 v
30 35 h
30 36 v
30 38 v
30 39 h
30 40 v
30 43 v
30 44 v
30 49 v
30 51 h
30 54 v
30 57 h
30 60 v
30 61 v
30 62 v
30 65 v
30 67 v
30 68 v
30 72 v
30 75 v
30 77 v
30 78 v
30 79 v
30 81 v
30 82 v
30 83 v
30 85 h
30 90 v
30 92 v
30 96 v
31 2 v
31 4 v
31 5 v
31 14 v
31 15 v
31 17 v
31 18 v
31 19 h
31 20 h
31 22 h
31 23 v
31 24 h
31 25 h
31 30 v
31 34 v
31 35 v
31 38 v
31 41 v
31 42 v
31 43 v
31 45 h
31 46 v
31 48 h
31 50 v
31 51 h
31 54 v
31 56 v
31 59 v
31 60 v
31 61 v
31 67 v
31 68 h
31 70 v
31 71 v
31 72 v
31 73 v
31 74 v
31 75 v
31 77 v
31 78 v
31 79 h
31 80 v
31 81 h
31 82 v
31 83 v
31 84 v
31 86 v
31 88 v
31 90 v
31 91 v
31 94 v
31 95 h
31 98 v
32 2 v
32 3 v
32 6 v
32 9 v
32 11 v
32 16 v
32 17 v
32 18 v
32 19 v
32 23 h
32 25 h
32 27 v
32 28 h
32 30 v
32 32 v
32 39 h
32 41 v
32 43 v
32 44 v
32 45 v
32 47 v
32 52 v
32 54 v
32 58 v
32 59 v
32 61 v
32 62 v
32 75 v
32 76 v
32 80 v
32 81 h
32 85 v
32 86 v
32 87 v
32 88 h
32 91 v
32 92 v
32 95 v
33 2 h
33 3 h
33 5 h
33 8 h
33 11 v
33 13 h
33 14 v
33 15 h
33 16 h
33 17 h
33 18 h
33 20 h
33 22 h
33 25 h
33 26 h
33 29 h
33 31 v
33 34 h
33 39 h
33 40 h
33 41 v
33 43 v
33 45 h
33 48 h
33 49 h
33 52 h
33 53 h
33 54 h
33 55 h
33 57 h
33 59 h
33 63 h
33 67 v
33 75 h
33 77 h
33 78 h
33 80 h
33 82 h
33 83 v
33 85 h
33 86 h
33 87 h
33 88 h
33 91 h
33 93 h
33 95 h
33 97 h
33 98 h
34 4 v
34 7 v
34 10 v
34 11 v
34 15 v
34 16 h
34 21 v
34 26 h
34 27 v
34 29 v
34 30 v
34 31 v
34 32 h
34 33 v
34 37 v
34 38 v
34 39 h
34 40 v
34 43 v
34 46 v
34 47 h
34 49 h
34 51 h
34 52 h
34 53 h
34 55 v
34 57 v
34 59 h
34 60 v
34 63 v
34 67 v
34 69 h
34 70 v
34 77 v
34 78 v
34 79 h
34 83 v
34 84 v
34 88 h
34 89 h
34 90 h
34 91 v
34 96 v
34 97 v
35 1 h
35 3 h
35 5 v
35 7 v
35 11 v
35 12 h
35 13 h
35 15 v
35 16 h
35 22 h
35 25 h
35 26 h
35 29 v
35 30 h
35 31 h
35 32 h
35 33 v
35 36 h
35 37 v
35 38 v
35 39 h
35 44 v
35 45 h
35 46 h
35 47 h
35 50 v
35 51 h
35 52 h
35 53 h
35 54 h
35 55 h
35 56 h
35 57 h
35 58 h
35 62 h
35 63 h
35 64 h
35 65 h
35 66 h
35 67 v
35 68 h
35 70 h
35 74 h
35 76 h
35 77 h
35 80 v
35 82 h
35 86 v
35 88 h
35 89 h
35 90 v
35 91 h
35 92 h
35 94 h
35 97 h
35 98 h
36 1 v
36 2 v
36 3 v
36 4 v
36 5 v
36 6 v
36 7 v
36 9 v
36 11 v
36 13 v
36 14 v
36 16 v
36 17 h
36 18 v
36 20 h
36 21 v
36 22 v
36 24 h
36 27 v
36 33 v
36 34 v
36 35 v
36 36 v
36 40 v
36 41 v
36 43 v
36 44 v
36 45 h
36 46 v
36 48 v
36 53 h
36 57 v
36 60 v
36 61 v
36 63 v
36 65 v
36 67 v
36 68 v
36 70 v
36 72 v
36 73 v
36 76 v
36 79 v
36 80 v
36 85 v
36 88 v
36 93 v
36 94 v
36 96 v
37 1 h
37 5 h
37 9 h
37 10 h
37 12 h
37 13 h
37 14 v
37 15 v
37 16 h
37 19 h
37 24 h
37 25 h
37 27 h
37 29 v
37 30 h
37 37 v
37 38 v
37 40 v
37 41 h
37 43 h
37 45 h
37 46 h
37 47 v
37 49 h
37 50 h
37 51 h
37 52 h
37 56 h
37 59 h
37 61 v
37 63 h
37 64 h
37 66 h
37 67 v
37 68 h
37 70 h
37 71 h
37 73 h
37 75 h
37 84 h
37 90 h
37 91 h
37 94 v
37 95 h
37 97 v
37 98 h
38 1 h
38 3 h
38 9 h
38 13 h
38 14 h
38 15 v
38 16 h
38 17 h
38 18 h
38 20 h
38 21 v
38 22 h
38 24 h
38 26 h
38 27 h
38 28 h
38 29 v
38 30 v
38 31 v
38 37 v
38 41 v
38 42 h
38 43 h
38 45 h
38 47 h
38 48 h
38 49 h
38 50 v
38 51 h
38 53 h
38 55 h
38 61 v
38 62 h
38 66 h
38 70 h
38 73 h
38 75 v
38 76 h
38 78 h
38 79 h
38 82 v
38 83 h
38 84 h
38 86 h
38 89 h
38 91 h
38 93 h
38 96 h
38 98 h
39 1 h
39 2 v
39 3 h
39 5 v
39 7 v
39 9 h
39 10 h
39 11 v
39 12 h
39 13 h
39 14 h
39 16 h
39 17 h
39 19 h
39 20 h
39 23 h
39 24 h
39 25 h
39 27 h
39 29 v
39 30 h
39 31 v
39 33 v
39 35 h
39 39 h
39 41 h
39 43 h
39 46 v
39 48 h
39 49 h
39 50 h
39 52 h
39 56 h
39 57 h
39 59 h
39 60 h
39 61 h
39 63 h
39 68 h
39 69 h
39 70 h
39 73 h
39 76 h
39 77 v
39 78 h
39 79 h
39 80 v
39 83 h
39 84 h
39 85 h
39 87 h
39 89 v
39 90 v
39 94 h
39 95 h
39 96 h
39 97 v
40 1 v
40 2 v
40 3 h
40 5 v
40 6 h
40 7 v
40 8 v
40 9 v
40 13 h
40 14 v
40 15 v
40 18 h
40 19 h
40 21 v
40 24 h
40 26 h
40 27 h
40 30 v
40 31 v
40 32 h
40 34 h
40 35 h
40 36 v
40 40 v
40 43 v
40 50 v
40 53 h
40 55 v
40 56 h
40 59 h
40 60 v
40 61 v
40 63 h
40 66 h
40 67 v
40 69 h
40 71 h
40 73 v
40 74 v
40 75 h
40 76 h
40 77 v
40 82 v
40 83 v
40 85 h
40 88 h
40 89 h
40 90 h
40 91 v
40 92 h
40 94 v
40 95 v
40 97 v
41 1 h
41 2 h
41 3 h
41 5 v
41 9 h
41 12 v
41 13 h
41 14 v
41 15 v
41 16 h
41 17 h
41 18 h
41 20 h
41 22 v
41 24 h
41 25 h
41 28 h
41 29 v
41 31 h
41 32 h
41 34 v
41 37 v
41 41 v
41 43 v
41 44 v
41 47 h
41 49 h
41 50 v
41 51 h
41 55 v
41 58 h
41 59 h
41 61 v
41 62 h
41 67 v
41 72 v
41 75 h
41 77 v
41 78 h
41 80 v
41 81 v
41 82 v
41 83 v
41 85 h
41 90 h
41 91 v
41 94 h
41 95 h
42 2 v
42 3 h
42 4 h
42 6 h
42 10 h
42 11 v
42 13 h
42 14 h
42 15 h
42 16 h
42 20 h
42 21 v
42 24 h
42 25 h
42 27 h
42 30 h
42 32 h
42 34 h
42 35 h
42 36 h
42 37 v
42 38 v
42 40 h
42 41 v
42 42 h
42 43 h
42 45 h
42 47 h
42 49 h
42 51 h
42 53 h
42 55 h
42 57 h
42 58 h
42 59 h
42 61 v
42 64 h
42 66 h
42 72 h
42 74 h
42 75 h
42 78 h
42 80 v
42 81 h
42 82 v
42 84 h
42 85 h
42 86 h
42 88 h
42 90 h
42 91 h
42 93 v
42 96 v
42 97 h
42 98 h
43 4 v
43 14 v
43 17 v
43 18 v
43 19 v
43 22 v
43 24 h
43 29 v
43 30 v
43 31 v
43 33 v
43 34 v
43 35 v
43 36 v
43 37 v
43 39 h
43 44 h
43 45 v
43 51 h
43 52 h
43 54 v
43 56 v
43 57 h
43 60 v
43 61 v
43 62 v
43 68 v
43 70 v
43 72 v
43 73 v
43 78 v
43 83 v
43 84 v
43 87 v
43 89 v
43 91 v
43 92 v
43 93 v
43 97 v
44 1 h
44 2 v
44 4 v
44 5 v
44 6 h
44 7 v
44 12 v
44 13 h
44 19 h
44 21 v
44 22 h
44 25 h
44 29 v
44 30 h
44 34 h
44 37 v
44 41 v
44 42 h
44 44 h
44 46 h
44 48 h
44 49 h
44 51 h
44 53 h
44 54 v
44 56 v
44 59 h
44 60 h
44 62 v
44 64 h
44 66 h
44 67 v
44 73 h
44 74 v
44 77 v
44 78 h
44 79 v
44 80 v
44 83 v
44 85 h
44 86 v
44 89 v
44 93 v
44 94 v
44 97 v
45 4 h
45 6 h
45 9 h
45 10 h
45 12 h
45 15 v
45 16 h
45 17 h
45 20 h
45 21 h
45 24 h
45 26 h
45 28 h
45 30 h
45 31 h
45 32 h
45 34 h
45 35 h
45 36 v
45 38 v
45 41 h
45 45 h
45 47 h
45 48 h
45 54 v
45 55 h
45 57 h
45 58 h
45 59 h
45 60 h
45 61 h
45 64 h
45 66 h
45 70 h
45 72 h
45 74 h
45 75 h
45 76 h
45 78 h
45 81 h
45 82 h
45 85 h
45 88 h
45 89 h
45 90 h
45 91 h
45 92 h
45 95 h
45 96 h
45 97 v
46 1 h
46 2 v
46 4 v
46 5 v
46 6 h
46 8 h
46 9 h
46 11 v
46 13 h
46 16 h
46 17 h
46 18 h
46 19 h
46 22 h
46 26 h
46 27 v
46 28 h
46 29 h
46 30 h
46 36 h
46 37 v
46 41 v
46 42 h
46 43 h
46 44 h
46 45 h
46 46 h
46 48 h
46 50 v
46 51 h
46 52 h
46 53 h
46 55 h
46 56 h
46 57 h
46 60 h
46 65 h
46 66 h
46 71 h
46 76 h
46 77 h
46 80 v
46 81 v
46 82 h
46 84 h
46 85 h
46 86 h
46 87 h
46 92 v
46 93 h
46 94 h
46 95 h
46 98 v
47 1 v
47 3 v
47 6 v
47 8 h
47 9 v
47 11 v
47 12 v
47 16 h
47 17 h
47 20 h
47 22 v
47 23 h
47 27 v
47 29 v
47 31 v
47 35 h
47 38 v
47 41 v
47 43 v
47 44 h
47 45 h
47 46 v
47 48 h
47 53 h
47 54 v
47 55 h
47 58 v
47 60 v
47 61 v
47 62 h
47 63 v
47 65 h
47 67 v
47 69 h
47 72 v
47 74 v
47 76 v
47 78 v
47 79 v
47 80 v
47 88 h
47 89 v
47 90 v
47 91 v
47 92 v
47 96 v
47 97 v
47 98 h
48 3 v
48 4 v
48 6 h
48 7 v
48 8 h
48 10 h
48 11 v
48 14 v
48 15 v
48 18 v
48 19 h
48 21 v
48 25 h
48 26 h
48 27 h
48 29 v
48 32 v
48 33 v
48 34 v
48 36 v
48 39 h
48 40 h
48 41 v
48 42 h
48 47 h
48 48 h
48 49 v
48 50 v
48 51 v
48 56 v
48 57 h
48 65 v
48 66 h
48 67 v
48 68 v
48 70 v
48 71 h
48 72 v
48 75 h
48 76 h
48 78 h
48 79 v
48 82 h
48 85 h
48 87 h
48 88 v
48 89 h
48 90 h
49 4 v
49 6 h
49 7 v
49 8 h
49 9 v
49 10 v
49 11 v
49 14 v
49 15 v
49 20 h
49 21 v
49 22 v
49 24 h
49 25 h
49 27 v
49 28 h
49 30 v
49 32 v
49 34 v
49 36 h
49 39 h
49 41 v
49 42 h
49 43 v
49 44 h
49 48 h
49 50 v
49 52 h
49 64 v
49 65 h
49 66 h
49 67 v
49 68 h
49 69 h
49 75 v
49 76 h
49 77 v
49 80 v
49 82 v
49 84 v
49 86 v
49 89 h
49 90 v
49 92 v
49 93 v
49 94 v
49 98 h
50 1 v
50 2 v
50 4 v
50 7 v
50 8 h
50 10 v
50 11 v
50 12 h
50 19 h
50 20 h
50 21 v
50 22 v
50 24 h
50 25 v
50 26 h
50 28 h
50 32 h
50 33 v
50 35 h
50 36 v
50 37 v
50 38 v
50 39 v
50 42 h
50 44 v
50 45 h
50 46 v
50 51 v
50 52 h
50 53 v
50 54 v
50 55 v
50 56 v
50 57 v
50 61 v
50 62 v
50 64 h
50 66 h
50 70 v
50 73 v
50 74 h
50 79 v
50 82 v
50 84 h
50 87 v
50 88 h
50 89 v
50 90 v
50 91 v
50 93 v
50 95 h
50 97 v
51 2 v
51 3 v
51 4 v
51 5 v
51 7 v
51 8 v
51 10 h
51 17 h
51 18 v
51 19 v
51 20 v
51 21 v
51 22 v
51 25 h
51 27 h
51 30 v
51 31 v
51 33 v
51 34 v
51 36 v
51 37 v
51 40 h
51 41 v
51 42 h
51 47 h
51 48 h
51 49 h
51 50 v
51 51 h
51 55 v
51 56 v
51 57 v
51 58 h
51 60 v
51 61 v
51 62 v
51 63 h
51 64 v
51 68 v
51 69 v
51 70 h
51 71 h
51 75 v
51 76 v
51 77 v
51 80 v
51 82 v
51 83 v
51 85 h
51 86 h
51 91 h
51 92 v
51 93 v
51 96 v
51 97 v
52 1 h
52 3 v
52 4 v
52 5 v
52 6 h
52 8 h
52 9 v
52 12 v
52 13 v
52 15 v
52 17 h
52 18 v
52 20 h
52 22 v
52 23 h
52 28 h
52 29 v
52 31 v
52 33 v
52 35 v
52 38 v
52 39 h
52 40 v
52 41 v
52 43 v
52 44 v
52 45 v
52 47 v
52 50 v
52 52 h
52 54 h
52 55 v
52 56 v
52 57 h
52 59 h
52 61 v
52 62 h
52 63 h
52 64 h
52 67 v
52 71 h
52 72 v
52 73 v
52 74 v
52 76 v
52 79 v
52 81 h
52 82 v
52 85 v
52 86 v
52 89 v
52 90 v
52 91 v
52 92 v
52 93 v
52 94 h
52 95 h
53 1 h
53 8 v
53 10 h
53 11 h
53 12 v
53 13 h
53 15 v
53 17 h
53 18 h
53 24 h
53 28 h
53 31 v
53 33 v
53 34 h
53 35 h
53 36 v
53 37 v
53 39 h
53 41 h
53 42 h
53 44 h
53 45 h
53 48 h
53 49 h
53 52 v
53 53 h
53 55 h
53 56 h
53 57 h
53 58 h
53 60 v
53 62 h
53 63 h
53 64 h
53 65 h
53 67 v
53 69 h
53 70 h
53 72 v
53 75 h
53 77 h
53 78 h
53 82 h
53 85 h
53 87 h
53 88 h
53 89 h
53 90 h
53 92 v
53 94 h
53 98 h
54 1 v
54 2 v
54 4 v
54 5 v
54 6 h
54 8 h
54 10 h
54 12 v
54 13 h
54 17 v
54 18 h
54 20 h
54 27 h
54 32 h
54 35 h
54 37 v
54 38 v
54 39 h
54 40 h
54 42 h
54 43 v
54 44 v
54 46 v
54 49 v
54 53 h
54 58 h
54 59 h
54 61 v
54 62 v
54 63 h
54 64 h
54 68 v
54 69 h
54 72 v
54 73 h
54 74 v
54 77 v
54 80 v
54 81 v
54 82 v
54 86 v
54 87 h
54 90 h
54 96 v
54 98 v
55 2 v
55 4 v
55 7 v
55 9 h
55 11 v
55 12 h
55 13 h
55 15 v
55 18 h
55 21 v
55 22 v
55 25 h
55 28 h
55 30 v
55 31 v
55 32 v
55 33 v
55 34 h
55 35 h
55 36 v
55 39 h
55 42 h
55 44 v
55 46 h
55 50 v
55 51 h
55 56 v
55 59 v
55 61 v
55 63 h
55 65 h
55 68 v
55 69 h
55 71 h
55 72 v
55 75 h
55 78 h
55 79 v
55 81 v
55 82 v
55 84 h
55 86 v
55 87 h
55 88 h
55 89 v
55 91 v
55 92 v
55 94 h
55 95 h
55 97 v
56 1 v
56 2 v
56 3 v
56 4 v
56 6 v
56 9 v
56 10 v
56 12 v
56 15 v
56 18 v
56 21 v
56 22 v
56 24 v
56 26 h
56 29 v
56 30 v
56 31 v
56 37 v
56 38 v
56 41 v
56 44 v
56 46 v
56 51 h
56 52 v
56 54 v
56 55 v
56 56 v
56 57 h
56 60 v
56 62 v
56 63 v
56 65 v
56 66 v
56 67 v
56 68 v
56 69 v
56 73 v
56 74 v
56 75 v
56 76 v
56 78 v
56 79 v
56 80 v
56 82 v
56 84 v
56 88 v
56 89 v
56 91 v
56 95 v
56 97 v
57 2 h
57 5 h
57 9 h
57 10 h
57 12 h
57 13 h
57 16 h
57 17 h
57 19 h
57 20 h
57 22 h
57 25 h
57 26 h
57 29 v
57 32 h
57 33 v
57 35 h
57 38 h
57 39 h
57 43 h
57 45 h
57 46 v
57 48 h
57 49 h
57 54 h
57 55 h
57 57 h
57 62 h
57 64 h
57 69 h
57 70 h
57 71 h
57 73 h
57 76 h
57 77 h
57 78 h
57 82 v
57 84 v
57 85 h
57 87 h
57 89 h
57 91 h
57 92 h
57 95 h
57 96 v
57 97 v
57 98 h
58 3 h
58 9 v
58 10 v
58 11 v
58 13 h
58 15 v
58 16 h
58 18 v
58 19 h
58 20 h
58 21 v
58 24 v
58 25 h
58 28 h
58 29 h
58 30 v
58 31 v
58 32 h
58 34 h
58 36 v
58 40 h
58 41 v
58 42 h
58 43 v
58 46 v
58 48 h
58 50 h
58 52 v
58 53 h
58 54 v
58 55 v
58 57 h
58 58 v
58 59 v
58 60 v
58 62 h
58 63 h
58 66 h
58 67 v
58 69 h
58 70 h
58 71 h
58 75 h
58 77 v
58 78 v
58 79 h
58 81 v
58 82 v
58 83 h
58 85 h
58 87 v
58 90 v
58 91 v
58 93 v
58 96 v
58 98 h
59 1 h
59 2 h
59 4 v
59 6 h
59 7 h
59 9 h
59 10 h
59 12 v
59 14 h
59 16 h
59 17 h
59 19 h
59 21 v
59 22 h
59 25 h
59 29 v
59 30 v
59 34 h
59 35 h
59 36 h
59 37 v
59 38 v
59 42 h
59 45 h
59 49 h
59 50 v
59 52 h
59 53 h
59 54 h
59 55 h
59 56 v
59 57 h
59 59 h
59 60 v
59 63 v
59 64 v
59 65 h
59 66 h
59 67 v
59 70 h
59 71 h
59 72 v
59 73 h
59 74 h
59 75 h
59 77 v
59 79 h
59 82 v
59 83 h
59 84 h
59 92 h
59 96 v
59 97 h
60 3 v
60 4 v
60 5 v
60 6 v
60 7 v
60 9 v
60 12 v
60 13 v
60 14 v
60 15 v
60 16 v
60 18 v
60 22 v
60 26 v
60 27 v
60 30 v
60 31 v
60 34 v
60 37 v
60 38 v
60 39 v
60 40 v
60 49 v
60 51 h
60 55 v
60 56 v
60 60 v
60 61 v
60 63 v
60 66 v
60 67 v
60 69 v
60 72 v
60 75 v
60 80 v
60 82 v
60 83 v
60 84 v
60 85 v
60 92 v
61 1 v
61 2 v
61 3 v
61 4 v
61 5 v
61 6 v
61 7 v
61 9 v
61 11 v
61 13 v
61 14 v
61 15 v
61 17 v
61 19 v
61 25 v
61 29 v
61 35 v
61 36 v
61 37 v
61 41 v
61 43 v
61 46 v
61 48 v
61 49 v
61 51 h
61 54 v
61 55 v
61 57 v
61 58 v
61 64 v
61 65 v
61 68 v
61 69 v
61 70 v
61 75 v
61 77 v
61 83 v
61 86 v
61 87 v
61 88 h
61 92 v
61 93 v
61 96 v
62 1 v
62 4 v
62 5 v
62 7 v
62 10 v
62 11 v
62 14 v
62 17 v
62 18 v
62 19 v
62 20 v
62 21 v
62 23 v
62 24 v
62 25 v
62 27 v
62 29 v
62 30 v
62 32 v
62 33 v
62 34 v
62 35 v
62 38 v
62 40 v
62 50 v
62 59 v
62 63 v
62 64 v
62 67 v
62 68 v
62 69 v
62 70 v
62 75 v
62 80 v
62 82 v
62 83 v
62 86 v
62 87 h
62 91 v
62 95 v
63 1 v
63 3 h
63 5 v
63 9 h
63 22 v
63 23 h
63 24 h
63 29 v
63 30 v
63 33 v
63 34 v
63 35 h
63 36 v
63 37 v
63 39 h
63 41 v
63 42 v
63 49 h
63 51 h
63 55 v
63 56 v
63 57 h
63 59 h
63 60 v
63 61 v
63 62 v
63 63 h
63 66 h
63 68 h
63 69 h
63 73 h
63 74 v
63 78 h
63 80 v
63 81 h
63 83 v
63 86 v
63 87 h
63 88 h
63 89 v
63 91 v
63 92 v
63 93 v
63 96 v
63 97 v
63 98 v
64 3 h
64 8 h
64 11 v
64 13 h
64 15 h
64 20 h
64 21 h
64 22 h
64 26 h
64 27 h
64 29 v
64 32 v
64 34 v
64 37 h
64 38 v
64 40 v
64 41 v
64 44 v
64 47 h
64 48 h
64 49 v
64 51 h
64 52 h
64 54 h
64 55 h
64 56 h
64 58 v
64 60 v
64 64 h
64 65 h
64 66 h
64 67 v
64 74 v
64 75 v
64 77 v
64 80 v
64 81 h
64 82 v
64 83 v
64 84 v
64 85 h
64 86 h
64 88 v
64 89 h
64 94 v
64 96 v
64 98 h
65 2 v
65 3 v
65 4 v
65 5 v
65 7 v
65 9 h
65 10 h
65 13 h
65 14 v
65 15 v
65 16 h
65 25 h
65 27 v
65 28 h
65 29 v
65 30 v
65 33 v
65 35 h
65 38 v
65 39 h
65 40 v
65 41 v
65 43 v
65 44 v
65 47 h
65 48 h
65 50 v
65 52 v
65 53 h
65 56 h
65 58 v
65 59 v
65 60 h
65 61 v
65 63 h
65 66 h
65 67 v
65 69 h
65 70 v
65 71 h
65 73 v
65 75 v
65 76 h
65 77 v
65 81 h
65 82 v
65 83 h
65 87 h
65 89 v
65 90 h
65 91 v
65 92 v
65 95 h
65 98 h
66 4 v
66 7 v
66 9 v
66 13 h
66 14 v
66 15 v
66 16 h
66 17 h
66 18 v
66 20 h
66 25 h
66 26 h
66 27 h
66 29 v
66 30 v
66 31 v
66 33 v
66 34 h
66 40 v
66 41 v
66 43 v
66 45 v
66 47 h
66 50 v
66 52 v
66 55 h
66 56 h
66 57 h
66 58 v
66 59 h
66 61 v
66 66 h
66 67 v
66 69 h
66 72 v
66 73 h
66 74 v
66 75 h
66 77 v
66 81 v
66 86 v
66 87 v
66 88 h
66 89 v
66 90 v
66 93 v
66 94 h
66 95 h
66 97 v
66 98 h
67 1 v
67 2 v
67 3 h
67 10 h
67 12 h
67 14 v
67 15 v
67 16 h
67 17 h
67 18 h
67 20 h
67 22 v
67 23 h
67 25 h
67 29 v
67 30 v
67 33 v
67 34 v
67 36 v
67 37 v
67 45 h
67 46 v
67 49 h
67 50 v
67 52 h
67 54 v
67 57 h
67 59 h
67 64 h
67 65 h
67 68 v
67 71 h
67 73 h
67 74 v
67 75 v
67 76 v
67 77 v
67 79 h
67 80 v
67 81 v
67 84 h
67 90 h
67 91 v
67 92 h
67 96 v
67 97 v
68 3 h
68 4 v
68 5 v
68 6 h
68 7 v
68 9 h
68 11 v
68 15 v
68 16 h
68 17 h
68 21 v
68 26 h
68 27 v
68 31 v
68 34 h
68 36 v
68 37 v
68 38 v
68 40 h
68 41 v
68 42 h
68 44 v
68 45 h
68 46 h
68 47 v
68 48 h
68 52 h
68 58 v
68 59 h
68 61 v
68 65 h
68 66 h
68 68 v
68 72 v
68 75 h
68 77 v
68 81 h
68 82 h
68 83 v
68 84 h
68 87 h
68 95 h
68 96 v
69 3 h
69 8 h
69 9 v
69 10 h
69 11 v
69 14 v
69 21 v
69 22 h
69 25 h
69 27 v
69 30 v
69 32 h
69 33 v
69 34 v
69 37 v
69 39 h
69 40 v
69 41 v
69 47 h
69 51 h
69 55 v
69 57 h
69 58 h
69 59 h
69 61 v
69 62 v
69 66 h
69 70 v
69 73 h
69 75 v
69 76 h
69 77 v
69 82 v
69 83 v
69 89 h
69 90 v
69 93 h
69 97 v
70 3 h
70 5 v
70 7 v
70 12 v
70 14 v
70 16 h
70 19 h
70 20 h
70 21 v
70 22 h
70 24 h
70 25 h
70 27 h
70 28 h
70 29 v
70 33 h
70 35 h
70 36 h
70 37 v
70 39 h
70 40 h
70 41 v
70 42 h
70 43 h
70 47 h
70 49 h
70 53 h
70 54 v
70 57 h
70 58 h
70 59 h
70 61 h
70 62 h
70 64 h
70 66 h
70 67 v
70 68 h
70 70 h
70 72 v
70 75 h
70 77 v
70 79 h
70 80 v
70 82 h
70 83 v
70 85 h
70 86 h
70 87 h
70 89 h
70 90 h
70 91 h
70 92 h
70 95 h
70 96 h
70 97 v
71 1 h
71 2 v
71 3 v
71 5 v
71 6 h
71 7 v
71 8 h
71 11 v
71 12 v
71 13 h
71 14 v
71 16 h
71 18 v
71 20 h
71 23 h
71 24 h
71 25 h
71 27 h
71 28 v
71 29 v
71 30 v
71 32 h
71 33 v
71 35 v
71 36 v
71 37 v
71 39 h
71 41 v
71 42 h
71 43 v
71 44 v
71 45 v
71 47 h
71 48 h
71 50 v
71 54 v
71 56 h
71 57 h
71 58 h
71 59 v
71 60 v
71 61 v
71 62 v
71 65 v
71 67 v
71 70 v
71 71 h
71 72 v
71 74 v
71 75 v
71 76 h
71 78 h
71 79 h
71 82 v
71 86 v
71 91 v
71 93 v
71 94 h
72 2 v
72 3 h
72 5 h
72 6 h
72 8 h
72 9 h
72 10 h
72 12 v
72 13 h
72 14 h
72 16 h
72 17 h
72 20 h
72 21 v
72 23 h
72 24 h
72 26 h
72 28 h
72 29 h
72 32 h
72 33 v
72 34 h
72 35 h
72 38 v
72 39 h
72 40 h
72 41 v
72 43 h
72 46 h
72 50 v
72 52 h
72 53 h
72 55 h
72 57 h
72 61 v
72 65 h
72 68 h
72 69 h
72 70 v
72 71 h
72 77 h
72 80 v
72 81 h
72 84 h
72 86 v
72 89 h
72 90 h
72 91 h
72 94 h
72 95 h
72 96 v
72 97 h
72 98 h
73 1 v
73 2 v
73 4 v
73 6 v
73 7 v
73 12 v
73 13 v
73 14 h
73 17 h
73 19 v
73 20 h
73 21 v
73 22 h
73 24 h
73 27 v
73 29 v
73 30 v
73 32 v
73 33 v
73 34 v
73 35 v
73 36 v
73 37 h
73 38 v
73 41 v
73 45 h
73 46 v
73 50 v
73 51 h
73 52 h
73 55 v
73 57 h
73 59 v
73 62 v
73 63 v
73 67 v
73 69 h
73 71 h
73 74 v
73 79 h
73 82 v
73 83 v
73 85 h
73 86 v
73 88 v
73 91 v
73 92 v
73 97 v
74 1 h
74 2 v
74 4 h
74 6 h
74 10 h
74 11 v
74 14 v
74 15 v
74 18 v
74 19 h
74 21 v
74 22 h
74 23 h
74 25 h
74 29 v
74 30 v
74 32 h
74 34 v
74 35 h
74 37 h
74 38 h
74 41 h
74 44 v
74 45 h
74 47 h
74 48 h
74 49 h
74 50 v
74 51 h
74 52 h
74 55 h
74 56 v
74 57 h
74 58 v
74 60 h
74 62 v
74 70 h
74 71 h
74 72 v
74 77 v
74 85 h
74 86 h
74 88 h
74 90 h
74 91 v
74 92 h
75 2 v
75 4 v
75 10 v
75 12 v
75 13 v
75 15 v
75 17 h
75 18 h
75 19 h
75 21 v
75 22 v
75 24 v
75 26 h
75 29 v
75 30 v
75 35 v
75 36 v
75 38 v
75 39 h
75 40 h
75 41 v
75 44 v
75 45 v
75 49 v
75 53 h
75 55 v
75 60 v
75 62 h
75 63 h
75 65 v
75 69 h
75 70 v
75 71 h
75 72 v
75 74 v
75 75 v
75 77 v
75 78 v
75 80 v
75 83 v
75 88 h
75 93 v
75 95 v
75 97 v
76 2 v
76 5 v
76 8 v
76 12 v
76 13 v
76 16 h
76 17 v
76 19 v
76 20 h
76 21 v
76 22 v
76 23 h
76 26 h
76 33 v
76 34 h
76 35 v
76 38 v
76 40 h
76 42 h
76 44 v
76 45 h
76 47 v
76 49 v
76 51 h
76 53 h
76 54 v
76 56 v
76 68 v
76 71 h
76 73 v
76 74 h
76 75 v
76 76 h
76 77 v
76 78 v
76 82 v
76 84 v
76 85 h
76 86 v
76 90 v
76 91 v
76 98 h
77 2 v
77 3 h
77 5 v
77 7 v
77 8 h
77 9 v
77 11 v
77 12 v
77 15 v
77 16 h
77 17 h
77 19 h
77 25 h
77 26 h
77 27 h
77 28 h
77 30 v
77 33 v
77 35 v
77 37 v
77 40 h
77 44 v
77 45 v
77 48 v
77 49 v
77 52 h
77 53 v
77 58 v
77 59 v
77 61 v
77 63 v
77 68 v
77 69 h
77 70 v
77 71 h
77 74 v
77 75 h
77 81 h
77 83 v
77 84 v
77 85 h
77 86 v
77 87 v
77 89 v
77 91 v
77 92 v
77 96 v
78 3 h
78 8 h
78 9 v
78 11 v
78 13 h
78 14 v
78 21 h
78 22 v
78 23 h
78 24 h
78 27 h
78 29 v
78 30 v
78 33 v
78 35 h
78 42 h
78 43 h
78 44 v
78 53 h
78 55 v
78 58 h
78 60 h
78 61 h
78 63 v
78 66 h
78 68 v
78 69 h
78 70 h
78 71 h
78 72 h
78 73 v
78 74 h
78 75 h
78 80 v
78 83 v
78 85 h
78 88 h
78 90 h
78 92 h
78 98 h
79 3 h
79 4 h
79 5 h
79 7 v
79 8 h
79 9 h
79 11 h
79 13 h
79 14 h
79 17 h
79 18 h
79 20 h
79 22 h
79 24 h
79 25 h
79 27 h
79 31 h
79 33 v
79 35 h
79 37 v
79 38 v
79 39 h
79 44 h
79 45 h
79 47 h
79 48 h
79 49 h
79 52 h
79 53 h
79 54 h
79 56 h
79 59 h
79 63 h
79 66 h
79 69 h
79 70 h
79 73 h
79 74 h
79 77 h
79 79 h
79 81 h
79 82 v
79 85 h
79 86 h
79 87 h
79 88 h
79 89 h
79 91 h
79 92 h
79 94 h
79 96 h
79 97 v
79 98 h
80 3 h
80 4 v
80 7 v
80 11 v
80 12 h
80 13 h
80 14 v
80 19 h
80 21 v
80 23 h
80 24 h
80 29 v
80 31 v
80 32 v
80 33 v
80 36 v
80 38 v
80 43 v
80 47 v
80 48 h
80 49 h
80 53 h
80 56 v
80 58 v
80 59 h
80 60 v
80 62 h
80 63 h
80 64 v
80 66 h
80 68 v
80 72 v
80 77 v
80 78 v
80 79 v
80 87 h
80 88 h
80 89 h
80 93 v
80 97 v
81 2 h
81 3 h
81 4 h
81 6 h
81 11 h
81 17 h
81 18 h
81 19 h
81 20 h
81 21 h
81 23 h
81 26 h
81 28 h
81 29 h
81 30 h
81 31 h
81 32 h
81 34 h
81 37 h
81 38 h
81 40 h
81 41 h
81 44 h
81 45 h
81 46 h
81 47 h
81 50 h
81 55 h
81 58 h
81 59 h
81 60 h
81 62 h
81 63 h
81 66 h
81 68 h
81 72 h
81 74 h
81 76 h
81 77 h
81 79 h
81 80 h
81 81 h
81 82 v
81 83 h
81 84 h
81 85 h
81 91 h
81 94 h
81 96 h
81 98 h
82 1 h
82 2 v
82 4 h
82 5 h
82 6 h
82 7 v
82 9 h
82 11 h
82 13 h
82 14 h
82 15 h
82 18 h
82 19 h
82 23 h
82 26 h
82 29 h
82 34 h
82 37 v
82 43 h
82 45 h
82 46 h
82 47 h
82 48 h
82 50 h
82 51 h
82 54 h
82 56 h
82 57 h
82 59 h
82 60 h
82 61 h
82 62 h
82 63 h
82 65 h
82 67 h
82 68 h
82 69 h
82 70 h
82 72 h
82 74 h
82 75 h
82 76 h
82 77 h
82 78 h
82 79 h
82 82 h
82 83 h
82 85 h
82 86 h
82 88 h
82 90 h
82 92 h
82 94 h
82 97 v
83 2 v
83 4 v
83 9 v
83 11 v
83 12 v
83 13 v
83 15 v
83 17 v
83 22 v
83 29 v
83 32 v
83 33 v
83 34 v
83 36 v
83 37 v
83 40 v
83 41 v
83 42 v
83 45 v
83 47 v
83 49 v
83 50 v
83 56 v
83 60 v
83 61 v
83 62 h
83 64 v
83 65 v
83 74 v
83 75 v
83 80 v
83 81 v
83 82 v
83 87 v
83 88 v
83 94 v
83 95 v
83 96 v
84 1 h
84 2 v
84 4 v
84 5 v
84 7 v
84 8 v
84 10 v
84 18 h
84 22 h
84 25 h
84 28 h
84 31 v
84 34 h
84 36 h
84 38 v
84 40 v
84 44 h
84 46 h
84 47 h
84 51 h
84 53 h
84 54 v
84 57 h
84 59 v
84 63 v
84 66 v
84 67 v
84 73 v
84 74 h
84 78 h
84 79 v
84 83 h
84 84 v
84 85 v
84 88 v
84 89 v
84 96 v
84 97 v
84 98 h
85 6 h
85 7 h
85 8 h
85 9 h
85 10 h
85 12 v
85 15 h
85 16 h
85 20 h
85 22 h
85 23 h
85 26 h
85 27 h
85 28 h
85 29 h
85 32 h
85 33 v
85 34 h
85 35 h
85 38 h
85 39 h
85 41 h
85 42 h
85 44 h
85 45 h
85 49 h
85 50 h
85 51 h
85 52 h
85 54 h
85 56 h
85 59 h
85 60 h
85 66 h
85 68 h
85 70 v
85 71 h
85 73 h
85 74 h
85 76 h
85 78 h
85 81 h
85 82 h
85 86 h
85 87 h
85 88 h
85 93 h
85 95 h
85 96 h
85 97 h
86 7 v
86 9 v
86 11 v
86 13 v
86 14 v
86 16 h
86 17 v
86 18 v
86 19 h
86 22 v
86 26 h
86 27 v
86 29 v
86 34 v
86 36 v
86 38 v
86 41 v
86 45 h
86 50 v
86 52 h
86 54 v
86 55 v
86 56 v
86 60 v
86 62 h
86 63 h
86 64 h
86 68 v
86 69 h
86 70 v
86 72 v
86 73 v
86 75 v
86 76 h
86 79 v
86 80 v
86 81 v
86 82 v
86 84 v
86 87 v
86 90 v
86 92 v
86 93 v
86 95 v
86 97 v
86 98 h
87 1 v
87 2 v
87 5 v
87 7 v
87 9 v
87 14 v
87 15 v
87 16 v
87 19 v
87 22 v
87 23 v
87 24 v
87 33 v
87 36 v
87 37 v
87 39 h
87 42 v
87 43 v
87 44 v
87 45 v
87 48 v
87 50 v
87 52 v
87 54 v
87 56 v
87 63 v
87 65 v
87 67 v
87 69 v
87 70 v
87 74 v
87 76 v
87 77 v
87 78 v
87 80 v
87 81 v
87 82 v
87 85 h
87 87 v
87 89 v
87 91 v
87 93 v
87 98 h
88 1 h
88 4 h
88 5 h
88 8 h
88 11 h
88 13 h
88 20 h
88 21 v
88 24 h
88 25 h
88 26 h
88 27 h
88 28 h
88 30 h
88 33 h
88 35 h
88 36 h
88 39 h
88 41 h
88 43 h
88 45 h
88 47 h
88 48 h
88 49 h
88 50 v
88 54 h
88 56 h
88 57 h
88 58 h
88 60 h
88 62 h
88 63 h
88 66 h
88 68 v
88 71 h
88 72 h
88 75 h
88 77 h
88 80 h
88 81 h
88 84 h
88 85 h
88 91 h
88 94 h
88 95 h
88 96 h
88 98 h
89 1 h
89 3 h
89 7 h
89 10 h
89 14 h
89 15 v
89 18 h
89 19 h
89 20 h
89 21 v
89 22 h
89 23 h
89 26 h
89 27 h
89 28 h
89 30 h
89 32 h
89 33 v
89 35 h
89 36 h
89 38 v
89 40 h
89 42 h
89 43 v
89 46 h
89 48 h
89 50 v
89 52 h
89 53 h
89 57 h
89 59 h
89 62 h
89 64 h
89 65 h
89 73 h
89 74 h
89 75 v
89 76 h
89 77 h
89 80 h
89 81 h
89 82 h
89 83 v
89 85 h
89 86 h
89 87 h
89 88 h
89 92 h
89 93 v
89 95 h
89 96 v
89 98 h
90 2 v
90 3 v
90 4 v
90 5 v
90 6 h
90 8 h
90 9 h
90 10 v
90 11 v
90 12 v
90 15 v
90 19 h
90 21 v
90 22 v
90 24 h
90 27 v
90 28 h
90 29 v
90 31 v
90 32 h
90 34 h
90 36 v
90 37 v
90 40 v
90 41 v
90 43 v
90 45 h
90 46 v
90 48 h
90 49 h
90 51 v
90 53 v
90 56 v
90 58 v
90 66 h
90 67 v
90 69 v
90 72 h
90 73 h
90 75 v
90 76 h
90 77 v
90 78 h
90 79 v
90 81 h
90 84 h
90 85 h
90 87 h
90 88 h
90 90 h
90 92 v
90 93 v
90 98 h
91 2 h
91 3 h
91 5 h
91 9 h
91 11 h
91 14 v
91 16 h
91 17 h
91 18 h
91 20 h
91 24 h
91 25 h
91 34 h
91 35 h
91 36 h
91 37 h
91 40 h
91 42 h
91 43 h
91 46 h
91 48 h
91 51 h
91 55 h
91 56 h
91 58 h
91 59 h
91 60 h
91 61 h
91 62 h
91 63 h
91 64 h
91 65 h
91 66 h
91 67 h
91 69 h
91 71 h
91 74 v
91 77 v
91 78 h
91 80 v
91 81 v
91 83 h
91 84 h
91 85 h
91 88 h
91 89 h
91 90 h
91 91 h
91 94 h
91 97 h
92 2 v
92 4 h
92 6 h
92 7 v
92 13 h
92 14 v
92 17 h
92 21 v
92 23 h
92 25 h
92 28 h
92 29 v
92 32 h
92 33 h
92 35 h
92 36 v
92 37 h
92 39 h
92 40 h
92 42 v
92 43 v
92 44 h
92 46 v
92 48 h
92 49 h
92 50 v
92 51 h
92 54 v
92 57 h
92 62 h
92 64 h
92 66 h
92 67 v
92 68 h
92 69 h
92 70 h
92 71 h
92 72 v
92 78 h
92 79 h
92 84 v
92 86 h
92 87 h
92 88 v
92 92 h
92 97 v
92 98 h
93 2 h
93 4 h
93 8 h
93 11 v
93 13 h
93 15 v
93 20 h
93 21 h
93 25 h
93 26 h
93 28 h
93 29 v
93 32 h
93 37 h
93 38 h
93 39 h
93 41 v
93 42 h
93 44 h
93 45 h
93 50 v
93 51 h
93 52 h
93 54 h
93 55 h
93 56 h
93 57 h
93 58 h
93 60 v
93 61 h
93 62 v
93 64 h
93 65 h
93 67 h
93 69 h
93 70 h
93 71 h
93 73 h
93 76 h
93 80 h
93 82 v
93 83 h
93 84 h
93 85 h
93 87 h
93 89 h
93 90 h
93 92 h
93 93 h
93 95 h
93 96 h
93 97 h
94 1 v
94 7 v
94 8 h
94 9 v
94 14 v
94 16 h
94 17 v
94 18 h
94 20 h
94 21 v
94 24 h
94 26 v
94 34 h
94 39 h
94 42 v
94 44 v
94 46 v
94 48 h
94 51 h
94 52 h
94 53 h
94 57 h
94 61 v
94 62 h
94 64 v
94 65 v
94 66 h
94 67 v
94 68 h
94 71 v
94 72 v
94 73 v
94 74 v
94 76 h
94 77 v
94 80 v
94 81 v
94 82 v
94 84 v
94 85 v
94 88 h
94 89 v
94 91 v
94 93 v
94 94 v
94 95 v
95 2 h
95 6 v
95 7 v
95 10 h
95 11 v
95 12 v
95 13 h
95 15 v
95 21 v
95 23 h
95 25 v
95 29 v
95 32 v
95 33 v
95 36 v
95 37 h
95 40 v
95 41 v
95 51 h
95 52 v
95 54 v
95 55 v
95 58 h
95 61 v
95 66 h
95 67 h
95 68 h
95 69 h
95 72 v
95 74 v
95 79 h
95 80 v
95 81 h
95 83 v
95 90 v
95 91 v
95 95 v
95 97 v
96 1 h
96 4 h
96 5 v
96 9 h
96 10 h
96 20 h
96 21 h
96 22 h
96 24 h
96 25 h
96 27 h
96 30 v
96 33 v
96 35 h
96 37 v
96 39 h
96 40 h
96 41 h
96 42 h
96 43 v
96 48 h
96 50 v
96 57 h
96 58 v
96 60 h
96 61 v
96 62 v
96 64 h
96 65 h
96 69 h
96 70 v
96 72 v
96 73 h
96 75 h
96 76 h
96 81 h
96 82 h
96 87 h
96 89 h
96 95 h
96 96 h
96 98 v
97 4 v
97 6 h
97 10 h
97 12 v
97 15 h
97 16 v
97 17 h
97 19 v
97 27 v
97 29 v
97 30 v
97 32 v
97 33 v
97 34 h
97 35 h
97 36 v
97 38 v
97 40 v
97 42 v
97 43 h
97 46 v
97 48 v
97 50 v
97 51 h
97 55 v
97 57 v
97 61 v
97 64 h
97 68 v
97 70 v
97 71 h
97 75 h
97 82 v
97 83 v
97 92 h
97 94 v
97 96 v
