2007315.364036
2007261
1 1 v
1 2 v
1 4 v
1 10 v
1 12 h
1 13 v
1 16 v
1 21 v
1 24 v
1 27 v
1 28 v
1 29 v
1 35 v
1 36 v
1 39 v
1 41 v
1 42 v
1 46 v
1 56 v
1 59 v
1 60 v
1 61 v
1 63 v
1 65 v
1 66 v
1 67 v
2 3 h
2 4 v
2 5 h
2 7 v
2 9 h
2 10 v
2 12 h
2 15 h
2 18 v
2 24 h
2 25 v
2 30 v
2 31 h
2 34 v
2 35 h
2 41 h
2 42 h
2 44 h
2 48 h
2 53 h
2 56 h
2 57 h
2 58 h
2 59 v
2 60 h
2 61 v
2 62 h
2 63 h
2 64 h
2 68 h
2 69 v
3 2 h
3 3 h
3 5 h
3 6 h
3 8 h
3 13 h
3 14 h
3 21 h
3 22 h
3 24 h
3 32 v
3 33 h
3 34 v
3 35 h
3 37 h
3 39 h
3 43 h
3 44 h
3 45 h
3 46 v
3 48 v
3 52 h
3 54 v
3 56 h
3 57 h
3 59 h
3 60 h
3 61 v
3 64 h
3 65 h
3 66 v
3 69 v
4 1 v
4 2 v
4 3 h
4 4 v
4 7 v
4 8 h
4 10 v
4 12 h
4 13 v
4 14 v
4 15 v
4 18 v
4 21 v
4 24 h
4 25 v
4 28 v
4 29 h
4 30 v
4 32 v
4 34 v
4 37 h
4 38 v
4 40 h
4 41 h
4 47 v
4 50 v
4 54 h
4 57 h
4 59 v
4 60 h
4 61 v
4 68 h
4 69 v
5 3 h
5 5 h
5 6 h
5 7 h
5 9 h
5 10 v
5 11 h
5 12 h
5 14 h
5 19 v
5 21 v
5 26 h
5 28 h
5 31 h
5 38 h
5 40 h
5 42 h
5 43 h
5 44 h
5 46 h
5 47 v
5 48 v
5 52 h
5 55 h
5 58 h
5 60 h
5 62 h
5 65 h
5 66 h
5 67 v
5 68 h
6 1 h
6 2 v
6 4 h
6 6 h
6 7 v
6 8 h
6 12 h
6 13 h
6 17 h
6 18 v
6 21 v
6 26 h
6 29 v
6 30 h
6 31 h
6 34 h
6 35 v
6 36 h
6 37 h
6 39 v
6 41 h
6 45 h
6 47 v
6 49 v
6 52 h
6 55 h
6 56 h
6 58 h
6 59 h
6 61 v
6 62 h
6 63 h
6 65 h
6 66 v
6 68 h
7 3 v
7 4 v
7 5 h
7 9 v
7 11 v
7 14 v
7 15 v
7 16 v
7 17 h
7 18 v
7 21 v
7 22 v
7 24 h
7 25 v
7 27 h
7 28 v
7 29 v
7 30 v
7 31 h
7 33 v
7 34 v
7 35 v
7 37 h
7 38 v
7 47 v
7 50 v
7 51 v
7 53 v
7 57 v
7 60 v
7 62 h
7 63 v
7 68 v
7 69 v
8 1 v
8 2 v
8 4 v
8 5 h
8 7 v
8 8 h
8 13 v
8 16 v
8 17 h
8 18 v
8 19 v
8 21 v
8 22 v
8 23 v
8 24 h
8 25 v
8 26 v
8 27 v
8 28 v
8 29 v
8 30 v
8 38 v
8 39 v
8 41 v
8 43 v
8 44 h
8 46 v
8 48 v
8 51 v
8 53 h
8 55 h
8 61 v
8 64 v
8 65 v
8 67 v
8 69 v
9 4 v
9 8 v
9 9 v
9 10 v
9 12 h
9 13 v
9 14 v
9 16 v
9 19 v
9 21 v
9 23 v
9 28 v
9 31 h
9 34 v
9 35 v
9 38 v
9 39 v
9 44 v
9 45 v
9 46 v
9 48 v
9 49 v
9 56 h
9 58 v
9 63 v
9 64 h
9 65 v
9 68 v
9 69 v
10 1 v
10 2 v
10 7 v
10 10 v
10 12 h
10 13 v
10 15 h
10 17 h
10 18 v
10 19 v
10 20 v
10 24 v
10 26 h
10 39 v
10 43 v
10 45 h
10 46 v
10 48 v
10 51 v
10 58 h
10 59 v
10 65 v
10 66 v
10 69 v
11 1 h
11 6 h
11 7 v
11 9 h
11 12 h
11 13 v
11 15 h
11 16 h
11 20 v
11 25 v
11 27 h
11 28 v
11 29 v
11 30 v
11 33 h
11 34 h
11 35 v
11 36 h
11 38 v
11 40 h
11 41 v
11 42 v
11 43 v
11 49 h
11 50 h
11 52 v
11 53 h
11 59 v
11 60 h
11 63 h
11 66 h
11 69 v
12 1 h
12 2 v
12 3 h
12 4 v
12 6 h
12 7 v
12 10 v
12 14 v
12 15 h
12 17 v
12 18 v
12 19 v
12 21 v
12 23 v
12 25 v
12 28 v
12 29 h
12 30 v
12 40 h
12 42 v
12 48 v
12 55 h
12 57 h
12 59 v
12 63 h
12 66 v
12 67 v
12 69 v
13 1 v
13 4 v
13 7 v
13 8 h
13 14 v
13 18 v
13 19 v
13 20 v
13 22 v
13 23 v
13 24 h
13 25 v
13 27 h
13 28 v
13 32 v
13 35 v
13 38 v
13 39 v
13 41 v
13 47 v
13 49 v
13 50 v
13 51 v
13 52 v
13 54 v
13 55 h
13 57 h
13 62 h
13 63 v
13 64 h
13 66 v
14 1 h
14 2 h
14 3 h
14 4 v
14 6 h
14 7 h
14 8 h
14 9 h
14 13 v
14 14 h
14 15 h
14 20 v
14 23 h
14 24 h
14 25 v
14 26 h
14 29 h
14 30 v
14 31 h
14 32 v
14 36 h
14 38 h
14 39 h
14 40 h
14 41 h
14 42 h
14 46 v
14 47 v
14 50 v
14 51 h
14 52 h
14 54 h
14 56 h
14 58 h
14 59 v
14 60 h
14 62 h
14 65 h
14 66 h
14 67 v
14 68 h
15 1 h
15 4 v
15 12 h
15 14 h
15 15 h
15 16 v
15 19 v
15 20 v
15 23 v
15 26 h
15 29 h
15 30 v
15 32 h
15 34 v
15 35 v
15 36 h
15 37 h
15 38 v
15 40 h
15 42 v
15 45 h
15 46 v
15 49 v
15 50 h
15 52 v
15 54 v
15 61 v
15 63 h
15 64 h
15 65 v
15 69 v
16 1 v
16 3 h
16 6 h
16 10 v
16 11 h
16 12 h
16 14 h
16 16 v
16 17 h
16 18 v
16 19 v
16 22 v
16 24 h
16 25 v
16 30 v
16 34 v
16 37 h
16 39 v
16 40 h
16 42 h
16 43 v
16 45 h
16 46 v
16 47 v
16 49 v
16 50 h
16 52 h
16 54 v
16 55 h
16 56 h
16 57 h
16 58 h
16 64 h
16 65 v
16 67 h
16 69 v
17 2 v
17 6 h
17 7 h
17 8 h
17 9 h
17 14 h
17 15 h
17 16 h
17 18 h
17 21 h
17 24 h
17 28 v
17 29 h
17 31 h
17 32 v
17 33 h
17 35 h
17 36 h
17 39 h
17 40 h
17 41 h
17 43 h
17 45 h
17 46 v
17 47 v
17 48 v
17 50 h
17 52 v
17 55 h
17 57 h
17 58 h
17 59 v
17 60 h
17 62 h
17 65 h
17 66 h
17 67 h
17 68 h
17 69 v
18 1 v
18 2 h
18 3 h
18 6 h
18 10 v
18 11 h
18 12 h
18 13 v
18 25 v
18 26 h
18 27 h
18 28 h
18 29 h
18 30 v
18 31 h
18 32 v
18 34 h
18 36 h
18 37 h
18 38 h
18 39 h
18 45 h
18 46 v
18 47 v
18 48 v
18 49 v
18 53 h
18 54 v
18 56 h
18 58 h
18 60 h
18 61 v
18 62 h
18 63 h
18 65 h
18 68 h
18 69 v
19 1 h
19 3 h
19 7 h
19 10 h
19 13 h
19 14 h
19 16 v
19 19 v
19 22 v
19 25 v
19 27 h
19 28 v
19 30 h
19 31 h
19 33 h
19 34 v
19 35 h
19 36 h
19 37 h
19 38 h
19 42 h
19 44 h
19 45 h
19 46 v
19 47 v
19 49 h
19 51 v
19 53 h
19 55 h
19 56 h
19 58 h
19 61 v
19 62 h
19 64 h
19 66 v
19 68 h
19 69 v
20 2 h
20 4 v
20 5 h
20 7 h
20 8 h
20 10 v
20 11 h
20 13 v
20 14 h
20 19 v
20 21 v
20 22 h
20 23 h
20 25 v
20 27 h
20 28 v
20 29 h
20 31 h
20 32 v
20 33 h
20 38 h
20 39 h
20 42 v
20 45 h
20 46 h
20 51 h
20 56 h
20 58 h
20 59 v
20 64 h
20 66 v
20 69 v
21 3 h
21 4 v
21 6 h
21 7 h
21 8 h
21 10 v
21 11 h
21 13 v
21 14 h
21 17 h
21 20 v
21 21 h
21 22 v
21 24 h
21 28 v
21 29 h
21 32 h
21 33 h
21 51 v
21 53 h
21 54 v
21 56 h
21 59 v
21 60 h
21 64 h
21 67 v
21 69 v
22 3 h
22 6 h
22 7 h
22 9 h
22 10 v
22 12 h
22 14 h
22 15 h
22 16 h
22 17 h
22 18 h
22 20 v
22 21 h
22 24 h
22 25 v
22 26 h
22 27 h
22 30 v
22 31 h
22 51 v
22 52 h
22 54 h
22 56 h
22 57 h
22 60 h
22 62 h
22 63 h
22 64 h
22 66 v
22 67 h
22 68 h
22 69 v
23 1 h
23 3 h
23 4 h
23 7 h
23 9 h
23 12 h
23 14 h
23 15 h
23 16 h
23 17 h
23 24 h
23 25 v
23 27 h
23 28 h
23 29 h
23 30 v
23 31 h
23 33 h
23 51 v
23 52 h
23 54 h
23 57 h
23 60 h
23 65 h
23 66 h
23 69 v
24 1 h
24 4 v
24 5 h
24 6 h
24 8 h
24 10 v
24 11 h
24 12 h
24 14 v
24 15 h
24 17 h
24 19 v
24 23 h
24 25 v
24 26 h
24 27 h
24 28 v
24 30 v
24 31 h
24 51 v
24 59 h
24 60 h
24 68 h
24 69 v
25 3 h
25 4 h
25 5 h
25 6 h
25 8 h
25 10 v
25 11 h
25 12 h
25 14 h
25 15 h
25 17 h
25 20 h
25 22 h
25 23 h
25 24 h
25 25 v
25 30 h
25 31 h
25 52 h
25 53 h
25 54 h
25 55 h
25 58 h
25 60 h
25 64 h
25 68 h
25 69 v
26 1 h
26 2 h
26 5 h
26 6 v
26 9 h
26 13 v
26 14 h
26 16 h
26 21 h
26 22 v
26 29 h
26 30 v
26 31 h
26 32 h
26 33 h
26 51 v
26 53 h
26 55 h
26 57 h
26 64 h
26 67 v
27 1 h
27 3 v
27 5 h
27 12 v
27 14 v
27 16 v
27 17 v
27 20 v
27 21 v
27 23 v
27 27 h
27 28 v
27 30 v
28 4 h
28 8 h
28 10 h
28 11 h
28 13 h
28 15 h
28 16 h
28 17 h
28 23 h
28 24 h
28 25 h
28 26 h
28 29 h
28 30 v
28 31 h
28 32 h
29 1 h
29 2 v
29 4 v
29 6 h
29 7 v
29 10 v
29 11 v
29 14 v
29 16 v
29 18 v
29 20 v
29 21 v
29 22 v
29 25 v
29 29 v
30 1 h
30 5 h
30 8 h
30 9 h
30 10 v
30 11 h
30 14 h
30 16 h
30 18 h
30 19 h
30 21 h
30 23 h
30 24 h
30 26 h
30 27 h
30 29 h
30 33 h
31 3 h
31 4 v
31 8 v
31 11 v
31 12 h
31 13 v
31 15 v
31 16 v
31 18 v
31 20 v
31 21 v
31 26 h
31 27 h
31 28 v
31 32 v
32 1 h
32 3 h
32 6 v
32 8 h
32 10 h
32 11 h
32 12 h
32 18 h
32 20 h
32 21 h
32 22 h
32 24 h
32 26 h
32 30 v
32 31 h
33 1 v
33 2 v
33 9 v
33 10 v
33 11 h
33 12 h
33 14 v
33 15 v
33 16 v
33 18 v
33 19 v
33 24 v
33 28 v
33 30 v
33 32 v
34 2 h
34 3 h
34 5 h
34 6 h
34 8 h
34 10 v
34 13 h
34 14 v
34 15 v
34 18 v
34 20 v
34 22 v
34 23 v
34 31 h
34 32 v
34 33 v
35 1 h
35 2 h
35 4 v
35 7 h
35 8 h
35 15 h
35 19 v
35 22 h
35 24 h
35 29 h
35 31 h
35 32 v
35 33 h
36 2 v
36 3 h
36 4 v
36 5 h
36 6 h
36 7 v
36 8 h
36 11 h
36 13 v
36 17 v
36 21 v
36 23 v
36 24 h
36 26 h
36 28 v
36 29 v
36 30 v
36 31 v
37 3 h
37 5 h
37 6 h
37 8 h
37 9 h
37 10 v
37 12 h
37 13 v
37 14 v
37 16 v
37 17 h
37 19 v
37 21 v
37 26 h
37 27 h
37 29 v
37 30 v
37 33 h
38 1 v
38 19 v
38 21 v
38 24 h
38 26 h
38 29 v
38 30 v
38 31 h
38 33 h
38 42 h
38 46 v
38 49 v
38 50 h
38 51 v
38 53 h
38 55 h
38 57 h
38 58 h
38 59 v
38 60 h
38 70 v
38 72 h
38 73 v
38 76 v
38 79 h
38 80 v
38 81 h
38 83 h
38 84 v
38 85 h
38 91 h
39 19 v
39 21 h
39 22 h
39 23 h
39 24 h
39 25 v
39 26 h
39 27 h
39 28 h
39 29 h
39 32 h
39 33 h
39 42 v
39 44 h
39 48 h
39 49 h
39 53 h
39 55 h
39 60 v
39 69 v
39 70 h
39 71 h
39 72 h
39 73 h
39 74 h
39 76 h
39 77 h
39 80 v
39 81 h
39 84 h
39 85 h
39 88 h
39 91 h
39 92 h
40 19 v
40 21 v
40 22 h
40 23 h
40 24 h
40 25 h
40 26 h
40 29 h
40 32 h
40 42 v
40 43 h
40 44 h
40 45 h
40 48 v
40 49 h
40 50 h
40 54 v
40 57 h
40 69 v
40 71 h
40 73 h
40 77 h
40 78 h
40 79 h
40 80 v
40 83 h
40 84 h
40 88 v
40 89 h
40 92 h
41 19 v
41 23 h
41 24 v
41 25 v
41 27 v
41 28 v
41 31 h
41 32 v
41 42 v
41 44 v
41 46 v
41 47 h
41 51 v
41 52 v
41 53 v
41 59 v
41 60 v
41 70 h
41 71 h
41 73 v
41 75 v
41 78 v
41 80 v
41 82 v
41 84 v
41 85 v
41 86 v
41 88 v
42 20 v
42 23 v
42 28 v
42 30 v
42 31 h
42 32 v
42 42 v
42 43 h
42 44 v
42 47 v
42 50 v
42 51 v
42 52 v
42 53 v
42 57 h
42 59 v
42 60 v
42 69 v
42 72 v
42 77 h
42 78 v
42 82 v
42 88 v
42 91 v
43 19 v
43 20 h
43 24 h
43 27 h
43 28 h
43 33 h
43 42 v
43 47 v
43 48 h
43 49 h
43 50 h
43 52 h
43 54 h
43 55 h
43 56 h
43 57 h
43 59 v
43 60 v
43 69 v
43 70 h
43 74 h
43 77 h
43 80 v
43 81 h
43 85 h
43 86 h
43 87 h
43 88 v
43 91 h
43 92 h
44 19 v
44 22 v
44 23 h
44 28 h
44 30 v
44 33 h
44 42 v
44 45 h
44 48 v
44 49 v
44 50 v
44 52 v
44 53 h
44 55 h
44 57 h
44 58 h
44 60 v
44 69 v
44 70 h
44 71 h
44 74 h
44 75 h
44 76 h
44 77 h
44 78 v
44 79 h
44 81 h
44 82 h
44 83 h
44 85 h
44 86 h
44 91 h
44 92 v
45 19 v
45 21 h
45 22 h
45 23 h
45 24 h
45 26 h
45 27 h
45 28 v
45 29 h
45 31 h
45 33 h
45 43 h
45 45 h
45 46 v
45 52 h
45 53 h
45 60 v
45 69 v
45 71 h
45 73 v
45 74 h
45 75 h
45 77 h
45 78 h
45 83 h
45 84 h
45 85 v
45 86 h
45 90 h
45 91 h
46 19 v
46 22 v
46 25 v
46 32 v
46 33 h
46 42 v
46 44 v
46 45 v
46 49 v
46 52 v
46 53 h
46 60 v
46 69 v
46 70 v
46 75 v
46 77 v
47 21 h
47 22 h
47 25 v
47 27 h
47 30 v
47 32 v
47 42 v
47 43 h
47 45 h
47 69 v
47 73 v
47 74 h
47 75 h
47 77 h
47 80 v
47 81 h
47 83 h
47 87 h
47 88 h
47 89 h
47 90 h
47 91 h
47 92 v
48 19 v
48 20 v
48 23 v
48 24 h
48 25 v
48 26 h
48 30 v
48 32 v
48 44 v
48 45 h
48 69 v
48 70 v
48 72 v
48 73 v
48 74 v
48 75 v
48 76 v
48 78 v
48 80 v
48 82 v
48 84 v
48 85 v
48 87 v
48 88 v
48 89 v
48 90 h
48 91 v
48 92 v
49 19 v
49 23 h
49 25 v
49 31 h
49 33 h
49 42 v
49 45 v
49 69 v
49 71 h
49 73 v
49 75 v
49 76 h
49 77 h
49 78 h
49 79 h
49 81 h
49 82 h
49 83 h
49 85 h
49 86 h
49 88 v
49 89 h
49 90 h
49 91 h
49 92 v
50 20 v
50 23 v
50 26 h
50 27 h
50 29 v
50 32 v
50 33 h
50 42 v
50 69 v
50 70 v
50 74 h
50 75 v
50 81 h
50 90 h
50 91 v
50 92 v
51 19 v
51 20 v
51 22 v
51 23 h
51 25 v
51 26 h
51 28 h
51 30 v
51 31 h
51 32 v
51 42 v
51 69 v
51 72 h
51 73 v
51 79 h
51 83 h
51 85 h
51 87 v
51 88 v
51 89 h
51 90 h
52 3 h
52 7 v
52 14 v
52 20 v
52 21 v
52 25 v
52 29 v
52 30 v
52 32 v
52 35 v
52 42 v
52 44 v
52 69 v
52 72 v
52 75 v
52 81 h
52 82 v
52 84 v
52 85 v
52 86 v
52 88 v
52 89 v
53 2 v
53 3 h
53 4 v
53 8 h
53 11 h
53 13 v
53 15 h
53 16 h
53 17 h
53 18 v
53 19 v
53 22 v
53 23 h
53 24 h
53 26 h
53 27 h
53 32 v
53 40 h
53 41 v
53 42 v
53 43 h
53 44 h
53 45 h
53 46 h
53 69 v
53 72 h
53 73 v
53 78 v
53 79 h
53 80 v
53 81 h
53 82 h
53 84 h
53 85 h
53 86 h
53 87 v
53 88 h
53 91 h
54 1 h
54 2 v
54 4 v
54 6 h
54 7 h
54 9 v
54 10 v
54 12 h
54 16 v
54 17 h
54 24 v
54 25 v
54 33 h
54 37 h
54 39 v
54 41 v
54 42 v
54 44 h
54 45 v
54 69 v
54 73 v
54 74 h
54 75 h
54 79 h
54 81 h
54 86 h
54 92 v
55 1 h
55 2 h
55 3 h
55 4 v
55 5 h
55 9 h
55 10 v
55 11 h
55 12 h
55 14 h
55 16 h
55 17 h
55 19 h
55 20 h
55 21 h
55 22 h
55 23 h
55 24 h
55 27 h
55 29 h
55 30 v
55 32 h
55 34 v
55 35 h
55 36 h
55 37 h
55 38 h
55 39 h
55 40 h
55 45 h
55 47 v
55 51 h
55 53 h
55 54 h
55 57 h
55 60 h
55 61 v
55 62 h
55 63 h
55 65 h
55 66 h
55 67 v
55 69 h
55 71 h
55 72 h
55 74 h
55 75 h
55 76 h
55 77 h
55 79 h
55 80 v
55 83 h
55 86 h
55 92 v
56 1 h
56 4 h
56 6 h
56 7 v
56 8 h
56 16 v
56 17 h
56 19 v
56 20 v
56 22 v
56 26 h
56 34 v
56 38 h
56 39 h
56 42 v
56 47 v
56 53 h
56 54 h
56 55 h
56 60 h
56 62 h
56 64 h
56 66 h
56 69 h
56 70 v
56 71 h
56 72 h
56 75 h
56 76 h
56 78 v
56 79 h
56 80 v
56 83 h
56 85 h
56 86 h
56 89 h
56 91 h
57 2 h
57 4 v
57 6 h
57 11 v
57 13 v
57 14 h
57 17 h
57 18 v
57 19 v
57 20 v
57 21 v
57 23 v
57 26 h
57 27 h
57 31 h
57 32 v
57 34 v
57 35 v
57 36 v
57 40 h
57 43 v
57 46 h
57 48 v
57 49 v
57 52 h
57 54 h
57 58 h
57 60 h
57 65 v
57 66 v
57 67 v
57 72 h
57 73 v
57 78 v
57 84 v
57 86 v
57 87 v
57 88 h
57 89 h
58 1 h
58 3 h
58 4 v
58 5 h
58 6 h
58 7 h
58 8 h
58 9 h
58 10 h
58 13 h
58 56 h
58 57 h
58 58 h
58 62 h
58 63 v
58 64 h
58 66 v
58 67 v
58 73 v
58 74 v
58 75 v
58 76 v
58 77 h
58 79 h
58 80 v
58 85 v
58 87 v
58 89 h
58 91 h
59 7 h
59 8 h
59 10 v
59 12 h
59 13 v
59 14 v
59 58 h
59 61 v
59 62 h
59 65 v
59 66 v
59 67 v
59 70 v
59 71 h
59 76 v
59 78 v
59 88 v
59 89 h
59 91 v
59 92 v
60 2 v
60 4 v
60 7 v
60 10 v
60 13 v
60 14 h
60 57 h
60 58 v
60 61 v
60 62 h
60 63 v
60 68 h
60 75 v
60 80 h
60 82 h
60 84 v
60 86 v
60 87 v
60 88 v
60 90 h
60 92 v
61 3 h
61 4 v
61 8 h
61 9 v
61 12 h
61 14 v
61 57 h
61 58 h
61 59 h
61 61 v
61 64 h
61 65 v
61 69 v
61 70 v
61 73 v
61 75 h
61 76 h
61 78 v
61 80 v
61 82 h
61 83 h
61 84 v
61 85 h
61 86 h
61 87 v
61 91 h
61 92 v
62 1 h
62 7 v
62 9 v
62 11 v
62 13 v
62 14 h
62 56 v
62 59 v
62 61 v
62 62 h
62 64 h
62 66 h
62 68 h
62 69 h
62 71 h
62 72 h
62 75 h
62 76 h
62 78 h
62 85 h
62 86 h
62 89 h
62 92 v
63 2 h
63 3 h
63 4 v
63 6 h
63 8 h
63 9 h
63 10 v
63 14 h
63 63 h
63 65 h
63 66 v
63 68 h
63 69 h
63 74 h
63 75 h
63 76 h
63 78 h
63 79 h
63 80 v
63 82 h
63 85 h
63 87 v
63 88 h
63 89 h
63 91 h
63 92 v
64 1 h
64 2 v
64 4 v
64 5 h
64 10 v
64 12 h
64 13 v
64 14 h
64 16 v
64 20 v
64 23 v
64 27 h
64 28 h
64 59 v
64 60 v
64 66 h
64 67 v
64 68 h
64 69 h
64 70 v
64 75 h
64 76 h
64 80 v
64 83 h
64 86 h
64 91 h
64 92 v
65 1 h
65 2 h
65 3 h
65 4 h
65 6 h
65 8 h
65 11 h
65 12 h
65 13 h
65 15 h
65 16 h
65 17 h
65 18 v
65 19 h
65 20 h
65 22 h
65 24 h
65 25 v
65 27 h
65 29 h
65 30 v
65 31 h
65 32 v
65 58 h
65 59 v
65 60 h
65 61 h
65 63 h
65 65 h
65 66 v
65 67 h
65 69 h
65 70 h
65 71 h
65 72 h
65 73 v
65 77 h
65 78 h
65 79 h
65 84 h
65 86 h
65 88 v
65 92 v
66 1 h
66 2 h
66 3 h
66 4 v
66 5 h
66 7 h
66 8 h
66 10 v
66 13 h
66 14 h
66 16 h
66 18 v
66 20 v
66 21 h
66 22 h
66 23 h
66 25 h
66 27 h
66 28 h
66 29 h
66 31 h
66 33 h
66 58 h
66 59 v
66 62 h
66 65 h
66 67 v
66 68 h
66 70 h
66 71 h
66 73 h
66 74 h
66 76 h
66 77 h
66 78 h
66 80 v
66 81 h
66 83 h
66 84 h
66 89 h
66 91 h
66 92 h
67 2 v
67 3 h
67 12 h
67 13 v
67 14 v
67 15 h
67 16 h
67 19 v
67 20 v
67 23 h
67 28 h
67 30 v
67 31 h
67 32 v
67 33 h
67 37 v
67 38 h
67 39 h
67 40 h
67 41 v
67 42 v
67 57 h
67 58 h
67 59 h
67 63 h
67 65 h
67 66 v
67 67 v
67 68 h
67 69 h
67 70 v
67 73 h
67 75 v
67 76 h
67 78 v
67 79 h
67 81 h
67 82 h
67 83 h
67 86 h
67 87 h
67 92 v
68 6 v
68 7 v
68 9 v
68 11 v
68 14 v
68 16 v
68 20 v
68 21 v
68 22 v
68 24 v
68 27 v
68 32 v
68 37 v
68 40 h
68 56 v
68 57 v
68 59 v
68 60 v
68 61 v
68 63 v
68 67 v
68 69 v
68 70 v
68 72 v
68 73 v
68 74 v
68 76 v
68 79 h
68 80 v
68 82 v
68 85 v
68 86 v
68 87 v
68 92 v
69 3 h
69 8 v
69 11 v
69 12 h
69 13 v
69 14 v
69 16 v
69 17 h
69 18 v
69 19 v
69 20 v
69 25 v
69 27 h
69 28 h
69 31 h
69 33 h
69 38 v
69 40 h
69 42 v
69 56 h
69 58 h
69 62 h
69 71 h
69 73 v
69 75 h
69 79 h
69 80 v
69 82 h
69 84 v
69 87 v
69 88 v
69 90 h
69 92 v
70 2 h
70 4 v
70 6 h
70 10 v
70 11 h
70 12 h
70 13 h
70 16 h
70 19 h
70 20 v
70 22 h
70 23 h
70 26 h
70 27 h
70 29 h
70 30 v
70 32 v
70 41 h
70 42 v
70 56 h
70 57 h
70 58 h
70 59 v
70 60 h
70 61 h
70 63 h
70 65 h
70 67 h
70 68 h
70 69 h
70 70 h
70 72 h
70 73 v
70 76 h
70 78 h
70 81 h
70 82 h
70 83 h
70 85 h
70 86 h
70 87 v
70 88 h
70 90 h
71 3 h
71 4 h
71 7 h
71 9 h
71 12 h
71 13 v
71 14 h
71 15 h
71 16 h
71 19 h
71 20 h
71 24 h
71 25 v
71 26 h
71 29 h
71 30 v
71 32 v
71 33 h
71 39 h
71 42 v
71 56 h
71 61 v
71 62 h
71 64 h
71 65 h
71 66 v
71 68 h
71 69 h
71 71 h
71 72 h
71 73 h
71 78 h
71 79 h
71 80 h
71 81 h
71 87 v
71 88 v
71 89 h
71 90 h
71 92 h
72 2 v
72 6 h
72 7 v
72 8 h
72 9 h
72 11 v
72 13 v
72 14 h
72 15 h
72 16 v
72 19 v
72 20 v
72 22 v
72 27 h
72 30 v
72 32 v
72 37 v
72 39 v
72 41 v
72 42 v
72 56 v
72 57 v
72 59 v
72 66 v
72 67 v
72 68 h
72 72 h
72 73 v
72 74 h
72 76 v
72 78 h
72 79 h
72 81 h
72 83 h
72 85 v
72 86 h
72 91 v
73 37 v
73 41 h
73 69 v
73 71 h
73 72 h
73 73 h
73 77 h
73 79 h
73 80 v
73 81 h
73 83 h
73 84 h
73 85 h
73 86 h
73 87 v
73 90 h
73 91 h
73 92 v
74 37 v
74 40 h
74 42 v
74 69 v
74 73 v
74 75 v
74 76 v
74 77 h
74 78 v
74 79 h
74 80 v
74 82 v
74 83 h
74 85 v
74 86 v
74 87 v
74 88 v
74 89 h
74 91 v
75 37 v
75 39 h
75 40 h
75 41 v
75 42 v
75 69 v
75 70 v
75 73 v
75 75 v
75 76 v
75 78 v
75 79 h
75 82 h
75 84 v
75 85 v
75 86 v
75 87 v
75 88 v
75 89 h
76 39 v
76 41 h
76 42 h
76 69 v
76 71 h
76 72 h
76 75 v
76 78 v
76 81 h
76 82 h
76 83 h
76 86 h
76 87 v
76 88 v
76 90 h
76 91 v
76 92 h
77 37 v
77 38 h
77 39 h
77 40 h
77 41 h
77 42 v
77 69 v
77 70 h
77 71 h
77 76 h
77 78 v
77 80 h
77 83 h
77 85 h
77 86 h
77 87 h
77 89 h
77 91 h
77 92 v
78 37 v
78 38 v
78 39 v
78 40 h
78 42 v
78 44 v
78 48 v
78 51 v
78 52 v
78 54 v
78 63 v
78 65 v
78 66 v
78 67 v
78 68 h
78 69 h
78 70 v
78 71 v
78 75 v
78 81 h
78 84 v
78 88 v
78 89 v
78 90 h
79 37 v
79 38 v
79 39 v
79 43 v
79 44 v
79 45 v
79 49 v
79 50 v
79 51 v
79 52 h
79 56 h
79 58 h
79 61 v
79 62 h
79 65 v
79 66 v
79 67 v
79 70 v
79 73 v
79 77 v
79 78 v
79 80 v
79 83 v
79 84 v
79 86 v
79 87 v
79 88 v
80 37 v
80 38 h
80 40 h
80 42 h
80 43 h
80 44 h
80 45 v
80 46 h
80 47 v
80 51 v
80 53 h
80 56 h
80 59 h
80 61 v
80 64 h
80 67 v
80 68 h
80 73 v
80 74 h
80 75 v
80 77 h
80 78 v
80 80 v
80 82 h
80 84 h
80 85 h
80 86 h
80 88 h
80 92 v
81 37 v
81 38 h
81 39 h
81 41 h
81 42 v
81 44 v
81 45 h
81 47 v
81 49 v
81 51 v
81 55 h
81 58 h
81 60 h
81 61 v
81 62 h
81 63 h
81 64 h
81 68 h
81 69 h
81 71 h
81 73 v
81 75 v
81 76 h
81 77 h
81 82 h
81 87 v
81 88 v
81 92 v
82 37 v
82 41 v
82 43 v
82 44 v
82 47 v
82 48 v
82 50 v
82 51 v
82 54 v
82 59 v
82 61 v
82 62 v
82 64 v
82 66 v
82 68 v
82 72 v
82 77 v
82 78 v
82 84 v
82 86 v
82 90 v
82 91 v
82 92 v
83 37 v
83 38 v
83 39 v
83 42 v
83 45 h
83 46 v
83 47 v
83 49 v
83 51 v
83 57 h
83 63 v
83 64 h
83 65 v
83 68 v
83 69 h
83 70 v
83 72 v
83 73 v
83 76 h
83 77 h
83 78 v
83 81 h
83 82 v
83 84 v
83 86 h
83 87 v
83 89 v
84 37 v
84 39 h
84 40 h
84 42 v
84 44 h
84 47 v
84 49 v
84 50 v
84 51 v
84 52 h
84 53 h
84 56 h
84 57 h
84 58 h
84 60 h
84 62 h
84 63 h
84 65 v
84 66 v
84 67 v
84 71 h
84 74 h
84 75 v
84 76 h
84 77 v
84 79 h
84 80 v
84 84 v
84 85 h
84 86 v
84 87 v
84 89 h
84 90 h
84 92 v
85 38 v
85 40 h
85 41 v
85 45 h
85 48 v
85 53 h
85 55 h
85 59 v
85 61 v
85 63 h
85 64 h
85 65 v
85 66 v
85 71 h
85 72 h
85 75 h
85 76 h
85 77 h
85 79 h
85 82 h
85 85 h
85 86 h
85 87 v
85 88 h
85 89 h
86 40 v
86 41 v
86 45 h
86 46 h
86 47 v
86 55 h
86 58 v
86 61 v
86 62 h
86 63 v
86 65 v
86 66 v
86 67 v
86 68 v
86 70 v
86 71 h
86 72 v
86 77 v
86 78 v
86 82 v
86 85 v
86 87 v
86 91 v
87 37 v
87 39 h
87 40 h
87 48 v
87 50 h
87 51 h
87 54 h
87 58 h
87 59 v
87 60 h
87 61 v
87 62 h
87 64 h
87 65 v
87 66 h
87 67 h
87 68 h
87 69 h
87 70 h
87 71 h
87 72 h
87 74 h
87 78 h
87 79 h
87 81 h
87 84 v
87 89 h
87 90 h
87 91 h
87 92 v
88 37 v
88 38 v
88 39 v
88 42 v
88 44 v
88 47 v
88 49 v
88 50 v
88 56 h
88 57 h
88 58 h
88 63 v
88 66 v
88 67 v
88 68 h
88 69 v
88 70 v
88 71 h
88 75 v
88 79 h
88 81 h
88 83 h
88 86 v
88 88 h
88 90 h
88 91 v
88 92 v
89 38 v
89 39 h
89 40 h
89 41 v
89 45 h
89 50 h
89 51 h
89 53 h
89 54 h
89 55 h
89 59 h
89 60 h
89 62 h
89 63 h
89 64 v
89 68 h
89 69 h
89 70 h
89 71 h
89 72 h
89 75 v
89 78 h
89 79 h
89 80 v
89 82 v
89 85 h
89 88 v
89 89 h
89 90 h
89 91 v
90 37 v
90 38 v
90 39 h
90 40 h
90 44 h
90 46 v
90 48 v
90 49 v
90 50 h
90 51 v
90 53 h
90 59 v
90 60 h
90 61 v
90 66 v
90 67 v
90 68 h
90 70 v
90 76 h
90 77 h
90 78 h
90 85 h
90 91 v
90 92 v
91 37 v
91 39 v
91 40 h
91 42 v
91 46 v
91 47 v
91 48 v
91 50 v
91 51 v
91 52 v
91 60 v
91 61 v
91 70 v
91 76 h
91 77 v
91 80 v
91 85 h
91 87 h
91 89 v
91 91 v
91 92 v
92 40 h
92 45 v
92 47 v
92 49 v
92 50 v
92 52 v
92 54 v
92 58 h
92 59 v
92 70 v
92 72 v
92 74 v
92 75 v
92 78 v
92 79 h
92 80 v
92 84 v
92 87 v
93 37 v
93 38 h
93 39 h
93 40 h
93 45 h
93 46 h
93 47 h
93 49 h
93 52 h
93 53 h
93 58 h
93 59 v
93 61 h
93 63 h
93 64 h
93 68 h
93 69 h
93 71 h
93 74 h
93 78 h
93 80 v
93 82 h
93 85 h
93 86 h
93 87 v
93 88 h
93 89 h
93 90 h
93 91 h
93 92 h
94 37 v
94 42 v
94 43 v
94 45 v
94 46 v
94 47 v
94 49 v
94 50 v
94 51 v
94 54 v
94 56 v
94 59 v
94 73 v
94 74 v
94 76 v
94 84 v
94 85 v
94 87 v
94 88 v
94 92 v
95 38 h
95 40 h
95 41 h
95 42 h
95 44 h
95 46 h
95 49 h
95 50 h
95 54 h
95 55 h
95 58 h
95 60 h
95 61 h
95 62 h
95 63 h
95 64 h
95 65 h
95 70 v
95 73 v
95 81 h
95 82 h
95 83 h
95 84 h
95 85 h
95 87 h
95 88 v
95 89 h
95 91 h
96 37 v
96 39 v
96 41 v
96 45 v
96 46 v
96 47 v
96 48 v
96 50 v
96 51 v
96 53 v
96 58 v
96 61 v
96 65 v
96 66 v
96 67 v
96 69 v
96 73 v
96 81 v
96 84 v
96 85 v
96 87 v
96 88 v
96 92 v
97 37 v
97 38 v
97 41 v
97 42 v
97 43 v
97 44 v
97 46 v
97 49 v
97 50 v
97 51 v
97 53 v
97 54 v
97 56 h
97 61 v
97 62 h
97 64 h
97 67 v
97 69 v
97 70 v
97 74 v
97 76 v
97 85 v
97 86 v
97 87 v
97 90 h
98 92 v
