496126.832026
496126
1 1 v
1 2 v
1 3 v
1 4 v
1 5 h
1 6 v
1 7 h
1 8 v
1 9 h
1 10 v
1 11 v
1 12 v
1 13 v
1 14 v
1 15 v
1 16 h
1 17 v
1 18 v
1 19 v
1 20 v
1 21 v
1 22 v
1 23 v
1 24 v
1 25 v
1 26 v
1 27 v
1 28 v
1 29 h
1 30 v
1 31 v
1 32 v
1 33 h
1 34 h
1 35 v
1 36 v
1 37 v
1 38 v
1 39 v
1 40 v
1 41 v
1 42 v
2 1 v
3 1 v
4 1 v
4 11 h
4 29 v
5 1 h
5 11 v
5 12 v
5 13 v
5 14 h
5 15 v
5 16 v
5 17 v
5 18 h
5 19 v
5 20 v
5 21 v
5 22 h
5 23 v
5 24 v
5 25 v
5 26 v
5 27 v
5 28 v
5 29 h
6 1 v
6 11 h
6 12 v
6 13 h
6 14 v
6 15 h
6 16 h
6 17 v
6 18 h
6 19 v
6 20 h
6 21 v
6 22 v
6 23 v
6 24 v
6 25 v
6 26 v
6 27 v
6 28 v
6 29 v
7 1 h
7 11 v
7 12 v
7 13 v
7 14 v
7 15 h
7 16 h
7 17 v
7 18 v
7 19 h
7 20 v
7 21 v
7 22 v
7 23 h
7 24 v
7 25 v
7 26 v
7 27 v
7 28 v
7 29 v
8 1 h
8 2 v
8 3 v
8 4 v
8 5 h
8 6 v
8 7 h
8 8 v
8 9 v
8 10 v
8 11 v
8 12 v
8 13 h
8 14 v
8 15 h
8 16 h
8 17 h
8 18 h
8 19 v
8 20 h
8 21 v
8 22 h
8 23 v
8 24 v
8 25 h
8 26 v
8 27 v
8 28 v
8 29 v
9 1 v
9 2 h
9 3 v
9 4 v
9 5 v
9 6 v
9 7 v
9 8 v
9 9 v
9 10 v
9 11 v
9 12 h
9 13 v
9 14 v
9 15 v
9 16 v
9 17 v
9 18 v
9 19 v
9 20 v
9 21 v
9 22 v
9 23 v
9 24 v
9 25 v
9 26 v
9 27 h
9 28 v
9 29 h
10 1 h
10 2 v
10 3 v
10 4 v
10 5 v
10 6 v
10 7 v
10 8 v
10 9 v
10 10 v
10 11 v
10 12 h
10 13 v
10 14 v
10 15 v
10 16 v
10 17 v
10 18 v
10 19 v
10 20 h
10 21 h
10 22 v
10 23 h
10 24 v
10 25 v
10 26 h
10 27 v
10 28 v
10 29 v
11 1 h
11 2 v
11 3 v
11 4 v
11 5 v
11 6 v
11 7 v
11 8 v
11 9 v
11 10 h
11 11 v
11 12 v
11 13 v
11 14 v
11 15 v
11 16 v
11 17 v
11 18 v
11 19 h
11 20 v
11 21 v
11 22 v
11 23 v
11 24 v
11 25 v
11 26 h
11 27 h
11 28 v
11 29 h
12 1 v
12 2 v
12 3 v
12 4 v
12 5 h
12 6 v
12 7 v
12 8 h
12 9 v
12 10 v
12 11 v
12 12 v
12 13 h
12 14 h
12 15 v
12 16 v
12 17 v
12 18 v
12 19 h
12 20 v
12 21 v
12 22 v
12 23 h
12 24 h
12 25 v
12 26 v
12 27 v
12 28 h
12 29 v
13 1 v
13 2 v
13 3 v
13 4 v
13 5 v
13 6 h
13 7 v
13 8 v
13 9 v
13 10 v
13 11 v
13 12 v
13 13 v
13 14 v
13 15 v
13 16 v
13 17 v
13 18 v
13 19 v
13 20 v
13 21 h
13 22 v
13 23 v
13 24 v
13 25 v
13 26 v
13 27 v
13 28 v
13 29 v
14 1 v
14 2 v
14 3 v
14 4 v
14 5 v
14 6 v
14 7 v
14 8 h
14 9 h
14 10 v
14 11 h
14 12 v
14 13 v
14 14 v
14 15 v
14 16 v
14 17 v
14 18 h
14 19 v
14 20 v
14 21 v
14 22 h
14 23 h
14 24 h
14 25 v
14 26 v
14 27 h
14 28 v
14 29 h
15 1 v
15 2 v
15 3 v
15 4 h
15 5 v
15 6 v
15 7 v
15 8 v
15 9 v
15 10 v
15 11 v
15 12 v
15 13 v
15 14 h
15 15 v
15 16 v
15 17 h
15 18 v
15 19 v
15 20 v
15 21 h
15 22 v
15 23 v
15 24 v
15 25 h
15 26 v
15 27 v
15 28 h
15 29 v
16 1 v
16 2 v
16 3 v
16 4 v
16 5 v
16 6 v
16 7 v
16 8 h
16 9 v
16 10 h
16 11 v
16 12 v
16 13 v
16 14 v
16 15 v
16 16 v
16 17 v
16 18 h
16 19 v
16 20 h
16 21 v
16 22 v
16 23 v
16 24 v
16 25 v
16 26 v
16 27 v
16 28 h
16 29 v
17 1 v
17 2 h
17 3 v
17 4 h
17 5 v
17 6 v
17 7 v
17 8 v
18 1 v
18 2 v
18 3 v
18 4 v
18 5 h
18 6 v
18 7 v
18 8 v
19 1 v
19 2 h
19 3 v
19 4 h
19 5 v
19 6 v
19 7 h
19 8 v
20 1 v
20 2 h
20 3 v
20 4 v
20 5 v
20 6 v
20 7 v
20 8 v
21 1 v
21 2 v
21 3 v
21 4 v
21 5 v
21 6 v
21 7 v
21 8 v
22 1 h
22 2 v
22 3 v
22 4 v
22 5 v
22 6 v
22 7 v
22 8 v
22 15 h
22 16 v
22 17 v
22 18 v
22 19 h
22 20 v
22 21 v
22 22 v
22 23 v
22 24 v
22 25 v
22 26 h
22 27 v
22 28 v
22 29 v
23 1 v
23 2 v
23 3 v
23 4 v
23 5 v
23 6 v
23 7 v
23 8 h
23 15 v
23 16 v
23 17 v
23 18 v
23 19 v
23 20 v
23 21 v
23 22 v
23 23 h
23 24 v
23 25 v
23 26 v
23 27 v
23 28 h
23 29 v
24 1 h
24 2 v
24 3 v
24 4 v
24 5 v
24 6 v
24 7 h
24 8 v
24 15 v
24 16 v
24 17 h
24 18 v
24 19 h
24 20 v
24 21 v
24 22 v
24 23 h
24 24 h
24 25 v
24 26 v
24 27 h
24 28 h
24 29 h
25 1 v
25 2 v
25 3 h
25 4 v
25 5 v
25 6 v
25 7 v
25 8 v
25 15 v
25 16 v
25 17 v
25 18 v
25 19 v
25 20 v
25 21 h
25 22 h
25 23 h
25 24 v
25 25 h
25 26 v
25 27 v
25 28 v
25 29 v
26 1 v
26 2 v
26 3 v
26 4 v
26 5 h
26 6 h
26 7 v
26 8 v
26 15 v
26 16 v
26 17 v
26 18 v
26 19 v
26 20 v
26 21 v
26 22 v
26 23 v
26 24 h
26 25 h
26 26 v
26 27 v
26 28 v
26 29 v
27 1 v
27 2 v
27 3 v
27 4 v
27 5 v
27 6 v
27 7 h
27 8 v
27 15 h
27 16 v
27 17 h
27 18 h
27 19 v
27 20 v
27 21 v
27 22 v
27 23 v
27 24 v
27 25 v
27 26 v
27 27 h
27 28 v
27 29 v
27 30 v
27 31 v
27 32 v
27 33 v
27 34 h
27 35 v
27 36 h
27 37 v
27 38 v
27 39 v
28 1 v
28 2 h
28 3 h
28 4 v
28 5 v
28 6 v
28 7 v
28 8 h
28 15 v
28 16 v
28 17 v
28 18 v
28 19 h
28 20 v
28 21 h
28 22 v
28 23 h
28 24 v
28 25 v
28 26 v
28 27 v
28 28 v
28 29 v
28 30 v
28 31 v
28 32 v
28 33 v
28 34 v
28 35 v
28 36 v
28 37 v
28 38 h
28 39 h
29 1 v
29 2 v
29 3 v
29 4 v
29 5 v
29 6 v
29 7 v
29 8 v
29 15 v
29 16 v
29 17 v
29 18 v
29 19 v
29 20 v
29 21 v
29 22 v
29 23 v
29 24 v
29 25 v
29 26 v
29 27 v
29 28 h
29 29 v
29 30 h
29 31 v
29 32 h
29 33 h
29 34 v
29 35 v
29 36 v
29 37 h
29 38 v
29 39 h
30 1 v
30 2 v
30 3 v
30 4 v
30 5 v
30 6 h
30 7 v
30 8 v
30 15 v
30 16 v
30 17 h
30 18 v
30 19 v
30 20 v
30 21 v
30 22 v
30 23 v
30 24 v
30 25 v
30 26 h
30 27 v
30 28 h
30 29 v
30 30 v
30 31 h
30 32 v
30 33 v
30 34 h
30 35 h
30 36 v
30 37 v
30 38 v
30 39 v
31 1 h
31 2 v
31 3 v
31 4 v
31 5 v
31 6 v
31 7 v
31 8 v
31 15 v
31 16 v
31 17 v
31 18 v
31 19 v
31 20 v
31 21 v
31 22 v
31 23 v
31 24 v
31 25 v
31 26 v
31 27 v
31 28 v
31 29 v
31 30 v
31 31 v
31 32 v
31 33 v
31 34 v
31 35 v
31 36 h
31 37 h
31 38 v
31 39 v
32 1 v
32 2 v
32 3 v
32 4 v
32 5 v
32 6 v
32 7 v
32 8 v
32 15 v
32 16 v
32 17 v
32 18 v
32 19 h
32 20 h
32 21 v
32 22 v
32 23 v
32 24 v
32 25 h
32 26 h
32 27 h
32 28 v
32 29 h
32 30 h
32 31 v
32 32 v
32 33 v
32 34 v
32 35 v
32 36 v
32 37 v
32 38 v
32 39 v
33 1 h
33 2 v
33 3 v
33 4 h
33 5 h
33 6 h
33 7 v
33 8 h
33 9 v
33 10 v
33 11 v
33 12 v
33 13 v
33 14 v
33 15 v
33 16 v
33 17 v
33 18 h
33 19 v
33 20 v
33 21 v
33 22 v
33 23 v
33 24 v
33 25 v
33 26 v
33 27 v
33 28 h
33 29 v
33 30 v
33 31 v
33 32 v
33 33 v
33 34 h
33 35 v
33 36 v
33 37 v
33 38 v
33 39 h
34 1 v
34 2 v
34 3 v
34 4 v
34 5 h
34 6 h
34 7 v
34 8 v
34 9 v
34 10 v
34 11 h
34 12 v
34 13 v
34 14 h
34 15 v
34 16 h
34 17 v
34 18 v
34 19 v
34 20 v
34 21 v
34 22 h
34 23 v
34 24 v
34 25 v
34 26 v
34 27 v
34 28 v
34 29 h
34 30 v
34 31 h
34 32 v
34 33 v
34 34 v
34 35 v
34 36 v
34 37 v
34 38 h
34 39 v
35 1 v
35 2 v
35 3 v
35 4 v
35 5 h
35 6 v
35 7 v
35 8 v
35 9 v
35 10 h
35 11 v
35 12 v
35 13 h
35 14 v
35 15 v
35 16 v
35 17 v
35 18 v
35 19 v
35 20 v
35 21 v
35 22 v
35 23 v
35 24 v
35 25 h
35 26 v
35 27 v
35 28 h
35 29 h
35 30 v
35 31 v
35 32 v
35 33 v
35 34 v
35 35 v
35 36 v
35 37 v
35 38 v
35 39 v
36 1 v
36 2 v
36 3 v
36 4 h
36 5 v
36 6 v
36 7 v
36 8 v
36 9 h
36 10 v
36 11 h
36 12 v
36 13 v
36 14 v
36 15 v
36 16 v
36 17 v
36 18 v
36 19 v
36 20 v
36 21 v
36 22 v
36 23 v
36 24 v
36 25 h
36 26 v
36 27 h
36 28 v
36 29 v
36 30 v
36 31 h
36 32 v
36 33 h
36 34 v
36 35 v
36 36 v
36 37 v
36 38 v
36 39 v
37 1 h
37 2 h
37 3 h
37 4 h
37 5 h
37 6 v
37 7 v
37 8 v
37 9 v
37 10 v
37 11 v
37 12 v
37 13 v
37 14 v
37 15 h
37 16 v
37 17 v
37 18 v
37 19 v
37 20 v
37 21 v
37 22 v
37 23 v
37 24 h
37 25 v
37 26 h
37 27 v
37 28 v
37 29 v
37 30 v
37 31 v
37 32 h
37 33 v
37 34 v
37 35 h
37 36 h
37 37 v
37 38 h
37 39 v
38 1 v
38 2 v
38 3 h
38 4 v
38 5 h
38 6 v
38 7 v
38 8 h
38 9 v
38 10 h
38 11 h
38 12 h
38 13 h
38 14 v
38 15 v
38 16 v
38 17 v
38 18 v
38 19 v
38 20 v
38 21 v
38 22 v
38 23 v
38 24 v
38 25 v
38 26 v
38 27 v
38 28 v
38 29 h
38 30 v
38 31 h
38 32 h
38 33 h
38 34 v
38 35 v
38 36 v
38 37 v
38 38 v
38 39 v
39 1 v
39 2 v
39 3 v
39 4 v
39 5 v
39 6 v
39 7 h
39 8 h
39 9 h
39 10 h
39 11 v
39 12 h
39 13 v
39 14 h
39 15 h
39 16 h
39 17 v
39 18 v
39 19 v
39 20 v
39 21 v
39 22 v
39 23 h
39 24 v
39 25 h
39 26 h
39 27 v
39 28 h
39 29 v
39 30 v
39 31 h
39 32 h
39 33 v
39 34 v
39 35 v
39 36 h
39 37 v
39 38 v
39 39 v
