3811.722660
3811
1 1 v
1 2 v
1 3 v
1 4 v
1 5 v
1 6 h
1 7 v
1 8 v
1 9 h
2 1 h
2 2 v
2 3 v
2 4 v
2 5 v
2 6 v
2 7 v
2 8 v
2 9 v
3 1 h
3 2 v
3 3 h
3 4 v
3 5 v
3 6 h
3 7 v
3 8 v
3 9 v
4 1 v
4 2 v
4 3 v
4 4 v
4 5 h
4 6 v
4 7 v
4 8 v
4 9 v
5 1 v
5 2 h
5 3 v
5 4 h
5 5 v
5 6 v
5 7 v
5 8 v
5 9 v
6 1 v
6 2 v
6 3 v
6 4 v
6 5 v
6 6 h
6 7 h
6 8 h
6 9 v
7 1 v
7 2 h
7 3 h
7 4 v
7 5 v
7 6 v
7 7 v
7 8 h
7 9 v
8 1 v
8 2 v
8 3 v
8 4 h
8 5 v
8 6 v
8 7 v
8 8 v
8 9 v
9 1 h
9 2 v
9 3 v
9 4 v
9 5 h
9 6 v
9 7 h
9 8 v
9 9 v
10 1 v
10 9 v
