9360.000000
9360
1 1 v
1 4 v
1 6 v
1 7 v
1 8 v
2 1 h
2 4 v
2 6 v
2 7 v
2 8 v
3 1 h
3 2 v
3 4 v
3 6 v
3 8 h
4 1 h
4 3 v
4 4 v
4 6 v
4 7 h
4 8 v
5 1 v
5 6 v
5 7 h
5 8 v
6 6 v
6 8 v
7 3 v
7 7 h
7 8 v
8 2 h
8 5 h
8 8 h
9 2 h
9 3 v
9 4 v
9 5 v
9 6 h
9 7 h
9 8 v
10 1 v
10 4 v
10 5 h
10 6 h
10 7 h
11 1 h
11 3 v
11 4 v
11 5 h
12 2 h
12 4 v
12 7 h
13 1 h
13 2 h
13 4 v
13 6 h
14 2 h
14 4 h
14 6 h
15 2 h
15 3 h
15 5 h
16 5 v
16 8 v
17 2 h
17 5 v
17 7 h
17 8 v
18 1 h
18 5 v
18 6 h
19 3 v
19 4 v
19 6 v
19 7 v
19 8 v
20 2 v
20 3 h
20 8 v
21 1 h
21 2 v
21 3 v
21 6 h
21 7 h
21 8 v
22 6 v
22 7 h
23 1 h
23 4 h
23 6 v
23 7 h
24 3 v
24 4 v
24 6 v
24 8 v
24 12 h
24 16 h
25 4 v
25 6 v
25 7 h
25 8 v
25 14 h
26 1 v
26 2 h
26 4 v
26 5 v
26 12 v
26 13 h
26 16 h
27 2 h
27 3 v
27 4 v
27 5 v
27 6 h
27 13 v
28 1 h
28 4 h
28 9 h
28 10 h
28 14 h
29 2 v
29 4 v
29 5 v
29 6 v
29 10 v
29 15 v
29 16 v
30 1 v
30 4 v
30 6 v
31 16 h
