30963.092060
30962
1 1 v
1 2 h
1 5 h
1 6 h
1 8 h
1 14 h
1 16 h
2 2 h
2 3 h
2 4 h
2 5 v
2 8 h
2 10 h
2 14 h
2 15 h
2 16 v
2 19 v
2 20 h
2 21 h
2 24 v
2 25 h
2 34 v
2 35 v
2 36 h
2 37 h
2 38 h
3 1 v
3 2 v
3 3 v
3 8 v
3 10 v
3 11 v
3 13 v
3 16 v
3 18 v
3 23 v
3 26 v
3 28 v
3 33 v
3 35 v
3 36 v
3 37 v
3 38 v
4 1 v
4 3 v
4 8 v
4 9 h
4 11 h
4 14 h
4 15 v
4 16 v
4 18 v
4 22 h
4 23 v
4 24 v
4 26 h
4 28 v
4 33 v
4 34 v
4 35 h
4 37 v
4 38 v
5 4 v
5 5 v
5 8 v
5 9 h
5 11 h
5 12 v
5 13 v
5 14 h
5 15 v
5 16 v
5 18 h
5 21 h
5 22 h
5 23 v
5 25 h
5 27 v
5 29 h
5 31 v
5 34 v
5 37 v
5 38 v
6 3 h
6 5 h
6 6 v
6 8 v
6 9 h
6 10 h
6 13 v
6 15 h
6 20 h
6 21 h
6 22 h
6 24 h
6 26 h
6 27 h
6 28 h
6 30 h
6 33 h
6 34 h
6 36 h
6 38 v
7 4 v
7 5 v
7 6 v
7 8 h
7 11 v
7 13 v
7 15 v
7 16 h
7 17 h
7 18 v
7 28 v
7 31 v
7 33 v
7 38 v
8 3 v
8 4 h
8 8 h
8 10 h
8 11 v
8 13 v
8 14 h
8 18 v
8 26 v
8 28 v
8 31 v
8 33 v
8 38 v
9 1 v
9 3 v
9 5 v
9 6 v
9 7 h
9 8 v
9 9 h
9 11 v
9 13 v
9 14 v
9 18 v
10 6 h
10 8 v
10 9 h
10 13 v
10 15 v
10 16 h
10 18 v
10 24 h
10 28 v
10 29 v
10 30 v
10 31 h
10 33 v
10 36 h
11 1 v
11 3 v
11 6 v
11 8 v
11 9 h
11 13 v
11 14 h
11 16 h
11 17 v
11 24 h
11 25 h
11 26 v
11 27 v
11 28 h
11 30 v
11 31 h
11 32 h
11 34 v
11 35 v
12 5 h
12 6 v
12 13 v
12 15 h
12 16 h
12 17 h
12 18 v
12 31 v
12 32 h
12 33 h
12 34 h
12 36 h
13 1 v
13 8 h
13 9 h
13 13 v
13 14 h
13 18 h
13 19 h
13 20 h
13 22 h
13 24 v
13 25 h
13 26 h
13 29 v
13 30 v
13 34 h
13 35 h
14 8 v
14 10 v
14 13 v
14 15 v
14 16 v
14 21 h
14 22 h
14 23 v
14 24 v
14 25 h
14 26 h
14 28 v
14 30 h
14 31 h
14 32 v
14 33 v
14 35 v
14 36 h
15 1 v
15 8 v
15 10 h
15 12 v
15 14 h
15 15 h
15 17 v
15 20 h
15 21 v
15 35 h
15 36 h
16 1 v
16 8 v
16 16 v
16 19 v
16 20 h
16 21 h
16 31 v
16 32 h
16 33 v
16 34 h
17 2 h
17 3 h
17 6 h
17 7 h
17 8 v
17 10 v
17 11 v
17 15 v
17 17 v
17 18 h
17 19 v
17 25 h
17 31 v
17 33 v
17 34 v
17 35 v
17 36 v
18 1 h
18 2 h
18 4 h
18 8 h
18 9 h
18 10 h
18 11 h
18 12 h
18 13 h
18 15 h
18 19 h
18 20 v
18 21 h
18 24 h
18 26 v
18 33 v
18 34 h
18 35 h
18 36 v
19 8 v
19 9 h
19 10 h
19 12 h
19 14 h
19 15 h
19 16 v
19 18 v
19 26 v
19 31 v
19 36 v
20 4 v
20 8 h
20 10 h
20 12 v
20 13 v
20 14 h
20 16 h
20 17 h
20 18 v
21 3 h
21 7 h
21 8 h
21 10 v
21 11 h
21 12 v
21 13 v
21 16 h
21 18 v
22 3 v
22 8 v
22 9 h
22 11 v
22 12 v
22 13 v
22 16 v
22 18 v
22 23 v
22 24 v
22 27 v
22 28 v
22 31 v
22 32 v
23 8 v
23 9 v
23 10 h
23 11 h
23 13 v
23 20 h
23 21 h
23 25 h
23 27 h
23 28 h
23 29 h
23 33 v
24 1 v
24 16 v
24 18 v
24 21 h
24 23 v
24 24 h
24 28 h
24 30 h
24 31 h
24 32 h
24 33 v
25 1 h
25 16 h
25 18 v
25 33 v
26 1 h
26 2 h
26 6 h
26 7 h
26 8 h
26 10 v
26 12 h
26 16 v
26 17 v
26 18 v
26 20 v
26 21 h
26 22 h
27 2 v
27 4 v
27 5 v
27 6 h
27 13 h
27 15 v
27 16 v
27 20 v
27 23 v
28 2 h
28 3 v
28 12 v
28 13 h
28 16 v
28 17 v
28 20 v
28 22 h
28 23 v
29 3 v
29 6 h
29 8 h
29 11 v
29 13 v
29 14 v
29 16 h
29 17 v
29 18 v
29 19 v
29 20 v
29 21 h
29 23 v
30 2 h
30 3 v
30 6 v
30 7 h
30 8 v
30 11 v
30 12 v
30 13 v
30 15 v
30 16 v
30 23 v
31 3 v
31 6 v
31 9 h
31 13 v
31 14 v
31 15 v
31 16 v
31 22 h
31 23 v
31 24 v
31 26 v
32 6 v
32 8 v
32 9 h
32 12 v
32 13 v
32 14 v
32 15 v
32 18 v
32 19 v
32 21 h
32 26 v
33 18 v
33 21 v
34 18 v
34 19 h
34 20 v
34 22 h
34 25 v
34 28 h
34 29 h
34 30 v
34 31 h
35 19 v
35 20 v
35 22 v
35 23 h
35 24 h
35 29 v
35 30 v
35 31 v
36 18 v
36 19 h
36 20 h
36 21 h
36 22 h
36 28 h
36 29 v
37 31 v
