33338.173940
33338
1 2 v
1 3 v
1 4 h
1 5 h
1 7 v
1 8 v
1 9 v
1 11 v
2 3 v
2 4 v
2 5 v
2 7 v
2 9 v
2 12 v
2 13 v
3 4 v
3 6 h
3 10 h
3 13 v
4 4 v
4 5 v
4 7 v
4 8 v
4 9 h
4 11 v
4 12 v
4 14 v
5 1 v
5 2 h
5 3 v
5 4 v
5 6 h
5 7 v
5 10 h
5 11 v
5 12 h
5 13 v
6 2 h
6 4 h
6 6 h
6 10 h
6 11 h
6 14 h
7 5 h
7 6 h
7 7 h
7 9 h
7 10 h
7 12 h
8 1 v
8 2 h
8 4 v
8 7 v
8 12 v
8 14 v
9 6 h
9 8 v
9 14 v
10 3 h
10 4 v
10 5 h
10 14 v
11 4 v
11 5 v
11 7 v
11 10 h
11 11 v
11 13 v
11 14 v
12 4 v
12 5 v
12 9 h
12 10 h
12 14 v
12 32 v
12 33 v
12 34 v
12 37 v
12 38 v
13 2 h
13 5 v
13 6 h
13 8 h
13 10 h
13 11 v
13 12 h
13 27 h
13 28 h
13 29 h
13 30 h
13 33 h
13 38 h
14 1 v
14 5 v
14 8 h
14 9 h
14 10 h
14 25 v
14 27 h
14 28 h
14 35 v
14 36 v
14 37 v
15 1 h
15 2 h
15 5 h
15 6 h
15 8 h
15 9 h
15 12 h
15 14 h
15 26 v
15 33 h
15 35 h
15 36 v
15 37 h
15 38 h
16 2 h
16 3 h
16 4 h
16 5 h
16 6 h
16 7 h
16 8 h
16 12 h
16 14 h
16 25 v
16 28 h
16 31 h
16 33 v
16 38 v
17 1 v
17 2 v
17 4 h
17 5 h
17 6 h
17 7 v
17 8 v
17 9 h
17 11 h
17 13 v
17 25 v
17 26 v
17 27 v
17 29 v
17 31 h
17 32 h
17 36 h
18 1 h
18 5 h
18 6 h
18 7 v
18 8 h
18 9 h
18 12 h
18 13 h
18 15 h
18 17 h
18 18 v
18 19 v
18 20 h
18 21 h
18 24 h
18 25 h
18 30 h
18 32 h
18 33 v
18 35 h
18 38 h
19 1 v
19 5 v
19 7 v
19 8 v
19 12 v
19 13 v
19 17 v
19 23 v
19 24 v
19 26 v
19 27 v
19 30 v
19 34 v
19 36 v
19 37 v
19 38 v
20 1 v
20 10 h
20 12 v
20 13 v
20 14 h
20 15 v
20 16 h
20 18 v
20 19 v
20 21 v
20 23 v
20 32 v
20 35 v
20 36 v
20 37 v
21 2 v
21 5 v
21 7 v
21 11 v
21 12 v
21 16 v
21 19 v
21 20 h
21 21 v
21 22 h
21 26 v
21 28 h
21 30 h
21 32 v
21 33 v
21 34 v
21 36 v
22 1 v
22 3 v
22 4 h
22 7 v
22 8 v
22 11 v
22 15 h
22 16 h
22 17 h
22 22 h
22 23 h
22 25 h
22 26 v
22 27 h
22 29 h
22 31 h
22 32 h
22 33 v
22 35 v
22 36 v
22 37 v
23 3 v
23 7 v
23 14 h
23 15 v
23 17 h
23 24 v
23 28 h
23 29 v
23 33 v
23 34 v
23 36 v
23 37 v
24 1 v
24 9 v
24 13 v
24 14 v
24 28 v
24 29 v
24 30 v
24 37 v
24 38 v
25 1 v
25 3 v
25 5 v
25 7 v
25 8 v
25 9 h
25 11 v
25 12 h
25 13 v
25 28 h
25 37 v
25 38 v
26 1 h
26 2 h
26 5 h
26 6 h
26 7 h
26 14 h
26 28 h
26 30 h
26 31 h
26 32 h
26 34 h
26 38 h
27 1 h
27 2 h
27 3 h
27 4 h
27 6 h
27 9 h
27 11 h
27 31 h
27 32 h
27 34 v
27 36 v
28 3 v
28 8 v
28 11 v
28 12 v
28 32 v
28 34 v
28 37 v
28 38 v
29 1 h
29 4 h
29 5 h
29 6 h
29 7 h
29 8 h
29 9 h
29 13 h
29 14 h
29 34 v
29 35 h
29 36 v
29 37 h
29 38 h
30 2 v
30 5 v
30 6 h
30 7 v
30 8 v
30 9 h
30 13 v
30 14 v
30 28 h
30 29 v
30 31 v
30 33 v
30 36 v
31 1 v
31 3 v
31 5 h
31 7 v
31 8 h
31 9 h
31 11 v
31 12 h
31 13 h
31 29 h
31 30 h
31 31 h
31 32 h
31 33 v
31 36 v
31 37 v
31 38 v
32 5 v
32 6 h
32 7 v
32 10 h
32 13 h
32 28 v
32 30 h
32 33 v
32 35 v
32 37 v
33 2 v
33 4 v
33 9 h
33 10 h
33 14 v
33 32 h
33 33 v
33 34 v
33 38 v
34 10 h
34 11 v
34 14 v
34 31 v
35 7 v
35 8 v
35 9 h
35 10 h
35 11 v
35 14 v
35 28 v
35 29 v
35 31 v
35 33 v
35 35 v
35 37 v
36 5 v
36 6 h
36 7 h
36 8 v
36 9 h
36 11 v
36 13 h
36 29 h
36 30 h
36 31 h
36 32 h
36 33 h
36 34 v
36 35 h
36 37 h
37 1 v
37 3 v
37 4 v
37 5 v
37 11 v
37 12 h
37 13 v
37 14 v
37 32 v
37 35 v
38 3 h
38 8 h
38 10 h
38 13 h
38 28 h
38 29 h
38 30 h
38 32 h
38 36 v
39 1 v
39 2 h
39 3 v
39 9 h
39 11 v
39 12 h
39 14 v
39 28 h
39 29 h
39 30 h
39 31 h
39 32 h
39 33 v
39 34 v
39 35 v
39 38 v
40 3 v
40 4 v
40 8 v
40 10 h
40 12 v
40 14 v
40 32 v
40 35 v
40 36 v
40 37 v
