15567.343631
15567
1 3 h
1 10 h
2 1 h
2 2 v
2 3 h
2 10 h
3 2 v
3 3 v
3 5 v
3 7 v
3 10 v
3 11 v
3 14 v
4 3 h
4 9 h
4 11 v
4 13 v
4 15 v
5 2 v
5 4 v
5 5 v
5 7 h
5 10 v
5 11 v
5 13 v
5 14 v
5 15 v
6 2 v
6 6 v
6 9 h
6 10 v
6 13 v
6 15 v
7 2 h
7 3 h
7 4 h
7 5 h
7 6 h
7 11 v
7 13 v
7 14 h
7 15 v
8 2 h
8 6 v
8 7 h
8 13 v
8 14 h
8 15 v
9 2 v
9 3 v
9 5 v
9 7 v
9 9 v
10 1 h
10 2 v
10 7 h
10 8 v
11 2 h
11 5 v
11 6 h
11 7 h
12 1 v
12 3 v
12 5 v
13 2 h
13 5 v
13 6 h
13 9 h
14 3 h
14 6 v
14 8 h
15 5 v
15 7 h
15 11 h
15 13 h
16 4 v
16 5 h
16 8 v
16 9 h
16 10 v
16 11 v
16 12 h
17 2 h
17 3 h
17 4 v
17 5 h
17 6 v
17 7 h
18 3 h
18 9 v
18 11 v
18 12 h
18 13 v
19 1 h
19 10 h
19 11 v
20 2 v
20 3 h
20 6 v
20 7 h
20 10 h
20 12 h
20 13 v
20 16 h
20 21 h
21 1 h
21 5 v
21 6 v
21 12 h
21 13 v
21 15 v
21 17 v
22 2 v
22 5 v
22 6 v
22 7 v
22 11 v
22 13 h
22 15 h
22 17 h
22 19 h
22 20 v
22 21 v
22 22 v
23 5 h
23 6 v
23 11 v
23 15 v
23 17 h
23 18 v
23 20 v
23 23 h
23 24 h
24 1 h
24 3 v
24 4 h
24 5 h
24 6 h
24 7 v
24 9 h
24 10 v
24 11 v
24 12 h
24 13 h
24 15 v
24 17 v
24 19 h
24 21 v
24 22 h
24 23 h
24 24 h
24 27 h
24 28 h
24 30 v
25 6 h
25 9 h
25 12 h
25 13 v
25 15 v
25 16 v
25 17 v
25 22 h
25 23 h
25 24 h
25 27 h
25 28 h
25 29 h
26 5 v
26 6 v
26 9 h
26 10 v
26 13 v
26 15 v
26 19 h
26 20 v
26 24 v
26 25 v
26 27 v
26 29 h
27 5 v
27 7 h
27 9 h
27 13 v
27 15 v
27 16 h
27 19 h
27 20 h
27 22 h
27 24 v
27 26 h
27 30 v
28 6 v
28 8 v
28 15 v
28 16 h
28 17 h
28 19 h
28 20 h
28 24 h
28 25 h
29 7 v
29 9 h
29 15 v
29 17 h
29 19 h
29 24 h
29 25 v
29 26 v
30 1 h
30 3 h
30 5 h
30 7 v
30 15 v
30 22 v
30 26 h
31 7 v
31 8 v
31 28 v
32 8 v
32 9 v
33 9 h
