58582.330248
58405
1 1 h
1 2 h
1 3 h
1 6 h
1 7 h
1 8 h
1 11 h
1 12 h
1 13 h
1 14 h
1 15 h
1 16 h
1 17 v
1 19 h
1 20 h
1 21 v
1 23 v
1 24 h
1 27 h
1 29 h
1 34 v
1 37 h
1 38 h
2 2 v
2 3 v
2 5 v
2 7 v
2 8 v
2 10 v
2 11 h
2 12 h
2 15 h
2 18 v
2 20 h
2 22 v
2 23 h
2 28 v
2 29 h
2 30 v
2 31 h
2 32 v
2 33 h
2 36 v
2 40 v
3 2 h
3 4 v
3 5 h
3 7 h
3 9 h
3 10 h
3 11 v
3 12 h
3 13 h
3 14 h
3 15 h
3 18 h
3 20 h
3 21 h
3 22 h
3 23 h
3 25 v
3 26 v
3 27 h
3 28 v
3 29 h
3 32 h
3 34 v
3 36 h
3 39 h
3 40 v
4 2 v
4 3 v
4 5 v
4 6 v
4 7 v
4 8 v
4 13 h
4 14 v
4 15 v
4 17 v
4 21 v
4 22 v
4 24 v
4 25 v
4 30 h
4 34 v
4 36 v
4 38 v
4 39 v
4 40 v
5 1 h
5 4 v
5 5 v
5 11 h
5 12 h
5 13 v
5 14 h
5 16 h
5 18 v
5 25 v
5 26 v
5 27 v
5 28 v
5 29 v
5 32 v
5 33 h
5 36 v
5 38 v
5 39 v
5 40 v
6 6 h
6 7 h
6 9 h
6 10 v
6 11 v
6 14 v
6 20 h
6 22 v
6 24 v
6 25 v
6 26 v
6 27 v
6 31 h
6 33 h
6 34 v
6 35 h
6 36 h
6 38 v
6 39 v
6 40 v
7 1 v
7 5 h
7 7 h
7 8 v
7 12 h
7 16 h
7 19 v
7 21 v
7 23 h
7 25 h
7 29 h
7 30 v
7 31 h
7 33 h
7 37 v
7 38 h
7 40 v
8 1 v
8 6 h
8 7 v
8 8 v
8 9 v
8 10 v
8 17 h
8 19 v
8 22 v
8 24 v
8 28 v
8 29 v
8 31 v
8 36 v
8 37 v
8 39 v
9 3 h
9 4 h
9 5 h
9 7 h
9 8 h
9 12 h
9 13 h
9 15 h
9 16 h
9 24 h
9 26 v
9 28 h
9 30 h
9 33 h
9 37 h
9 40 h
10 1 h
10 2 v
10 3 v
10 4 v
10 9 v
10 12 v
10 13 h
10 14 v
10 16 v
10 17 v
10 19 v
10 21 v
10 28 v
10 30 v
10 32 v
10 33 h
10 34 v
10 37 v
10 38 v
11 1 h
11 2 v
11 4 v
11 5 h
11 8 v
11 9 h
11 11 v
11 12 h
11 13 h
11 14 v
11 16 h
11 17 h
11 21 v
11 22 h
11 23 h
11 26 v
11 28 v
11 32 h
11 36 v
11 37 h
11 38 v
12 1 h
12 2 v
12 4 v
12 5 v
12 6 v
12 8 h
12 10 v
12 12 h
12 13 h
12 14 v
12 16 h
12 19 h
12 20 h
12 22 h
12 24 v
12 25 v
12 26 v
12 27 v
12 28 v
12 30 v
12 31 v
12 32 h
12 36 v
12 40 v
13 5 v
13 7 h
13 8 v
13 9 v
13 10 v
13 13 h
13 15 h
13 16 v
13 19 v
13 21 v
13 22 v
13 23 v
13 25 v
13 26 v
13 28 v
13 29 h
13 30 v
13 31 v
13 35 v
13 37 v
13 38 v
14 1 v
14 3 v
14 4 v
14 5 v
14 7 v
14 8 v
14 12 h
14 13 h
14 15 h
14 17 h
14 18 v
14 19 v
14 20 h
14 23 h
14 24 v
14 25 v
14 27 v
14 29 v
14 30 v
14 32 h
14 33 h
14 34 v
14 37 v
14 39 v
14 40 v
15 2 v
15 6 v
15 7 h
15 8 h
15 9 v
15 10 h
15 11 v
15 13 h
15 14 v
15 16 h
15 18 v
15 20 h
15 21 h
15 22 h
15 23 v
15 28 v
15 29 h
15 34 v
15 35 h
15 36 v
15 38 v
15 39 h
16 1 v
16 3 v
16 7 h
16 8 v
16 13 h
16 17 h
16 18 h
16 19 h
16 21 v
16 23 v
16 27 v
16 28 v
16 29 v
16 30 v
16 32 h
16 34 v
16 35 v
16 40 v
17 3 v
17 4 v
17 8 v
17 9 v
17 10 v
17 12 v
17 16 v
17 17 h
17 20 h
17 21 v
17 22 v
17 23 v
17 24 v
17 25 v
17 26 v
17 27 v
17 28 v
17 33 h
17 34 v
17 38 v
17 39 v
17 40 v
18 3 v
18 5 h
18 7 h
18 9 h
18 11 v
18 12 h
18 13 h
18 14 v
18 16 h
18 19 v
18 21 h
18 23 v
18 24 h
18 27 v
18 28 v
18 31 h
18 32 v
18 37 v
18 38 v
18 39 v
19 2 v
19 3 v
19 4 v
19 5 v
19 6 v
19 8 v
19 10 v
19 11 v
19 12 v
19 14 h
19 18 v
19 19 v
19 21 v
19 22 v
19 24 v
19 25 v
19 27 h
19 29 h
19 31 h
19 32 v
19 33 h
19 34 v
19 35 v
19 37 v
19 38 v
19 40 v
20 2 v
20 3 h
20 4 v
20 7 h
20 10 h
20 11 h
20 13 h
20 16 h
20 17 h
20 19 h
20 21 h
20 22 v
20 23 h
20 24 h
20 27 h
20 29 h
20 32 h
20 34 v
20 36 v
20 37 h
20 38 v
21 1 h
21 4 h
21 7 v
21 8 v
21 9 v
21 12 h
21 13 h
21 16 h
21 17 h
21 18 v
21 19 h
21 22 h
21 23 v
21 25 v
21 26 v
21 27 v
21 31 h
21 33 h
21 34 v
21 40 v
22 6 v
22 7 h
22 8 h
22 9 h
22 10 h
22 11 v
22 14 v
22 15 h
22 17 h
22 18 v
22 21 v
22 23 v
22 24 h
22 26 h
22 28 h
22 29 h
22 31 h
22 32 h
22 35 h
22 36 h
22 38 h
22 39 h
22 40 v
23 2 v
23 3 v
23 4 h
23 5 v
23 7 v
23 8 v
23 9 v
23 13 h
23 19 v
23 21 v
23 22 v
23 25 h
23 26 v
23 27 v
23 28 h
23 29 h
23 33 v
23 35 h
23 36 v
23 38 v
24 1 h
24 2 v
24 3 v
24 4 h
24 5 h
24 6 h
24 8 h
24 9 h
24 15 h
24 19 v
24 20 h
24 24 h
24 26 v
24 27 h
24 28 h
24 35 v
24 36 v
24 37 v
24 39 h
25 2 v
25 4 v
25 5 h
25 7 h
25 8 v
25 12 h
25 14 v
25 15 h
25 18 v
25 19 v
25 21 h
25 23 h
25 25 h
25 26 v
25 27 v
25 28 v
25 29 h
25 33 h
25 38 v
25 39 v
25 40 v
26 7 v
26 9 v
26 10 v
26 11 v
26 12 h
26 14 v
26 15 h
26 17 h
26 21 v
26 22 v
26 24 v
26 26 v
26 28 v
26 29 h
26 31 h
26 33 h
26 35 v
26 36 v
26 37 v
26 38 v
26 39 v
27 4 h
27 12 h
27 13 v
27 14 v
27 19 h
27 21 v
27 22 h
27 25 v
27 26 v
27 30 v
27 37 v
28 2 v
28 3 h
28 4 h
28 5 h
28 7 h
28 8 h
28 9 h
28 10 h
28 11 v
28 12 h
28 13 v
28 14 h
28 18 h
28 19 h
28 20 h
28 21 v
28 23 h
28 24 h
28 25 h
28 26 h
28 28 v
28 30 v
28 31 h
28 34 v
28 35 h
28 36 h
28 39 h
29 3 h
29 6 h
29 7 h
29 8 h
29 9 h
29 11 v
29 12 h
29 13 h
29 17 h
29 18 h
29 20 h
29 21 h
29 22 h
29 31 h
29 33 h
29 34 h
29 36 h
29 37 h
29 39 h
29 40 v
30 2 v
30 3 h
30 4 h
30 5 h
30 7 h
30 9 h
30 14 h
30 21 v
30 22 v
30 23 h
30 29 h
30 30 v
30 32 h
30 36 v
30 37 h
30 38 h
30 39 h
30 40 v
31 1 h
31 2 h
31 5 v
31 9 h
31 10 v
31 11 h
31 12 h
31 13 v
31 15 h
31 16 h
31 17 h
31 19 v
31 20 h
31 26 v
31 27 v
31 32 h
31 33 h
31 34 v
31 35 h
31 39 v
32 1 h
32 2 h
32 3 h
32 4 h
32 9 h
32 10 h
32 11 h
32 13 h
32 14 h
32 16 v
32 18 h
32 19 h
32 21 h
32 24 h
32 25 v
32 26 v
32 30 v
32 31 h
32 32 h
32 35 v
32 36 v
32 38 v
32 39 v
32 40 v
33 1 h
33 2 h
33 3 h
33 4 v
33 5 v
33 7 h
33 8 v
33 12 h
33 13 h
33 14 h
33 15 h
33 16 v
33 17 v
33 18 v
33 22 h
33 24 h
33 26 v
33 27 v
33 29 h
33 30 v
33 32 h
33 36 v
33 37 v
33 38 v
34 2 v
34 4 v
34 8 v
34 9 h
34 11 h
34 12 h
34 17 h
34 18 v
34 20 h
34 22 v
34 23 v
34 24 v
34 25 h
34 26 h
34 27 v
34 28 v
34 29 h
34 30 v
34 31 h
34 32 v
34 34 v
34 36 h
34 37 v
34 39 v
35 1 h
35 5 h
35 7 h
35 8 v
35 11 v
35 12 h
35 13 h
35 14 h
35 15 h
35 17 v
35 20 h
35 21 h
35 23 v
35 24 h
35 25 h
35 27 v
35 29 h
35 30 v
35 32 h
35 33 h
35 35 h
35 36 v
36 1 v
36 7 v
36 9 v
36 11 v
36 12 v
36 14 h
36 15 h
36 17 h
36 18 v
36 20 h
36 21 h
36 22 v
36 23 v
36 26 h
36 28 v
36 30 v
36 34 v
36 36 v
36 38 v
36 39 v
36 40 v
37 1 h
37 2 h
37 5 h
37 6 h
37 8 h
37 9 h
37 14 h
37 15 h
37 17 h
37 20 h
37 24 h
37 27 h
37 29 h
37 30 h
37 31 h
37 33 h
37 34 h
37 35 h
37 39 h
38 2 v
38 4 v
38 5 v
38 9 h
38 14 h
38 15 h
38 16 h
38 17 h
38 18 v
38 19 v
38 20 h
38 22 h
38 23 h
38 24 v
38 29 v
38 30 v
38 31 h
38 32 h
38 33 h
38 37 v
38 39 h
38 40 v
